{"E:\\Dropbox\\GitHub\\SutWxApp\\SutWxApp\\app.js": {"path":"E:\\Dropbox\\GitHub\\SutWxApp\\SutWxApp\\app.js","statementMap":{"0":{"start":{"line":1,"column":13},"end":{"line":1,"column":36}},"1":{"start":{"line":8,"column":0},"end":{"line":51,"column":3}},"2":{"start":{"line":14,"column":4},"end":{"line":24,"column":5}},"3":{"start":{"line":15,"column":18},"end":{"line":15,"column":40}},"4":{"start":{"line":16,"column":19},"end":{"line":16,"column":53}},"5":{"start":{"line":17,"column":6},"end":{"line":21,"column":7}},"6":{"start":{"line":18,"column":8},"end":{"line":18,"column":32}},"7":{"start":{"line":20,"column":8},"end":{"line":20,"column":32}},"8":{"start":{"line":25,"column":4},"end":{"line":27,"column":6}},"9":{"start":{"line":44,"column":4},"end":{"line":49,"column":5}},"10":{"start":{"line":46,"column":6},"end":{"line":46,"column":52}}},"fnMap":{"0":{"name":"(anonymous_0)","decl":{"start":{"line":13,"column":2},"end":{"line":13,"column":3}},"loc":{"start":{"line":13,"column":13},"end":{"line":28,"column":3}},"line":13},"1":{"name":"(anonymous_1)","decl":{"start":{"line":34,"column":2},"end":{"line":34,"column":3}},"loc":{"start":{"line":34,"column":11},"end":{"line":36,"column":3}},"line":34},"2":{"name":"(anonymous_2)","decl":{"start":{"line":43,"column":2},"end":{"line":43,"column":3}},"loc":{"start":{"line":43,"column":16},"end":{"line":50,"column":3}},"line":43}},"branchMap":{"0":{"loc":{"start":{"line":16,"column":20},"end":{"line":16,"column":38}},"type":"binary-expr","locations":[{"start":{"line":16,"column":20},"end":{"line":16,"column":32}},{"start":{"line":16,"column":36},"end":{"line":16,"column":38}}],"line":16},"1":{"loc":{"start":{"line":17,"column":6},"end":{"line":21,"column":7}},"type":"if","locations":[{"start":{"line":17,"column":6},"end":{"line":21,"column":7}},{"start":{"line":19,"column":13},"end":{"line":21,"column":7}}],"line":17}},"s":{"0":1,"1":1,"2":3,"3":3,"4":2,"5":2,"6":1,"7":1,"8":3,"9":2,"10":2},"f":{"0":3,"1":0,"2":2},"b":{"0":[2,0],"1":[1,1]},"_coverageSchema":"1a1c01bbd47fc00a2c39e90264f33305004495a9","hash":"b29608c684e0bf40b6651e327228bbf39081f260"}
,"E:\\Dropbox\\GitHub\\SutWxApp\\SutWxApp\\components\\emptyState\\emptyState.js": {"path":"E:\\Dropbox\\GitHub\\SutWxApp\\SutWxApp\\components\\emptyState\\emptyState.js","statementMap":{"0":{"start":{"line":5,"column":0},"end":{"line":96,"column":3}},"1":{"start":{"line":93,"column":6},"end":{"line":93,"column":34}}},"fnMap":{"0":{"name":"(anonymous_0)","decl":{"start":{"line":92,"column":4},"end":{"line":92,"column":5}},"loc":{"start":{"line":92,"column":18},"end":{"line":94,"column":5}},"line":92}},"branchMap":{},"s":{"0":0,"1":0},"f":{"0":0},"b":{}}
,"E:\\Dropbox\\GitHub\\SutWxApp\\SutWxApp\\components\\lazyImage\\lazyImage.js": {"path":"E:\\Dropbox\\GitHub\\SutWxApp\\SutWxApp\\components\\lazyImage\\lazyImage.js","statementMap":{"0":{"start":{"line":5,"column":0},"end":{"line":30,"column":3}},"1":{"start":{"line":25,"column":6},"end":{"line":27,"column":9}}},"fnMap":{"0":{"name":"(anonymous_0)","decl":{"start":{"line":24,"column":4},"end":{"line":24,"column":5}},"loc":{"start":{"line":24,"column":13},"end":{"line":28,"column":5}},"line":24}},"branchMap":{},"s":{"0":1,"1":2},"f":{"0":2},"b":{},"_coverageSchema":"1a1c01bbd47fc00a2c39e90264f33305004495a9","hash":"dcc02bdb6dd2df883df798df30afe8193878edef"}
,"E:\\Dropbox\\GitHub\\SutWxApp\\SutWxApp\\components\\loadMore\\loadMore.js": {"path":"E:\\Dropbox\\GitHub\\SutWxApp\\SutWxApp\\components\\loadMore\\loadMore.js","statementMap":{"0":{"start":{"line":5,"column":0},"end":{"line":65,"column":3}},"1":{"start":{"line":60,"column":6},"end":{"line":62,"column":7}},"2":{"start":{"line":61,"column":8},"end":{"line":61,"column":38}}},"fnMap":{"0":{"name":"(anonymous_0)","decl":{"start":{"line":59,"column":4},"end":{"line":59,"column":5}},"loc":{"start":{"line":59,"column":17},"end":{"line":63,"column":5}},"line":59}},"branchMap":{"0":{"loc":{"start":{"line":60,"column":6},"end":{"line":62,"column":7}},"type":"if","locations":[{"start":{"line":60,"column":6},"end":{"line":62,"column":7}},{"start":{},"end":{}}],"line":60},"1":{"loc":{"start":{"line":60,"column":10},"end":{"line":60,"column":73}},"type":"binary-expr","locations":[{"start":{"line":60,"column":10},"end":{"line":60,"column":40}},{"start":{"line":60,"column":44},"end":{"line":60,"column":73}}],"line":60}},"s":{"0":0,"1":0,"2":0},"f":{"0":0},"b":{"0":[0,0],"1":[0,0]}}
,"E:\\Dropbox\\GitHub\\SutWxApp\\SutWxApp\\components\\modal\\modal.js": {"path":"E:\\Dropbox\\GitHub\\SutWxApp\\SutWxApp\\components\\modal\\modal.js","statementMap":{"0":{"start":{"line":5,"column":0},"end":{"line":147,"column":3}},"1":{"start":{"line":94,"column":6},"end":{"line":96,"column":7}},"2":{"start":{"line":95,"column":8},"end":{"line":95,"column":24}},"3":{"start":{"line":103,"column":21},"end":{"line":106,"column":7}},"4":{"start":{"line":109,"column":6},"end":{"line":111,"column":7}},"5":{"start":{"line":110,"column":8},"end":{"line":110,"column":44}},"6":{"start":{"line":113,"column":6},"end":{"line":113,"column":43}},"7":{"start":{"line":114,"column":6},"end":{"line":114,"column":19}},"8":{"start":{"line":121,"column":6},"end":{"line":124,"column":9}},"9":{"start":{"line":125,"column":6},"end":{"line":125,"column":19}},"10":{"start":{"line":132,"column":6},"end":{"line":134,"column":9}},"11":{"start":{"line":141,"column":6},"end":{"line":144,"column":9}}},"fnMap":{"0":{"name":"(anonymous_0)","decl":{"start":{"line":86,"column":4},"end":{"line":86,"column":5}},"loc":{"start":{"line":86,"column":22},"end":{"line":88,"column":5}},"line":86},"1":{"name":"(anonymous_1)","decl":{"start":{"line":93,"column":4},"end":{"line":93,"column":5}},"loc":{"start":{"line":93,"column":16},"end":{"line":97,"column":5}},"line":93},"2":{"name":"(anonymous_2)","decl":{"start":{"line":102,"column":4},"end":{"line":102,"column":5}},"loc":{"start":{"line":102,"column":16},"end":{"line":115,"column":5}},"line":102},"3":{"name":"(anonymous_3)","decl":{"start":{"line":120,"column":4},"end":{"line":120,"column":5}},"loc":{"start":{"line":120,"column":15},"end":{"line":126,"column":5}},"line":120},"4":{"name":"(anonymous_4)","decl":{"start":{"line":131,"column":4},"end":{"line":131,"column":5}},"loc":{"start":{"line":131,"column":21},"end":{"line":135,"column":5}},"line":131},"5":{"name":"(anonymous_5)","decl":{"start":{"line":140,"column":4},"end":{"line":140,"column":5}},"loc":{"start":{"line":140,"column":12},"end":{"line":145,"column":5}},"line":140}},"branchMap":{"0":{"loc":{"start":{"line":94,"column":6},"end":{"line":96,"column":7}},"type":"if","locations":[{"start":{"line":94,"column":6},"end":{"line":96,"column":7}},{"start":{},"end":{}}],"line":94},"1":{"loc":{"start":{"line":109,"column":6},"end":{"line":111,"column":7}},"type":"if","locations":[{"start":{"line":109,"column":6},"end":{"line":111,"column":7}},{"start":{},"end":{}}],"line":109}},"s":{"0":0,"1":0,"2":0,"3":0,"4":0,"5":0,"6":0,"7":0,"8":0,"9":0,"10":0,"11":0},"f":{"0":0,"1":0,"2":0,"3":0,"4":0,"5":0},"b":{"0":[0,0],"1":[0,0]}}
,"E:\\Dropbox\\GitHub\\SutWxApp\\SutWxApp\\components\\orderCard\\orderCard.js": {"path":"E:\\Dropbox\\GitHub\\SutWxApp\\SutWxApp\\components\\orderCard\\orderCard.js","statementMap":{"0":{"start":{"line":5,"column":0},"end":{"line":117,"column":3}},"1":{"start":{"line":55,"column":6},"end":{"line":57,"column":9}},"2":{"start":{"line":64,"column":6},"end":{"line":64,"column":26}},"3":{"start":{"line":65,"column":6},"end":{"line":67,"column":9}},"4":{"start":{"line":74,"column":6},"end":{"line":74,"column":26}},"5":{"start":{"line":75,"column":6},"end":{"line":77,"column":9}},"6":{"start":{"line":84,"column":6},"end":{"line":84,"column":26}},"7":{"start":{"line":85,"column":6},"end":{"line":87,"column":9}},"8":{"start":{"line":94,"column":6},"end":{"line":94,"column":26}},"9":{"start":{"line":95,"column":6},"end":{"line":97,"column":9}},"10":{"start":{"line":104,"column":6},"end":{"line":104,"column":26}},"11":{"start":{"line":105,"column":6},"end":{"line":107,"column":9}},"12":{"start":{"line":114,"column":6},"end":{"line":114,"column":79}}},"fnMap":{"0":{"name":"(anonymous_0)","decl":{"start":{"line":54,"column":4},"end":{"line":54,"column":5}},"loc":{"start":{"line":54,"column":17},"end":{"line":58,"column":5}},"line":54},"1":{"name":"(anonymous_1)","decl":{"start":{"line":63,"column":4},"end":{"line":63,"column":5}},"loc":{"start":{"line":63,"column":21},"end":{"line":68,"column":5}},"line":63},"2":{"name":"(anonymous_2)","decl":{"start":{"line":73,"column":4},"end":{"line":73,"column":5}},"loc":{"start":{"line":73,"column":24},"end":{"line":78,"column":5}},"line":73},"3":{"name":"(anonymous_3)","decl":{"start":{"line":83,"column":4},"end":{"line":83,"column":5}},"loc":{"start":{"line":83,"column":21},"end":{"line":88,"column":5}},"line":83},"4":{"name":"(anonymous_4)","decl":{"start":{"line":93,"column":4},"end":{"line":93,"column":5}},"loc":{"start":{"line":93,"column":21},"end":{"line":98,"column":5}},"line":93},"5":{"name":"(anonymous_5)","decl":{"start":{"line":103,"column":4},"end":{"line":103,"column":5}},"loc":{"start":{"line":103,"column":23},"end":{"line":108,"column":5}},"line":103},"6":{"name":"(anonymous_6)","decl":{"start":{"line":113,"column":4},"end":{"line":113,"column":5}},"loc":{"start":{"line":113,"column":30},"end":{"line":115,"column":5}},"line":113}},"branchMap":{"0":{"loc":{"start":{"line":114,"column":13},"end":{"line":114,"column":78}},"type":"binary-expr","locations":[{"start":{"line":114,"column":13},"end":{"line":114,"column":40}},{"start":{"line":114,"column":44},"end":{"line":114,"column":78}}],"line":114}},"s":{"0":0,"1":0,"2":0,"3":0,"4":0,"5":0,"6":0,"7":0,"8":0,"9":0,"10":0,"11":0,"12":0},"f":{"0":0,"1":0,"2":0,"3":0,"4":0,"5":0,"6":0},"b":{"0":[0,0]}}
,"E:\\Dropbox\\GitHub\\SutWxApp\\SutWxApp\\components\\productCard\\productCard.js": {"path":"E:\\Dropbox\\GitHub\\SutWxApp\\SutWxApp\\components\\productCard\\productCard.js","statementMap":{"0":{"start":{"line":5,"column":0},"end":{"line":88,"column":3}},"1":{"start":{"line":53,"column":6},"end":{"line":55,"column":9}},"2":{"start":{"line":62,"column":6},"end":{"line":62,"column":26}},"3":{"start":{"line":63,"column":6},"end":{"line":65,"column":9}},"4":{"start":{"line":72,"column":6},"end":{"line":72,"column":26}},"5":{"start":{"line":73,"column":6},"end":{"line":76,"column":9}},"6":{"start":{"line":83,"column":6},"end":{"line":85,"column":9}}},"fnMap":{"0":{"name":"(anonymous_0)","decl":{"start":{"line":52,"column":4},"end":{"line":52,"column":5}},"loc":{"start":{"line":52,"column":19},"end":{"line":56,"column":5}},"line":52},"1":{"name":"(anonymous_1)","decl":{"start":{"line":61,"column":4},"end":{"line":61,"column":5}},"loc":{"start":{"line":61,"column":19},"end":{"line":66,"column":5}},"line":61},"2":{"name":"(anonymous_2)","decl":{"start":{"line":71,"column":4},"end":{"line":71,"column":5}},"loc":{"start":{"line":71,"column":18},"end":{"line":77,"column":5}},"line":71},"3":{"name":"(anonymous_3)","decl":{"start":{"line":82,"column":4},"end":{"line":82,"column":5}},"loc":{"start":{"line":82,"column":19},"end":{"line":86,"column":5}},"line":82}},"branchMap":{},"s":{"0":0,"1":0,"2":0,"3":0,"4":0,"5":0,"6":0},"f":{"0":0,"1":0,"2":0,"3":0},"b":{}}
,"E:\\Dropbox\\GitHub\\SutWxApp\\SutWxApp\\components\\rating\\rating.js": {"path":"E:\\Dropbox\\GitHub\\SutWxApp\\SutWxApp\\components\\rating\\rating.js","statementMap":{"0":{"start":{"line":5,"column":0},"end":{"line":146,"column":3}},"1":{"start":{"line":77,"column":6},"end":{"line":77,"column":23}},"2":{"start":{"line":86,"column":6},"end":{"line":86,"column":23}},"3":{"start":{"line":98,"column":40},"end":{"line":98,"column":49}},"4":{"start":{"line":99,"column":20},"end":{"line":99,"column":22}},"5":{"start":{"line":101,"column":6},"end":{"line":118,"column":7}},"6":{"start":{"line":101,"column":19},"end":{"line":101,"column":20}},"7":{"start":{"line":102,"column":21},"end":{"line":102,"column":27}},"8":{"start":{"line":104,"column":8},"end":{"line":112,"column":9}},"9":{"start":{"line":105,"column":10},"end":{"line":109,"column":11}},"10":{"start":{"line":106,"column":12},"end":{"line":106,"column":28}},"11":{"start":{"line":107,"column":17},"end":{"line":109,"column":11}},"12":{"start":{"line":108,"column":12},"end":{"line":108,"column":28}},"13":{"start":{"line":111,"column":10},"end":{"line":111,"column":48}},"14":{"start":{"line":114,"column":8},"end":{"line":117,"column":11}},"15":{"start":{"line":120,"column":6},"end":{"line":120,"column":30}},"16":{"start":{"line":127,"column":6},"end":{"line":127,"column":37}},"17":{"start":{"line":127,"column":30},"end":{"line":127,"column":37}},"18":{"start":{"line":129,"column":24},"end":{"line":129,"column":47}},"19":{"start":{"line":130,"column":6},"end":{"line":130,"column":37}},"20":{"start":{"line":131,"column":6},"end":{"line":131,"column":52}},"21":{"start":{"line":138,"column":6},"end":{"line":138,"column":61}},"22":{"start":{"line":138,"column":54},"end":{"line":138,"column":61}},"23":{"start":{"line":140,"column":24},"end":{"line":140,"column":47}},"24":{"start":{"line":141,"column":24},"end":{"line":141,"column":35}},"25":{"start":{"line":142,"column":6},"end":{"line":142,"column":41}},"26":{"start":{"line":143,"column":6},"end":{"line":143,"column":56}}},"fnMap":{"0":{"name":"(anonymous_0)","decl":{"start":{"line":76,"column":4},"end":{"line":76,"column":5}},"loc":{"start":{"line":76,"column":15},"end":{"line":78,"column":5}},"line":76},"1":{"name":"(anonymous_1)","decl":{"start":{"line":85,"column":29},"end":{"line":85,"column":30}},"loc":{"start":{"line":85,"column":61},"end":{"line":87,"column":5}},"line":85},"2":{"name":"(anonymous_2)","decl":{"start":{"line":97,"column":4},"end":{"line":97,"column":5}},"loc":{"start":{"line":97,"column":16},"end":{"line":121,"column":5}},"line":97},"3":{"name":"(anonymous_3)","decl":{"start":{"line":126,"column":4},"end":{"line":126,"column":5}},"loc":{"start":{"line":126,"column":17},"end":{"line":132,"column":5}},"line":126},"4":{"name":"(anonymous_4)","decl":{"start":{"line":137,"column":4},"end":{"line":137,"column":5}},"loc":{"start":{"line":137,"column":21},"end":{"line":144,"column":5}},"line":137}},"branchMap":{"0":{"loc":{"start":{"line":104,"column":8},"end":{"line":112,"column":9}},"type":"if","locations":[{"start":{"line":104,"column":8},"end":{"line":112,"column":9}},{"start":{"line":110,"column":15},"end":{"line":112,"column":9}}],"line":104},"1":{"loc":{"start":{"line":105,"column":10},"end":{"line":109,"column":11}},"type":"if","locations":[{"start":{"line":105,"column":10},"end":{"line":109,"column":11}},{"start":{"line":107,"column":17},"end":{"line":109,"column":11}}],"line":105},"2":{"loc":{"start":{"line":107,"column":17},"end":{"line":109,"column":11}},"type":"if","locations":[{"start":{"line":107,"column":17},"end":{"line":109,"column":11}},{"start":{},"end":{}}],"line":107},"3":{"loc":{"start":{"line":111,"column":19},"end":{"line":111,"column":47}},"type":"cond-expr","locations":[{"start":{"line":111,"column":32},"end":{"line":111,"column":38}},{"start":{"line":111,"column":41},"end":{"line":111,"column":47}}],"line":111},"4":{"loc":{"start":{"line":127,"column":6},"end":{"line":127,"column":37}},"type":"if","locations":[{"start":{"line":127,"column":6},"end":{"line":127,"column":37}},{"start":{},"end":{}}],"line":127},"5":{"loc":{"start":{"line":138,"column":6},"end":{"line":138,"column":61}},"type":"if","locations":[{"start":{"line":138,"column":6},"end":{"line":138,"column":61}},{"start":{},"end":{}}],"line":138},"6":{"loc":{"start":{"line":138,"column":10},"end":{"line":138,"column":52}},"type":"binary-expr","locations":[{"start":{"line":138,"column":10},"end":{"line":138,"column":28}},{"start":{"line":138,"column":32},"end":{"line":138,"column":52}}],"line":138}},"s":{"0":0,"1":0,"2":0,"3":0,"4":0,"5":0,"6":0,"7":0,"8":0,"9":0,"10":0,"11":0,"12":0,"13":0,"14":0,"15":0,"16":0,"17":0,"18":0,"19":0,"20":0,"21":0,"22":0,"23":0,"24":0,"25":0,"26":0},"f":{"0":0,"1":0,"2":0,"3":0,"4":0},"b":{"0":[0,0],"1":[0,0],"2":[0,0],"3":[0,0],"4":[0,0],"5":[0,0],"6":[0,0]}}
,"E:\\Dropbox\\GitHub\\SutWxApp\\SutWxApp\\pages\\article\\detail\\detail.js": {"path":"E:\\Dropbox\\GitHub\\SutWxApp\\SutWxApp\\pages\\article\\detail\\detail.js","statementMap":{"0":{"start":{"line":5,"column":0},"end":{"line":62,"column":3}},"1":{"start":{"line":20,"column":4},"end":{"line":23,"column":5}},"2":{"start":{"line":21,"column":6},"end":{"line":21,"column":46}},"3":{"start":{"line":22,"column":6},"end":{"line":22,"column":41}},"4":{"start":{"line":32,"column":4},"end":{"line":34,"column":5}},"5":{"start":{"line":33,"column":6},"end":{"line":33,"column":36}},"6":{"start":{"line":43,"column":4},"end":{"line":43,"column":36}},"7":{"start":{"line":45,"column":18},"end":{"line":58,"column":12}},"8":{"start":{"line":46,"column":26},"end":{"line":52,"column":7}},"9":{"start":{"line":53,"column":6},"end":{"line":57,"column":9}},"10":{"start":{"line":60,"column":4},"end":{"line":60,"column":28}}},"fnMap":{"0":{"name":"(anonymous_0)","decl":{"start":{"line":19,"column":2},"end":{"line":19,"column":3}},"loc":{"start":{"line":19,"column":18},"end":{"line":24,"column":3}},"line":19},"1":{"name":"(anonymous_1)","decl":{"start":{"line":30,"column":2},"end":{"line":30,"column":3}},"loc":{"start":{"line":30,"column":13},"end":{"line":35,"column":3}},"line":30},"2":{"name":"(anonymous_2)","decl":{"start":{"line":42,"column":2},"end":{"line":42,"column":3}},"loc":{"start":{"line":42,"column":24},"end":{"line":61,"column":3}},"line":42},"3":{"name":"(anonymous_3)","decl":{"start":{"line":45,"column":29},"end":{"line":45,"column":30}},"loc":{"start":{"line":45,"column":35},"end":{"line":58,"column":5}},"line":45}},"branchMap":{"0":{"loc":{"start":{"line":20,"column":4},"end":{"line":23,"column":5}},"type":"if","locations":[{"start":{"line":20,"column":4},"end":{"line":23,"column":5}},{"start":{},"end":{}}],"line":20},"1":{"loc":{"start":{"line":32,"column":4},"end":{"line":34,"column":5}},"type":"if","locations":[{"start":{"line":32,"column":4},"end":{"line":34,"column":5}},{"start":{},"end":{}}],"line":32}},"s":{"0":0,"1":0,"2":0,"3":0,"4":0,"5":0,"6":0,"7":0,"8":0,"9":0,"10":0},"f":{"0":0,"1":0,"2":0,"3":0},"b":{"0":[0,0],"1":[0,0]}}
,"E:\\Dropbox\\GitHub\\SutWxApp\\SutWxApp\\pages\\cart\\cart.js": {"path":"E:\\Dropbox\\GitHub\\SutWxApp\\SutWxApp\\pages\\cart\\cart.js","statementMap":{"0":{"start":{"line":5,"column":13},"end":{"line":5,"column":40}},"1":{"start":{"line":7,"column":0},"end":{"line":238,"column":3}},"2":{"start":{"line":23,"column":4},"end":{"line":23,"column":24}},"3":{"start":{"line":32,"column":4},"end":{"line":34,"column":5}},"4":{"start":{"line":33,"column":6},"end":{"line":33,"column":36}},"5":{"start":{"line":43,"column":4},"end":{"line":43,"column":24}},"6":{"start":{"line":51,"column":4},"end":{"line":53,"column":7}},"7":{"start":{"line":52,"column":6},"end":{"line":52,"column":31}},"8":{"start":{"line":62,"column":4},"end":{"line":62,"column":36}},"9":{"start":{"line":63,"column":18},"end":{"line":91,"column":11}},"10":{"start":{"line":64,"column":28},"end":{"line":81,"column":7}},"11":{"start":{"line":83,"column":6},"end":{"line":87,"column":9}},"12":{"start":{"line":89,"column":6},"end":{"line":89,"column":28}},"13":{"start":{"line":90,"column":6},"end":{"line":90,"column":45}},"14":{"start":{"line":90,"column":38},"end":{"line":90,"column":45}},"15":{"start":{"line":93,"column":4},"end":{"line":93,"column":28}},"16":{"start":{"line":101,"column":26},"end":{"line":101,"column":35}},"17":{"start":{"line":102,"column":21},"end":{"line":102,"column":22}},"18":{"start":{"line":103,"column":24},"end":{"line":103,"column":26}},"19":{"start":{"line":105,"column":4},"end":{"line":110,"column":7}},"20":{"start":{"line":106,"column":6},"end":{"line":109,"column":7}},"21":{"start":{"line":107,"column":8},"end":{"line":107,"column":61}},"22":{"start":{"line":108,"column":8},"end":{"line":108,"column":36}},"23":{"start":{"line":112,"column":4},"end":{"line":116,"column":7}},"24":{"start":{"line":115,"column":67},"end":{"line":115,"column":80}},"25":{"start":{"line":125,"column":22},"end":{"line":125,"column":45}},"26":{"start":{"line":126,"column":26},"end":{"line":126,"column":35}},"27":{"start":{"line":128,"column":4},"end":{"line":128,"column":59}},"28":{"start":{"line":130,"column":4},"end":{"line":130,"column":32}},"29":{"start":{"line":131,"column":4},"end":{"line":131,"column":26}},"30":{"start":{"line":139,"column":39},"end":{"line":139,"column":48}},"31":{"start":{"line":140,"column":27},"end":{"line":140,"column":39}},"32":{"start":{"line":142,"column":4},"end":{"line":144,"column":7}},"33":{"start":{"line":143,"column":6},"end":{"line":143,"column":37}},"34":{"start":{"line":146,"column":4},"end":{"line":149,"column":7}},"35":{"start":{"line":151,"column":4},"end":{"line":151,"column":26}},"36":{"start":{"line":160,"column":22},"end":{"line":160,"column":45}},"37":{"start":{"line":161,"column":26},"end":{"line":161,"column":35}},"38":{"start":{"line":163,"column":4},"end":{"line":163,"column":35}},"39":{"start":{"line":165,"column":4},"end":{"line":165,"column":32}},"40":{"start":{"line":166,"column":4},"end":{"line":166,"column":26}},"41":{"start":{"line":175,"column":22},"end":{"line":175,"column":45}},"42":{"start":{"line":176,"column":26},"end":{"line":176,"column":35}},"43":{"start":{"line":178,"column":4},"end":{"line":182,"column":5}},"44":{"start":{"line":179,"column":6},"end":{"line":179,"column":37}},"45":{"start":{"line":180,"column":6},"end":{"line":180,"column":34}},"46":{"start":{"line":181,"column":6},"end":{"line":181,"column":28}},"47":{"start":{"line":191,"column":22},"end":{"line":191,"column":45}},"48":{"start":{"line":192,"column":26},"end":{"line":192,"column":35}},"49":{"start":{"line":194,"column":4},"end":{"line":204,"column":7}},"50":{"start":{"line":198,"column":8},"end":{"line":202,"column":9}},"51":{"start":{"line":199,"column":10},"end":{"line":199,"column":37}},"52":{"start":{"line":200,"column":10},"end":{"line":200,"column":38}},"53":{"start":{"line":201,"column":10},"end":{"line":201,"column":32}},"54":{"start":{"line":212,"column":30},"end":{"line":212,"column":39}},"55":{"start":{"line":214,"column":4},"end":{"line":220,"column":5}},"56":{"start":{"line":215,"column":6},"end":{"line":218,"column":9}},"57":{"start":{"line":219,"column":6},"end":{"line":219,"column":13}},"58":{"start":{"line":222,"column":4},"end":{"line":224,"column":7}},"59":{"start":{"line":233,"column":19},"end":{"line":233,"column":42}},"60":{"start":{"line":234,"column":4},"end":{"line":236,"column":7}}},"fnMap":{"0":{"name":"(anonymous_0)","decl":{"start":{"line":22,"column":2},"end":{"line":22,"column":3}},"loc":{"start":{"line":22,"column":11},"end":{"line":24,"column":3}},"line":22},"1":{"name":"(anonymous_1)","decl":{"start":{"line":30,"column":2},"end":{"line":30,"column":3}},"loc":{"start":{"line":30,"column":13},"end":{"line":35,"column":3}},"line":30},"2":{"name":"(anonymous_2)","decl":{"start":{"line":41,"column":2},"end":{"line":41,"column":3}},"loc":{"start":{"line":41,"column":11},"end":{"line":44,"column":3}},"line":41},"3":{"name":"(anonymous_3)","decl":{"start":{"line":50,"column":2},"end":{"line":50,"column":3}},"loc":{"start":{"line":50,"column":22},"end":{"line":54,"column":3}},"line":50},"4":{"name":"(anonymous_4)","decl":{"start":{"line":51,"column":22},"end":{"line":51,"column":23}},"loc":{"start":{"line":51,"column":28},"end":{"line":53,"column":5}},"line":51},"5":{"name":"(anonymous_5)","decl":{"start":{"line":61,"column":2},"end":{"line":61,"column":3}},"loc":{"start":{"line":61,"column":21},"end":{"line":94,"column":3}},"line":61},"6":{"name":"(anonymous_6)","decl":{"start":{"line":63,"column":29},"end":{"line":63,"column":30}},"loc":{"start":{"line":63,"column":35},"end":{"line":91,"column":5}},"line":63},"7":{"name":"(anonymous_7)","decl":{"start":{"line":100,"column":2},"end":{"line":100,"column":3}},"loc":{"start":{"line":100,"column":19},"end":{"line":117,"column":3}},"line":100},"8":{"name":"(anonymous_8)","decl":{"start":{"line":105,"column":22},"end":{"line":105,"column":23}},"loc":{"start":{"line":105,"column":30},"end":{"line":110,"column":5}},"line":105},"9":{"name":"(anonymous_9)","decl":{"start":{"line":115,"column":59},"end":{"line":115,"column":60}},"loc":{"start":{"line":115,"column":67},"end":{"line":115,"column":80}},"line":115},"10":{"name":"(anonymous_10)","decl":{"start":{"line":124,"column":2},"end":{"line":124,"column":3}},"loc":{"start":{"line":124,"column":25},"end":{"line":132,"column":3}},"line":124},"11":{"name":"(anonymous_11)","decl":{"start":{"line":138,"column":2},"end":{"line":138,"column":3}},"loc":{"start":{"line":138,"column":20},"end":{"line":152,"column":3}},"line":138},"12":{"name":"(anonymous_12)","decl":{"start":{"line":142,"column":22},"end":{"line":142,"column":23}},"loc":{"start":{"line":142,"column":30},"end":{"line":144,"column":5}},"line":142},"13":{"name":"(anonymous_13)","decl":{"start":{"line":159,"column":2},"end":{"line":159,"column":3}},"loc":{"start":{"line":159,"column":22},"end":{"line":167,"column":3}},"line":159},"14":{"name":"(anonymous_14)","decl":{"start":{"line":174,"column":2},"end":{"line":174,"column":3}},"loc":{"start":{"line":174,"column":22},"end":{"line":183,"column":3}},"line":174},"15":{"name":"(anonymous_15)","decl":{"start":{"line":190,"column":2},"end":{"line":190,"column":3}},"loc":{"start":{"line":190,"column":16},"end":{"line":205,"column":3}},"line":190},"16":{"name":"(anonymous_16)","decl":{"start":{"line":197,"column":15},"end":{"line":197,"column":16}},"loc":{"start":{"line":197,"column":24},"end":{"line":203,"column":7}},"line":197},"17":{"name":"(anonymous_17)","decl":{"start":{"line":211,"column":2},"end":{"line":211,"column":3}},"loc":{"start":{"line":211,"column":17},"end":{"line":225,"column":3}},"line":211},"18":{"name":"(anonymous_18)","decl":{"start":{"line":232,"column":2},"end":{"line":232,"column":3}},"loc":{"start":{"line":232,"column":23},"end":{"line":237,"column":3}},"line":232}},"branchMap":{"0":{"loc":{"start":{"line":32,"column":4},"end":{"line":34,"column":5}},"type":"if","locations":[{"start":{"line":32,"column":4},"end":{"line":34,"column":5}},{"start":{},"end":{}}],"line":32},"1":{"loc":{"start":{"line":90,"column":6},"end":{"line":90,"column":45}},"type":"if","locations":[{"start":{"line":90,"column":6},"end":{"line":90,"column":45}},{"start":{},"end":{}}],"line":90},"2":{"loc":{"start":{"line":106,"column":6},"end":{"line":109,"column":7}},"type":"if","locations":[{"start":{"line":106,"column":6},"end":{"line":109,"column":7}},{"start":{},"end":{}}],"line":106},"3":{"loc":{"start":{"line":115,"column":19},"end":{"line":115,"column":81}},"type":"binary-expr","locations":[{"start":{"line":115,"column":19},"end":{"line":115,"column":39}},{"start":{"line":115,"column":43},"end":{"line":115,"column":81}}],"line":115},"4":{"loc":{"start":{"line":178,"column":4},"end":{"line":182,"column":5}},"type":"if","locations":[{"start":{"line":178,"column":4},"end":{"line":182,"column":5}},{"start":{},"end":{}}],"line":178},"5":{"loc":{"start":{"line":198,"column":8},"end":{"line":202,"column":9}},"type":"if","locations":[{"start":{"line":198,"column":8},"end":{"line":202,"column":9}},{"start":{},"end":{}}],"line":198},"6":{"loc":{"start":{"line":214,"column":4},"end":{"line":220,"column":5}},"type":"if","locations":[{"start":{"line":214,"column":4},"end":{"line":220,"column":5}},{"start":{},"end":{}}],"line":214}},"s":{"0":0,"1":0,"2":0,"3":0,"4":0,"5":0,"6":0,"7":0,"8":0,"9":0,"10":0,"11":0,"12":0,"13":0,"14":0,"15":0,"16":0,"17":0,"18":0,"19":0,"20":0,"21":0,"22":0,"23":0,"24":0,"25":0,"26":0,"27":0,"28":0,"29":0,"30":0,"31":0,"32":0,"33":0,"34":0,"35":0,"36":0,"37":0,"38":0,"39":0,"40":0,"41":0,"42":0,"43":0,"44":0,"45":0,"46":0,"47":0,"48":0,"49":0,"50":0,"51":0,"52":0,"53":0,"54":0,"55":0,"56":0,"57":0,"58":0,"59":0,"60":0},"f":{"0":0,"1":0,"2":0,"3":0,"4":0,"5":0,"6":0,"7":0,"8":0,"9":0,"10":0,"11":0,"12":0,"13":0,"14":0,"15":0,"16":0,"17":0,"18":0},"b":{"0":[0,0],"1":[0,0],"2":[0,0],"3":[0,0],"4":[0,0],"5":[0,0],"6":[0,0]}}
,"E:\\Dropbox\\GitHub\\SutWxApp\\SutWxApp\\pages\\category\\category.js": {"path":"E:\\Dropbox\\GitHub\\SutWxApp\\SutWxApp\\pages\\category\\category.js","statementMap":{"0":{"start":{"line":5,"column":13},"end":{"line":5,"column":40}},"1":{"start":{"line":7,"column":0},"end":{"line":152,"column":3}},"2":{"start":{"line":24,"column":4},"end":{"line":26,"column":5}},"3":{"start":{"line":25,"column":6},"end":{"line":25,"column":47}},"4":{"start":{"line":27,"column":4},"end":{"line":27,"column":20}},"5":{"start":{"line":36,"column":4},"end":{"line":38,"column":5}},"6":{"start":{"line":37,"column":6},"end":{"line":37,"column":40}},"7":{"start":{"line":39,"column":4},"end":{"line":41,"column":5}},"8":{"start":{"line":40,"column":6},"end":{"line":40,"column":48}},"9":{"start":{"line":57,"column":4},"end":{"line":59,"column":7}},"10":{"start":{"line":58,"column":6},"end":{"line":58,"column":31}},"11":{"start":{"line":76,"column":4},"end":{"line":76,"column":36}},"12":{"start":{"line":77,"column":22},"end":{"line":99,"column":11}},"13":{"start":{"line":78,"column":29},"end":{"line":83,"column":7}},"14":{"start":{"line":85,"column":27},"end":{"line":90,"column":7}},"15":{"start":{"line":92,"column":6},"end":{"line":97,"column":9}},"16":{"start":{"line":98,"column":6},"end":{"line":98,"column":45}},"17":{"start":{"line":98,"column":38},"end":{"line":98,"column":45}},"18":{"start":{"line":101,"column":4},"end":{"line":101,"column":32}},"19":{"start":{"line":110,"column":19},"end":{"line":110,"column":42}},"20":{"start":{"line":111,"column":4},"end":{"line":111,"column":37}},"21":{"start":{"line":113,"column":4},"end":{"line":113,"column":36}},"22":{"start":{"line":123,"column":4},"end":{"line":123,"column":36}},"23":{"start":{"line":124,"column":30},"end":{"line":136,"column":11}},"24":{"start":{"line":126,"column":27},"end":{"line":129,"column":7}},"25":{"start":{"line":131,"column":6},"end":{"line":135,"column":9}},"26":{"start":{"line":138,"column":4},"end":{"line":138,"column":40}},"27":{"start":{"line":147,"column":19},"end":{"line":147,"column":42}},"28":{"start":{"line":148,"column":4},"end":{"line":150,"column":7}}},"fnMap":{"0":{"name":"(anonymous_0)","decl":{"start":{"line":23,"column":2},"end":{"line":23,"column":3}},"loc":{"start":{"line":23,"column":18},"end":{"line":28,"column":3}},"line":23},"1":{"name":"(anonymous_1)","decl":{"start":{"line":34,"column":2},"end":{"line":34,"column":3}},"loc":{"start":{"line":34,"column":13},"end":{"line":42,"column":3}},"line":34},"2":{"name":"(anonymous_2)","decl":{"start":{"line":48,"column":2},"end":{"line":48,"column":3}},"loc":{"start":{"line":48,"column":11},"end":{"line":50,"column":3}},"line":48},"3":{"name":"(anonymous_3)","decl":{"start":{"line":56,"column":2},"end":{"line":56,"column":3}},"loc":{"start":{"line":56,"column":22},"end":{"line":60,"column":3}},"line":56},"4":{"name":"(anonymous_4)","decl":{"start":{"line":57,"column":18},"end":{"line":57,"column":19}},"loc":{"start":{"line":57,"column":24},"end":{"line":59,"column":5}},"line":57},"5":{"name":"(anonymous_5)","decl":{"start":{"line":66,"column":2},"end":{"line":66,"column":3}},"loc":{"start":{"line":66,"column":18},"end":{"line":68,"column":3}},"line":66},"6":{"name":"(anonymous_6)","decl":{"start":{"line":75,"column":2},"end":{"line":75,"column":3}},"loc":{"start":{"line":75,"column":17},"end":{"line":102,"column":3}},"line":75},"7":{"name":"(anonymous_7)","decl":{"start":{"line":77,"column":33},"end":{"line":77,"column":34}},"loc":{"start":{"line":77,"column":39},"end":{"line":99,"column":5}},"line":77},"8":{"name":"(anonymous_8)","decl":{"start":{"line":109,"column":2},"end":{"line":109,"column":3}},"loc":{"start":{"line":109,"column":20},"end":{"line":114,"column":3}},"line":109},"9":{"name":"(anonymous_9)","decl":{"start":{"line":121,"column":2},"end":{"line":121,"column":3}},"loc":{"start":{"line":121,"column":37},"end":{"line":139,"column":3}},"line":121},"10":{"name":"(anonymous_10)","decl":{"start":{"line":124,"column":41},"end":{"line":124,"column":42}},"loc":{"start":{"line":124,"column":47},"end":{"line":136,"column":5}},"line":124},"11":{"name":"(anonymous_11)","decl":{"start":{"line":146,"column":2},"end":{"line":146,"column":3}},"loc":{"start":{"line":146,"column":23},"end":{"line":151,"column":3}},"line":146}},"branchMap":{"0":{"loc":{"start":{"line":24,"column":4},"end":{"line":26,"column":5}},"type":"if","locations":[{"start":{"line":24,"column":4},"end":{"line":26,"column":5}},{"start":{},"end":{}}],"line":24},"1":{"loc":{"start":{"line":36,"column":4},"end":{"line":38,"column":5}},"type":"if","locations":[{"start":{"line":36,"column":4},"end":{"line":38,"column":5}},{"start":{},"end":{}}],"line":36},"2":{"loc":{"start":{"line":39,"column":4},"end":{"line":41,"column":5}},"type":"if","locations":[{"start":{"line":39,"column":4},"end":{"line":41,"column":5}},{"start":{},"end":{}}],"line":39},"3":{"loc":{"start":{"line":98,"column":6},"end":{"line":98,"column":45}},"type":"if","locations":[{"start":{"line":98,"column":6},"end":{"line":98,"column":45}},{"start":{},"end":{}}],"line":98}},"s":{"0":0,"1":0,"2":0,"3":0,"4":0,"5":0,"6":0,"7":0,"8":0,"9":0,"10":0,"11":0,"12":0,"13":0,"14":0,"15":0,"16":0,"17":0,"18":0,"19":0,"20":0,"21":0,"22":0,"23":0,"24":0,"25":0,"26":0,"27":0,"28":0},"f":{"0":0,"1":0,"2":0,"3":0,"4":0,"5":0,"6":0,"7":0,"8":0,"9":0,"10":0,"11":0},"b":{"0":[0,0],"1":[0,0],"2":[0,0],"3":[0,0]}}
,"E:\\Dropbox\\GitHub\\SutWxApp\\SutWxApp\\pages\\index\\index.js": {"path":"E:\\Dropbox\\GitHub\\SutWxApp\\SutWxApp\\pages\\index\\index.js","statementMap":{"0":{"start":{"line":5,"column":13},"end":{"line":5,"column":40}},"1":{"start":{"line":7,"column":0},"end":{"line":122,"column":3}},"2":{"start":{"line":22,"column":4},"end":{"line":22,"column":20}},"3":{"start":{"line":31,"column":4},"end":{"line":33,"column":5}},"4":{"start":{"line":32,"column":6},"end":{"line":32,"column":36}},"5":{"start":{"line":49,"column":4},"end":{"line":51,"column":7}},"6":{"start":{"line":50,"column":6},"end":{"line":50,"column":31}},"7":{"start":{"line":68,"column":4},"end":{"line":68,"column":36}},"8":{"start":{"line":69,"column":18},"end":{"line":96,"column":11}},"9":{"start":{"line":70,"column":26},"end":{"line":74,"column":7}},"10":{"start":{"line":75,"column":29},"end":{"line":80,"column":7}},"11":{"start":{"line":81,"column":27},"end":{"line":86,"column":7}},"12":{"start":{"line":88,"column":6},"end":{"line":94,"column":9}},"13":{"start":{"line":95,"column":6},"end":{"line":95,"column":45}},"14":{"start":{"line":95,"column":38},"end":{"line":95,"column":45}},"15":{"start":{"line":98,"column":4},"end":{"line":98,"column":28}},"16":{"start":{"line":106,"column":19},"end":{"line":106,"column":42}},"17":{"start":{"line":107,"column":4},"end":{"line":109,"column":7}},"18":{"start":{"line":117,"column":19},"end":{"line":117,"column":42}},"19":{"start":{"line":118,"column":4},"end":{"line":120,"column":7}}},"fnMap":{"0":{"name":"(anonymous_0)","decl":{"start":{"line":21,"column":2},"end":{"line":21,"column":3}},"loc":{"start":{"line":21,"column":11},"end":{"line":23,"column":3}},"line":21},"1":{"name":"(anonymous_1)","decl":{"start":{"line":29,"column":2},"end":{"line":29,"column":3}},"loc":{"start":{"line":29,"column":13},"end":{"line":34,"column":3}},"line":29},"2":{"name":"(anonymous_2)","decl":{"start":{"line":40,"column":2},"end":{"line":40,"column":3}},"loc":{"start":{"line":40,"column":11},"end":{"line":42,"column":3}},"line":40},"3":{"name":"(anonymous_3)","decl":{"start":{"line":48,"column":2},"end":{"line":48,"column":3}},"loc":{"start":{"line":48,"column":22},"end":{"line":52,"column":3}},"line":48},"4":{"name":"(anonymous_4)","decl":{"start":{"line":49,"column":18},"end":{"line":49,"column":19}},"loc":{"start":{"line":49,"column":24},"end":{"line":51,"column":5}},"line":49},"5":{"name":"(anonymous_5)","decl":{"start":{"line":58,"column":2},"end":{"line":58,"column":3}},"loc":{"start":{"line":58,"column":18},"end":{"line":60,"column":3}},"line":58},"6":{"name":"(anonymous_6)","decl":{"start":{"line":67,"column":2},"end":{"line":67,"column":3}},"loc":{"start":{"line":67,"column":17},"end":{"line":99,"column":3}},"line":67},"7":{"name":"(anonymous_7)","decl":{"start":{"line":69,"column":29},"end":{"line":69,"column":30}},"loc":{"start":{"line":69,"column":35},"end":{"line":96,"column":5}},"line":69},"8":{"name":"(anonymous_8)","decl":{"start":{"line":105,"column":2},"end":{"line":105,"column":3}},"loc":{"start":{"line":105,"column":18},"end":{"line":110,"column":3}},"line":105},"9":{"name":"(anonymous_9)","decl":{"start":{"line":116,"column":2},"end":{"line":116,"column":3}},"loc":{"start":{"line":116,"column":23},"end":{"line":121,"column":3}},"line":116}},"branchMap":{"0":{"loc":{"start":{"line":31,"column":4},"end":{"line":33,"column":5}},"type":"if","locations":[{"start":{"line":31,"column":4},"end":{"line":33,"column":5}},{"start":{},"end":{}}],"line":31},"1":{"loc":{"start":{"line":95,"column":6},"end":{"line":95,"column":45}},"type":"if","locations":[{"start":{"line":95,"column":6},"end":{"line":95,"column":45}},{"start":{},"end":{}}],"line":95}},"s":{"0":0,"1":0,"2":0,"3":0,"4":0,"5":0,"6":0,"7":0,"8":0,"9":0,"10":0,"11":0,"12":0,"13":0,"14":0,"15":0,"16":0,"17":0,"18":0,"19":0},"f":{"0":0,"1":0,"2":0,"3":0,"4":0,"5":0,"6":0,"7":0,"8":0,"9":0},"b":{"0":[0,0],"1":[0,0]}}
,"E:\\Dropbox\\GitHub\\SutWxApp\\SutWxApp\\pages\\notification\\list.js": {"path":"E:\\Dropbox\\GitHub\\SutWxApp\\SutWxApp\\pages\\notification\\list.js","statementMap":{"0":{"start":{"line":2,"column":28},"end":{"line":2,"column":76}},"1":{"start":{"line":7,"column":0},"end":{"line":217,"column":3}},"2":{"start":{"line":24,"column":4},"end":{"line":24,"column":29}},"3":{"start":{"line":39,"column":4},"end":{"line":43,"column":7}},"4":{"start":{"line":44,"column":4},"end":{"line":44,"column":29}},"5":{"start":{"line":65,"column":4},"end":{"line":69,"column":7}},"6":{"start":{"line":70,"column":4},"end":{"line":70,"column":33}},"7":{"start":{"line":77,"column":4},"end":{"line":79,"column":5}},"8":{"start":{"line":78,"column":6},"end":{"line":78,"column":31}},"9":{"start":{"line":86,"column":4},"end":{"line":89,"column":6}},"10":{"start":{"line":97,"column":4},"end":{"line":97,"column":34}},"11":{"start":{"line":97,"column":27},"end":{"line":97,"column":34}},"12":{"start":{"line":99,"column":4},"end":{"line":101,"column":7}},"13":{"start":{"line":103,"column":4},"end":{"line":140,"column":9}},"14":{"start":{"line":108,"column":33},"end":{"line":108,"column":47}},"15":{"start":{"line":109,"column":30},"end":{"line":109,"column":110}},"16":{"start":{"line":110,"column":24},"end":{"line":110,"column":70}},"17":{"start":{"line":111,"column":22},"end":{"line":111,"column":48}},"18":{"start":{"line":113,"column":8},"end":{"line":119,"column":11}},"19":{"start":{"line":122,"column":8},"end":{"line":124,"column":9}},"20":{"start":{"line":123,"column":10},"end":{"line":123,"column":35}},"21":{"start":{"line":127,"column":8},"end":{"line":129,"column":11}},"22":{"start":{"line":131,"column":8},"end":{"line":134,"column":11}},"23":{"start":{"line":137,"column":8},"end":{"line":139,"column":9}},"24":{"start":{"line":138,"column":10},"end":{"line":138,"column":35}},"25":{"start":{"line":148,"column":30},"end":{"line":148,"column":53}},"26":{"start":{"line":151,"column":4},"end":{"line":167,"column":9}},"27":{"start":{"line":154,"column":30},"end":{"line":159,"column":10}},"28":{"start":{"line":155,"column":10},"end":{"line":157,"column":11}},"29":{"start":{"line":156,"column":12},"end":{"line":156,"column":45}},"30":{"start":{"line":158,"column":10},"end":{"line":158,"column":22}},"31":{"start":{"line":161,"column":8},"end":{"line":163,"column":11}},"32":{"start":{"line":166,"column":8},"end":{"line":166,"column":38}},"33":{"start":{"line":170,"column":4},"end":{"line":187,"column":5}},"34":{"start":{"line":171,"column":6},"end":{"line":173,"column":9}},"35":{"start":{"line":174,"column":11},"end":{"line":187,"column":5}},"36":{"start":{"line":175,"column":6},"end":{"line":177,"column":9}},"37":{"start":{"line":178,"column":11},"end":{"line":187,"column":5}},"38":{"start":{"line":179,"column":6},"end":{"line":181,"column":9}},"39":{"start":{"line":182,"column":11},"end":{"line":187,"column":5}},"40":{"start":{"line":184,"column":6},"end":{"line":186,"column":9}},"41":{"start":{"line":194,"column":4},"end":{"line":215,"column":9}},"42":{"start":{"line":197,"column":30},"end":{"line":199,"column":10}},"43":{"start":{"line":198,"column":10},"end":{"line":198,"column":43}},"44":{"start":{"line":201,"column":8},"end":{"line":203,"column":11}},"45":{"start":{"line":205,"column":8},"end":{"line":208,"column":11}},"46":{"start":{"line":211,"column":8},"end":{"line":214,"column":11}}},"fnMap":{"0":{"name":"(anonymous_0)","decl":{"start":{"line":23,"column":10},"end":{"line":23,"column":11}},"loc":{"start":{"line":23,"column":29},"end":{"line":25,"column":3}},"line":23},"1":{"name":"(anonymous_1)","decl":{"start":{"line":30,"column":11},"end":{"line":30,"column":12}},"loc":{"start":{"line":30,"column":23},"end":{"line":32,"column":3}},"line":30},"2":{"name":"(anonymous_2)","decl":{"start":{"line":37,"column":10},"end":{"line":37,"column":11}},"loc":{"start":{"line":37,"column":22},"end":{"line":45,"column":3}},"line":37},"3":{"name":"(anonymous_3)","decl":{"start":{"line":50,"column":10},"end":{"line":50,"column":11}},"loc":{"start":{"line":50,"column":22},"end":{"line":52,"column":3}},"line":50},"4":{"name":"(anonymous_4)","decl":{"start":{"line":57,"column":12},"end":{"line":57,"column":13}},"loc":{"start":{"line":57,"column":24},"end":{"line":59,"column":3}},"line":57},"5":{"name":"(anonymous_5)","decl":{"start":{"line":64,"column":21},"end":{"line":64,"column":22}},"loc":{"start":{"line":64,"column":33},"end":{"line":71,"column":3}},"line":64},"6":{"name":"(anonymous_6)","decl":{"start":{"line":76,"column":17},"end":{"line":76,"column":18}},"loc":{"start":{"line":76,"column":29},"end":{"line":80,"column":3}},"line":76},"7":{"name":"(anonymous_7)","decl":{"start":{"line":85,"column":21},"end":{"line":85,"column":22}},"loc":{"start":{"line":85,"column":33},"end":{"line":90,"column":3}},"line":85},"8":{"name":"(anonymous_8)","decl":{"start":{"line":96,"column":21},"end":{"line":96,"column":22}},"loc":{"start":{"line":96,"column":49},"end":{"line":141,"column":3}},"line":96},"9":{"name":"(anonymous_9)","decl":{"start":{"line":107,"column":12},"end":{"line":107,"column":13}},"loc":{"start":{"line":107,"column":19},"end":{"line":125,"column":7}},"line":107},"10":{"name":"(anonymous_10)","decl":{"start":{"line":126,"column":13},"end":{"line":126,"column":14}},"loc":{"start":{"line":126,"column":20},"end":{"line":140,"column":7}},"line":126},"11":{"name":"(anonymous_11)","decl":{"start":{"line":147,"column":21},"end":{"line":147,"column":22}},"loc":{"start":{"line":147,"column":33},"end":{"line":188,"column":3}},"line":147},"12":{"name":"(anonymous_12)","decl":{"start":{"line":152,"column":12},"end":{"line":152,"column":13}},"loc":{"start":{"line":152,"column":18},"end":{"line":164,"column":7}},"line":152},"13":{"name":"(anonymous_13)","decl":{"start":{"line":154,"column":58},"end":{"line":154,"column":59}},"loc":{"start":{"line":154,"column":66},"end":{"line":159,"column":9}},"line":154},"14":{"name":"(anonymous_14)","decl":{"start":{"line":165,"column":13},"end":{"line":165,"column":14}},"loc":{"start":{"line":165,"column":20},"end":{"line":167,"column":7}},"line":165},"15":{"name":"(anonymous_15)","decl":{"start":{"line":193,"column":17},"end":{"line":193,"column":18}},"loc":{"start":{"line":193,"column":28},"end":{"line":216,"column":3}},"line":193},"16":{"name":"(anonymous_16)","decl":{"start":{"line":195,"column":12},"end":{"line":195,"column":13}},"loc":{"start":{"line":195,"column":18},"end":{"line":209,"column":7}},"line":195},"17":{"name":"(anonymous_17)","decl":{"start":{"line":197,"column":58},"end":{"line":197,"column":59}},"loc":{"start":{"line":197,"column":66},"end":{"line":199,"column":9}},"line":197},"18":{"name":"(anonymous_18)","decl":{"start":{"line":210,"column":13},"end":{"line":210,"column":14}},"loc":{"start":{"line":210,"column":20},"end":{"line":215,"column":7}},"line":210}},"branchMap":{"0":{"loc":{"start":{"line":77,"column":4},"end":{"line":79,"column":5}},"type":"if","locations":[{"start":{"line":77,"column":4},"end":{"line":79,"column":5}},{"start":{},"end":{}}],"line":77},"1":{"loc":{"start":{"line":77,"column":8},"end":{"line":77,"column":47}},"type":"binary-expr","locations":[{"start":{"line":77,"column":8},"end":{"line":77,"column":25}},{"start":{"line":77,"column":29},"end":{"line":77,"column":47}}],"line":77},"2":{"loc":{"start":{"line":96,"column":30},"end":{"line":96,"column":47}},"type":"default-arg","locations":[{"start":{"line":96,"column":42},"end":{"line":96,"column":47}}],"line":96},"3":{"loc":{"start":{"line":97,"column":4},"end":{"line":97,"column":34}},"type":"if","locations":[{"start":{"line":97,"column":4},"end":{"line":97,"column":34}},{"start":{},"end":{}}],"line":97},"4":{"loc":{"start":{"line":108,"column":33},"end":{"line":108,"column":47}},"type":"binary-expr","locations":[{"start":{"line":108,"column":33},"end":{"line":108,"column":41}},{"start":{"line":108,"column":45},"end":{"line":108,"column":47}}],"line":108},"5":{"loc":{"start":{"line":109,"column":30},"end":{"line":109,"column":110}},"type":"cond-expr","locations":[{"start":{"line":109,"column":42},"end":{"line":109,"column":58}},{"start":{"line":109,"column":61},"end":{"line":109,"column":110}}],"line":109},"6":{"loc":{"start":{"line":118,"column":16},"end":{"line":118,"column":61}},"type":"cond-expr","locations":[{"start":{"line":118,"column":26},"end":{"line":118,"column":44}},{"start":{"line":118,"column":47},"end":{"line":118,"column":61}}],"line":118},"7":{"loc":{"start":{"line":122,"column":8},"end":{"line":124,"column":9}},"type":"if","locations":[{"start":{"line":122,"column":8},"end":{"line":124,"column":9}},{"start":{},"end":{}}],"line":122},"8":{"loc":{"start":{"line":132,"column":17},"end":{"line":132,"column":40}},"type":"binary-expr","locations":[{"start":{"line":132,"column":17},"end":{"line":132,"column":28}},{"start":{"line":132,"column":32},"end":{"line":132,"column":40}}],"line":132},"9":{"loc":{"start":{"line":137,"column":8},"end":{"line":139,"column":9}},"type":"if","locations":[{"start":{"line":137,"column":8},"end":{"line":139,"column":9}},{"start":{},"end":{}}],"line":137},"10":{"loc":{"start":{"line":155,"column":10},"end":{"line":157,"column":11}},"type":"if","locations":[{"start":{"line":155,"column":10},"end":{"line":157,"column":11}},{"start":{},"end":{}}],"line":155},"11":{"loc":{"start":{"line":170,"column":4},"end":{"line":187,"column":5}},"type":"if","locations":[{"start":{"line":170,"column":4},"end":{"line":187,"column":5}},{"start":{"line":174,"column":11},"end":{"line":187,"column":5}}],"line":170},"12":{"loc":{"start":{"line":170,"column":8},"end":{"line":170,"column":33}},"type":"binary-expr","locations":[{"start":{"line":170,"column":8},"end":{"line":170,"column":26}},{"start":{"line":170,"column":30},"end":{"line":170,"column":33}}],"line":170},"13":{"loc":{"start":{"line":174,"column":11},"end":{"line":187,"column":5}},"type":"if","locations":[{"start":{"line":174,"column":11},"end":{"line":187,"column":5}},{"start":{"line":178,"column":11},"end":{"line":187,"column":5}}],"line":174},"14":{"loc":{"start":{"line":174,"column":15},"end":{"line":174,"column":40}},"type":"binary-expr","locations":[{"start":{"line":174,"column":15},"end":{"line":174,"column":33}},{"start":{"line":174,"column":37},"end":{"line":174,"column":40}}],"line":174},"15":{"loc":{"start":{"line":178,"column":11},"end":{"line":187,"column":5}},"type":"if","locations":[{"start":{"line":178,"column":11},"end":{"line":187,"column":5}},{"start":{"line":182,"column":11},"end":{"line":187,"column":5}}],"line":178},"16":{"loc":{"start":{"line":178,"column":15},"end":{"line":178,"column":38}},"type":"binary-expr","locations":[{"start":{"line":178,"column":15},"end":{"line":178,"column":31}},{"start":{"line":178,"column":35},"end":{"line":178,"column":38}}],"line":178},"17":{"loc":{"start":{"line":182,"column":11},"end":{"line":187,"column":5}},"type":"if","locations":[{"start":{"line":182,"column":11},"end":{"line":187,"column":5}},{"start":{},"end":{}}],"line":182},"18":{"loc":{"start":{"line":212,"column":17},"end":{"line":212,"column":38}},"type":"binary-expr","locations":[{"start":{"line":212,"column":17},"end":{"line":212,"column":28}},{"start":{"line":212,"column":32},"end":{"line":212,"column":38}}],"line":212}},"s":{"0":0,"1":0,"2":0,"3":0,"4":0,"5":0,"6":0,"7":0,"8":0,"9":0,"10":0,"11":0,"12":0,"13":0,"14":0,"15":0,"16":0,"17":0,"18":0,"19":0,"20":0,"21":0,"22":0,"23":0,"24":0,"25":0,"26":0,"27":0,"28":0,"29":0,"30":0,"31":0,"32":0,"33":0,"34":0,"35":0,"36":0,"37":0,"38":0,"39":0,"40":0,"41":0,"42":0,"43":0,"44":0,"45":0,"46":0},"f":{"0":0,"1":0,"2":0,"3":0,"4":0,"5":0,"6":0,"7":0,"8":0,"9":0,"10":0,"11":0,"12":0,"13":0,"14":0,"15":0,"16":0,"17":0,"18":0},"b":{"0":[0,0],"1":[0,0],"2":[0],"3":[0,0],"4":[0,0],"5":[0,0],"6":[0,0],"7":[0,0],"8":[0,0],"9":[0,0],"10":[0,0],"11":[0,0],"12":[0,0],"13":[0,0],"14":[0,0],"15":[0,0],"16":[0,0],"17":[0,0],"18":[0,0]}}
,"E:\\Dropbox\\GitHub\\SutWxApp\\SutWxApp\\pages\\order\\review.js": {"path":"E:\\Dropbox\\GitHub\\SutWxApp\\SutWxApp\\pages\\order\\review.js","statementMap":{"0":{"start":{"line":6,"column":13},"end":{"line":6,"column":40}},"1":{"start":{"line":8,"column":0},"end":{"line":115,"column":3}},"2":{"start":{"line":27,"column":4},"end":{"line":27,"column":37}},"3":{"start":{"line":29,"column":4},"end":{"line":31,"column":7}},"4":{"start":{"line":34,"column":4},"end":{"line":37,"column":7}},"5":{"start":{"line":59,"column":4},"end":{"line":59,"column":33}},"6":{"start":{"line":60,"column":4},"end":{"line":63,"column":6}},"7":{"start":{"line":71,"column":4},"end":{"line":73,"column":7}},"8":{"start":{"line":81,"column":4},"end":{"line":83,"column":7}},"9":{"start":{"line":91,"column":4},"end":{"line":93,"column":7}},"10":{"start":{"line":100,"column":30},"end":{"line":100,"column":39}},"11":{"start":{"line":101,"column":4},"end":{"line":107,"column":5}},"12":{"start":{"line":102,"column":6},"end":{"line":105,"column":9}},"13":{"start":{"line":106,"column":6},"end":{"line":106,"column":13}},"14":{"start":{"line":109,"column":4},"end":{"line":112,"column":7}}},"fnMap":{"0":{"name":"(anonymous_0)","decl":{"start":{"line":26,"column":10},"end":{"line":26,"column":11}},"loc":{"start":{"line":26,"column":30},"end":{"line":38,"column":3}},"line":26},"1":{"name":"(anonymous_1)","decl":{"start":{"line":58,"column":21},"end":{"line":58,"column":22}},"loc":{"start":{"line":58,"column":37},"end":{"line":64,"column":3}},"line":58},"2":{"name":"(anonymous_2)","decl":{"start":{"line":70,"column":19},"end":{"line":70,"column":20}},"loc":{"start":{"line":70,"column":32},"end":{"line":74,"column":3}},"line":70},"3":{"name":"(anonymous_3)","decl":{"start":{"line":80,"column":19},"end":{"line":80,"column":20}},"loc":{"start":{"line":80,"column":32},"end":{"line":84,"column":3}},"line":80},"4":{"name":"(anonymous_4)","decl":{"start":{"line":90,"column":23},"end":{"line":90,"column":24}},"loc":{"start":{"line":90,"column":36},"end":{"line":94,"column":3}},"line":90},"5":{"name":"(anonymous_5)","decl":{"start":{"line":99,"column":16},"end":{"line":99,"column":17}},"loc":{"start":{"line":99,"column":28},"end":{"line":114,"column":3}},"line":99}},"branchMap":{"0":{"loc":{"start":{"line":101,"column":4},"end":{"line":107,"column":5}},"type":"if","locations":[{"start":{"line":101,"column":4},"end":{"line":107,"column":5}},{"start":{},"end":{}}],"line":101}},"s":{"0":0,"1":0,"2":0,"3":0,"4":0,"5":0,"6":0,"7":0,"8":0,"9":0,"10":0,"11":0,"12":0,"13":0,"14":0},"f":{"0":0,"1":0,"2":0,"3":0,"4":0,"5":0},"b":{"0":[0,0]}}
,"E:\\Dropbox\\GitHub\\SutWxApp\\SutWxApp\\pages\\order\\confirm\\confirm.js": {"path":"E:\\Dropbox\\GitHub\\SutWxApp\\SutWxApp\\pages\\order\\confirm\\confirm.js","statementMap":{"0":{"start":{"line":5,"column":13},"end":{"line":5,"column":43}},"1":{"start":{"line":7,"column":0},"end":{"line":232,"column":3}},"2":{"start":{"line":32,"column":4},"end":{"line":38,"column":5}},"3":{"start":{"line":33,"column":6},"end":{"line":36,"column":9}},"4":{"start":{"line":37,"column":6},"end":{"line":37,"column":48}},"5":{"start":{"line":40,"column":4},"end":{"line":40,"column":30}},"6":{"start":{"line":49,"column":4},"end":{"line":51,"column":5}},"7":{"start":{"line":50,"column":6},"end":{"line":50,"column":43}},"8":{"start":{"line":52,"column":4},"end":{"line":54,"column":5}},"9":{"start":{"line":53,"column":6},"end":{"line":53,"column":43}},"10":{"start":{"line":55,"column":4},"end":{"line":57,"column":5}},"11":{"start":{"line":56,"column":6},"end":{"line":56,"column":42}},"12":{"start":{"line":66,"column":4},"end":{"line":66,"column":30}},"13":{"start":{"line":75,"column":4},"end":{"line":75,"column":36}},"14":{"start":{"line":76,"column":25},"end":{"line":100,"column":11}},"15":{"start":{"line":77,"column":26},"end":{"line":86,"column":7}},"16":{"start":{"line":88,"column":26},"end":{"line":88,"column":89}},"17":{"start":{"line":89,"column":26},"end":{"line":89,"column":33}},"18":{"start":{"line":90,"column":26},"end":{"line":90,"column":88}},"19":{"start":{"line":92,"column":6},"end":{"line":99,"column":9}},"20":{"start":{"line":102,"column":4},"end":{"line":102,"column":35}},"21":{"start":{"line":110,"column":25},"end":{"line":126,"column":11}},"22":{"start":{"line":111,"column":26},"end":{"line":120,"column":7}},"23":{"start":{"line":122,"column":6},"end":{"line":125,"column":9}},"24":{"start":{"line":128,"column":4},"end":{"line":128,"column":35}},"25":{"start":{"line":136,"column":4},"end":{"line":138,"column":7}},"26":{"start":{"line":147,"column":23},"end":{"line":147,"column":46}},"27":{"start":{"line":148,"column":4},"end":{"line":148,"column":44}},"28":{"start":{"line":157,"column":4},"end":{"line":157,"column":45}},"29":{"start":{"line":165,"column":66},"end":{"line":165,"column":75}},"30":{"start":{"line":168,"column":4},"end":{"line":174,"column":5}},"31":{"start":{"line":169,"column":6},"end":{"line":172,"column":9}},"32":{"start":{"line":173,"column":6},"end":{"line":173,"column":13}},"33":{"start":{"line":177,"column":4},"end":{"line":183,"column":5}},"34":{"start":{"line":178,"column":6},"end":{"line":181,"column":9}},"35":{"start":{"line":182,"column":6},"end":{"line":182,"column":13}},"36":{"start":{"line":186,"column":22},"end":{"line":201,"column":5}},"37":{"start":{"line":203,"column":4},"end":{"line":203,"column":38}},"38":{"start":{"line":204,"column":4},"end":{"line":204,"column":36}},"39":{"start":{"line":207,"column":24},"end":{"line":228,"column":12}},"40":{"start":{"line":208,"column":6},"end":{"line":208,"column":39}},"41":{"start":{"line":211,"column":22},"end":{"line":211,"column":50}},"42":{"start":{"line":213,"column":6},"end":{"line":225,"column":9}},"43":{"start":{"line":219,"column":10},"end":{"line":223,"column":19}},"44":{"start":{"line":220,"column":12},"end":{"line":222,"column":15}},"45":{"start":{"line":227,"column":6},"end":{"line":227,"column":42}},"46":{"start":{"line":230,"column":4},"end":{"line":230,"column":34}}},"fnMap":{"0":{"name":"(anonymous_0)","decl":{"start":{"line":31,"column":2},"end":{"line":31,"column":3}},"loc":{"start":{"line":31,"column":18},"end":{"line":41,"column":3}},"line":31},"1":{"name":"(anonymous_1)","decl":{"start":{"line":47,"column":2},"end":{"line":47,"column":3}},"loc":{"start":{"line":47,"column":13},"end":{"line":58,"column":3}},"line":47},"2":{"name":"(anonymous_2)","decl":{"start":{"line":64,"column":2},"end":{"line":64,"column":3}},"loc":{"start":{"line":64,"column":11},"end":{"line":67,"column":3}},"line":64},"3":{"name":"(anonymous_3)","decl":{"start":{"line":74,"column":2},"end":{"line":74,"column":3}},"loc":{"start":{"line":74,"column":24},"end":{"line":103,"column":3}},"line":74},"4":{"name":"(anonymous_4)","decl":{"start":{"line":76,"column":36},"end":{"line":76,"column":37}},"loc":{"start":{"line":76,"column":42},"end":{"line":100,"column":5}},"line":76},"5":{"name":"(anonymous_5)","decl":{"start":{"line":109,"column":2},"end":{"line":109,"column":3}},"loc":{"start":{"line":109,"column":23},"end":{"line":129,"column":3}},"line":109},"6":{"name":"(anonymous_6)","decl":{"start":{"line":110,"column":36},"end":{"line":110,"column":37}},"loc":{"start":{"line":110,"column":42},"end":{"line":126,"column":5}},"line":110},"7":{"name":"(anonymous_7)","decl":{"start":{"line":135,"column":2},"end":{"line":135,"column":3}},"loc":{"start":{"line":135,"column":25},"end":{"line":139,"column":3}},"line":135},"8":{"name":"(anonymous_8)","decl":{"start":{"line":146,"column":2},"end":{"line":146,"column":3}},"loc":{"start":{"line":146,"column":25},"end":{"line":149,"column":3}},"line":146},"9":{"name":"(anonymous_9)","decl":{"start":{"line":156,"column":2},"end":{"line":156,"column":3}},"loc":{"start":{"line":156,"column":18},"end":{"line":158,"column":3}},"line":156},"10":{"name":"(anonymous_10)","decl":{"start":{"line":164,"column":2},"end":{"line":164,"column":3}},"loc":{"start":{"line":164,"column":16},"end":{"line":231,"column":3}},"line":164},"11":{"name":"(anonymous_11)","decl":{"start":{"line":207,"column":35},"end":{"line":207,"column":36}},"loc":{"start":{"line":207,"column":41},"end":{"line":228,"column":5}},"line":207},"12":{"name":"(anonymous_12)","decl":{"start":{"line":217,"column":17},"end":{"line":217,"column":18}},"loc":{"start":{"line":217,"column":23},"end":{"line":224,"column":9}},"line":217},"13":{"name":"(anonymous_13)","decl":{"start":{"line":219,"column":21},"end":{"line":219,"column":22}},"loc":{"start":{"line":219,"column":27},"end":{"line":223,"column":11}},"line":219}},"branchMap":{"0":{"loc":{"start":{"line":32,"column":4},"end":{"line":38,"column":5}},"type":"if","locations":[{"start":{"line":32,"column":4},"end":{"line":38,"column":5}},{"start":{},"end":{}}],"line":32},"1":{"loc":{"start":{"line":35,"column":18},"end":{"line":35,"column":49}},"type":"binary-expr","locations":[{"start":{"line":35,"column":18},"end":{"line":35,"column":44}},{"start":{"line":35,"column":48},"end":{"line":35,"column":49}}],"line":35},"2":{"loc":{"start":{"line":49,"column":4},"end":{"line":51,"column":5}},"type":"if","locations":[{"start":{"line":49,"column":4},"end":{"line":51,"column":5}},{"start":{},"end":{}}],"line":49},"3":{"loc":{"start":{"line":52,"column":4},"end":{"line":54,"column":5}},"type":"if","locations":[{"start":{"line":52,"column":4},"end":{"line":54,"column":5}},{"start":{},"end":{}}],"line":52},"4":{"loc":{"start":{"line":55,"column":4},"end":{"line":57,"column":5}},"type":"if","locations":[{"start":{"line":55,"column":4},"end":{"line":57,"column":5}},{"start":{},"end":{}}],"line":55},"5":{"loc":{"start":{"line":168,"column":4},"end":{"line":174,"column":5}},"type":"if","locations":[{"start":{"line":168,"column":4},"end":{"line":174,"column":5}},{"start":{},"end":{}}],"line":168},"6":{"loc":{"start":{"line":177,"column":4},"end":{"line":183,"column":5}},"type":"if","locations":[{"start":{"line":177,"column":4},"end":{"line":183,"column":5}},{"start":{},"end":{}}],"line":177}},"s":{"0":0,"1":0,"2":0,"3":0,"4":0,"5":0,"6":0,"7":0,"8":0,"9":0,"10":0,"11":0,"12":0,"13":0,"14":0,"15":0,"16":0,"17":0,"18":0,"19":0,"20":0,"21":0,"22":0,"23":0,"24":0,"25":0,"26":0,"27":0,"28":0,"29":0,"30":0,"31":0,"32":0,"33":0,"34":0,"35":0,"36":0,"37":0,"38":0,"39":0,"40":0,"41":0,"42":0,"43":0,"44":0,"45":0,"46":0},"f":{"0":0,"1":0,"2":0,"3":0,"4":0,"5":0,"6":0,"7":0,"8":0,"9":0,"10":0,"11":0,"12":0,"13":0},"b":{"0":[0,0],"1":[0,0],"2":[0,0],"3":[0,0],"4":[0,0],"5":[0,0],"6":[0,0]}}
,"E:\\Dropbox\\GitHub\\SutWxApp\\SutWxApp\\pages\\order\\detail\\detail.js": {"path":"E:\\Dropbox\\GitHub\\SutWxApp\\SutWxApp\\pages\\order\\detail\\detail.js","statementMap":{"0":{"start":{"line":5,"column":13},"end":{"line":5,"column":43}},"1":{"start":{"line":7,"column":0},"end":{"line":310,"column":3}},"2":{"start":{"line":26,"column":4},"end":{"line":29,"column":5}},"3":{"start":{"line":27,"column":6},"end":{"line":27,"column":44}},"4":{"start":{"line":28,"column":6},"end":{"line":28,"column":39}},"5":{"start":{"line":38,"column":4},"end":{"line":40,"column":5}},"6":{"start":{"line":39,"column":6},"end":{"line":39,"column":41}},"7":{"start":{"line":41,"column":4},"end":{"line":43,"column":5}},"8":{"start":{"line":42,"column":6},"end":{"line":42,"column":45}},"9":{"start":{"line":59,"column":4},"end":{"line":61,"column":7}},"10":{"start":{"line":60,"column":6},"end":{"line":60,"column":31}},"11":{"start":{"line":71,"column":4},"end":{"line":71,"column":34}},"12":{"start":{"line":72,"column":4},"end":{"line":72,"column":36}},"13":{"start":{"line":73,"column":23},"end":{"line":126,"column":11}},"14":{"start":{"line":74,"column":24},"end":{"line":117,"column":7}},"15":{"start":{"line":119,"column":6},"end":{"line":123,"column":9}},"16":{"start":{"line":125,"column":6},"end":{"line":125,"column":45}},"17":{"start":{"line":125,"column":38},"end":{"line":125,"column":45}},"18":{"start":{"line":128,"column":4},"end":{"line":128,"column":33}},"19":{"start":{"line":137,"column":4},"end":{"line":137,"column":36}},"20":{"start":{"line":138,"column":27},"end":{"line":163,"column":11}},"21":{"start":{"line":139,"column":28},"end":{"line":155,"column":7}},"22":{"start":{"line":157,"column":6},"end":{"line":162,"column":9}},"23":{"start":{"line":165,"column":4},"end":{"line":165,"column":37}},"24":{"start":{"line":173,"column":4},"end":{"line":173,"column":43}},"25":{"start":{"line":181,"column":4},"end":{"line":189,"column":7}},"26":{"start":{"line":184,"column":8},"end":{"line":187,"column":11}},"27":{"start":{"line":197,"column":31},"end":{"line":197,"column":59}},"28":{"start":{"line":198,"column":4},"end":{"line":206,"column":7}},"29":{"start":{"line":201,"column":8},"end":{"line":204,"column":11}},"30":{"start":{"line":214,"column":4},"end":{"line":217,"column":7}},"31":{"start":{"line":225,"column":4},"end":{"line":238,"column":7}},"32":{"start":{"line":229,"column":8},"end":{"line":236,"column":9}},"33":{"start":{"line":231,"column":10},"end":{"line":234,"column":13}},"34":{"start":{"line":235,"column":10},"end":{"line":235,"column":50}},"35":{"start":{"line":247,"column":4},"end":{"line":250,"column":7}},"36":{"start":{"line":258,"column":4},"end":{"line":271,"column":7}},"37":{"start":{"line":262,"column":8},"end":{"line":269,"column":9}},"38":{"start":{"line":264,"column":10},"end":{"line":267,"column":13}},"39":{"start":{"line":268,"column":10},"end":{"line":268,"column":50}},"40":{"start":{"line":280,"column":4},"end":{"line":283,"column":7}},"41":{"start":{"line":292,"column":4},"end":{"line":294,"column":7}},"42":{"start":{"line":302,"column":22},"end":{"line":302,"column":37}},"43":{"start":{"line":303,"column":4},"end":{"line":303,"column":34}},"44":{"start":{"line":305,"column":4},"end":{"line":308,"column":7}}},"fnMap":{"0":{"name":"(anonymous_0)","decl":{"start":{"line":25,"column":2},"end":{"line":25,"column":3}},"loc":{"start":{"line":25,"column":18},"end":{"line":30,"column":3}},"line":25},"1":{"name":"(anonymous_1)","decl":{"start":{"line":36,"column":2},"end":{"line":36,"column":3}},"loc":{"start":{"line":36,"column":13},"end":{"line":44,"column":3}},"line":36},"2":{"name":"(anonymous_2)","decl":{"start":{"line":50,"column":2},"end":{"line":50,"column":3}},"loc":{"start":{"line":50,"column":11},"end":{"line":52,"column":3}},"line":50},"3":{"name":"(anonymous_3)","decl":{"start":{"line":58,"column":2},"end":{"line":58,"column":3}},"loc":{"start":{"line":58,"column":22},"end":{"line":62,"column":3}},"line":58},"4":{"name":"(anonymous_4)","decl":{"start":{"line":59,"column":44},"end":{"line":59,"column":45}},"loc":{"start":{"line":59,"column":50},"end":{"line":61,"column":5}},"line":59},"5":{"name":"(anonymous_5)","decl":{"start":{"line":70,"column":2},"end":{"line":70,"column":3}},"loc":{"start":{"line":70,"column":28},"end":{"line":129,"column":3}},"line":70},"6":{"name":"(anonymous_6)","decl":{"start":{"line":73,"column":34},"end":{"line":73,"column":35}},"loc":{"start":{"line":73,"column":40},"end":{"line":126,"column":5}},"line":73},"7":{"name":"(anonymous_7)","decl":{"start":{"line":136,"column":2},"end":{"line":136,"column":3}},"loc":{"start":{"line":136,"column":20},"end":{"line":166,"column":3}},"line":136},"8":{"name":"(anonymous_8)","decl":{"start":{"line":138,"column":38},"end":{"line":138,"column":39}},"loc":{"start":{"line":138,"column":44},"end":{"line":163,"column":5}},"line":138},"9":{"name":"(anonymous_9)","decl":{"start":{"line":172,"column":2},"end":{"line":172,"column":3}},"loc":{"start":{"line":172,"column":18},"end":{"line":174,"column":3}},"line":172},"10":{"name":"(anonymous_10)","decl":{"start":{"line":180,"column":2},"end":{"line":180,"column":3}},"loc":{"start":{"line":180,"column":16},"end":{"line":190,"column":3}},"line":180},"11":{"name":"(anonymous_11)","decl":{"start":{"line":183,"column":15},"end":{"line":183,"column":16}},"loc":{"start":{"line":183,"column":21},"end":{"line":188,"column":7}},"line":183},"12":{"name":"(anonymous_12)","decl":{"start":{"line":196,"column":2},"end":{"line":196,"column":3}},"loc":{"start":{"line":196,"column":23},"end":{"line":207,"column":3}},"line":196},"13":{"name":"(anonymous_13)","decl":{"start":{"line":200,"column":15},"end":{"line":200,"column":16}},"loc":{"start":{"line":200,"column":21},"end":{"line":205,"column":7}},"line":200},"14":{"name":"(anonymous_14)","decl":{"start":{"line":213,"column":2},"end":{"line":213,"column":3}},"loc":{"start":{"line":213,"column":19},"end":{"line":218,"column":3}},"line":213},"15":{"name":"(anonymous_15)","decl":{"start":{"line":224,"column":2},"end":{"line":224,"column":3}},"loc":{"start":{"line":224,"column":16},"end":{"line":239,"column":3}},"line":224},"16":{"name":"(anonymous_16)","decl":{"start":{"line":228,"column":15},"end":{"line":228,"column":16}},"loc":{"start":{"line":228,"column":24},"end":{"line":237,"column":7}},"line":228},"17":{"name":"(anonymous_17)","decl":{"start":{"line":245,"column":2},"end":{"line":245,"column":3}},"loc":{"start":{"line":245,"column":13},"end":{"line":251,"column":3}},"line":245},"18":{"name":"(anonymous_18)","decl":{"start":{"line":257,"column":2},"end":{"line":257,"column":3}},"loc":{"start":{"line":257,"column":19},"end":{"line":272,"column":3}},"line":257},"19":{"name":"(anonymous_19)","decl":{"start":{"line":261,"column":15},"end":{"line":261,"column":16}},"loc":{"start":{"line":261,"column":24},"end":{"line":270,"column":7}},"line":261},"20":{"name":"(anonymous_20)","decl":{"start":{"line":278,"column":2},"end":{"line":278,"column":3}},"loc":{"start":{"line":278,"column":19},"end":{"line":284,"column":3}},"line":278},"21":{"name":"(anonymous_21)","decl":{"start":{"line":290,"column":2},"end":{"line":290,"column":3}},"loc":{"start":{"line":290,"column":16},"end":{"line":295,"column":3}},"line":290},"22":{"name":"(anonymous_22)","decl":{"start":{"line":301,"column":2},"end":{"line":301,"column":3}},"loc":{"start":{"line":301,"column":13},"end":{"line":309,"column":3}},"line":301}},"branchMap":{"0":{"loc":{"start":{"line":26,"column":4},"end":{"line":29,"column":5}},"type":"if","locations":[{"start":{"line":26,"column":4},"end":{"line":29,"column":5}},{"start":{},"end":{}}],"line":26},"1":{"loc":{"start":{"line":38,"column":4},"end":{"line":40,"column":5}},"type":"if","locations":[{"start":{"line":38,"column":4},"end":{"line":40,"column":5}},{"start":{},"end":{}}],"line":38},"2":{"loc":{"start":{"line":41,"column":4},"end":{"line":43,"column":5}},"type":"if","locations":[{"start":{"line":41,"column":4},"end":{"line":43,"column":5}},{"start":{},"end":{}}],"line":41},"3":{"loc":{"start":{"line":125,"column":6},"end":{"line":125,"column":45}},"type":"if","locations":[{"start":{"line":125,"column":6},"end":{"line":125,"column":45}},{"start":{},"end":{}}],"line":125},"4":{"loc":{"start":{"line":229,"column":8},"end":{"line":236,"column":9}},"type":"if","locations":[{"start":{"line":229,"column":8},"end":{"line":236,"column":9}},{"start":{},"end":{}}],"line":229},"5":{"loc":{"start":{"line":262,"column":8},"end":{"line":269,"column":9}},"type":"if","locations":[{"start":{"line":262,"column":8},"end":{"line":269,"column":9}},{"start":{},"end":{}}],"line":262}},"s":{"0":0,"1":0,"2":0,"3":0,"4":0,"5":0,"6":0,"7":0,"8":0,"9":0,"10":0,"11":0,"12":0,"13":0,"14":0,"15":0,"16":0,"17":0,"18":0,"19":0,"20":0,"21":0,"22":0,"23":0,"24":0,"25":0,"26":0,"27":0,"28":0,"29":0,"30":0,"31":0,"32":0,"33":0,"34":0,"35":0,"36":0,"37":0,"38":0,"39":0,"40":0,"41":0,"42":0,"43":0,"44":0},"f":{"0":0,"1":0,"2":0,"3":0,"4":0,"5":0,"6":0,"7":0,"8":0,"9":0,"10":0,"11":0,"12":0,"13":0,"14":0,"15":0,"16":0,"17":0,"18":0,"19":0,"20":0,"21":0,"22":0},"b":{"0":[0,0],"1":[0,0],"2":[0,0],"3":[0,0],"4":[0,0],"5":[0,0]}}
,"E:\\Dropbox\\GitHub\\SutWxApp\\SutWxApp\\pages\\order\\list\\list.js": {"path":"E:\\Dropbox\\GitHub\\SutWxApp\\SutWxApp\\pages\\order\\list\\list.js","statementMap":{"0":{"start":{"line":5,"column":13},"end":{"line":5,"column":43}},"1":{"start":{"line":7,"column":0},"end":{"line":316,"column":3}},"2":{"start":{"line":30,"column":4},"end":{"line":32,"column":5}},"3":{"start":{"line":31,"column":6},"end":{"line":31,"column":50}},"4":{"start":{"line":34,"column":4},"end":{"line":34,"column":22}},"5":{"start":{"line":43,"column":4},"end":{"line":45,"column":5}},"6":{"start":{"line":44,"column":6},"end":{"line":44,"column":40}},"7":{"start":{"line":46,"column":4},"end":{"line":48,"column":5}},"8":{"start":{"line":47,"column":6},"end":{"line":47,"column":44}},"9":{"start":{"line":57,"column":4},"end":{"line":57,"column":22}},"10":{"start":{"line":65,"column":4},"end":{"line":68,"column":7}},"11":{"start":{"line":69,"column":4},"end":{"line":71,"column":7}},"12":{"start":{"line":70,"column":6},"end":{"line":70,"column":31}},"13":{"start":{"line":79,"column":4},"end":{"line":81,"column":5}},"14":{"start":{"line":80,"column":6},"end":{"line":80,"column":28}},"15":{"start":{"line":90,"column":4},"end":{"line":90,"column":36}},"16":{"start":{"line":91,"column":22},"end":{"line":163,"column":11}},"17":{"start":{"line":92,"column":25},"end":{"line":148,"column":7}},"18":{"start":{"line":151,"column":29},"end":{"line":153,"column":74}},"19":{"start":{"line":153,"column":37},"end":{"line":153,"column":73}},"20":{"start":{"line":155,"column":6},"end":{"line":160,"column":9}},"21":{"start":{"line":162,"column":6},"end":{"line":162,"column":45}},"22":{"start":{"line":162,"column":38},"end":{"line":162,"column":45}},"23":{"start":{"line":165,"column":4},"end":{"line":165,"column":32}},"24":{"start":{"line":173,"column":4},"end":{"line":173,"column":46}},"25":{"start":{"line":173,"column":39},"end":{"line":173,"column":46}},"26":{"start":{"line":175,"column":4},"end":{"line":175,"column":36}},"27":{"start":{"line":176,"column":26},"end":{"line":207,"column":11}},"28":{"start":{"line":177,"column":37},"end":{"line":177,"column":46}},"29":{"start":{"line":178,"column":24},"end":{"line":195,"column":7}},"30":{"start":{"line":197,"column":28},"end":{"line":197,"column":53}},"31":{"start":{"line":198,"column":22},"end":{"line":198,"column":61}},"32":{"start":{"line":200,"column":6},"end":{"line":206,"column":9}},"33":{"start":{"line":209,"column":4},"end":{"line":209,"column":36}},"34":{"start":{"line":218,"column":20},"end":{"line":218,"column":43}},"35":{"start":{"line":219,"column":4},"end":{"line":223,"column":7}},"36":{"start":{"line":224,"column":4},"end":{"line":224,"column":22}},"37":{"start":{"line":233,"column":19},"end":{"line":233,"column":42}},"38":{"start":{"line":234,"column":4},"end":{"line":236,"column":7}},"39":{"start":{"line":245,"column":19},"end":{"line":245,"column":42}},"40":{"start":{"line":246,"column":4},"end":{"line":246,"column":32}},"41":{"start":{"line":247,"column":4},"end":{"line":260,"column":7}},"42":{"start":{"line":251,"column":8},"end":{"line":258,"column":9}},"43":{"start":{"line":253,"column":10},"end":{"line":256,"column":13}},"44":{"start":{"line":257,"column":10},"end":{"line":257,"column":28}},"45":{"start":{"line":269,"column":19},"end":{"line":269,"column":42}},"46":{"start":{"line":270,"column":4},"end":{"line":270,"column":34}},"47":{"start":{"line":271,"column":4},"end":{"line":284,"column":7}},"48":{"start":{"line":275,"column":8},"end":{"line":282,"column":9}},"49":{"start":{"line":277,"column":10},"end":{"line":280,"column":13}},"50":{"start":{"line":281,"column":10},"end":{"line":281,"column":28}},"51":{"start":{"line":293,"column":19},"end":{"line":293,"column":42}},"52":{"start":{"line":294,"column":4},"end":{"line":294,"column":34}},"53":{"start":{"line":296,"column":4},"end":{"line":299,"column":7}},"54":{"start":{"line":308,"column":19},"end":{"line":308,"column":42}},"55":{"start":{"line":309,"column":4},"end":{"line":309,"column":34}},"56":{"start":{"line":311,"column":4},"end":{"line":314,"column":7}}},"fnMap":{"0":{"name":"(anonymous_0)","decl":{"start":{"line":29,"column":2},"end":{"line":29,"column":3}},"loc":{"start":{"line":29,"column":18},"end":{"line":35,"column":3}},"line":29},"1":{"name":"(anonymous_1)","decl":{"start":{"line":41,"column":2},"end":{"line":41,"column":3}},"loc":{"start":{"line":41,"column":13},"end":{"line":49,"column":3}},"line":41},"2":{"name":"(anonymous_2)","decl":{"start":{"line":55,"column":2},"end":{"line":55,"column":3}},"loc":{"start":{"line":55,"column":11},"end":{"line":58,"column":3}},"line":55},"3":{"name":"(anonymous_3)","decl":{"start":{"line":64,"column":2},"end":{"line":64,"column":3}},"loc":{"start":{"line":64,"column":22},"end":{"line":72,"column":3}},"line":64},"4":{"name":"(anonymous_4)","decl":{"start":{"line":69,"column":20},"end":{"line":69,"column":21}},"loc":{"start":{"line":69,"column":26},"end":{"line":71,"column":5}},"line":69},"5":{"name":"(anonymous_5)","decl":{"start":{"line":78,"column":2},"end":{"line":78,"column":3}},"loc":{"start":{"line":78,"column":18},"end":{"line":82,"column":3}},"line":78},"6":{"name":"(anonymous_6)","decl":{"start":{"line":89,"column":2},"end":{"line":89,"column":3}},"loc":{"start":{"line":89,"column":19},"end":{"line":166,"column":3}},"line":89},"7":{"name":"(anonymous_7)","decl":{"start":{"line":91,"column":33},"end":{"line":91,"column":34}},"loc":{"start":{"line":91,"column":39},"end":{"line":163,"column":5}},"line":91},"8":{"name":"(anonymous_8)","decl":{"start":{"line":153,"column":28},"end":{"line":153,"column":29}},"loc":{"start":{"line":153,"column":37},"end":{"line":153,"column":73}},"line":153},"9":{"name":"(anonymous_9)","decl":{"start":{"line":172,"column":2},"end":{"line":172,"column":3}},"loc":{"start":{"line":172,"column":19},"end":{"line":210,"column":3}},"line":172},"10":{"name":"(anonymous_10)","decl":{"start":{"line":176,"column":37},"end":{"line":176,"column":38}},"loc":{"start":{"line":176,"column":43},"end":{"line":207,"column":5}},"line":176},"11":{"name":"(anonymous_11)","decl":{"start":{"line":217,"column":2},"end":{"line":217,"column":3}},"loc":{"start":{"line":217,"column":15},"end":{"line":225,"column":3}},"line":217},"12":{"name":"(anonymous_12)","decl":{"start":{"line":232,"column":2},"end":{"line":232,"column":3}},"loc":{"start":{"line":232,"column":21},"end":{"line":237,"column":3}},"line":232},"13":{"name":"(anonymous_13)","decl":{"start":{"line":244,"column":2},"end":{"line":244,"column":3}},"loc":{"start":{"line":244,"column":17},"end":{"line":261,"column":3}},"line":244},"14":{"name":"(anonymous_14)","decl":{"start":{"line":250,"column":15},"end":{"line":250,"column":16}},"loc":{"start":{"line":250,"column":24},"end":{"line":259,"column":7}},"line":250},"15":{"name":"(anonymous_15)","decl":{"start":{"line":268,"column":2},"end":{"line":268,"column":3}},"loc":{"start":{"line":268,"column":20},"end":{"line":285,"column":3}},"line":268},"16":{"name":"(anonymous_16)","decl":{"start":{"line":274,"column":15},"end":{"line":274,"column":16}},"loc":{"start":{"line":274,"column":24},"end":{"line":283,"column":7}},"line":274},"17":{"name":"(anonymous_17)","decl":{"start":{"line":292,"column":2},"end":{"line":292,"column":3}},"loc":{"start":{"line":292,"column":14},"end":{"line":300,"column":3}},"line":292},"18":{"name":"(anonymous_18)","decl":{"start":{"line":307,"column":2},"end":{"line":307,"column":3}},"loc":{"start":{"line":307,"column":16},"end":{"line":315,"column":3}},"line":307}},"branchMap":{"0":{"loc":{"start":{"line":30,"column":4},"end":{"line":32,"column":5}},"type":"if","locations":[{"start":{"line":30,"column":4},"end":{"line":32,"column":5}},{"start":{},"end":{}}],"line":30},"1":{"loc":{"start":{"line":43,"column":4},"end":{"line":45,"column":5}},"type":"if","locations":[{"start":{"line":43,"column":4},"end":{"line":45,"column":5}},{"start":{},"end":{}}],"line":43},"2":{"loc":{"start":{"line":46,"column":4},"end":{"line":48,"column":5}},"type":"if","locations":[{"start":{"line":46,"column":4},"end":{"line":48,"column":5}},{"start":{},"end":{}}],"line":46},"3":{"loc":{"start":{"line":79,"column":4},"end":{"line":81,"column":5}},"type":"if","locations":[{"start":{"line":79,"column":4},"end":{"line":81,"column":5}},{"start":{},"end":{}}],"line":79},"4":{"loc":{"start":{"line":151,"column":29},"end":{"line":153,"column":74}},"type":"cond-expr","locations":[{"start":{"line":152,"column":10},"end":{"line":152,"column":20}},{"start":{"line":153,"column":10},"end":{"line":153,"column":74}}],"line":151},"5":{"loc":{"start":{"line":162,"column":6},"end":{"line":162,"column":45}},"type":"if","locations":[{"start":{"line":162,"column":6},"end":{"line":162,"column":45}},{"start":{},"end":{}}],"line":162},"6":{"loc":{"start":{"line":173,"column":4},"end":{"line":173,"column":46}},"type":"if","locations":[{"start":{"line":173,"column":4},"end":{"line":173,"column":46}},{"start":{},"end":{}}],"line":173},"7":{"loc":{"start":{"line":251,"column":8},"end":{"line":258,"column":9}},"type":"if","locations":[{"start":{"line":251,"column":8},"end":{"line":258,"column":9}},{"start":{},"end":{}}],"line":251},"8":{"loc":{"start":{"line":275,"column":8},"end":{"line":282,"column":9}},"type":"if","locations":[{"start":{"line":275,"column":8},"end":{"line":282,"column":9}},{"start":{},"end":{}}],"line":275}},"s":{"0":0,"1":0,"2":0,"3":0,"4":0,"5":0,"6":0,"7":0,"8":0,"9":0,"10":0,"11":0,"12":0,"13":0,"14":0,"15":0,"16":0,"17":0,"18":0,"19":0,"20":0,"21":0,"22":0,"23":0,"24":0,"25":0,"26":0,"27":0,"28":0,"29":0,"30":0,"31":0,"32":0,"33":0,"34":0,"35":0,"36":0,"37":0,"38":0,"39":0,"40":0,"41":0,"42":0,"43":0,"44":0,"45":0,"46":0,"47":0,"48":0,"49":0,"50":0,"51":0,"52":0,"53":0,"54":0,"55":0,"56":0},"f":{"0":0,"1":0,"2":0,"3":0,"4":0,"5":0,"6":0,"7":0,"8":0,"9":0,"10":0,"11":0,"12":0,"13":0,"14":0,"15":0,"16":0,"17":0,"18":0},"b":{"0":[0,0],"1":[0,0],"2":[0,0],"3":[0,0],"4":[0,0],"5":[0,0],"6":[0,0],"7":[0,0],"8":[0,0]}}
[...]
,"E:\\Dropbox\\GitHub\\SutWxApp\\SutWxApp\\services\\settingsService.js": {"path":"E:\\Dropbox\\GitHub\\SutWxApp\\SutWxApp\\services\\settingsService.js","statementMap":{"0":{"start":{"line":6,"column":16},"end":{"line":6,"column":43}},"1":{"start":{"line":11,"column":24},"end":{"line":404,"column":1}},"2":{"start":{"line":19,"column":29},"end":{"line":19,"column":36}},"3":{"start":{"line":21,"column":4},"end":{"line":23,"column":7}},"4":{"start":{"line":34,"column":45},"end":{"line":34,"column":52}},"5":{"start":{"line":36,"column":4},"end":{"line":39,"column":7}},"6":{"start":{"line":47,"column":4},"end":{"line":47,"column":40}},"7":{"start":{"line":67,"column":8},"end":{"line":67,"column":15}},"8":{"start":{"line":69,"column":4},"end":{"line":75,"column":7}},"9":{"start":{"line":83,"column":4},"end":{"line":83,"column":41}},"10":{"start":{"line":103,"column":8},"end":{"line":103,"column":15}},"11":{"start":{"line":105,"column":4},"end":{"line":111,"column":7}},"12":{"start":{"line":119,"column":4},"end":{"line":119,"column":41}},"13":{"start":{"line":141,"column":8},"end":{"line":141,"column":15}},"14":{"start":{"line":143,"column":4},"end":{"line":150,"column":7}},"15":{"start":{"line":158,"column":4},"end":{"line":158,"column":44}},"16":{"start":{"line":180,"column":8},"end":{"line":180,"column":15}},"17":{"start":{"line":182,"column":4},"end":{"line":189,"column":7}},"18":{"start":{"line":197,"column":4},"end":{"line":197,"column":45}},"19":{"start":{"line":215,"column":8},"end":{"line":215,"column":15}},"20":{"start":{"line":217,"column":4},"end":{"line":222,"column":7}},"21":{"start":{"line":230,"column":4},"end":{"line":230,"column":42}},"22":{"start":{"line":240,"column":30},"end":{"line":240,"column":37}},"23":{"start":{"line":242,"column":4},"end":{"line":244,"column":7}},"24":{"start":{"line":260,"column":8},"end":{"line":260,"column":15}},"25":{"start":{"line":262,"column":4},"end":{"line":266,"column":7}},"26":{"start":{"line":284,"column":8},"end":{"line":284,"column":15}},"27":{"start":{"line":286,"column":4},"end":{"line":291,"column":7}},"28":{"start":{"line":311,"column":8},"end":{"line":311,"column":15}},"29":{"start":{"line":313,"column":4},"end":{"line":319,"column":7}},"30":{"start":{"line":328,"column":4},"end":{"line":328,"column":59}},"31":{"start":{"line":336,"column":4},"end":{"line":336,"column":42}},"32":{"start":{"line":346,"column":27},"end":{"line":346,"column":34}},"33":{"start":{"line":348,"column":4},"end":{"line":350,"column":7}},"34":{"start":{"line":360,"column":29},"end":{"line":360,"column":36}},"35":{"start":{"line":362,"column":4},"end":{"line":364,"column":7}},"36":{"start":{"line":378,"column":8},"end":{"line":378,"column":15}},"37":{"start":{"line":380,"column":4},"end":{"line":383,"column":7}},"38":{"start":{"line":397,"column":8},"end":{"line":397,"column":15}},"39":{"start":{"line":399,"column":4},"end":{"line":402,"column":7}},"40":{"start":{"line":406,"column":0},"end":{"line":406,"column":33}}},"fnMap":{"0":{"name":"(anonymous_0)","decl":{"start":{"line":18,"column":2},"end":{"line":18,"column":3}},"loc":{"start":{"line":18,"column":34},"end":{"line":24,"column":3}},"line":18},"1":{"name":"(anonymous_1)","decl":{"start":{"line":33,"column":2},"end":{"line":33,"column":3}},"loc":{"start":{"line":33,"column":37},"end":{"line":40,"column":3}},"line":33},"2":{"name":"(anonymous_2)","decl":{"start":{"line":46,"column":2},"end":{"line":46,"column":3}},"loc":{"start":{"line":46,"column":25},"end":{"line":48,"column":3}},"line":46},"3":{"name":"(anonymous_3)","decl":{"start":{"line":60,"column":2},"end":{"line":60,"column":3}},"loc":{"start":{"line":60,"column":40},"end":{"line":76,"column":3}},"line":60},"4":{"name":"(anonymous_4)","decl":{"start":{"line":82,"column":2},"end":{"line":82,"column":3}},"loc":{"start":{"line":82,"column":26},"end":{"line":84,"column":3}},"line":82},"5":{"name":"(anonymous_5)","decl":{"start":{"line":96,"column":2},"end":{"line":96,"column":3}},"loc":{"start":{"line":96,"column":41},"end":{"line":112,"column":3}},"line":96},"6":{"name":"(anonymous_6)","decl":{"start":{"line":118,"column":2},"end":{"line":118,"column":3}},"loc":{"start":{"line":118,"column":26},"end":{"line":120,"column":3}},"line":118},"7":{"name":"(anonymous_7)","decl":{"start":{"line":133,"column":2},"end":{"line":133,"column":3}},"loc":{"start":{"line":133,"column":41},"end":{"line":151,"column":3}},"line":133},"8":{"name":"(anonymous_8)","decl":{"start":{"line":157,"column":2},"end":{"line":157,"column":3}},"loc":{"start":{"line":157,"column":29},"end":{"line":159,"column":3}},"line":157},"9":{"name":"(anonymous_9)","decl":{"start":{"line":172,"column":2},"end":{"line":172,"column":3}},"loc":{"start":{"line":172,"column":44},"end":{"line":190,"column":3}},"line":172},"10":{"name":"(anonymous_10)","decl":{"start":{"line":196,"column":2},"end":{"line":196,"column":3}},"loc":{"start":{"line":196,"column":30},"end":{"line":198,"column":3}},"line":196},"11":{"name":"(anonymous_11)","decl":{"start":{"line":209,"column":2},"end":{"line":209,"column":3}},"loc":{"start":{"line":209,"column":45},"end":{"line":223,"column":3}},"line":209},"12":{"name":"(anonymous_12)","decl":{"start":{"line":229,"column":2},"end":{"line":229,"column":3}},"loc":{"start":{"line":229,"column":23},"end":{"line":231,"column":3}},"line":229},"13":{"name":"(anonymous_13)","decl":{"start":{"line":239,"column":2},"end":{"line":239,"column":3}},"loc":{"start":{"line":239,"column":35},"end":{"line":245,"column":3}},"line":239},"14":{"name":"(anonymous_14)","decl":{"start":{"line":255,"column":2},"end":{"line":255,"column":3}},"loc":{"start":{"line":255,"column":34},"end":{"line":267,"column":3}},"line":255},"15":{"name":"(anonymous_15)","decl":{"start":{"line":278,"column":2},"end":{"line":278,"column":3}},"loc":{"start":{"line":278,"column":38},"end":{"line":292,"column":3}},"line":278},"16":{"name":"(anonymous_16)","decl":{"start":{"line":304,"column":2},"end":{"line":304,"column":3}},"loc":{"start":{"line":304,"column":37},"end":{"line":320,"column":3}},"line":304},"17":{"name":"(anonymous_17)","decl":{"start":{"line":327,"column":2},"end":{"line":327,"column":3}},"loc":{"start":{"line":327,"column":38},"end":{"line":329,"column":3}},"line":327},"18":{"name":"(anonymous_18)","decl":{"start":{"line":335,"column":2},"end":{"line":335,"column":3}},"loc":{"start":{"line":335,"column":23},"end":{"line":337,"column":3}},"line":335},"19":{"name":"(anonymous_19)","decl":{"start":{"line":345,"column":2},"end":{"line":345,"column":3}},"loc":{"start":{"line":345,"column":33},"end":{"line":351,"column":3}},"line":345},"20":{"name":"(anonymous_20)","decl":{"start":{"line":359,"column":2},"end":{"line":359,"column":3}},"loc":{"start":{"line":359,"column":36},"end":{"line":365,"column":3}},"line":359},"21":{"name":"(anonymous_21)","decl":{"start":{"line":374,"column":2},"end":{"line":374,"column":3}},"loc":{"start":{"line":374,"column":37},"end":{"line":384,"column":3}},"line":374},"22":{"name":"(anonymous_22)","decl":{"start":{"line":393,"column":2},"end":{"line":393,"column":3}},"loc":{"start":{"line":393,"column":36},"end":{"line":403,"column":3}},"line":393}},"branchMap":{"0":{"loc":{"start":{"line":18,"column":20},"end":{"line":18,"column":32}},"type":"default-arg","locations":[{"start":{"line":18,"column":30},"end":{"line":18,"column":32}}],"line":18},"1":{"loc":{"start":{"line":19,"column":12},"end":{"line":19,"column":24}},"type":"default-arg","locations":[{"start":{"line":19,"column":19},"end":{"line":19,"column":24}}],"line":19},"2":{"loc":{"start":{"line":33,"column":23},"end":{"line":33,"column":35}},"type":"default-arg","locations":[{"start":{"line":33,"column":33},"end":{"line":33,"column":35}}],"line":33},"3":{"loc":{"start":{"line":34,"column":12},"end":{"line":34,"column":25}},"type":"default-arg","locations":[{"start":{"line":34,"column":19},"end":{"line":34,"column":25}}],"line":34},"4":{"loc":{"start":{"line":34,"column":27},"end":{"line":34,"column":40}},"type":"default-arg","locations":[{"start":{"line":34,"column":38},"end":{"line":34,"column":40}}],"line":34},"5":{"loc":{"start":{"line":60,"column":26},"end":{"line":60,"column":38}},"type":"default-arg","locations":[{"start":{"line":60,"column":36},"end":{"line":60,"column":38}}],"line":60},"6":{"loc":{"start":{"line":62,"column":6},"end":{"line":62,"column":19}},"type":"default-arg","locations":[{"start":{"line":62,"column":17},"end":{"line":62,"column":19}}],"line":62},"7":{"loc":{"start":{"line":63,"column":6},"end":{"line":63,"column":16}},"type":"default-arg","locations":[{"start":{"line":63,"column":14},"end":{"line":63,"column":16}}],"line":63},"8":{"loc":{"start":{"line":64,"column":6},"end":{"line":64,"column":19}},"type":"default-arg","locations":[{"start":{"line":64,"column":17},"end":{"line":64,"column":19}}],"line":64},"9":{"loc":{"start":{"line":96,"column":27},"end":{"line":96,"column":39}},"type":"default-arg","locations":[{"start":{"line":96,"column":37},"end":{"line":96,"column":39}}],"line":96},"10":{"loc":{"start":{"line":98,"column":6},"end":{"line":98,"column":19}},"type":"default-arg","locations":[{"start":{"line":98,"column":17},"end":{"line":98,"column":19}}],"line":98},"11":{"loc":{"start":{"line":99,"column":6},"end":{"line":99,"column":17}},"type":"default-arg","locations":[{"start":{"line":99,"column":15},"end":{"line":99,"column":17}}],"line":99},"12":{"loc":{"start":{"line":100,"column":6},"end":{"line":100,"column":17}},"type":"default-arg","locations":[{"start":{"line":100,"column":15},"end":{"line":100,"column":17}}],"line":100},"13":{"loc":{"start":{"line":101,"column":6},"end":{"line":101,"column":19}},"type":"default-arg","locations":[{"start":{"line":101,"column":17},"end":{"line":101,"column":19}}],"line":101},"14":{"loc":{"start":{"line":102,"column":6},"end":{"line":102,"column":20}},"type":"default-arg","locations":[{"start":{"line":102,"column":18},"end":{"line":102,"column":20}}],"line":102},"15":{"loc":{"start":{"line":133,"column":27},"end":{"line":133,"column":39}},"type":"default-arg","locations":[{"start":{"line":133,"column":37},"end":{"line":133,"column":39}}],"line":133},"16":{"loc":{"start":{"line":140,"column":6},"end":{"line":140,"column":19}},"type":"default-arg","locations":[{"start":{"line":140,"column":17},"end":{"line":140,"column":19}}],"line":140},"17":{"loc":{"start":{"line":172,"column":30},"end":{"line":172,"column":42}},"type":"default-arg","locations":[{"start":{"line":172,"column":40},"end":{"line":172,"column":42}}],"line":172},"18":{"loc":{"start":{"line":209,"column":31},"end":{"line":209,"column":43}},"type":"default-arg","locations":[{"start":{"line":209,"column":41},"end":{"line":209,"column":43}}],"line":209},"19":{"loc":{"start":{"line":239,"column":21},"end":{"line":239,"column":33}},"type":"default-arg","locations":[{"start":{"line":239,"column":31},"end":{"line":239,"column":33}}],"line":239},"20":{"loc":{"start":{"line":240,"column":12},"end":{"line":240,"column":25}},"type":"default-arg","locations":[{"start":{"line":240,"column":19},"end":{"line":240,"column":25}}],"line":240},"21":{"loc":{"start":{"line":255,"column":20},"end":{"line":255,"column":32}},"type":"default-arg","locations":[{"start":{"line":255,"column":30},"end":{"line":255,"column":32}}],"line":255},"22":{"loc":{"start":{"line":257,"column":6},"end":{"line":257,"column":19}},"type":"default-arg","locations":[{"start":{"line":257,"column":17},"end":{"line":257,"column":19}}],"line":257},"23":{"loc":{"start":{"line":258,"column":6},"end":{"line":258,"column":14}},"type":"default-arg","locations":[{"start":{"line":258,"column":13},"end":{"line":258,"column":14}}],"line":258},"24":{"loc":{"start":{"line":259,"column":6},"end":{"line":259,"column":19}},"type":"default-arg","locations":[{"start":{"line":259,"column":17},"end":{"line":259,"column":19}}],"line":259},"25":{"loc":{"start":{"line":278,"column":24},"end":{"line":278,"column":36}},"type":"default-arg","locations":[{"start":{"line":278,"column":34},"end":{"line":278,"column":36}}],"line":278},"26":{"loc":{"start":{"line":280,"column":6},"end":{"line":280,"column":18}},"type":"default-arg","locations":[{"start":{"line":280,"column":13},"end":{"line":280,"column":18}}],"line":280},"27":{"loc":{"start":{"line":281,"column":6},"end":{"line":281,"column":20}},"type":"default-arg","locations":[{"start":{"line":281,"column":15},"end":{"line":281,"column":20}}],"line":281},"28":{"loc":{"start":{"line":282,"column":6},"end":{"line":282,"column":14}},"type":"default-arg","locations":[{"start":{"line":282,"column":13},"end":{"line":282,"column":14}}],"line":282},"29":{"loc":{"start":{"line":283,"column":6},"end":{"line":283,"column":19}},"type":"default-arg","locations":[{"start":{"line":283,"column":17},"end":{"line":283,"column":19}}],"line":283},"30":{"loc":{"start":{"line":304,"column":23},"end":{"line":304,"column":35}},"type":"default-arg","locations":[{"start":{"line":304,"column":33},"end":{"line":304,"column":35}}],"line":304},"31":{"loc":{"start":{"line":306,"column":6},"end":{"line":306,"column":20}},"type":"default-arg","locations":[{"start":{"line":306,"column":13},"end":{"line":306,"column":20}}],"line":306},"32":{"loc":{"start":{"line":307,"column":6},"end":{"line":307,"column":16}},"type":"default-arg","locations":[{"start":{"line":307,"column":14},"end":{"line":307,"column":16}}],"line":307},"33":{"loc":{"start":{"line":308,"column":6},"end":{"line":308,"column":18}},"type":"default-arg","locations":[{"start":{"line":308,"column":16},"end":{"line":308,"column":18}}],"line":308},"34":{"loc":{"start":{"line":309,"column":6},"end":{"line":309,"column":17}},"type":"default-arg","locations":[{"start":{"line":309,"column":15},"end":{"line":309,"column":17}}],"line":309},"35":{"loc":{"start":{"line":310,"column":6},"end":{"line":310,"column":18}},"type":"default-arg","locations":[{"start":{"line":310,"column":16},"end":{"line":310,"column":18}}],"line":310},"36":{"loc":{"start":{"line":345,"column":19},"end":{"line":345,"column":31}},"type":"default-arg","locations":[{"start":{"line":345,"column":29},"end":{"line":345,"column":31}}],"line":345},"37":{"loc":{"start":{"line":346,"column":12},"end":{"line":346,"column":22}},"type":"default-arg","locations":[{"start":{"line":346,"column":20},"end":{"line":346,"column":22}}],"line":346},"38":{"loc":{"start":{"line":359,"column":22},"end":{"line":359,"column":34}},"type":"default-arg","locations":[{"start":{"line":359,"column":32},"end":{"line":359,"column":34}}],"line":359},"39":{"loc":{"start":{"line":360,"column":12},"end":{"line":360,"column":24}},"type":"default-arg","locations":[{"start":{"line":360,"column":19},"end":{"line":360,"column":24}}],"line":360},"40":{"loc":{"start":{"line":374,"column":23},"end":{"line":374,"column":35}},"type":"default-arg","locations":[{"start":{"line":374,"column":33},"end":{"line":374,"column":35}}],"line":374},"41":{"loc":{"start":{"line":376,"column":6},"end":{"line":376,"column":16}},"type":"default-arg","locations":[{"start":{"line":376,"column":14},"end":{"line":376,"column":16}}],"line":376},"42":{"loc":{"start":{"line":377,"column":6},"end":{"line":377,"column":21}},"type":"default-arg","locations":[{"start":{"line":377,"column":15},"end":{"line":377,"column":21}}],"line":377},"43":{"loc":{"start":{"line":393,"column":22},"end":{"line":393,"column":34}},"type":"default-arg","locations":[{"start":{"line":393,"column":32},"end":{"line":393,"column":34}}],"line":393},"44":{"loc":{"start":{"line":395,"column":6},"end":{"line":395,"column":19}},"type":"default-arg","locations":[{"start":{"line":395,"column":17},"end":{"line":395,"column":19}}],"line":395},"45":{"loc":{"start":{"line":396,"column":6},"end":{"line":396,"column":17}},"type":"default-arg","locations":[{"start":{"line":396,"column":15},"end":{"line":396,"column":17}}],"line":396}},"s":{"0":0,"1":0,"2":0,"3":0,"4":0,"5":0,"6":0,"7":0,"8":0,"9":0,"10":0,"11":0,"12":0,"13":0,"14":0,"15":0,"16":0,"17":0,"18":0,"19":0,"20":0,"21":0,"22":0,"23":0,"24":0,"25":0,"26":0,"27":0,"28":0,"29":0,"30":0,"31":0,"32":0,"33":0,"34":0,"35":0,"36":0,"37":0,"38":0,"39":0,"40":0},"f":{"0":0,"1":0,"2":0,"3":0,"4":0,"5":0,"6":0,"7":0,"8":0,"9":0,"10":0,"11":0,"12":0,"13":0,"14":0,"15":0,"16":0,"17":0,"18":0,"19":0,"20":0,"21":0,"22":0},"b":{"0":[0],"1":[0],"2":[0],"3":[0],"4":[0],"5":[0],"6":[0],"7":[0],"8":[0],"9":[0],"10":[0],"11":[0],"12":[0],"13":[0],"14":[0],"15":[0],"16":[0],"17":[0],"18":[0],"19":[0],"20":[0],"21":[0],"22":[0],"23":[0],"24":[0],"25":[0],"26":[0],"27":[0],"28":[0],"29":[0],"30":[0],"31":[0],"32":[0],"33":[0],"34":[0],"35":[0],"36":[0],"37":[0],"38":[0],"39":[0],"40":[0],"41":[0],"42":[0],"43":[0],"44":[0],"45":[0]}}
,"E:\\Dropbox\\GitHub\\SutWxApp\\SutWxApp\\utils\\i18n.js": {"path":"E:\\Dropbox\\GitHub\\SutWxApp\\SutWxApp\\utils\\i18n.js","statementMap":{"0":{"start":{"line":11,"column":4},"end":{"line":11,"column":26}},"1":{"start":{"line":12,"column":4},"end":{"line":12,"column":27}},"2":{"start":{"line":20,"column":4},"end":{"line":20,"column":31}},"3":{"start":{"line":28,"column":4},"end":{"line":30,"column":5}},"4":{"start":{"line":29,"column":6},"end":{"line":29,"column":27}},"5":{"start":{"line":41,"column":4},"end":{"line":43,"column":5}},"6":{"start":{"line":42,"column":6},"end":{"line":42,"column":17}},"7":{"start":{"line":44,"column":15},"end":{"line":44,"column":57}},"8":{"start":{"line":45,"column":4},"end":{"line":47,"column":5}},"9":{"start":{"line":46,"column":6},"end":{"line":46,"column":61}},"10":{"start":{"line":48,"column":4},"end":{"line":48,"column":16}},"11":{"start":{"line":52,"column":13},"end":{"line":52,"column":23}},"12":{"start":{"line":55,"column":0},"end":{"line":58,"column":3}},"13":{"start":{"line":61,"column":0},"end":{"line":61,"column":22}}},"fnMap":{"0":{"name":"(anonymous_0)","decl":{"start":{"line":10,"column":2},"end":{"line":10,"column":3}},"loc":{"start":{"line":10,"column":16},"end":{"line":13,"column":3}},"line":10},"1":{"name":"(anonymous_1)","decl":{"start":{"line":19,"column":2},"end":{"line":19,"column":3}},"loc":{"start":{"line":19,"column":27},"end":{"line":21,"column":3}},"line":19},"2":{"name":"(anonymous_2)","decl":{"start":{"line":27,"column":2},"end":{"line":27,"column":3}},"loc":{"start":{"line":27,"column":20},"end":{"line":32,"column":3}},"line":27},"3":{"name":"(anonymous_3)","decl":{"start":{"line":40,"column":2},"end":{"line":40,"column":3}},"loc":{"start":{"line":40,"column":30},"end":{"line":49,"column":3}},"line":40}},"branchMap":{"0":{"loc":{"start":{"line":28,"column":4},"end":{"line":30,"column":5}},"type":"if","locations":[{"start":{"line":28,"column":4},"end":{"line":30,"column":5}},{"start":{},"end":{}}],"line":28},"1":{"loc":{"start":{"line":40,"column":17},"end":{"line":40,"column":28}},"type":"default-arg","locations":[{"start":{"line":40,"column":26},"end":{"line":40,"column":28}}],"line":40},"2":{"loc":{"start":{"line":41,"column":4},"end":{"line":43,"column":5}},"type":"if","locations":[{"start":{"line":41,"column":4},"end":{"line":43,"column":5}},{"start":{},"end":{}}],"line":41},"3":{"loc":{"start":{"line":44,"column":15},"end":{"line":44,"column":57}},"type":"binary-expr","locations":[{"start":{"line":44,"column":15},"end":{"line":44,"column":50}},{"start":{"line":44,"column":54},"end":{"line":44,"column":57}}],"line":44}},"s":{"0":0,"1":0,"2":0,"3":0,"4":0,"5":0,"6":0,"7":0,"8":0,"9":0,"10":0,"11":0,"12":0,"13":0},"f":{"0":0,"1":0,"2":0,"3":0},"b":{"0":[0,0],"1":[0],"2":[0,0],"3":[0,0]}}
}
