TN:
SF:eslint.config.js
FNF:0
FNH:0
DA:2,0
LF:1
LH:0
BRF:0
BRH:0
end_of_record
TN:
SF:jest.config.js
FNF:0
FNH:0
DA:6,0
LF:1
LH:0
BRF:0
BRH:0
end_of_record
TN:
SF:test_fixes.js
FN:9,checkPackageJson
FN:23,checkAppJs
FNF:2
FNH:0
FNDA:0,checkPackageJson
FNDA:0,checkAppJs
DA:2,0
DA:5,0
DA:6,0
DA:10,0
DA:11,0
DA:12,0
DA:13,0
DA:14,0
DA:15,0
DA:17,0
DA:18,0
DA:24,0
DA:25,0
DA:26,0
DA:29,0
DA:30,0
DA:31,0
DA:32,0
DA:33,0
DA:36,0
DA:37,0
DA:39,0
DA:40,0
DA:45,0
DA:46,0
DA:48,0
DA:49,0
DA:50,0
DA:52,0
DA:53,0
DA:55,0
LF:31
LH:0
BRDA:32,0,0,0
BRDA:32,0,1,0
BRDA:33,1,0,0
BRDA:33,1,1,0
BRDA:49,2,0,0
BRDA:49,2,1,0
BRDA:50,3,0,0
BRDA:50,3,1,0
BRDA:52,4,0,0
BRDA:52,4,1,0
BRDA:52,5,0,0
BRDA:52,5,1,0
BRF:12
BRH:0
end_of_record
TN:
SF:SutWxApp\app.js
FN:59,(anonymous_0)
FN:65,(anonymous_1)
FN:69,(anonymous_2)
FN:75,(anonymous_3)
FN:89,(anonymous_4)
FN:93,(anonymous_5)
FN:97,(anonymous_6)
FN:107,(anonymous_7)
FN:165,(anonymous_8)
FN:168,(anonymous_9)
FN:170,(anonymous_10)
FN:214,(anonymous_11)
FN:221,(anonymous_12)
FN:245,(anonymous_13)
FN:263,(anonymous_14)
FN:266,(anonymous_15)
FN:270,(anonymous_16)
FN:274,(anonymous_17)
FN:282,(anonymous_18)
FN:294,(anonymous_19)
FN:308,(anonymous_20)
FN:321,(anonymous_21)
FNF:22
FNH:0
FNDA:0,(anonymous_0)
FNDA:0,(anonymous_1)
FNDA:0,(anonymous_2)
FNDA:0,(anonymous_3)
FNDA:0,(anonymous_4)
FNDA:0,(anonymous_5)
FNDA:0,(anonymous_6)
FNDA:0,(anonymous_7)
FNDA:0,(anonymous_8)
FNDA:0,(anonymous_9)
FNDA:0,(anonymous_10)
FNDA:0,(anonymous_11)
FNDA:0,(anonymous_12)
FNDA:0,(anonymous_13)
FNDA:0,(anonymous_14)
FNDA:0,(anonymous_15)
FNDA:0,(anonymous_16)
FNDA:0,(anonymous_17)
FNDA:0,(anonymous_18)
FNDA:0,(anonymous_19)
FNDA:0,(anonymous_20)
FNDA:0,(anonymous_21)
DA:26,0
DA:61,0
DA:64,0
DA:66,0
DA:67,0
DA:70,0
DA:75,0
DA:76,0
DA:77,0
DA:81,0
DA:82,0
DA:86,0
DA:98,0
DA:108,0
DA:119,0
DA:122,0
DA:123,0
DA:128,0
DA:129,0
DA:131,0
DA:132,0
DA:133,0
DA:135,0
DA:136,0
DA:138,0
DA:141,0
DA:144,0
DA:145,0
DA:151,0
DA:154,0
DA:155,0
DA:166,0
DA:168,0
DA:169,0
DA:171,0
DA:172,0
DA:174,0
DA:182,0
DA:192,0
DA:193,0
DA:194,0
DA:197,0
DA:198,0
DA:200,0
DA:202,0
DA:205,0
DA:206,0
DA:215,0
DA:222,0
DA:223,0
DA:224,0
DA:225,0
DA:227,0
DA:228,0
DA:231,0
DA:232,0
DA:233,0
DA:238,0
DA:246,0
DA:248,0
DA:249,0
DA:251,0
DA:252,0
DA:253,0
DA:256,0
DA:264,0
DA:266,0
DA:267,0
DA:270,0
DA:271,0
DA:275,0
DA:276,0
DA:282,0
DA:283,0
DA:295,0
DA:296,0
DA:299,0
DA:300,0
DA:309,0
DA:310,0
DA:312,0
DA:313,0
DA:322,0
DA:323,0
DA:325,0
DA:326,0
LF:86
LH:0
BRDA:76,0,0,0
BRDA:76,0,1,0
BRDA:81,1,0,0
BRDA:81,1,1,0
BRDA:107,2,0,0
BRDA:122,3,0,0
BRDA:122,3,1,0
BRDA:124,4,0,0
BRDA:124,4,1,0
BRDA:131,5,0,0
BRDA:131,5,1,0
BRDA:131,6,0,0
BRDA:131,6,1,0
BRDA:133,7,0,0
BRDA:133,7,1,0
BRDA:133,8,0,0
BRDA:133,8,1,0
BRDA:138,9,0,0
BRDA:138,9,1,0
BRDA:144,10,0,0
BRDA:144,10,1,0
BRDA:146,11,0,0
BRDA:146,11,1,0
BRDA:154,12,0,0
BRDA:154,12,1,0
BRDA:165,13,0,0
BRDA:171,14,0,0
BRDA:171,14,1,0
BRDA:192,15,0,0
BRDA:192,15,1,0
BRDA:192,16,0,0
BRDA:192,16,1,0
BRDA:194,17,0,0
BRDA:194,17,1,0
BRDA:223,18,0,0
BRDA:223,18,1,0
BRDA:223,19,0,0
BRDA:223,19,1,0
BRDA:227,20,0,0
BRDA:227,20,1,0
BRDA:232,21,0,0
BRDA:232,21,1,0
BRDA:232,22,0,0
BRDA:232,22,1,0
BRDA:251,23,0,0
BRDA:251,23,1,0
BRDA:275,24,0,0
BRDA:275,24,1,0
BRDA:310,25,0,0
BRDA:310,25,1,0
BRDA:323,26,0,0
BRDA:323,26,1,0
BRF:52
BRH:0
end_of_record
TN:
SF:SutWxApp\components\lazy-image\lazy-image.js
FN:116,(anonymous_0)
FN:117,(anonymous_1)
FN:122,(anonymous_2)
FN:138,(anonymous_3)
FN:153,(anonymous_4)
FN:172,(anonymous_5)
FN:188,(anonymous_6)
FN:200,(anonymous_7)
FN:202,(anonymous_8)
FN:214,(anonymous_9)
FN:240,(anonymous_10)
FN:261,(anonymous_11)
FN:264,(anonymous_12)
FN:283,(anonymous_13)
FN:284,(anonymous_14)
FN:287,(anonymous_15)
FN:290,(anonymous_16)
FN:300,(anonymous_17)
FN:303,(anonymous_18)
FN:322,(anonymous_19)
FN:347,(anonymous_20)
FN:359,(anonymous_21)
FN:376,(anonymous_22)
FN:388,(anonymous_23)
FN:402,(anonymous_24)
FN:414,(anonymous_25)
FN:431,(anonymous_26)
FN:438,(anonymous_27)
FN:440,(anonymous_28)
FN:449,(anonymous_29)
FN:458,(anonymous_30)
FN:467,(anonymous_31)
FNF:32
FNH:0
FNDA:0,(anonymous_0)
FNDA:0,(anonymous_1)
FNDA:0,(anonymous_2)
FNDA:0,(anonymous_3)
FNDA:0,(anonymous_4)
FNDA:0,(anonymous_5)
FNDA:0,(anonymous_6)
FNDA:0,(anonymous_7)
FNDA:0,(anonymous_8)
FNDA:0,(anonymous_9)
FNDA:0,(anonymous_10)
FNDA:0,(anonymous_11)
FNDA:0,(anonymous_12)
FNDA:0,(anonymous_13)
FNDA:0,(anonymous_14)
FNDA:0,(anonymous_15)
FNDA:0,(anonymous_16)
FNDA:0,(anonymous_17)
FNDA:0,(anonymous_18)
FNDA:0,(anonymous_19)
FNDA:0,(anonymous_20)
FNDA:0,(anonymous_21)
FNDA:0,(anonymous_22)
FNDA:0,(anonymous_23)
FNDA:0,(anonymous_24)
FNDA:0,(anonymous_25)
FNDA:0,(anonymous_26)
FNDA:0,(anonymous_27)
FNDA:0,(anonymous_28)
FNDA:0,(anonymous_29)
FNDA:0,(anonymous_30)
FNDA:0,(anonymous_31)
DA:5,0
DA:117,0
DA:118,0
DA:119,0
DA:123,0
DA:124,0
DA:126,0
DA:130,0
DA:139,0
DA:142,0
DA:143,0
DA:145,0
DA:149,0
DA:150,0
DA:153,0
DA:154,0
DA:155,0
DA:158,0
DA:166,0
DA:173,0
DA:174,0
DA:175,0
DA:179,0
DA:180,0
DA:181,0
DA:189,0
DA:190,0
DA:201,0
DA:202,0
DA:203,0
DA:204,0
DA:205,0
DA:206,0
DA:215,0
DA:216,0
DA:217,0
DA:220,0
DA:223,0
DA:225,0
DA:226,0
DA:229,0
DA:242,0
DA:245,0
DA:248,0
DA:254,0
DA:256,0
DA:261,0
DA:263,0
DA:266,0
DA:270,0
DA:275,0
DA:284,0
DA:285,0
DA:286,0
DA:287,0
DA:288,0
DA:290,0
DA:291,0
DA:301,0
DA:303,0
DA:304,0
DA:312,0
DA:319,0
DA:322,0
DA:326,0
DA:334,0
DA:341,0
DA:348,0
DA:349,0
DA:352,0
DA:360,0
DA:367,0
DA:368,0
DA:369,0
DA:377,0
DA:380,0
DA:381,0
DA:390,0
DA:393,0
DA:396,0
DA:403,0
DA:415,0
DA:423,0
DA:424,0
DA:432,0
DA:439,0
DA:440,0
DA:441,0
DA:450,0
DA:451,0
DA:459,0
DA:468,0
DA:470,0
DA:478,0
DA:479,0
LF:95
LH:0
BRDA:123,0,0,0
BRDA:123,0,1,0
BRDA:123,1,0,0
BRDA:123,1,1,0
BRDA:139,2,0,0
BRDA:139,2,1,0
BRDA:142,3,0,0
BRDA:142,3,1,0
BRDA:154,4,0,0
BRDA:154,4,1,0
BRDA:154,5,0,0
BRDA:154,5,1,0
BRDA:154,5,2,0
BRDA:173,6,0,0
BRDA:173,6,1,0
BRDA:179,7,0,0
BRDA:179,7,1,0
BRDA:189,8,0,0
BRDA:189,8,1,0
BRDA:189,9,0,0
BRDA:189,9,1,0
BRDA:204,10,0,0
BRDA:204,10,1,0
BRDA:217,11,0,0
BRDA:217,11,1,0
BRDA:223,12,0,0
BRDA:223,12,1,0
BRDA:225,13,0,0
BRDA:225,13,1,0
BRDA:225,14,0,0
BRDA:225,14,1,0
BRDA:242,15,0,0
BRDA:242,15,1,0
BRDA:245,16,0,0
BRDA:245,16,1,0
BRDA:245,17,0,0
BRDA:245,17,1,0
BRDA:245,17,2,0
BRDA:254,18,0,0
BRDA:254,18,1,0
BRDA:254,19,0,0
BRDA:254,19,1,0
BRDA:348,20,0,0
BRDA:348,20,1,0
BRDA:348,21,0,0
BRDA:348,21,1,0
BRDA:367,22,0,0
BRDA:367,22,1,0
BRDA:380,23,0,0
BRDA:380,23,1,0
BRDA:390,24,0,0
BRDA:390,24,1,0
BRDA:423,25,0,0
BRDA:423,25,1,0
BRDA:439,26,0,0
BRDA:439,26,1,0
BRDA:439,27,0,0
BRDA:439,27,1,0
BRDA:450,28,0,0
BRDA:450,28,1,0
BRDA:450,29,0,0
BRDA:450,29,1,0
BRDA:468,30,0,0
BRDA:468,30,1,0
BRDA:478,31,0,0
BRDA:478,31,1,0
BRDA:478,32,0,0
BRDA:478,32,1,0
BRDA:478,32,2,0
BRDA:478,32,3,0
BRF:70
BRH:0
end_of_record
TN:
SF:SutWxApp\pages\article\detail\detail.js
FN:36,(anonymous_0)
FN:59,(anonymous_1)
FN:66,(anonymous_2)
FN:109,(anonymous_3)
FN:154,(anonymous_4)
FN:197,(anonymous_5)
FN:240,(anonymous_6)
FN:296,(anonymous_7)
FN:305,(anonymous_8)
FN:326,(anonymous_9)
FN:340,(anonymous_10)
FN:351,(anonymous_11)
FN:364,(anonymous_12)
FN:408,(anonymous_13)
FN:434,(anonymous_14)
FN:446,(anonymous_15)
FN:457,(anonymous_16)
FN:469,(anonymous_17)
FN:486,(anonymous_18)
FN:503,(anonymous_19)
FN:509,(anonymous_20)
FNF:21
FNH:0
FNDA:0,(anonymous_0)
FNDA:0,(anonymous_1)
FNDA:0,(anonymous_2)
FNDA:0,(anonymous_3)
FNDA:0,(anonymous_4)
FNDA:0,(anonymous_5)
FNDA:0,(anonymous_6)
FNDA:0,(anonymous_7)
FNDA:0,(anonymous_8)
FNDA:0,(anonymous_9)
FNDA:0,(anonymous_10)
FNDA:0,(anonymous_11)
FNDA:0,(anonymous_12)
FNDA:0,(anonymous_13)
FNDA:0,(anonymous_14)
FNDA:0,(anonymous_15)
FNDA:0,(anonymous_16)
FNDA:0,(anonymous_17)
FNDA:0,(anonymous_18)
FNDA:0,(anonymous_19)
FNDA:0,(anonymous_20)
DA:8,0
DA:37,0
DA:38,0
DA:41,0
DA:42,0
DA:44,0
DA:49,0
DA:67,0
DA:68,0
DA:70,0
DA:72,0
DA:85,0
DA:90,0
DA:96,0
DA:97,0
DA:98,0
DA:110,0
DA:112,0
DA:113,0
DA:115,0
DA:120,0
DA:121,0
DA:124,0
DA:125,0
DA:129,0
DA:135,0
DA:140,0
DA:141,0
DA:145,0
DA:146,0
DA:155,0
DA:157,0
DA:158,0
DA:161,0
DA:164,0
DA:165,0
DA:167,0
DA:169,0
DA:175,0
DA:177,0
DA:180,0
DA:186,0
DA:190,0
DA:198,0
DA:200,0
DA:201,0
DA:204,0
DA:207,0
DA:208,0
DA:210,0
DA:212,0
DA:218,0
DA:220,0
DA:223,0
DA:229,0
DA:233,0
DA:241,0
DA:242,0
DA:243,0
DA:244,0
DA:247,0
DA:248,0
DA:250,0
DA:252,0
DA:258,0
DA:266,0
DA:268,0
DA:272,0
DA:275,0
DA:280,0
DA:283,0
DA:289,0
DA:297,0
DA:306,0
DA:308,0
DA:309,0
DA:312,0
DA:316,0
DA:327,0
DA:329,0
DA:334,0
DA:341,0
DA:352,0
DA:353,0
DA:356,0
DA:357,0
DA:360,0
DA:364,0
DA:365,0
DA:367,0
DA:368,0
DA:369,0
DA:372,0
DA:373,0
DA:378,0
DA:382,0
DA:384,0
DA:387,0
DA:393,0
DA:398,0
DA:401,0
DA:409,0
DA:410,0
DA:411,0
DA:414,0
DA:415,0
DA:418,0
DA:422,0
DA:435,0
DA:436,0
DA:438,0
DA:439,0
DA:447,0
DA:458,0
DA:459,0
DA:462,0
DA:470,0
DA:474,0
DA:475,0
DA:479,0
DA:480,0
DA:487,0
DA:492,0
DA:493,0
DA:497,0
DA:504,0
DA:505,0
DA:507,0
DA:510,0
LF:129
LH:0
BRDA:37,0,0,0
BRDA:37,0,1,0
BRDA:74,1,0,0
BRDA:74,1,1,0
BRDA:75,2,0,0
BRDA:75,2,1,0
BRDA:76,3,0,0
BRDA:76,3,1,0
BRDA:77,4,0,0
BRDA:77,4,1,0
BRDA:78,5,0,0
BRDA:78,5,1,0
BRDA:86,6,0,0
BRDA:86,6,1,0
BRDA:97,7,0,0
BRDA:97,7,1,0
BRDA:110,8,0,0
BRDA:110,8,1,0
BRDA:120,9,0,0
BRDA:120,9,1,0
BRDA:121,10,0,0
BRDA:121,10,1,0
BRDA:124,11,0,0
BRDA:124,11,1,0
BRDA:145,12,0,0
BRDA:145,12,1,0
BRDA:157,13,0,0
BRDA:157,13,1,0
BRDA:165,14,0,0
BRDA:165,14,1,0
BRDA:171,15,0,0
BRDA:171,15,1,0
BRDA:182,16,0,0
BRDA:182,16,1,0
BRDA:188,17,0,0
BRDA:188,17,1,0
BRDA:190,18,0,0
BRDA:190,18,1,0
BRDA:200,19,0,0
BRDA:200,19,1,0
BRDA:208,20,0,0
BRDA:208,20,1,0
BRDA:214,21,0,0
BRDA:214,21,1,0
BRDA:225,22,0,0
BRDA:225,22,1,0
BRDA:231,23,0,0
BRDA:231,23,1,0
BRDA:233,24,0,0
BRDA:233,24,1,0
BRDA:242,25,0,0
BRDA:242,25,1,0
BRDA:254,26,0,0
BRDA:254,26,1,0
BRDA:266,27,0,0
BRDA:266,27,1,0
BRDA:289,28,0,0
BRDA:289,28,1,0
BRDA:308,29,0,0
BRDA:308,29,1,0
BRDA:327,30,0,0
BRDA:327,30,1,0
BRDA:327,31,0,0
BRDA:327,31,1,0
BRDA:356,32,0,0
BRDA:356,32,1,0
BRDA:365,33,0,0
BRDA:365,33,1,0
BRDA:369,34,0,0
BRDA:369,34,1,0
BRDA:369,35,0,0
BRDA:369,35,1,0
BRDA:369,36,0,0
BRDA:369,36,1,0
BRDA:389,37,0,0
BRDA:389,37,1,0
BRDA:396,38,0,0
BRDA:396,38,1,0
BRDA:401,39,0,0
BRDA:401,39,1,0
BRDA:414,40,0,0
BRDA:414,40,1,0
BRDA:436,41,0,0
BRDA:436,41,1,0
BRDA:448,42,0,0
BRDA:448,42,1,0
BRDA:458,43,0,0
BRDA:458,43,1,0
BRDA:505,44,0,0
BRDA:505,44,1,0
BRF:90
BRH:0
end_of_record
TN:
SF:SutWxApp\pages\cart\cart.js
FN:29,(anonymous_0)
FN:36,(anonymous_1)
FN:44,(anonymous_2)
FN:52,(anonymous_3)
FN:63,(anonymous_4)
FN:94,(anonymous_5)
FN:96,(anonymous_6)
FN:119,(anonymous_7)
FN:122,(anonymous_8)
FN:141,(anonymous_9)
FN:142,(anonymous_10)
FN:151,(anonymous_11)
FN:160,(anonymous_12)
FN:165,(anonymous_13)
FN:183,(anonymous_14)
FN:204,(anonymous_15)
FN:253,(anonymous_16)
FN:296,(anonymous_17)
FN:337,(anonymous_18)
FN:340,(anonymous_19)
FN:353,(anonymous_20)
FN:357,(anonymous_21)
FN:382,(anonymous_22)
FN:415,(anonymous_23)
FN:456,(anonymous_24)
FN:462,(anonymous_25)
FN:480,(anonymous_26)
FN:492,(anonymous_27)
FN:500,(anonymous_28)
FN:507,(anonymous_29)
FN:526,(anonymous_30)
FN:537,(anonymous_31)
FN:556,(anonymous_32)
FN:565,(anonymous_33)
FNF:34
FNH:0
FNDA:0,(anonymous_0)
FNDA:0,(anonymous_1)
FNDA:0,(anonymous_2)
FNDA:0,(anonymous_3)
FNDA:0,(anonymous_4)
FNDA:0,(anonymous_5)
FNDA:0,(anonymous_6)
FNDA:0,(anonymous_7)
FNDA:0,(anonymous_8)
FNDA:0,(anonymous_9)
FNDA:0,(anonymous_10)
FNDA:0,(anonymous_11)
FNDA:0,(anonymous_12)
FNDA:0,(anonymous_13)
FNDA:0,(anonymous_14)
FNDA:0,(anonymous_15)
FNDA:0,(anonymous_16)
FNDA:0,(anonymous_17)
FNDA:0,(anonymous_18)
FNDA:0,(anonymous_19)
FNDA:0,(anonymous_20)
FNDA:0,(anonymous_21)
FNDA:0,(anonymous_22)
FNDA:0,(anonymous_23)
FNDA:0,(anonymous_24)
FNDA:0,(anonymous_25)
FNDA:0,(anonymous_26)
FNDA:0,(anonymous_27)
FNDA:0,(anonymous_28)
FNDA:0,(anonymous_29)
FNDA:0,(anonymous_30)
FNDA:0,(anonymous_31)
FNDA:0,(anonymous_32)
FNDA:0,(anonymous_33)
DA:9,0
DA:30,0
DA:38,0
DA:46,0
DA:53,0
DA:57,0
DA:64,0
DA:65,0
DA:68,0
DA:72,0
DA:73,0
DA:77,0
DA:79,0
DA:81,0
DA:82,0
DA:84,0
DA:96,0
DA:98,0
DA:99,0
DA:100,0
DA:101,0
DA:103,0
DA:104,0
DA:105,0
DA:106,0
DA:107,0
DA:108,0
DA:109,0
DA:110,0
DA:111,0
DA:120,0
DA:122,0
DA:123,0
DA:124,0
DA:126,0
DA:130,0
DA:135,0
DA:142,0
DA:144,0
DA:145,0
DA:148,0
DA:151,0
DA:152,0
DA:161,0
DA:162,0
DA:165,0
DA:166,0
DA:167,0
DA:171,0
DA:177,0
DA:184,0
DA:185,0
DA:188,0
DA:190,0
DA:195,0
DA:198,0
DA:205,0
DA:206,0
DA:207,0
DA:210,0
DA:211,0
DA:215,0
DA:216,0
DA:217,0
DA:220,0
DA:222,0
DA:225,0
DA:231,0
DA:234,0
DA:236,0
DA:237,0
DA:240,0
DA:241,0
DA:246,0
DA:254,0
DA:255,0
DA:256,0
DA:259,0
DA:260,0
DA:263,0
DA:265,0
DA:268,0
DA:274,0
DA:277,0
DA:279,0
DA:280,0
DA:283,0
DA:284,0
DA:289,0
DA:297,0
DA:298,0
DA:299,0
DA:302,0
DA:304,0
DA:307,0
DA:310,0
DA:311,0
DA:313,0
DA:318,0
DA:321,0
DA:323,0
DA:325,0
DA:326,0
DA:327,0
DA:330,0
DA:338,0
DA:340,0
DA:342,0
DA:343,0
DA:344,0
DA:348,0
DA:350,0
DA:353,0
DA:354,0
DA:357,0
DA:359,0
DA:366,0
DA:368,0
DA:370,0
DA:371,0
DA:372,0
DA:375,0
DA:383,0
DA:385,0
DA:387,0
DA:390,0
DA:393,0
DA:401,0
DA:403,0
DA:404,0
DA:405,0
DA:408,0
DA:416,0
DA:417,0
DA:418,0
DA:421,0
DA:423,0
DA:426,0
DA:429,0
DA:430,0
DA:432,0
DA:437,0
DA:440,0
DA:442,0
DA:444,0
DA:445,0
DA:446,0
DA:449,0
DA:457,0
DA:458,0
DA:459,0
DA:460,0
DA:462,0
DA:463,0
DA:464,0
DA:465,0
DA:466,0
DA:470,0
DA:481,0
DA:483,0
DA:484,0
DA:487,0
DA:492,0
DA:494,0
DA:495,0
DA:496,0
DA:500,0
DA:501,0
DA:502,0
DA:503,0
DA:507,0
DA:508,0
DA:509,0
DA:510,0
DA:513,0
DA:516,0
DA:517,0
DA:518,0
DA:520,0
DA:521,0
DA:525,0
DA:526,0
DA:535,0
DA:538,0
DA:539,0
DA:543,0
DA:544,0
DA:546,0
DA:547,0
DA:557,0
DA:566,0
DA:567,0
LF:192
LH:0
BRDA:63,0,0,0
BRDA:74,1,0,0
BRDA:74,1,1,0
BRDA:103,2,0,0
BRDA:103,2,1,0
BRDA:103,3,0,0
BRDA:103,3,1,0
BRDA:105,4,0,0
BRDA:105,4,1,0
BRDA:106,5,0,0
BRDA:106,5,1,0
BRDA:109,6,0,0
BRDA:109,6,1,0
BRDA:123,7,0,0
BRDA:123,7,1,0
BRDA:123,8,0,0
BRDA:123,8,1,0
BRDA:142,9,0,0
BRDA:142,9,1,0
BRDA:144,10,0,0
BRDA:144,10,1,0
BRDA:166,11,0,0
BRDA:166,11,1,0
BRDA:166,12,0,0
BRDA:166,12,1,0
BRDA:210,13,0,0
BRDA:210,13,1,0
BRDA:210,14,0,0
BRDA:210,14,1,0
BRDA:215,15,0,0
BRDA:215,15,1,0
BRDA:237,16,0,0
BRDA:237,16,1,0
BRDA:259,17,0,0
BRDA:259,17,1,0
BRDA:280,18,0,0
BRDA:280,18,1,0
BRDA:326,19,0,0
BRDA:326,19,1,0
BRDA:327,20,0,0
BRDA:327,20,1,0
BRDA:342,21,0,0
BRDA:342,21,1,0
BRDA:371,22,0,0
BRDA:371,22,1,0
BRDA:372,23,0,0
BRDA:372,23,1,0
BRDA:404,24,0,0
BRDA:404,24,1,0
BRDA:405,25,0,0
BRDA:405,25,1,0
BRDA:445,26,0,0
BRDA:445,26,1,0
BRDA:446,27,0,0
BRDA:446,27,1,0
BRDA:463,28,0,0
BRDA:463,28,1,0
BRDA:463,29,0,0
BRDA:463,29,1,0
BRDA:463,29,2,0
BRDA:483,30,0,0
BRDA:483,30,1,0
BRDA:494,31,0,0
BRDA:494,31,1,0
BRDA:500,32,0,0
BRDA:500,32,1,0
BRDA:501,33,0,0
BRDA:501,33,1,0
BRDA:508,34,0,0
BRDA:508,34,1,0
BRDA:517,35,0,0
BRDA:517,35,1,0
BRDA:517,36,0,0
BRDA:517,36,1,0
BRDA:544,37,0,0
BRDA:544,37,1,0
BRF:76
BRH:0
end_of_record
TN:
SF:SutWxApp\pages\category\category.js
FN:28,(anonymous_0)
FN:35,(anonymous_1)
FN:51,(anonymous_2)
FN:57,(anonymous_3)
FN:90,(anonymous_4)
FN:108,(anonymous_5)
FN:113,(anonymous_6)
FN:131,(anonymous_7)
FN:150,(anonymous_8)
FN:164,(anonymous_9)
FN:200,(anonymous_10)
FN:218,(anonymous_11)
FN:232,(anonymous_12)
FN:249,(anonymous_13)
FN:264,(anonymous_14)
FN:270,(anonymous_15)
FNF:16
FNH:0
FNDA:0,(anonymous_0)
FNDA:0,(anonymous_1)
FNDA:0,(anonymous_2)
FNDA:0,(anonymous_3)
FNDA:0,(anonymous_4)
FNDA:0,(anonymous_5)
FNDA:0,(anonymous_6)
FNDA:0,(anonymous_7)
FNDA:0,(anonymous_8)
FNDA:0,(anonymous_9)
FNDA:0,(anonymous_10)
FNDA:0,(anonymous_11)
FNDA:0,(anonymous_12)
FNDA:0,(anonymous_13)
FNDA:0,(anonymous_14)
FNDA:0,(anonymous_15)
DA:5,0
DA:29,0
DA:37,0
DA:38,0
DA:44,0
DA:52,0
DA:53,0
DA:58,0
DA:59,0
DA:60,0
DA:67,0
DA:68,0
DA:69,0
DA:75,0
DA:78,0
DA:83,0
DA:91,0
DA:96,0
DA:109,0
DA:110,0
DA:113,0
DA:114,0
DA:125,0
DA:132,0
DA:133,0
DA:135,0
DA:144,0
DA:151,0
DA:152,0
DA:159,0
DA:165,0
DA:166,0
DA:167,0
DA:168,0
DA:170,0
DA:178,0
DA:179,0
DA:183,0
DA:188,0
DA:193,0
DA:201,0
DA:206,0
DA:219,0
DA:221,0
DA:226,0
DA:233,0
DA:240,0
DA:243,0
DA:250,0
DA:258,0
DA:265,0
DA:266,0
DA:272,0
LF:53
LH:0
BRDA:37,0,0,0
BRDA:37,0,1,0
BRDA:58,1,0,0
BRDA:58,1,1,0
BRDA:59,2,0,0
BRDA:59,2,1,0
BRDA:67,3,0,0
BRDA:67,3,1,0
BRDA:79,4,0,0
BRDA:79,4,1,0
BRDA:92,5,0,0
BRDA:92,5,1,0
BRDA:110,6,0,0
BRDA:110,6,1,0
BRDA:133,7,0,0
BRDA:133,7,1,0
BRDA:165,8,0,0
BRDA:165,8,1,0
BRDA:166,9,0,0
BRDA:166,9,1,0
BRDA:167,10,0,0
BRDA:167,10,1,0
BRDA:168,11,0,0
BRDA:168,11,1,0
BRDA:178,12,0,0
BRDA:178,12,1,0
BRDA:178,13,0,0
BRDA:178,13,1,0
BRDA:189,14,0,0
BRDA:189,14,1,0
BRDA:202,15,0,0
BRDA:202,15,1,0
BRDA:219,16,0,0
BRDA:219,16,1,0
BRDA:219,17,0,0
BRDA:219,17,1,0
BRF:36
BRH:0
end_of_record
TN:
SF:SutWxApp\pages\index\index.js
FN:28,(anonymous_0)
FN:41,(anonymous_1)
FN:49,(anonymous_2)
FN:56,(anonymous_3)
FN:72,(anonymous_4)
FN:83,(anonymous_5)
FN:92,(anonymous_6)
FN:142,(anonymous_7)
FN:159,(anonymous_8)
FN:178,(anonymous_9)
FN:214,(anonymous_10)
FN:231,(anonymous_11)
FN:232,(anonymous_12)
FN:257,(anonymous_13)
FN:275,(anonymous_14)
FN:293,(anonymous_15)
FN:305,(anonymous_16)
FN:317,(anonymous_17)
FN:326,(anonymous_18)
FN:340,(anonymous_19)
FN:349,(anonymous_20)
FN:379,(anonymous_21)
FNF:22
FNH:0
FNDA:0,(anonymous_0)
FNDA:0,(anonymous_1)
FNDA:0,(anonymous_2)
FNDA:0,(anonymous_3)
FNDA:0,(anonymous_4)
FNDA:0,(anonymous_5)
FNDA:0,(anonymous_6)
FNDA:0,(anonymous_7)
FNDA:0,(anonymous_8)
FNDA:0,(anonymous_9)
FNDA:0,(anonymous_10)
FNDA:0,(anonymous_11)
FNDA:0,(anonymous_12)
FNDA:0,(anonymous_13)
FNDA:0,(anonymous_14)
FNDA:0,(anonymous_15)
FNDA:0,(anonymous_16)
FNDA:0,(anonymous_17)
FNDA:0,(anonymous_18)
FNDA:0,(anonymous_19)
FNDA:0,(anonymous_20)
FNDA:0,(anonymous_21)
DA:6,0
DA:29,0
DA:35,0
DA:43,0
DA:58,0
DA:66,0
DA:74,0
DA:75,0
DA:85,0
DA:93,0
DA:94,0
DA:95,0
DA:99,0
DA:101,0
DA:103,0
DA:114,0
DA:121,0
DA:122,0
DA:125,0
DA:127,0
DA:132,0
DA:133,0
DA:143,0
DA:144,0
DA:145,0
DA:146,0
DA:150,0
DA:151,0
DA:160,0
DA:161,0
DA:162,0
DA:166,0
DA:170,0
DA:179,0
DA:180,0
DA:181,0
DA:185,0
DA:186,0
DA:192,0
DA:198,0
DA:199,0
DA:201,0
DA:206,0
DA:215,0
DA:216,0
DA:218,0
DA:219,0
DA:222,0
DA:223,0
DA:229,0
DA:231,0
DA:232,0
DA:233,0
DA:239,0
DA:244,0
DA:245,0
DA:247,0
DA:258,0
DA:259,0
DA:260,0
DA:263,0
DA:267,0
DA:276,0
DA:277,0
DA:278,0
DA:281,0
DA:285,0
DA:294,0
DA:295,0
DA:297,0
DA:298,0
DA:306,0
DA:307,0
DA:308,0
DA:318,0
DA:327,0
DA:328,0
DA:329,0
DA:331,0
DA:341,0
DA:350,0
DA:351,0
DA:352,0
DA:354,0
DA:359,0
DA:360,0
DA:363,0
DA:365,0
DA:368,0
DA:370,0
DA:380,0
LF:91
LH:0
BRDA:74,0,0,0
BRDA:74,0,1,0
BRDA:74,1,0,0
BRDA:74,1,1,0
BRDA:74,1,2,0
BRDA:94,2,0,0
BRDA:94,2,1,0
BRDA:104,3,0,0
BRDA:104,3,1,0
BRDA:105,4,0,0
BRDA:105,4,1,0
BRDA:106,5,0,0
BRDA:106,5,1,0
BRDA:107,6,0,0
BRDA:107,6,1,0
BRDA:108,7,0,0
BRDA:108,7,1,0
BRDA:110,8,0,0
BRDA:110,8,1,0
BRDA:110,9,0,0
BRDA:110,9,1,0
BRDA:116,10,0,0
BRDA:116,10,1,0
BRDA:117,11,0,0
BRDA:117,11,1,0
BRDA:118,12,0,0
BRDA:118,12,1,0
BRDA:123,13,0,0
BRDA:123,13,1,0
BRDA:125,14,0,0
BRDA:125,14,1,0
BRDA:132,15,0,0
BRDA:132,15,1,0
BRDA:147,16,0,0
BRDA:147,16,1,0
BRDA:167,17,0,0
BRDA:167,17,1,0
BRDA:180,18,0,0
BRDA:180,18,1,0
BRDA:193,19,0,0
BRDA:193,19,1,0
BRDA:195,20,0,0
BRDA:195,20,1,0
BRDA:195,20,2,0
BRDA:215,21,0,0
BRDA:215,21,1,0
BRDA:215,22,0,0
BRDA:215,22,1,0
BRDA:215,22,2,0
BRDA:229,23,0,0
BRDA:229,23,1,0
BRDA:229,24,0,0
BRDA:229,24,1,0
BRDA:236,25,0,0
BRDA:236,25,1,0
BRDA:264,26,0,0
BRDA:264,26,1,0
BRDA:282,27,0,0
BRDA:282,27,1,0
BRDA:295,28,0,0
BRDA:295,28,1,0
BRDA:307,29,0,0
BRDA:307,29,1,0
BRDA:329,30,0,0
BRDA:329,30,1,0
BRDA:332,31,0,0
BRDA:332,31,1,0
BRDA:351,32,0,0
BRDA:351,32,1,0
BRDA:355,33,0,0
BRDA:355,33,1,0
BRDA:356,34,0,0
BRDA:356,34,1,0
BRDA:359,35,0,0
BRDA:359,35,1,0
BRDA:359,36,0,0
BRDA:359,36,1,0
BRDA:363,37,0,0
BRDA:363,37,1,0
BRDA:368,38,0,0
BRDA:368,38,1,0
BRDA:383,39,0,0
BRDA:383,39,1,0
BRDA:383,40,0,0
BRDA:383,40,1,0
BRF:85
BRH:0
end_of_record
TN:
SF:SutWxApp\pages\notification\detail.js
FN:25,(anonymous_0)
FN:40,(anonymous_1)
FN:47,(anonymous_2)
FN:51,(anonymous_3)
FN:60,(anonymous_4)
FN:77,(anonymous_5)
FN:91,(anonymous_6)
FN:109,(anonymous_7)
FN:136,(anonymous_8)
FN:153,(anonymous_9)
FN:225,(anonymous_10)
FN:271,(anonymous_11)
FN:275,(anonymous_12)
FN:285,(anonymous_13)
FN:298,(anonymous_14)
FN:302,(anonymous_15)
FN:319,(anonymous_16)
FN:330,(anonymous_17)
FN:341,(anonymous_18)
FN:368,(anonymous_19)
FNF:20
FNH:0
FNDA:0,(anonymous_0)
FNDA:0,(anonymous_1)
FNDA:0,(anonymous_2)
FNDA:0,(anonymous_3)
FNDA:0,(anonymous_4)
FNDA:0,(anonymous_5)
FNDA:0,(anonymous_6)
FNDA:0,(anonymous_7)
FNDA:0,(anonymous_8)
FNDA:0,(anonymous_9)
FNDA:0,(anonymous_10)
FNDA:0,(anonymous_11)
FNDA:0,(anonymous_12)
FNDA:0,(anonymous_13)
FNDA:0,(anonymous_14)
FNDA:0,(anonymous_15)
FNDA:0,(anonymous_16)
FNDA:0,(anonymous_17)
FNDA:0,(anonymous_18)
FNDA:0,(anonymous_19)
DA:4,0
DA:6,0
DA:26,0
DA:27,0
DA:28,0
DA:30,0
DA:41,0
DA:46,0
DA:49,0
DA:50,0
DA:53,0
DA:55,0
DA:56,0
DA:57,0
DA:61,0
DA:66,0
DA:68,0
DA:70,0
DA:72,0
DA:78,0
DA:79,0
DA:93,0
DA:95,0
DA:97,0
DA:110,0
DA:111,0
DA:112,0
DA:113,0
DA:114,0
DA:115,0
DA:116,0
DA:118,0
DA:119,0
DA:120,0
DA:121,0
DA:122,0
DA:123,0
DA:124,0
DA:125,0
DA:127,0
DA:137,0
DA:146,0
DA:154,0
DA:157,0
DA:160,0
DA:161,0
DA:169,0
DA:170,0
DA:177,0
DA:181,0
DA:182,0
DA:189,0
DA:193,0
DA:194,0
DA:201,0
DA:205,0
DA:206,0
DA:213,0
DA:216,0
DA:227,0
DA:229,0
DA:236,0
DA:239,0
DA:246,0
DA:250,0
DA:251,0
DA:259,0
DA:262,0
DA:272,0
DA:274,0
DA:276,0
DA:281,0
DA:286,0
DA:287,0
DA:299,0
DA:303,0
DA:304,0
DA:307,0
DA:320,0
DA:321,0
DA:331,0
DA:332,0
DA:342,0
DA:344,0
DA:346,0
DA:349,0
DA:352,0
DA:355,0
DA:358,0
DA:361,0
DA:369,0
DA:370,0
LF:92
LH:0
BRDA:26,0,0,0
BRDA:26,0,1,0
BRDA:49,1,0,0
BRDA:49,1,1,0
BRDA:55,2,0,0
BRDA:55,2,1,0
BRDA:56,3,0,0
BRDA:56,3,1,0
BRDA:118,4,0,0
BRDA:118,4,1,0
BRDA:120,5,0,0
BRDA:120,5,1,0
BRDA:122,6,0,0
BRDA:122,6,1,0
BRDA:124,7,0,0
BRDA:124,7,1,0
BRDA:146,8,0,0
BRDA:146,8,1,0
BRDA:157,9,0,0
BRDA:157,9,1,0
BRDA:157,9,2,0
BRDA:157,9,3,0
BRDA:160,10,0,0
BRDA:160,10,1,0
BRDA:169,11,0,0
BRDA:169,11,1,0
BRDA:181,12,0,0
BRDA:181,12,1,0
BRDA:193,13,0,0
BRDA:193,13,1,0
BRDA:205,14,0,0
BRDA:205,14,1,0
BRDA:227,15,0,0
BRDA:227,15,1,0
BRDA:227,15,2,0
BRDA:227,15,3,0
BRDA:250,16,0,0
BRDA:250,16,1,0
BRDA:250,17,0,0
BRDA:250,17,1,0
BRDA:254,18,0,0
BRDA:254,18,1,0
BRDA:272,19,0,0
BRDA:272,19,1,0
BRDA:303,20,0,0
BRDA:303,20,1,0
BRDA:320,21,0,0
BRDA:320,21,1,0
BRDA:320,22,0,0
BRDA:320,22,1,0
BRDA:331,23,0,0
BRDA:331,23,1,0
BRDA:331,24,0,0
BRDA:331,24,1,0
BRDA:344,25,0,0
BRDA:344,25,1,0
BRDA:344,25,2,0
BRF:57
BRH:0
end_of_record
TN:
SF:SutWxApp\pages\notification\list.js
FN:31,(anonymous_0)
FN:38,(anonymous_1)
FN:47,(anonymous_2)
FN:55,(anonymous_3)
FN:67,(anonymous_4)
FN:112,(anonymous_5)
FN:152,(anonymous_6)
FN:154,(anonymous_7)
FN:171,(anonymous_8)
FN:179,(anonymous_9)
FN:190,(anonymous_10)
FN:192,(anonymous_11)
FN:207,(anonymous_12)
FN:209,(anonymous_13)
FN:211,(anonymous_14)
FN:243,(anonymous_15)
FN:251,(anonymous_16)
FN:255,(anonymous_17)
FN:258,(anonymous_18)
FN:261,(anonymous_19)
FN:278,(anonymous_20)
FN:295,(anonymous_21)
FN:322,(anonymous_22)
FN:338,(anonymous_23)
FN:339,(anonymous_24)
FN:347,(anonymous_25)
FNF:26
FNH:0
FNDA:0,(anonymous_0)
FNDA:0,(anonymous_1)
FNDA:0,(anonymous_2)
FNDA:0,(anonymous_3)
FNDA:0,(anonymous_4)
FNDA:0,(anonymous_5)
FNDA:0,(anonymous_6)
FNDA:0,(anonymous_7)
FNDA:0,(anonymous_8)
FNDA:0,(anonymous_9)
FNDA:0,(anonymous_10)
FNDA:0,(anonymous_11)
FNDA:0,(anonymous_12)
FNDA:0,(anonymous_13)
FNDA:0,(anonymous_14)
FNDA:0,(anonymous_15)
FNDA:0,(anonymous_16)
FNDA:0,(anonymous_17)
FNDA:0,(anonymous_18)
FNDA:0,(anonymous_19)
FNDA:0,(anonymous_20)
FNDA:0,(anonymous_21)
FNDA:0,(anonymous_22)
FNDA:0,(anonymous_23)
FNDA:0,(anonymous_24)
FNDA:0,(anonymous_25)
DA:4,0
DA:6,0
DA:32,0
DA:40,0
DA:41,0
DA:48,0
DA:49,0
DA:55,0
DA:56,0
DA:68,0
DA:69,0
DA:72,0
DA:73,0
DA:79,0
DA:80,0
DA:85,0
DA:87,0
DA:93,0
DA:95,0
DA:96,0
DA:98,0
DA:99,0
DA:101,0
DA:102,0
DA:104,0
DA:105,0
DA:109,0
DA:112,0
DA:113,0
DA:122,0
DA:123,0
DA:129,0
DA:136,0
DA:137,0
DA:142,0
DA:153,0
DA:155,0
DA:160,0
DA:161,0
DA:166,0
DA:172,0
DA:180,0
DA:181,0
DA:184,0
DA:191,0
DA:192,0
DA:195,0
DA:196,0
DA:200,0
DA:208,0
DA:211,0
DA:212,0
DA:213,0
DA:218,0
DA:221,0
DA:226,0
DA:227,0
DA:232,0
DA:233,0
DA:238,0
DA:244,0
DA:252,0
DA:256,0
DA:257,0
DA:260,0
DA:261,0
DA:269,0
DA:273,0
DA:279,0
DA:280,0
DA:296,0
DA:297,0
DA:298,0
DA:299,0
DA:300,0
DA:301,0
DA:302,0
DA:304,0
DA:305,0
DA:306,0
DA:307,0
DA:308,0
DA:309,0
DA:310,0
DA:311,0
DA:313,0
DA:323,0
DA:332,0
DA:339,0
DA:340,0
DA:348,0
DA:349,0
LF:92
LH:0
BRDA:48,0,0,0
BRDA:48,0,1,0
BRDA:67,1,0,0
BRDA:68,2,0,0
BRDA:68,2,1,0
BRDA:68,3,0,0
BRDA:68,3,1,0
BRDA:68,3,2,0
BRDA:72,4,0,0
BRDA:72,4,1,0
BRDA:79,5,0,0
BRDA:79,5,1,0
BRDA:79,6,0,0
BRDA:79,6,1,0
BRDA:88,7,0,0
BRDA:88,7,1,0
BRDA:93,8,0,0
BRDA:93,8,1,0
BRDA:93,8,2,0
BRDA:93,8,3,0
BRDA:117,9,0,0
BRDA:117,9,1,0
BRDA:122,10,0,0
BRDA:122,10,1,0
BRDA:160,11,0,0
BRDA:160,11,1,0
BRDA:163,12,0,0
BRDA:163,12,1,0
BRDA:195,13,0,0
BRDA:195,13,1,0
BRDA:212,14,0,0
BRDA:212,14,1,0
BRDA:232,15,0,0
BRDA:232,15,1,0
BRDA:235,16,0,0
BRDA:235,16,1,0
BRDA:256,17,0,0
BRDA:256,17,1,0
BRDA:304,18,0,0
BRDA:304,18,1,0
BRDA:306,19,0,0
BRDA:306,19,1,0
BRDA:308,20,0,0
BRDA:308,20,1,0
BRDA:310,21,0,0
BRDA:310,21,1,0
BRDA:332,22,0,0
BRDA:332,22,1,0
BRDA:348,23,0,0
BRDA:348,23,1,0
BRDA:348,24,0,0
BRDA:348,24,1,0
BRF:52
BRH:0
end_of_record
TN:
SF:SutWxApp\pages\order\confirm.js
FN:30,(anonymous_0)
FN:39,(anonymous_1)
FN:91,(anonymous_2)
FN:108,(anonymous_3)
FN:117,(anonymous_4)
FN:137,(anonymous_5)
FN:142,(anonymous_6)
FN:151,(anonymous_7)
FN:186,(anonymous_8)
FN:195,(anonymous_9)
FN:200,(anonymous_10)
FN:206,(anonymous_11)
FN:235,(anonymous_12)
FN:239,(anonymous_13)
FN:267,(anonymous_14)
FN:277,(anonymous_15)
FN:306,(anonymous_16)
FN:323,(anonymous_17)
FN:341,(anonymous_18)
FN:375,(anonymous_19)
FNF:20
FNH:0
FNDA:0,(anonymous_0)
FNDA:0,(anonymous_1)
FNDA:0,(anonymous_2)
FNDA:0,(anonymous_3)
FNDA:0,(anonymous_4)
FNDA:0,(anonymous_5)
FNDA:0,(anonymous_6)
FNDA:0,(anonymous_7)
FNDA:0,(anonymous_8)
FNDA:0,(anonymous_9)
FNDA:0,(anonymous_10)
FNDA:0,(anonymous_11)
FNDA:0,(anonymous_12)
FNDA:0,(anonymous_13)
FNDA:0,(anonymous_14)
FNDA:0,(anonymous_15)
FNDA:0,(anonymous_16)
FNDA:0,(anonymous_17)
FNDA:0,(anonymous_18)
FNDA:0,(anonymous_19)
DA:5,0
DA:6,0
DA:8,0
DA:32,0
DA:37,0
DA:38,0
DA:39,0
DA:40,0
DA:44,0
DA:48,0
DA:49,0
DA:51,0
DA:53,0
DA:55,0
DA:56,0
DA:60,0
DA:61,0
DA:62,0
DA:63,0
DA:68,0
DA:70,0
DA:72,0
DA:73,0
DA:74,0
DA:78,0
DA:83,0
DA:85,0
DA:92,0
DA:94,0
DA:95,0
DA:96,0
DA:101,0
DA:109,0
DA:119,0
DA:120,0
DA:124,0
DA:125,0
DA:126,0
DA:130,0
DA:137,0
DA:138,0
DA:142,0
DA:143,0
DA:147,0
DA:152,0
DA:154,0
DA:158,0
DA:160,0
DA:161,0
DA:166,0
DA:168,0
DA:172,0
DA:174,0
DA:175,0
DA:187,0
DA:196,0
DA:197,0
DA:200,0
DA:201,0
DA:202,0
DA:206,0
DA:207,0
DA:208,0
DA:212,0
DA:215,0
DA:216,0
DA:217,0
DA:221,0
DA:223,0
DA:237,0
DA:238,0
DA:239,0
DA:240,0
DA:244,0
DA:248,0
DA:249,0
DA:250,0
DA:254,0
DA:255,0
DA:256,0
DA:260,0
DA:267,0
DA:268,0
DA:277,0
DA:278,0
DA:286,0
DA:290,0
DA:292,0
DA:293,0
DA:296,0
DA:303,0
DA:306,0
DA:307,0
DA:312,0
DA:314,0
DA:325,0
DA:326,0
DA:328,0
DA:330,0
DA:332,0
DA:334,0
DA:339,0
DA:340,0
DA:341,0
DA:342,0
DA:344,0
DA:348,0
DA:350,0
DA:351,0
DA:356,0
DA:358,0
DA:362,0
DA:364,0
DA:365,0
DA:376,0
DA:377,0
DA:378,0
DA:382,0
LF:118
LH:0
BRDA:37,0,0,0
BRDA:37,0,1,0
BRDA:51,1,0,0
BRDA:51,1,1,0
BRDA:55,2,0,0
BRDA:55,2,1,0
BRDA:61,3,0,0
BRDA:61,3,1,0
BRDA:70,4,0,0
BRDA:70,4,1,0
BRDA:95,5,0,0
BRDA:95,5,1,0
BRDA:119,6,0,0
BRDA:119,6,1,0
BRDA:124,7,0,0
BRDA:124,7,1,0
BRDA:133,8,0,0
BRDA:133,8,1,0
BRDA:152,9,0,0
BRDA:152,9,1,0
BRDA:152,10,0,0
BRDA:152,10,1,0
BRDA:160,11,0,0
BRDA:160,11,1,0
BRDA:166,12,0,0
BRDA:166,12,1,0
BRDA:166,13,0,0
BRDA:166,13,1,0
BRDA:174,14,0,0
BRDA:174,14,1,0
BRDA:212,15,0,0
BRDA:212,15,1,0
BRDA:216,16,0,0
BRDA:216,16,1,0
BRDA:216,17,0,0
BRDA:216,17,1,0
BRDA:237,18,0,0
BRDA:237,18,1,0
BRDA:248,19,0,0
BRDA:248,19,1,0
BRDA:254,20,0,0
BRDA:254,20,1,0
BRDA:254,21,0,0
BRDA:254,21,1,0
BRDA:312,22,0,0
BRDA:312,22,1,0
BRDA:326,23,0,0
BRDA:326,23,1,0
BRDA:330,24,0,0
BRDA:330,24,1,0
BRDA:330,25,0,0
BRDA:330,25,1,0
BRDA:340,26,0,0
BRDA:340,26,1,0
BRDA:342,27,0,0
BRDA:342,27,1,0
BRDA:342,28,0,0
BRDA:342,28,1,0
BRDA:350,29,0,0
BRDA:350,29,1,0
BRDA:356,30,0,0
BRDA:356,30,1,0
BRDA:356,31,0,0
BRDA:356,31,1,0
BRDA:364,32,0,0
BRDA:364,32,1,0
BRF:66
BRH:0
end_of_record
TN:
SF:SutWxApp\pages\order\pay.js
FN:22,(anonymous_0)
FN:33,(anonymous_1)
FN:52,(anonymous_2)
FN:71,(anonymous_3)
FN:73,(anonymous_4)
FN:91,(anonymous_5)
FN:102,(anonymous_6)
FN:133,(anonymous_7)
FN:175,(anonymous_8)
FN:184,(anonymous_9)
FNF:10
FNH:0
FNDA:0,(anonymous_0)
FNDA:0,(anonymous_1)
FNDA:0,(anonymous_2)
FNDA:0,(anonymous_3)
FNDA:0,(anonymous_4)
FNDA:0,(anonymous_5)
FNDA:0,(anonymous_6)
FNDA:0,(anonymous_7)
FNDA:0,(anonymous_8)
FNDA:0,(anonymous_9)
DA:4,0
DA:5,0
DA:7,0
DA:24,0
DA:29,0
DA:30,0
DA:31,0
DA:33,0
DA:34,0
DA:38,0
DA:41,0
DA:46,0
DA:53,0
DA:55,0
DA:56,0
DA:61,0
DA:64,0
DA:72,0
DA:73,0
DA:79,0
DA:83,0
DA:92,0
DA:93,0
DA:96,0
DA:100,0
DA:102,0
DA:105,0
DA:112,0
DA:114,0
DA:119,0
DA:124,0
DA:130,0
DA:134,0
DA:135,0
DA:139,0
DA:146,0
DA:151,0
DA:152,0
DA:153,0
DA:155,0
DA:158,0
DA:163,0
DA:168,0
DA:176,0
DA:185,0
LF:45
LH:0
BRDA:30,0,0,0
BRDA:30,0,1,0
BRDA:64,1,0,0
BRDA:64,1,1,0
BRDA:92,2,0,0
BRDA:92,2,1,0
BRDA:134,3,0,0
BRDA:134,3,1,0
BRDA:151,4,0,0
BRDA:151,4,1,0
BRDA:151,5,0,0
BRDA:151,5,1,0
BRDA:168,6,0,0
BRDA:168,6,1,0
BRF:14
BRH:0
end_of_record
TN:
SF:SutWxApp\pages\order\detail\detail.js
FN:21,(anonymous_0)
FN:31,(anonymous_1)
FN:39,(anonymous_2)
FN:58,(anonymous_3)
FN:88,(anonymous_4)
FN:98,(anonymous_5)
FN:108,(anonymous_6)
FN:113,(anonymous_7)
FN:119,(anonymous_8)
FN:152,(anonymous_9)
FN:157,(anonymous_10)
FN:163,(anonymous_11)
FN:196,(anonymous_12)
FN:199,(anonymous_13)
FN:202,(anonymous_14)
FN:215,(anonymous_15)
FN:225,(anonymous_16)
FN:232,(anonymous_17)
FN:241,(anonymous_18)
FN:325,(anonymous_19)
FN:339,(anonymous_20)
FNF:21
FNH:0
FNDA:0,(anonymous_0)
FNDA:0,(anonymous_1)
FNDA:0,(anonymous_2)
FNDA:0,(anonymous_3)
FNDA:0,(anonymous_4)
FNDA:0,(anonymous_5)
FNDA:0,(anonymous_6)
FNDA:0,(anonymous_7)
FNDA:0,(anonymous_8)
FNDA:0,(anonymous_9)
FNDA:0,(anonymous_10)
FNDA:0,(anonymous_11)
FNDA:0,(anonymous_12)
FNDA:0,(anonymous_13)
FNDA:0,(anonymous_14)
FNDA:0,(anonymous_15)
FNDA:0,(anonymous_16)
FNDA:0,(anonymous_17)
FNDA:0,(anonymous_18)
FNDA:0,(anonymous_19)
FNDA:0,(anonymous_20)
DA:2,0
DA:23,0
DA:25,0
DA:33,0
DA:41,0
DA:42,0
DA:48,0
DA:52,0
DA:58,0
DA:59,0
DA:61,0
DA:63,0
DA:64,0
DA:69,0
DA:71,0
DA:76,0
DA:78,0
DA:89,0
DA:90,0
DA:100,0
DA:110,0
DA:114,0
DA:116,0
DA:119,0
DA:120,0
DA:122,0
DA:123,0
DA:124,0
DA:125,0
DA:129,0
DA:134,0
DA:137,0
DA:141,0
DA:154,0
DA:158,0
DA:160,0
DA:163,0
DA:164,0
DA:166,0
DA:167,0
DA:168,0
DA:169,0
DA:173,0
DA:178,0
DA:181,0
DA:185,0
DA:197,0
DA:200,0
DA:203,0
DA:204,0
DA:217,0
DA:226,0
DA:233,0
DA:243,0
DA:244,0
DA:247,0
DA:248,0
DA:249,0
DA:251,0
DA:252,0
DA:253,0
DA:254,0
DA:256,0
DA:266,0
DA:269,0
DA:270,0
DA:271,0
DA:273,0
DA:274,0
DA:276,0
DA:278,0
DA:279,0
DA:287,0
DA:288,0
DA:289,0
DA:298,0
DA:300,0
DA:326,0
DA:340,0
DA:347,0
LF:80
LH:0
BRDA:23,0,0,0
BRDA:23,0,1,0
BRDA:41,1,0,0
BRDA:41,1,1,0
BRDA:114,2,0,0
BRDA:114,2,1,0
BRDA:158,3,0,0
BRDA:158,3,1,0
BRDA:273,4,0,0
BRDA:273,4,1,0
BRDA:273,5,0,0
BRDA:273,5,1,0
BRDA:274,6,0,0
BRDA:274,6,1,0
BRDA:276,7,0,0
BRDA:276,7,1,0
BRDA:287,8,0,0
BRDA:287,8,1,0
BRDA:301,9,0,0
BRDA:301,9,1,0
BRDA:306,10,0,0
BRDA:306,10,1,0
BRDA:307,11,0,0
BRDA:307,11,1,0
BRDA:308,12,0,0
BRDA:308,12,1,0
BRDA:316,13,0,0
BRDA:316,13,1,0
BRDA:318,14,0,0
BRDA:318,14,1,0
BRDA:347,15,0,0
BRDA:347,15,1,0
BRF:32
BRH:0
end_of_record
TN:
SF:SutWxApp\pages\order\list\list.js
FN:38,(anonymous_0)
FN:52,(anonymous_1)
FN:62,(anonymous_2)
FN:75,(anonymous_3)
FN:85,(anonymous_4)
FN:104,(anonymous_5)
FN:148,(anonymous_6)
FN:160,(anonymous_7)
FN:175,(anonymous_8)
FN:185,(anonymous_9)
FN:196,(anonymous_10)
FN:204,(anonymous_11)
FN:211,(anonymous_12)
FN:244,(anonymous_13)
FN:252,(anonymous_14)
FN:259,(anonymous_15)
FN:292,(anonymous_16)
FN:303,(anonymous_17)
FN:310,(anonymous_18)
FN:319,(anonymous_19)
FN:376,(anonymous_20)
FNF:21
FNH:0
FNDA:0,(anonymous_0)
FNDA:0,(anonymous_1)
FNDA:0,(anonymous_2)
FNDA:0,(anonymous_3)
FNDA:0,(anonymous_4)
FNDA:0,(anonymous_5)
FNDA:0,(anonymous_6)
FNDA:0,(anonymous_7)
FNDA:0,(anonymous_8)
FNDA:0,(anonymous_9)
FNDA:0,(anonymous_10)
FNDA:0,(anonymous_11)
FNDA:0,(anonymous_12)
FNDA:0,(anonymous_13)
FNDA:0,(anonymous_14)
FNDA:0,(anonymous_15)
FNDA:0,(anonymous_16)
FNDA:0,(anonymous_17)
FNDA:0,(anonymous_18)
FNDA:0,(anonymous_19)
FNDA:0,(anonymous_20)
DA:4,0
DA:40,0
DA:41,0
DA:46,0
DA:54,0
DA:55,0
DA:64,0
DA:69,0
DA:77,0
DA:78,0
DA:87,0
DA:88,0
DA:94,0
DA:98,0
DA:104,0
DA:105,0
DA:107,0
DA:110,0
DA:111,0
DA:116,0
DA:122,0
DA:123,0
DA:129,0
DA:131,0
DA:136,0
DA:138,0
DA:150,0
DA:154,0
DA:161,0
DA:163,0
DA:169,0
DA:176,0
DA:177,0
DA:186,0
DA:188,0
DA:197,0
DA:198,0
DA:201,0
DA:205,0
DA:207,0
DA:211,0
DA:212,0
DA:214,0
DA:215,0
DA:216,0
DA:221,0
DA:226,0
DA:229,0
DA:233,0
DA:245,0
DA:246,0
DA:249,0
DA:253,0
DA:255,0
DA:259,0
DA:260,0
DA:262,0
DA:263,0
DA:264,0
DA:269,0
DA:274,0
DA:277,0
DA:281,0
DA:293,0
DA:295,0
DA:304,0
DA:311,0
DA:320,0
DA:322,0
DA:325,0
DA:326,0
DA:328,0
DA:331,0
DA:333,0
DA:334,0
DA:336,0
DA:340,0
DA:341,0
DA:342,0
DA:344,0
DA:345,0
DA:346,0
DA:347,0
DA:349,0
DA:358,0
DA:370,0
DA:377,0
DA:385,0
LF:88
LH:0
BRDA:40,0,0,0
BRDA:40,0,1,0
BRDA:54,1,0,0
BRDA:54,1,1,0
BRDA:77,2,0,0
BRDA:77,2,1,0
BRDA:77,3,0,0
BRDA:77,3,1,0
BRDA:87,4,0,0
BRDA:87,4,1,0
BRDA:110,5,0,0
BRDA:110,5,1,0
BRDA:122,6,0,0
BRDA:122,6,1,0
BRDA:205,7,0,0
BRDA:205,7,1,0
BRDA:253,8,0,0
BRDA:253,8,1,0
BRDA:328,9,0,0
BRDA:328,9,1,0
BRDA:333,10,0,0
BRDA:333,10,1,0
BRDA:385,11,0,0
BRDA:385,11,1,0
BRF:24
BRH:0
end_of_record
TN:
SF:SutWxApp\pages\payment\pay.js
FN:43,(anonymous_0)
FN:61,(anonymous_1)
FN:70,(anonymous_2)
FN:80,(anonymous_3)
FN:88,(anonymous_4)
FN:96,(anonymous_5)
FN:131,(anonymous_6)
FN:132,(anonymous_7)
FN:151,(anonymous_8)
FN:163,(anonymous_9)
FN:173,(anonymous_10)
FN:192,(anonymous_11)
FN:210,(anonymous_12)
FN:222,(anonymous_13)
FN:252,(anonymous_14)
FN:253,(anonymous_15)
FN:262,(anonymous_16)
FN:272,(anonymous_17)
FN:281,(anonymous_18)
FN:296,(anonymous_19)
FN:297,(anonymous_20)
FN:307,(anonymous_21)
FN:310,(anonymous_22)
FN:326,(anonymous_23)
FN:344,(anonymous_24)
FN:357,(anonymous_25)
FN:376,(anonymous_26)
FN:396,(anonymous_27)
FN:405,(anonymous_28)
FN:414,(anonymous_29)
FN:418,(anonymous_30)
FNF:31
FNH:0
FNDA:0,(anonymous_0)
FNDA:0,(anonymous_1)
FNDA:0,(anonymous_2)
FNDA:0,(anonymous_3)
FNDA:0,(anonymous_4)
FNDA:0,(anonymous_5)
FNDA:0,(anonymous_6)
FNDA:0,(anonymous_7)
FNDA:0,(anonymous_8)
FNDA:0,(anonymous_9)
FNDA:0,(anonymous_10)
FNDA:0,(anonymous_11)
FNDA:0,(anonymous_12)
FNDA:0,(anonymous_13)
FNDA:0,(anonymous_14)
FNDA:0,(anonymous_15)
FNDA:0,(anonymous_16)
FNDA:0,(anonymous_17)
FNDA:0,(anonymous_18)
FNDA:0,(anonymous_19)
FNDA:0,(anonymous_20)
FNDA:0,(anonymous_21)
FNDA:0,(anonymous_22)
FNDA:0,(anonymous_23)
FNDA:0,(anonymous_24)
FNDA:0,(anonymous_25)
FNDA:0,(anonymous_26)
FNDA:0,(anonymous_27)
FNDA:0,(anonymous_28)
FNDA:0,(anonymous_29)
FNDA:0,(anonymous_30)
DA:9,0
DA:45,0
DA:46,0
DA:51,0
DA:53,0
DA:55,0
DA:57,0
DA:61,0
DA:62,0
DA:72,0
DA:73,0
DA:82,0
DA:90,0
DA:97,0
DA:98,0
DA:102,0
DA:103,0
DA:104,0
DA:108,0
DA:109,0
DA:114,0
DA:117,0
DA:118,0
DA:122,0
DA:132,0
DA:133,0
DA:134,0
DA:135,0
DA:137,0
DA:138,0
DA:139,0
DA:140,0
DA:146,0
DA:147,0
DA:151,0
DA:152,0
DA:164,0
DA:165,0
DA:166,0
DA:174,0
DA:175,0
DA:176,0
DA:177,0
DA:182,0
DA:185,0
DA:193,0
DA:194,0
DA:195,0
DA:196,0
DA:197,0
DA:198,0
DA:199,0
DA:203,0
DA:211,0
DA:212,0
DA:213,0
DA:223,0
DA:224,0
DA:226,0
DA:230,0
DA:231,0
DA:233,0
DA:235,0
DA:236,0
DA:238,0
DA:241,0
DA:242,0
DA:243,0
DA:253,0
DA:254,0
DA:256,0
DA:264,0
DA:265,0
DA:270,0
DA:274,0
DA:275,0
DA:277,0
DA:279,0
DA:283,0
DA:287,0
DA:288,0
DA:297,0
DA:298,0
DA:300,0
DA:302,0
DA:303,0
DA:308,0
DA:311,0
DA:315,0
DA:318,0
DA:327,0
DA:329,0
DA:338,0
DA:340,0
DA:344,0
DA:345,0
DA:350,0
DA:358,0
DA:360,0
DA:369,0
DA:377,0
DA:386,0
DA:390,0
DA:397,0
DA:406,0
DA:415,0
DA:419,0
DA:420,0
DA:422,0
DA:424,0
DA:426,0
DA:430,0
DA:431,0
LF:113
LH:0
BRDA:45,0,0,0
BRDA:45,0,1,0
BRDA:48,1,0,0
BRDA:48,1,1,0
BRDA:72,2,0,0
BRDA:72,2,1,0
BRDA:72,3,0,0
BRDA:72,3,1,0
BRDA:103,4,0,0
BRDA:103,4,1,0
BRDA:108,5,0,0
BRDA:108,5,1,0
BRDA:118,6,0,0
BRDA:118,6,1,0
BRDA:134,7,0,0
BRDA:134,7,1,0
BRDA:164,8,0,0
BRDA:164,8,1,0
BRDA:176,9,0,0
BRDA:176,9,1,0
BRDA:176,10,0,0
BRDA:176,10,1,0
BRDA:195,11,0,0
BRDA:195,11,1,0
BRDA:195,12,0,0
BRDA:195,12,1,0
BRDA:196,13,0,0
BRDA:196,13,1,0
BRDA:196,14,0,0
BRDA:196,14,1,0
BRDA:198,15,0,0
BRDA:198,15,1,0
BRDA:212,16,0,0
BRDA:212,16,1,0
BRDA:230,17,0,0
BRDA:230,17,1,0
BRDA:230,18,0,0
BRDA:230,18,1,0
BRDA:233,19,0,0
BRDA:233,19,1,0
BRDA:236,20,0,0
BRDA:236,20,1,0
BRDA:243,21,0,0
BRDA:243,21,1,0
BRDA:257,22,0,0
BRDA:257,22,1,0
BRDA:258,23,0,0
BRDA:258,23,1,0
BRDA:259,24,0,0
BRDA:259,24,1,0
BRDA:260,25,0,0
BRDA:260,25,1,0
BRDA:261,26,0,0
BRDA:261,26,1,0
BRDA:267,27,0,0
BRDA:267,27,1,0
BRDA:275,28,0,0
BRDA:275,28,1,0
BRDA:302,29,0,0
BRDA:302,29,1,0
BRDA:334,30,0,0
BRDA:334,30,1,0
BRDA:364,31,0,0
BRDA:364,31,1,0
BRDA:365,32,0,0
BRDA:365,32,1,0
BRDA:419,33,0,0
BRDA:419,33,1,0
BRF:68
BRH:0
end_of_record
TN:
SF:SutWxApp\pages\product\detail\detail.js
FN:26,(anonymous_0)
FN:45,(anonymous_1)
FN:52,(anonymous_2)
FN:59,(anonymous_3)
FN:97,(anonymous_4)
FN:117,(anonymous_5)
FN:139,(anonymous_6)
FN:148,(anonymous_7)
FN:150,(anonymous_8)
FN:161,(anonymous_9)
FN:175,(anonymous_10)
FN:186,(anonymous_11)
FN:222,(anonymous_12)
FN:261,(anonymous_13)
FNF:14
FNH:0
FNDA:0,(anonymous_0)
FNDA:0,(anonymous_1)
FNDA:0,(anonymous_2)
FNDA:0,(anonymous_3)
FNDA:0,(anonymous_4)
FNDA:0,(anonymous_5)
FNDA:0,(anonymous_6)
FNDA:0,(anonymous_7)
FNDA:0,(anonymous_8)
FNDA:0,(anonymous_9)
FNDA:0,(anonymous_10)
FNDA:0,(anonymous_11)
FNDA:0,(anonymous_12)
FNDA:0,(anonymous_13)
DA:6,0
DA:27,0
DA:28,0
DA:29,0
DA:30,0
DA:32,0
DA:34,0
DA:53,0
DA:60,0
DA:61,0
DA:66,0
DA:68,0
DA:70,0
DA:78,0
DA:80,0
DA:82,0
DA:83,0
DA:88,0
DA:90,0
DA:98,0
DA:99,0
DA:101,0
DA:106,0
DA:110,0
DA:118,0
DA:119,0
DA:121,0
DA:123,0
DA:127,0
DA:132,0
DA:140,0
DA:149,0
DA:150,0
DA:151,0
DA:152,0
DA:162,0
DA:163,0
DA:164,0
DA:168,0
DA:176,0
DA:177,0
DA:187,0
DA:189,0
DA:190,0
DA:191,0
DA:194,0
DA:197,0
DA:199,0
DA:206,0
DA:212,0
DA:214,0
DA:215,0
DA:223,0
DA:225,0
DA:226,0
DA:227,0
DA:230,0
DA:234,0
DA:241,0
DA:250,0
DA:253,0
DA:262,0
DA:264,0
DA:265,0
DA:266,0
DA:269,0
DA:272,0
DA:273,0
DA:275,0
DA:277,0
DA:282,0
DA:283,0
DA:287,0
DA:293,0
DA:297,0
DA:299,0
DA:301,0
DA:304,0
LF:78
LH:0
BRDA:28,0,0,0
BRDA:28,0,1,0
BRDA:72,1,0,0
BRDA:72,1,1,0
BRDA:73,2,0,0
BRDA:73,2,1,0
BRDA:73,3,0,0
BRDA:73,3,1,0
BRDA:86,4,0,0
BRDA:86,4,1,0
BRDA:107,5,0,0
BRDA:107,5,1,0
BRDA:121,6,0,0
BRDA:121,6,1,0
BRDA:151,7,0,0
BRDA:151,7,1,0
BRDA:162,8,0,0
BRDA:162,8,1,0
BRDA:162,8,2,0
BRDA:163,9,0,0
BRDA:163,9,1,0
BRDA:176,10,0,0
BRDA:176,10,1,0
BRDA:189,11,0,0
BRDA:189,11,1,0
BRDA:201,12,0,0
BRDA:201,12,1,0
BRDA:209,13,0,0
BRDA:209,13,1,0
BRDA:215,14,0,0
BRDA:215,14,1,0
BRDA:225,15,0,0
BRDA:225,15,1,0
BRDA:237,16,0,0
BRDA:237,16,1,0
BRDA:243,17,0,0
BRDA:243,17,1,0
BRDA:264,18,0,0
BRDA:264,18,1,0
BRDA:273,19,0,0
BRDA:273,19,1,0
BRDA:282,20,0,0
BRDA:282,20,1,0
BRDA:293,21,0,0
BRDA:293,21,1,0
BRDA:297,22,0,0
BRDA:297,22,1,0
BRF:47
BRH:0
end_of_record
TN:
SF:SutWxApp\pages\product\list\list.js
FN:20,(anonymous_0)
FN:49,(anonymous_1)
FN:55,(anonymous_2)
FN:66,(anonymous_3)
FN:74,(anonymous_4)
FN:115,(anonymous_5)
FNF:6
FNH:0
FNDA:0,(anonymous_0)
FNDA:0,(anonymous_1)
FNDA:0,(anonymous_2)
FNDA:0,(anonymous_3)
FNDA:0,(anonymous_4)
FNDA:0,(anonymous_5)
DA:4,0
DA:21,0
DA:24,0
DA:25,0
DA:31,0
DA:32,0
DA:38,0
DA:41,0
DA:56,0
DA:61,0
DA:67,0
DA:68,0
DA:75,0
DA:77,0
DA:82,0
DA:84,0
DA:93,0
DA:95,0
DA:101,0
DA:102,0
DA:107,0
DA:109,0
DA:116,0
DA:118,0
DA:123,0
DA:125,0
DA:134,0
DA:136,0
DA:142,0
DA:143,0
DA:148,0
LF:31
LH:0
BRDA:24,0,0,0
BRDA:24,0,1,0
BRDA:31,1,0,0
BRDA:31,1,1,0
BRDA:42,2,0,0
BRDA:42,2,1,0
BRDA:43,3,0,0
BRDA:43,3,1,0
BRDA:67,4,0,0
BRDA:67,4,1,0
BRDA:67,5,0,0
BRDA:67,5,1,0
BRDA:105,6,0,0
BRDA:105,6,1,0
BRDA:146,7,0,0
BRDA:146,7,1,0
BRF:16
BRH:0
end_of_record
TN:
SF:SutWxApp\pages\user\comments.js
FN:21,(anonymous_0)
FN:40,(anonymous_1)
FN:51,(anonymous_2)
FN:108,(anonymous_3)
FN:122,(anonymous_4)
FN:140,(anonymous_5)
FN:147,(anonymous_6)
FN:154,(anonymous_7)
FN:177,(anonymous_8)
FN:186,(anonymous_9)
FN:194,(anonymous_10)
FN:201,(anonymous_11)
FNF:12
FNH:0
FNDA:0,(anonymous_0)
FNDA:0,(anonymous_1)
FNDA:0,(anonymous_2)
FNDA:0,(anonymous_3)
FNDA:0,(anonymous_4)
FNDA:0,(anonymous_5)
FNDA:0,(anonymous_6)
FNDA:0,(anonymous_7)
FNDA:0,(anonymous_8)
FNDA:0,(anonymous_9)
FNDA:0,(anonymous_10)
FNDA:0,(anonymous_11)
DA:4,0
DA:22,0
DA:25,0
DA:26,0
DA:27,0
DA:31,0
DA:34,0
DA:42,0
DA:43,0
DA:52,0
DA:54,0
DA:56,0
DA:63,0
DA:64,0
DA:68,0
DA:73,0
DA:75,0
DA:80,0
DA:81,0
DA:83,0
DA:92,0
DA:93,0
DA:98,0
DA:100,0
DA:109,0
DA:110,0
DA:111,0
DA:123,0
DA:124,0
DA:127,0
DA:131,0
DA:141,0
DA:142,0
DA:144,0
DA:148,0
DA:149,0
DA:151,0
DA:154,0
DA:155,0
DA:159,0
DA:162,0
DA:166,0
DA:167,0
DA:178,0
DA:179,0
DA:187,0
DA:188,0
DA:195,0
DA:202,0
LF:49
LH:0
BRDA:25,0,0,0
BRDA:25,0,1,0
BRDA:42,1,0,0
BRDA:42,1,1,0
BRDA:42,2,0,0
BRDA:42,2,1,0
BRDA:51,3,0,0
BRDA:54,4,0,0
BRDA:54,4,1,0
BRDA:63,5,0,0
BRDA:63,5,1,0
BRDA:63,6,0,0
BRDA:63,6,1,0
BRDA:80,7,0,0
BRDA:80,7,1,0
BRDA:81,8,0,0
BRDA:81,8,1,0
BRDA:98,9,0,0
BRDA:98,9,1,0
BRDA:109,10,0,0
BRDA:109,10,1,0
BRDA:148,11,0,0
BRDA:148,11,1,0
BRDA:167,12,0,0
BRDA:167,12,1,0
BRDA:178,13,0,0
BRDA:178,13,1,0
BRDA:178,14,0,0
BRDA:178,14,1,0
BRDA:178,14,2,0
BRF:30
BRH:0
end_of_record
TN:
SF:SutWxApp\pages\user\favorite.js
FN:21,(anonymous_0)
FN:40,(anonymous_1)
FN:62,(anonymous_2)
FN:117,(anonymous_3)
FN:137,(anonymous_4)
FN:148,(anonymous_5)
FN:160,(anonymous_6)
FN:169,(anonymous_7)
FN:177,(anonymous_8)
FN:191,(anonymous_9)
FN:225,(anonymous_10)
FN:242,(anonymous_11)
FN:254,(anonymous_12)
FNF:13
FNH:0
FNDA:0,(anonymous_0)
FNDA:0,(anonymous_1)
FNDA:0,(anonymous_2)
FNDA:0,(anonymous_3)
FNDA:0,(anonymous_4)
FNDA:0,(anonymous_5)
FNDA:0,(anonymous_6)
FNDA:0,(anonymous_7)
FNDA:0,(anonymous_8)
FNDA:0,(anonymous_9)
FNDA:0,(anonymous_10)
FNDA:0,(anonymous_11)
FNDA:0,(anonymous_12)
DA:4,0
DA:22,0
DA:25,0
DA:26,0
DA:27,0
DA:31,0
DA:34,0
DA:41,0
DA:44,0
DA:45,0
DA:49,0
DA:55,0
DA:63,0
DA:66,0
DA:69,0
DA:74,0
DA:76,0
DA:79,0
DA:84,0
DA:85,0
DA:88,0
DA:89,0
DA:91,0
DA:98,0
DA:99,0
DA:102,0
DA:104,0
DA:108,0
DA:118,0
DA:119,0
DA:122,0
DA:123,0
DA:125,0
DA:138,0
DA:139,0
DA:142,0
DA:149,0
DA:154,0
DA:161,0
DA:162,0
DA:170,0
DA:171,0
DA:172,0
DA:174,0
DA:178,0
DA:179,0
DA:192,0
DA:194,0
DA:196,0
DA:201,0
DA:202,0
DA:204,0
DA:208,0
DA:211,0
DA:216,0
DA:217,0
DA:226,0
DA:227,0
DA:230,0
DA:234,0
DA:243,0
DA:248,0
DA:255,0
LF:63
LH:0
BRDA:25,0,0,0
BRDA:25,0,1,0
BRDA:44,1,0,0
BRDA:44,1,1,0
BRDA:62,2,0,0
BRDA:66,3,0,0
BRDA:66,3,1,0
BRDA:76,4,0,0
BRDA:76,4,1,0
BRDA:84,5,0,0
BRDA:84,5,1,0
BRDA:85,6,0,0
BRDA:85,6,1,0
BRDA:89,7,0,0
BRDA:89,7,1,0
BRDA:100,8,0,0
BRDA:100,8,1,0
BRDA:118,9,0,0
BRDA:118,9,1,0
BRDA:119,10,0,0
BRDA:119,10,1,0
BRDA:123,11,0,0
BRDA:123,11,1,0
BRDA:140,12,0,0
BRDA:140,12,1,0
BRDA:161,13,0,0
BRDA:161,13,1,0
BRDA:161,14,0,0
BRDA:161,14,1,0
BRDA:178,15,0,0
BRDA:178,15,1,0
BRDA:217,16,0,0
BRDA:217,16,1,0
BRF:33
BRH:0
end_of_record
TN:
SF:SutWxApp\pages\user\favorites.js
FN:22,(anonymous_0)
FN:34,(anonymous_1)
FN:50,(anonymous_2)
FN:103,(anonymous_3)
FN:120,(anonymous_4)
FN:132,(anonymous_5)
FN:141,(anonymous_6)
FN:177,(anonymous_7)
FN:191,(anonymous_8)
FN:200,(anonymous_9)
FN:207,(anonymous_10)
FNF:11
FNH:0
FNDA:0,(anonymous_0)
FNDA:0,(anonymous_1)
FNDA:0,(anonymous_2)
FNDA:0,(anonymous_3)
FNDA:0,(anonymous_4)
FNDA:0,(anonymous_5)
FNDA:0,(anonymous_6)
FNDA:0,(anonymous_7)
FNDA:0,(anonymous_8)
FNDA:0,(anonymous_9)
FNDA:0,(anonymous_10)
DA:5,0
DA:6,0
DA:8,0
DA:24,0
DA:28,0
DA:36,0
DA:37,0
DA:42,0
DA:51,0
DA:52,0
DA:54,0
DA:62,0
DA:63,0
DA:65,0
DA:72,0
DA:76,0
DA:77,0
DA:78,0
DA:80,0
DA:86,0
DA:88,0
DA:93,0
DA:94,0
DA:104,0
DA:105,0
DA:106,0
DA:107,0
DA:108,0
DA:109,0
DA:110,0
DA:112,0
DA:122,0
DA:125,0
DA:133,0
DA:134,0
DA:135,0
DA:138,0
DA:142,0
DA:143,0
DA:145,0
DA:146,0
DA:147,0
DA:152,0
DA:158,0
DA:159,0
DA:162,0
DA:165,0
DA:166,0
DA:178,0
DA:180,0
DA:183,0
DA:192,0
DA:193,0
DA:201,0
DA:208,0
LF:55
LH:0
BRDA:36,0,0,0
BRDA:36,0,1,0
BRDA:50,1,0,0
BRDA:52,2,0,0
BRDA:52,2,1,0
BRDA:62,3,0,0
BRDA:62,3,1,0
BRDA:62,4,0,0
BRDA:62,4,1,0
BRDA:77,5,0,0
BRDA:77,5,1,0
BRDA:78,6,0,0
BRDA:78,6,1,0
BRDA:82,7,0,0
BRDA:82,7,1,0
BRDA:93,8,0,0
BRDA:93,8,1,0
BRDA:105,9,0,0
BRDA:105,9,1,0
BRDA:107,10,0,0
BRDA:107,10,1,0
BRDA:107,11,0,0
BRDA:107,11,1,0
BRDA:109,12,0,0
BRDA:109,12,1,0
BRDA:142,13,0,0
BRDA:142,13,1,0
BRDA:166,14,0,0
BRDA:166,14,1,0
BRDA:192,15,0,0
BRDA:192,15,1,0
BRDA:192,16,0,0
BRDA:192,16,1,0
BRF:33
BRH:0
end_of_record
TN:
SF:SutWxApp\pages\user\points-mall-detail.js
FN:23,(anonymous_0)
FN:48,(anonymous_1)
FN:91,(anonymous_2)
FN:105,(anonymous_3)
FN:130,(anonymous_4)
FN:160,(anonymous_5)
FN:167,(anonymous_6)
FN:176,(anonymous_7)
FNF:8
FNH:0
FNDA:0,(anonymous_0)
FNDA:0,(anonymous_1)
FNDA:0,(anonymous_2)
FNDA:0,(anonymous_3)
FNDA:0,(anonymous_4)
FNDA:0,(anonymous_5)
FNDA:0,(anonymous_6)
FNDA:0,(anonymous_7)
DA:4,0
DA:5,0
DA:7,0
DA:24,0
DA:25,0
DA:30,0
DA:36,0
DA:38,0
DA:49,0
DA:50,0
DA:56,0
DA:61,0
DA:67,0
DA:68,0
DA:69,0
DA:70,0
DA:73,0
DA:77,0
DA:82,0
DA:93,0
DA:94,0
DA:98,0
DA:102,0
DA:106,0
DA:107,0
DA:108,0
DA:113,0
DA:117,0
DA:118,0
DA:123,0
DA:130,0
DA:131,0
DA:136,0
DA:142,0
DA:143,0
DA:148,0
DA:161,0
DA:168,0
DA:177,0
LF:39
LH:0
BRDA:24,0,0,0
BRDA:24,0,1,0
BRDA:63,1,0,0
BRDA:63,1,1,0
BRDA:69,2,0,0
BRDA:69,2,1,0
BRDA:93,3,0,0
BRDA:93,3,1,0
BRDA:106,4,0,0
BRDA:106,4,1,0
BRDA:117,5,0,0
BRDA:117,5,1,0
BRDA:137,6,0,0
BRDA:137,6,1,0
BRF:14
BRH:0
end_of_record
TN:
SF:SutWxApp\pages\user\points-mall.js
FN:30,(anonymous_0)
FN:43,(anonymous_1)
FN:58,(anonymous_2)
FN:115,(anonymous_3)
FN:130,(anonymous_4)
FN:142,(anonymous_5)
FN:155,(anonymous_6)
FN:165,(anonymous_7)
FNF:8
FNH:0
FNDA:0,(anonymous_0)
FNDA:0,(anonymous_1)
FNDA:0,(anonymous_2)
FNDA:0,(anonymous_3)
FNDA:0,(anonymous_4)
FNDA:0,(anonymous_5)
FNDA:0,(anonymous_6)
FNDA:0,(anonymous_7)
DA:4,0
DA:5,0
DA:7,0
DA:32,0
DA:37,0
DA:45,0
DA:46,0
DA:51,0
DA:59,0
DA:60,0
DA:61,0
DA:67,0
DA:68,0
DA:75,0
DA:81,0
DA:82,0
DA:84,0
DA:90,0
DA:91,0
DA:92,0
DA:93,0
DA:96,0
DA:100,0
DA:105,0
DA:116,0
DA:117,0
DA:118,0
DA:123,0
DA:131,0
DA:132,0
DA:135,0
DA:143,0
DA:148,0
DA:149,0
DA:156,0
DA:157,0
DA:166,0
LF:37
LH:0
BRDA:45,0,0,0
BRDA:45,0,1,0
BRDA:58,1,0,0
BRDA:60,2,0,0
BRDA:60,2,1,0
BRDA:67,3,0,0
BRDA:67,3,1,0
BRDA:78,4,0,0
BRDA:78,4,1,0
BRDA:81,5,0,0
BRDA:81,5,1,0
BRDA:82,6,0,0
BRDA:82,6,1,0
BRDA:92,7,0,0
BRDA:92,7,1,0
BRDA:117,8,0,0
BRDA:117,8,1,0
BRDA:131,9,0,0
BRDA:131,9,1,0
BRDA:131,10,0,0
BRDA:131,10,1,0
BRDA:131,10,2,0
BRF:22
BRH:0
end_of_record
TN:
SF:SutWxApp\pages\user\points-rules.js
FN:24,(anonymous_0)
FN:33,(anonymous_1)
FN:77,(anonymous_2)
FN:90,(anonymous_3)
FN:100,(anonymous_4)
FN:110,(anonymous_5)
FN:134,(anonymous_6)
FN:143,(anonymous_7)
FNF:8
FNH:0
FNDA:0,(anonymous_0)
FNDA:0,(anonymous_1)
FNDA:0,(anonymous_2)
FNDA:0,(anonymous_3)
FNDA:0,(anonymous_4)
FNDA:0,(anonymous_5)
FNDA:0,(anonymous_6)
FNDA:0,(anonymous_7)
DA:5,0
DA:6,0
DA:8,0
DA:26,0
DA:27,0
DA:34,0
DA:35,0
DA:41,0
DA:43,0
DA:52,0
DA:53,0
DA:54,0
DA:57,0
DA:66,0
DA:68,0
DA:78,0
DA:91,0
DA:101,0
DA:111,0
DA:136,0
DA:137,0
DA:144,0
DA:145,0
DA:146,0
DA:149,0
DA:154,0
LF:26
LH:0
BRDA:44,0,0,0
BRDA:44,0,1,0
BRDA:45,1,0,0
BRDA:45,1,1,0
BRDA:46,2,0,0
BRDA:46,2,1,0
BRDA:48,3,0,0
BRDA:48,3,1,0
BRDA:53,4,0,0
BRDA:53,4,1,0
BRF:10
BRH:0
end_of_record
TN:
SF:SutWxApp\pages\user\points-signin.js
FN:27,(anonymous_0)
FN:37,(anonymous_1)
FN:45,(anonymous_2)
FN:93,(anonymous_3)
FN:103,(anonymous_4)
FN:122,(anonymous_5)
FN:192,(anonymous_6)
FN:199,(anonymous_7)
FN:208,(anonymous_8)
FNF:9
FNH:0
FNDA:0,(anonymous_0)
FNDA:0,(anonymous_1)
FNDA:0,(anonymous_2)
FNDA:0,(anonymous_3)
FNDA:0,(anonymous_4)
FNDA:0,(anonymous_5)
FNDA:0,(anonymous_6)
FNDA:0,(anonymous_7)
FNDA:0,(anonymous_8)
DA:5,0
DA:6,0
DA:8,0
DA:29,0
DA:31,0
DA:39,0
DA:46,0
DA:47,0
DA:53,0
DA:59,0
DA:69,0
DA:71,0
DA:72,0
DA:73,0
DA:74,0
DA:76,0
DA:79,0
DA:84,0
DA:94,0
DA:95,0
DA:96,0
DA:97,0
DA:98,0
DA:101,0
DA:102,0
DA:103,0
DA:104,0
DA:106,0
DA:114,0
DA:124,0
DA:125,0
DA:128,0
DA:130,0
DA:135,0
DA:138,0
DA:140,0
DA:148,0
DA:149,0
DA:154,0
DA:157,0
DA:163,0
DA:169,0
DA:176,0
DA:177,0
DA:183,0
DA:193,0
DA:200,0
DA:209,0
LF:48
LH:0
BRDA:60,0,0,0
BRDA:60,0,1,0
BRDA:61,1,0,0
BRDA:61,1,1,0
BRDA:62,2,0,0
BRDA:62,2,1,0
BRDA:63,3,0,0
BRDA:63,3,1,0
BRDA:64,4,0,0
BRDA:64,4,1,0
BRDA:73,5,0,0
BRDA:73,5,1,0
BRDA:124,6,0,0
BRDA:124,6,1,0
BRDA:124,7,0,0
BRDA:124,7,1,0
BRDA:138,8,0,0
BRDA:138,8,1,0
BRDA:142,9,0,0
BRDA:142,9,1,0
BRDA:143,10,0,0
BRDA:143,10,1,0
BRDA:144,11,0,0
BRDA:144,11,1,0
BRDA:150,12,0,0
BRDA:150,12,1,0
BRDA:158,13,0,0
BRDA:158,13,1,0
BRDA:164,14,0,0
BRDA:164,14,1,0
BRDA:165,15,0,0
BRDA:165,15,1,0
BRDA:170,16,0,0
BRDA:170,16,1,0
BRF:34
BRH:0
end_of_record
TN:
SF:SutWxApp\pages\user\points-tasks.js
FN:31,(anonymous_0)
FN:47,(anonymous_1)
FN:56,(anonymous_2)
FN:65,(anonymous_3)
FN:117,(anonymous_4)
FN:134,(anonymous_5)
FN:135,(anonymous_6)
FN:136,(anonymous_7)
FN:137,(anonymous_8)
FN:179,(anonymous_9)
FN:195,(anonymous_10)
FN:196,(anonymous_11)
FN:210,(anonymous_12)
FN:225,(anonymous_13)
FN:242,(anonymous_14)
FN:243,(anonymous_15)
FN:244,(anonymous_16)
FN:245,(anonymous_17)
FN:258,(anonymous_18)
FN:259,(anonymous_19)
FN:260,(anonymous_20)
FN:261,(anonymous_21)
FN:265,(anonymous_22)
FN:284,(anonymous_23)
FN:298,(anonymous_24)
FN:310,(anonymous_25)
FN:330,(anonymous_26)
FN:378,(anonymous_27)
FN:380,(anonymous_28)
FN:395,(anonymous_29)
FN:396,(anonymous_30)
FN:397,(anonymous_31)
FN:398,(anonymous_32)
FN:413,(anonymous_33)
FN:421,(anonymous_34)
FN:424,(anonymous_35)
FN:497,(anonymous_36)
FN:507,(anonymous_37)
FN:527,(anonymous_38)
FN:557,(anonymous_39)
FN:572,(anonymous_40)
FN:573,(anonymous_41)
FN:574,(anonymous_42)
FN:575,(anonymous_43)
FN:613,(anonymous_44)
FN:644,(anonymous_45)
FN:651,(anonymous_46)
FN:689,(anonymous_47)
FN:706,(anonymous_48)
FN:720,(anonymous_49)
FN:734,(anonymous_50)
FNF:51
FNH:0
FNDA:0,(anonymous_0)
FNDA:0,(anonymous_1)
FNDA:0,(anonymous_2)
FNDA:0,(anonymous_3)
FNDA:0,(anonymous_4)
FNDA:0,(anonymous_5)
FNDA:0,(anonymous_6)
FNDA:0,(anonymous_7)
FNDA:0,(anonymous_8)
FNDA:0,(anonymous_9)
FNDA:0,(anonymous_10)
FNDA:0,(anonymous_11)
FNDA:0,(anonymous_12)
FNDA:0,(anonymous_13)
FNDA:0,(anonymous_14)
FNDA:0,(anonymous_15)
FNDA:0,(anonymous_16)
FNDA:0,(anonymous_17)
FNDA:0,(anonymous_18)
FNDA:0,(anonymous_19)
FNDA:0,(anonymous_20)
FNDA:0,(anonymous_21)
FNDA:0,(anonymous_22)
FNDA:0,(anonymous_23)
FNDA:0,(anonymous_24)
FNDA:0,(anonymous_25)
FNDA:0,(anonymous_26)
FNDA:0,(anonymous_27)
FNDA:0,(anonymous_28)
FNDA:0,(anonymous_29)
FNDA:0,(anonymous_30)
FNDA:0,(anonymous_31)
FNDA:0,(anonymous_32)
FNDA:0,(anonymous_33)
FNDA:0,(anonymous_34)
FNDA:0,(anonymous_35)
FNDA:0,(anonymous_36)
FNDA:0,(anonymous_37)
FNDA:0,(anonymous_38)
FNDA:0,(anonymous_39)
FNDA:0,(anonymous_40)
FNDA:0,(anonymous_41)
FNDA:0,(anonymous_42)
FNDA:0,(anonymous_43)
FNDA:0,(anonymous_44)
FNDA:0,(anonymous_45)
FNDA:0,(anonymous_46)
FNDA:0,(anonymous_47)
FNDA:0,(anonymous_48)
FNDA:0,(anonymous_49)
FNDA:0,(anonymous_50)
DA:5,0
DA:6,0
DA:9,0
DA:33,0
DA:36,0
DA:37,0
DA:41,0
DA:48,0
DA:58,0
DA:66,0
DA:68,0
DA:74,0
DA:75,0
DA:79,0
DA:83,0
DA:84,0
DA:88,0
DA:89,0
DA:90,0
DA:91,0
DA:92,0
DA:93,0
DA:99,0
DA:100,0
DA:105,0
DA:113,0
DA:114,0
DA:117,0
DA:130,0
DA:133,0
DA:134,0
DA:135,0
DA:136,0
DA:137,0
DA:141,0
DA:148,0
DA:149,0
DA:156,0
DA:157,0
DA:160,0
DA:163,0
DA:164,0
DA:167,0
DA:180,0
DA:181,0
DA:183,0
DA:184,0
DA:186,0
DA:187,0
DA:196,0
DA:198,0
DA:199,0
DA:202,0
DA:211,0
DA:213,0
DA:221,0
DA:222,0
DA:225,0
DA:238,0
DA:241,0
DA:242,0
DA:243,0
DA:244,0
DA:245,0
DA:249,0
DA:250,0
DA:258,0
DA:259,0
DA:260,0
DA:261,0
DA:263,0
DA:265,0
DA:266,0
DA:270,0
DA:274,0
DA:285,0
DA:291,0
DA:299,0
DA:300,0
DA:303,0
DA:311,0
DA:312,0
DA:313,0
DA:314,0
DA:316,0
DA:317,0
DA:318,0
DA:320,0
DA:331,0
DA:333,0
DA:335,0
DA:339,0
DA:342,0
DA:343,0
DA:350,0
DA:353,0
DA:356,0
DA:357,0
DA:360,0
DA:362,0
DA:363,0
DA:364,0
DA:366,0
DA:367,0
DA:379,0
DA:380,0
DA:381,0
DA:382,0
DA:390,0
DA:394,0
DA:395,0
DA:396,0
DA:397,0
DA:398,0
DA:401,0
DA:406,0
DA:414,0
DA:422,0
DA:423,0
DA:424,0
DA:426,0
DA:427,0
DA:428,0
DA:432,0
DA:433,0
DA:441,0
DA:442,0
DA:443,0
DA:447,0
DA:448,0
DA:449,0
DA:453,0
DA:489,0
DA:491,0
DA:492,0
DA:494,0
DA:495,0
DA:499,0
DA:500,0
DA:508,0
DA:509,0
DA:514,0
DA:517,0
DA:518,0
DA:528,0
DA:530,0
DA:532,0
DA:540,0
DA:543,0
DA:544,0
DA:552,0
DA:553,0
DA:557,0
DA:558,0
DA:559,0
DA:567,0
DA:571,0
DA:572,0
DA:573,0
DA:574,0
DA:575,0
DA:578,0
DA:584,0
DA:585,0
DA:586,0
DA:590,0
DA:595,0
DA:597,0
DA:598,0
DA:600,0
DA:603,0
DA:614,0
DA:616,0
DA:619,0
DA:620,0
DA:624,0
DA:630,0
DA:636,0
DA:637,0
DA:645,0
DA:647,0
DA:653,0
DA:654,0
DA:661,0
DA:662,0
DA:663,0
DA:666,0
DA:669,0
DA:672,0
DA:674,0
DA:677,0
DA:678,0
DA:680,0
DA:683,0
DA:684,0
DA:685,0
DA:690,0
DA:693,0
DA:694,0
DA:708,0
DA:709,0
DA:712,0
DA:722,0
DA:723,0
DA:726,0
DA:736,0
DA:737,0
DA:740,0
LF:208
LH:0
BRDA:36,0,0,0
BRDA:36,0,1,0
BRDA:36,1,0,0
BRDA:36,1,1,0
BRDA:65,2,0,0
BRDA:74,3,0,0
BRDA:74,3,1,0
BRDA:83,4,0,0
BRDA:83,4,1,0
BRDA:83,5,0,0
BRDA:83,5,1,0
BRDA:89,6,0,0
BRDA:89,6,1,0
BRDA:89,7,0,0
BRDA:89,7,1,0
BRDA:89,7,2,0
BRDA:91,8,0,0
BRDA:91,8,1,0
BRDA:106,9,0,0
BRDA:106,9,1,0
BRDA:114,10,0,0
BRDA:114,10,1,0
BRDA:119,11,0,0
BRDA:119,11,1,0
BRDA:124,12,0,0
BRDA:124,12,1,0
BRDA:125,13,0,0
BRDA:125,13,1,0
BRDA:148,14,0,0
BRDA:148,14,1,0
BRDA:148,15,0,0
BRDA:148,15,1,0
BRDA:156,16,0,0
BRDA:156,16,1,0
BRDA:156,17,0,0
BRDA:156,17,1,0
BRDA:163,18,0,0
BRDA:163,18,1,0
BRDA:163,19,0,0
BRDA:163,19,1,0
BRDA:164,20,0,0
BRDA:164,20,1,0
BRDA:169,21,0,0
BRDA:169,21,1,0
BRDA:180,22,0,0
BRDA:180,22,1,0
BRDA:181,23,0,0
BRDA:181,23,1,0
BRDA:183,24,0,0
BRDA:183,24,1,0
BRDA:186,25,0,0
BRDA:186,25,1,0
BRDA:198,26,0,0
BRDA:198,26,1,0
BRDA:202,27,0,0
BRDA:202,27,1,0
BRDA:202,28,0,0
BRDA:202,28,1,0
BRDA:214,29,0,0
BRDA:214,29,1,0
BRDA:222,30,0,0
BRDA:222,30,1,0
BRDA:227,31,0,0
BRDA:227,31,1,0
BRDA:232,32,0,0
BRDA:232,32,1,0
BRDA:233,33,0,0
BRDA:233,33,1,0
BRDA:249,34,0,0
BRDA:249,34,1,0
BRDA:249,35,0,0
BRDA:249,35,1,0
BRDA:258,36,0,0
BRDA:258,36,1,0
BRDA:258,36,2,0
BRDA:258,36,3,0
BRDA:263,37,0,0
BRDA:263,37,1,0
BRDA:291,38,0,0
BRDA:291,38,1,0
BRDA:317,39,0,0
BRDA:317,39,1,0
BRDA:330,40,0,0
BRDA:333,41,0,0
BRDA:333,41,1,0
BRDA:342,42,0,0
BRDA:342,42,1,0
BRDA:342,43,0,0
BRDA:342,43,1,0
BRDA:345,44,0,0
BRDA:345,44,1,0
BRDA:356,45,0,0
BRDA:356,45,1,0
BRDA:356,46,0,0
BRDA:356,46,1,0
BRDA:363,47,0,0
BRDA:363,47,1,0
BRDA:381,48,0,0
BRDA:381,48,1,0
BRDA:386,49,0,0
BRDA:386,49,1,0
BRDA:426,50,0,0
BRDA:426,50,1,0
BRDA:432,51,0,0
BRDA:432,51,1,0
BRDA:432,52,0,0
BRDA:432,52,1,0
BRDA:441,53,0,0
BRDA:441,53,1,0
BRDA:441,54,0,0
BRDA:441,54,1,0
BRDA:447,55,0,0
BRDA:447,55,1,0
BRDA:447,56,0,0
BRDA:447,56,1,0
BRDA:489,57,0,0
BRDA:489,57,1,0
BRDA:492,58,0,0
BRDA:492,58,1,0
BRDA:499,59,0,0
BRDA:499,59,1,0
BRDA:499,60,0,0
BRDA:499,60,1,0
BRDA:530,61,0,0
BRDA:530,61,1,0
BRDA:543,62,0,0
BRDA:543,62,1,0
BRDA:543,63,0,0
BRDA:543,63,1,0
BRDA:552,64,0,0
BRDA:552,64,1,0
BRDA:558,65,0,0
BRDA:558,65,1,0
BRDA:585,66,0,0
BRDA:585,66,1,0
BRDA:597,67,0,0
BRDA:597,67,1,0
BRDA:598,68,0,0
BRDA:598,68,1,0
BRDA:619,69,0,0
BRDA:619,69,1,0
BRDA:619,70,0,0
BRDA:619,70,1,0
BRDA:631,71,0,0
BRDA:631,71,1,0
BRDA:648,72,0,0
BRDA:648,72,1,0
BRDA:649,73,0,0
BRDA:649,73,1,0
BRDA:653,74,0,0
BRDA:653,74,1,0
BRDA:653,75,0,0
BRDA:653,75,1,0
BRDA:661,76,0,0
BRDA:661,76,1,0
BRDA:677,77,0,0
BRDA:677,77,1,0
BRDA:677,78,0,0
BRDA:677,78,1,0
BRDA:693,79,0,0
BRDA:693,79,1,0
BRDA:693,80,0,0
BRDA:693,80,1,0
BRDA:708,81,0,0
BRDA:708,81,1,0
BRDA:708,82,0,0
BRDA:708,82,1,0
BRDA:722,83,0,0
BRDA:722,83,1,0
BRDA:722,84,0,0
BRDA:722,84,1,0
BRDA:736,85,0,0
BRDA:736,85,1,0
BRDA:736,86,0,0
BRDA:736,86,1,0
BRF:175
BRH:0
end_of_record
TN:
SF:SutWxApp\pages\user\points.js
FN:33,(anonymous_0)
FN:45,(anonymous_1)
FN:56,(anonymous_2)
FN:131,(anonymous_3)
FN:149,(anonymous_4)
FN:160,(anonymous_5)
FN:171,(anonymous_6)
FN:182,(anonymous_7)
FN:193,(anonymous_8)
FN:204,(anonymous_9)
FN:213,(anonymous_10)
FN:222,(anonymous_11)
FN:231,(anonymous_12)
FN:245,(anonymous_13)
FN:254,(anonymous_14)
FN:268,(anonymous_15)
FN:279,(anonymous_16)
FN:292,(anonymous_17)
FNF:18
FNH:0
FNDA:0,(anonymous_0)
FNDA:0,(anonymous_1)
FNDA:0,(anonymous_2)
FNDA:0,(anonymous_3)
FNDA:0,(anonymous_4)
FNDA:0,(anonymous_5)
FNDA:0,(anonymous_6)
FNDA:0,(anonymous_7)
FNDA:0,(anonymous_8)
FNDA:0,(anonymous_9)
FNDA:0,(anonymous_10)
FNDA:0,(anonymous_11)
FNDA:0,(anonymous_12)
FNDA:0,(anonymous_13)
FNDA:0,(anonymous_14)
FNDA:0,(anonymous_15)
FNDA:0,(anonymous_16)
FNDA:0,(anonymous_17)
DA:5,0
DA:6,0
DA:8,0
DA:35,0
DA:39,0
DA:47,0
DA:48,0
DA:57,0
DA:58,0
DA:60,0
DA:67,0
DA:68,0
DA:72,0
DA:78,0
DA:79,0
DA:83,0
DA:84,0
DA:88,0
DA:89,0
DA:94,0
DA:97,0
DA:98,0
DA:99,0
DA:101,0
DA:116,0
DA:121,0
DA:123,0
DA:132,0
DA:133,0
DA:134,0
DA:135,0
DA:136,0
DA:138,0
DA:139,0
DA:151,0
DA:152,0
DA:162,0
DA:163,0
DA:173,0
DA:174,0
DA:184,0
DA:185,0
DA:195,0
DA:196,0
DA:205,0
DA:214,0
DA:223,0
DA:233,0
DA:235,0
DA:237,0
DA:246,0
DA:247,0
DA:256,0
DA:259,0
DA:262,0
DA:270,0
DA:273,0
DA:281,0
DA:284,0
DA:293,0
DA:294,0
DA:295,0
DA:296,0
DA:297,0
DA:298,0
DA:299,0
DA:300,0
DA:301,0
DA:303,0
LF:69
LH:0
BRDA:47,0,0,0
BRDA:47,0,1,0
BRDA:47,1,0,0
BRDA:47,1,1,0
BRDA:56,2,0,0
BRDA:58,3,0,0
BRDA:58,3,1,0
BRDA:67,4,0,0
BRDA:67,4,1,0
BRDA:67,5,0,0
BRDA:67,5,1,0
BRDA:78,6,0,0
BRDA:78,6,1,0
BRDA:98,7,0,0
BRDA:98,7,1,0
BRDA:99,8,0,0
BRDA:99,8,1,0
BRDA:102,9,0,0
BRDA:102,9,1,0
BRDA:103,10,0,0
BRDA:103,10,1,0
BRDA:104,11,0,0
BRDA:104,11,1,0
BRDA:105,12,0,0
BRDA:105,12,1,0
BRDA:106,13,0,0
BRDA:106,13,1,0
BRDA:107,14,0,0
BRDA:107,14,1,0
BRDA:133,15,0,0
BRDA:133,15,1,0
BRDA:135,16,0,0
BRDA:135,16,1,0
BRDA:135,17,0,0
BRDA:135,17,1,0
BRDA:246,18,0,0
BRDA:246,18,1,0
BRDA:246,19,0,0
BRDA:246,19,1,0
BRDA:246,19,2,0
BRDA:293,20,0,0
BRDA:293,20,1,0
BRF:42
BRH:0
end_of_record
TN:
SF:SutWxApp\pages\user\privacy-settings.js
FN:29,(anonymous_0)
FN:41,(anonymous_1)
FN:78,(anonymous_2)
FN:97,(anonymous_3)
FN:117,(anonymous_4)
FN:155,(anonymous_5)
FNF:6
FNH:0
FNDA:0,(anonymous_0)
FNDA:0,(anonymous_1)
FNDA:0,(anonymous_2)
FNDA:0,(anonymous_3)
FNDA:0,(anonymous_4)
FNDA:0,(anonymous_5)
DA:4,0
DA:5,0
DA:7,0
DA:31,0
DA:35,0
DA:42,0
DA:44,0
DA:49,0
DA:50,0
DA:54,0
DA:55,0
DA:58,0
DA:60,0
DA:66,0
DA:70,0
DA:79,0
DA:80,0
DA:81,0
DA:82,0
DA:83,0
DA:85,0
DA:86,0
DA:98,0
DA:99,0
DA:100,0
DA:102,0
DA:103,0
DA:108,0
DA:118,0
DA:120,0
DA:125,0
DA:126,0
DA:129,0
DA:130,0
DA:133,0
DA:137,0
DA:138,0
DA:143,0
DA:145,0
DA:148,0
DA:157,0
DA:160,0
LF:42
LH:0
BRDA:49,0,0,0
BRDA:49,0,1,0
BRDA:61,1,0,0
BRDA:61,1,1,0
BRDA:80,2,0,0
BRDA:80,2,1,0
BRDA:82,3,0,0
BRDA:82,3,1,0
BRDA:82,4,0,0
BRDA:82,4,1,0
BRDA:125,5,0,0
BRDA:125,5,1,0
BRDA:148,6,0,0
BRDA:148,6,1,0
BRF:14
BRH:0
end_of_record
TN:
SF:SutWxApp\pages\user\settings.js
FN:25,(anonymous_0)
FN:34,(anonymous_1)
FN:65,(anonymous_2)
FN:89,(anonymous_3)
FN:102,(anonymous_4)
FN:113,(anonymous_5)
FN:124,(anonymous_6)
FN:135,(anonymous_7)
FN:139,(anonymous_8)
FN:155,(anonymous_9)
FN:166,(anonymous_10)
FNF:11
FNH:0
FNDA:0,(anonymous_0)
FNDA:0,(anonymous_1)
FNDA:0,(anonymous_2)
FNDA:0,(anonymous_3)
FNDA:0,(anonymous_4)
FNDA:0,(anonymous_5)
FNDA:0,(anonymous_6)
FNDA:0,(anonymous_7)
FNDA:0,(anonymous_8)
FNDA:0,(anonymous_9)
FNDA:0,(anonymous_10)
DA:4,0
DA:5,0
DA:7,0
DA:27,0
DA:28,0
DA:35,0
DA:36,0
DA:41,0
DA:43,0
DA:45,0
DA:51,0
DA:56,0
DA:66,0
DA:67,0
DA:69,0
DA:70,0
DA:71,0
DA:72,0
DA:73,0
DA:74,0
DA:77,0
DA:82,0
DA:83,0
DA:90,0
DA:92,0
DA:95,0
DA:104,0
DA:105,0
DA:115,0
DA:116,0
DA:126,0
DA:127,0
DA:136,0
DA:140,0
DA:142,0
DA:143,0
DA:144,0
DA:146,0
DA:157,0
DA:158,0
DA:168,0
DA:169,0
LF:42
LH:0
BRDA:41,0,0,0
BRDA:41,0,1,0
BRDA:47,1,0,0
BRDA:47,1,1,0
BRDA:52,2,0,0
BRDA:52,2,1,0
BRDA:53,3,0,0
BRDA:53,3,1,0
BRDA:69,4,0,0
BRDA:69,4,1,0
BRDA:71,5,0,0
BRDA:71,5,1,0
BRDA:73,6,0,0
BRDA:73,6,1,0
BRDA:95,7,0,0
BRDA:95,7,1,0
BRDA:140,8,0,0
BRDA:140,8,1,0
BRF:18
BRH:0
end_of_record
TN:
SF:SutWxApp\pages\user\user-detail.js
FN:25,(anonymous_0)
FN:52,(anonymous_1)
FN:60,(anonymous_2)
FN:101,(anonymous_3)
FN:131,(anonymous_4)
FN:178,(anonymous_5)
FN:187,(anonymous_6)
FN:196,(anonymous_7)
FN:205,(anonymous_8)
FN:212,(anonymous_9)
FNF:10
FNH:0
FNDA:0,(anonymous_0)
FNDA:0,(anonymous_1)
FNDA:0,(anonymous_2)
FNDA:0,(anonymous_3)
FNDA:0,(anonymous_4)
FNDA:0,(anonymous_5)
FNDA:0,(anonymous_6)
FNDA:0,(anonymous_7)
FNDA:0,(anonymous_8)
FNDA:0,(anonymous_9)
DA:4,0
DA:6,0
DA:26,0
DA:28,0
DA:29,0
DA:30,0
DA:34,0
DA:36,0
DA:42,0
DA:44,0
DA:45,0
DA:54,0
DA:61,0
DA:63,0
DA:67,0
DA:69,0
DA:73,0
DA:74,0
DA:81,0
DA:82,0
DA:85,0
DA:86,0
DA:90,0
DA:92,0
DA:102,0
DA:103,0
DA:105,0
DA:106,0
DA:109,0
DA:112,0
DA:113,0
DA:116,0
DA:121,0
DA:122,0
DA:132,0
DA:134,0
DA:135,0
DA:138,0
DA:140,0
DA:141,0
DA:143,0
DA:146,0
DA:147,0
DA:153,0
DA:156,0
DA:157,0
DA:163,0
DA:164,0
DA:170,0
DA:171,0
DA:179,0
DA:188,0
DA:197,0
DA:206,0
DA:213,0
LF:55
LH:0
BRDA:28,0,0,0
BRDA:28,0,1,0
BRDA:29,1,0,0
BRDA:29,1,1,0
BRDA:39,2,0,0
BRDA:39,2,1,0
BRDA:44,3,0,0
BRDA:44,3,1,0
BRDA:44,4,0,0
BRDA:44,4,1,0
BRDA:73,5,0,0
BRDA:73,5,1,0
BRDA:76,6,0,0
BRDA:76,6,1,0
BRDA:77,7,0,0
BRDA:77,7,1,0
BRDA:78,8,0,0
BRDA:78,8,1,0
BRDA:81,9,0,0
BRDA:81,9,1,0
BRDA:87,10,0,0
BRDA:87,10,1,0
BRDA:105,11,0,0
BRDA:105,11,1,0
BRDA:112,12,0,0
BRDA:112,12,1,0
BRDA:112,13,0,0
BRDA:112,13,1,0
BRDA:117,14,0,0
BRDA:117,14,1,0
BRDA:134,15,0,0
BRDA:134,15,1,0
BRDA:141,16,0,0
BRDA:141,16,1,0
BRDA:163,17,0,0
BRDA:163,17,1,0
BRDA:163,18,0,0
BRDA:163,18,1,0
BRDA:165,19,0,0
BRDA:165,19,1,0
BRDA:171,20,0,0
BRDA:171,20,1,0
BRDA:180,21,0,0
BRDA:180,21,1,0
BRDA:189,22,0,0
BRDA:189,22,1,0
BRDA:198,23,0,0
BRDA:198,23,1,0
BRF:48
BRH:0
end_of_record
TN:
SF:SutWxApp\pages\user\user.js
FN:74,(anonymous_0)
FN:81,(anonymous_1)
FN:87,(anonymous_2)
FN:103,(anonymous_3)
FN:152,(anonymous_4)
FN:189,(anonymous_5)
FN:249,(anonymous_6)
FN:257,(anonymous_7)
FN:262,(anonymous_8)
FNF:9
FNH:0
FNDA:0,(anonymous_0)
FNDA:0,(anonymous_1)
FNDA:0,(anonymous_2)
FNDA:0,(anonymous_3)
FNDA:0,(anonymous_4)
FNDA:0,(anonymous_5)
FNDA:0,(anonymous_6)
FNDA:0,(anonymous_7)
FNDA:0,(anonymous_8)
DA:8,0
DA:75,0
DA:82,0
DA:88,0
DA:89,0
DA:90,0
DA:91,0
DA:97,0
DA:104,0
DA:108,0
DA:109,0
DA:111,0
DA:112,0
DA:123,0
DA:124,0
DA:125,0
DA:129,0
DA:133,0
DA:139,0
DA:140,0
DA:144,0
DA:153,0
DA:154,0
DA:158,0
DA:160,0
DA:161,0
DA:167,0
DA:168,0
DA:171,0
DA:175,0
DA:176,0
DA:179,0
DA:181,0
DA:190,0
DA:191,0
DA:193,0
DA:194,0
DA:195,0
DA:199,0
DA:203,0
DA:205,0
DA:208,0
DA:210,0
DA:213,0
DA:215,0
DA:218,0
DA:220,0
DA:223,0
DA:225,0
DA:228,0
DA:230,0
DA:233,0
DA:235,0
DA:238,0
DA:240,0
DA:243,0
DA:250,0
DA:258,0
DA:259,0
DA:263,0
DA:264,0
DA:266,0
DA:267,0
DA:274,0
DA:276,0
DA:277,0
LF:66
LH:0
BRDA:89,0,0,0
BRDA:89,0,1,0
BRDA:113,1,0,0
BRDA:113,1,1,0
BRDA:114,2,0,0
BRDA:114,2,1,0
BRDA:115,3,0,0
BRDA:115,3,1,0
BRDA:116,4,0,0
BRDA:116,4,1,0
BRDA:117,5,0,0
BRDA:117,5,1,0
BRDA:118,6,0,0
BRDA:118,6,1,0
BRDA:119,7,0,0
BRDA:119,7,1,0
BRDA:126,8,0,0
BRDA:126,8,1,0
BRDA:126,9,0,0
BRDA:126,9,1,0
BRDA:135,10,0,0
BRDA:135,10,1,0
BRDA:136,11,0,0
BRDA:136,11,1,0
BRDA:141,12,0,0
BRDA:141,12,1,0
BRDA:177,13,0,0
BRDA:177,13,1,0
BRDA:179,14,0,0
BRDA:179,14,1,0
BRDA:193,15,0,0
BRDA:193,15,1,0
BRDA:203,16,0,0
BRDA:203,16,1,0
BRDA:203,16,2,0
BRDA:203,16,3,0
BRDA:203,16,4,0
BRDA:203,16,5,0
BRDA:203,16,6,0
BRDA:203,16,7,0
BRDA:263,17,0,0
BRDA:263,17,1,0
BRF:42
BRH:0
end_of_record
TN:
SF:SutWxApp\pages\user\about\about.js
FN:18,(anonymous_0)
FN:28,(anonymous_1)
FN:35,(anonymous_2)
FN:42,(anonymous_3)
FN:49,(anonymous_4)
FN:59,(anonymous_5)
FN:62,(anonymous_6)
FN:68,(anonymous_7)
FN:80,(anonymous_8)
FNF:9
FNH:0
FNDA:0,(anonymous_0)
FNDA:0,(anonymous_1)
FNDA:0,(anonymous_2)
FNDA:0,(anonymous_3)
FNDA:0,(anonymous_4)
FNDA:0,(anonymous_5)
FNDA:0,(anonymous_6)
FNDA:0,(anonymous_7)
FNDA:0,(anonymous_8)
DA:4,0
DA:19,0
DA:20,0
DA:50,0
DA:60,0
DA:63,0
DA:69,0
DA:82,0
LF:8
LH:0
BRDA:21,0,0,0
BRDA:21,0,1,0
BRF:2
BRH:0
end_of_record
TN:
SF:SutWxApp\pages\user\address\edit.js
FN:25,(anonymous_0)
FN:50,(anonymous_1)
FN:82,(anonymous_2)
FN:91,(anonymous_3)
FN:100,(anonymous_4)
FN:112,(anonymous_5)
FN:121,(anonymous_6)
FN:130,(anonymous_7)
FN:161,(anonymous_8)
FN:204,(anonymous_9)
FNF:10
FNH:0
FNDA:0,(anonymous_0)
FNDA:0,(anonymous_1)
FNDA:0,(anonymous_2)
FNDA:0,(anonymous_3)
FNDA:0,(anonymous_4)
FNDA:0,(anonymous_5)
FNDA:0,(anonymous_6)
FNDA:0,(anonymous_7)
FNDA:0,(anonymous_8)
FNDA:0,(anonymous_9)
DA:4,0
DA:5,0
DA:7,0
DA:27,0
DA:33,0
DA:34,0
DA:36,0
DA:42,0
DA:43,0
DA:51,0
DA:52,0
DA:57,0
DA:59,0
DA:69,0
DA:71,0
DA:73,0
DA:83,0
DA:92,0
DA:101,0
DA:102,0
DA:113,0
DA:122,0
DA:131,0
DA:133,0
DA:134,0
DA:135,0
DA:139,0
DA:140,0
DA:141,0
DA:142,0
DA:145,0
DA:146,0
DA:147,0
DA:150,0
DA:151,0
DA:152,0
DA:155,0
DA:163,0
DA:164,0
DA:167,0
DA:168,0
DA:170,0
DA:175,0
DA:186,0
DA:188,0
DA:191,0
DA:192,0
DA:195,0
DA:199,0
DA:200,0
DA:204,0
DA:205,0
DA:208,0
DA:209,0
DA:214,0
LF:55
LH:0
BRDA:29,0,0,0
BRDA:29,0,1,0
BRDA:33,1,0,0
BRDA:33,1,1,0
BRDA:34,2,0,0
BRDA:34,2,1,0
BRDA:42,3,0,0
BRDA:42,3,1,0
BRDA:42,4,0,0
BRDA:42,4,1,0
BRDA:60,5,0,0
BRDA:60,5,1,0
BRDA:61,6,0,0
BRDA:61,6,1,0
BRDA:62,7,0,0
BRDA:62,7,1,0
BRDA:63,8,0,0
BRDA:63,8,1,0
BRDA:64,9,0,0
BRDA:64,9,1,0
BRDA:65,10,0,0
BRDA:65,10,1,0
BRDA:66,11,0,0
BRDA:66,11,1,0
BRDA:69,12,0,0
BRDA:69,12,1,0
BRDA:103,13,0,0
BRDA:103,13,1,0
BRDA:104,14,0,0
BRDA:104,14,1,0
BRDA:105,15,0,0
BRDA:105,15,1,0
BRDA:133,16,0,0
BRDA:133,16,1,0
BRDA:140,17,0,0
BRDA:140,17,1,0
BRDA:140,18,0,0
BRDA:140,18,1,0
BRDA:145,19,0,0
BRDA:145,19,1,0
BRDA:145,20,0,0
BRDA:145,20,1,0
BRDA:145,20,2,0
BRDA:150,21,0,0
BRDA:150,21,1,0
BRDA:163,22,0,0
BRDA:163,22,1,0
BRDA:186,23,0,0
BRDA:186,23,1,0
BRDA:210,24,0,0
BRDA:210,24,1,0
BRDA:210,25,0,0
BRDA:210,25,1,0
BRF:53
BRH:0
end_of_record
TN:
SF:SutWxApp\pages\user\address\list.js
FN:20,(anonymous_0)
FN:38,(anonymous_1)
FN:56,(anonymous_2)
FN:63,(anonymous_3)
FN:91,(anonymous_4)
FN:100,(anonymous_5)
FN:110,(anonymous_6)
FN:116,(anonymous_7)
FN:141,(anonymous_8)
FN:164,(anonymous_9)
FN:168,(anonymous_10)
FN:186,(anonymous_11)
FN:200,(anonymous_12)
FNF:13
FNH:0
FNDA:0,(anonymous_0)
FNDA:0,(anonymous_1)
FNDA:0,(anonymous_2)
FNDA:0,(anonymous_3)
FNDA:0,(anonymous_4)
FNDA:0,(anonymous_5)
FNDA:0,(anonymous_6)
FNDA:0,(anonymous_7)
FNDA:0,(anonymous_8)
FNDA:0,(anonymous_9)
FNDA:0,(anonymous_10)
FNDA:0,(anonymous_11)
FNDA:0,(anonymous_12)
DA:4,0
DA:5,0
DA:7,0
DA:22,0
DA:28,0
DA:29,0
DA:40,0
DA:41,0
DA:47,0
DA:50,0
DA:57,0
DA:64,0
DA:65,0
DA:71,0
DA:73,0
DA:78,0
DA:84,0
DA:92,0
DA:101,0
DA:102,0
DA:111,0
DA:113,0
DA:117,0
DA:118,0
DA:120,0
DA:125,0
DA:126,0
DA:129,0
DA:131,0
DA:142,0
DA:143,0
DA:146,0
DA:151,0
DA:152,0
DA:155,0
DA:157,0
DA:165,0
DA:167,0
DA:168,0
DA:171,0
DA:172,0
DA:173,0
DA:174,0
DA:180,0
DA:188,0
DA:192,0
DA:202,0
DA:206,0
LF:48
LH:0
BRDA:28,0,0,0
BRDA:28,0,1,0
BRDA:40,1,0,0
BRDA:40,1,1,0
BRDA:74,2,0,0
BRDA:74,2,1,0
BRDA:81,3,0,0
BRDA:81,3,1,0
BRDA:117,4,0,0
BRDA:117,4,1,0
BRDA:131,5,0,0
BRDA:131,5,1,0
BRDA:157,6,0,0
BRDA:157,6,1,0
BRDA:165,7,0,0
BRDA:165,7,1,0
BRDA:173,8,0,0
BRDA:173,8,1,0
BRF:18
BRH:0
end_of_record
TN:
SF:SutWxApp\pages\user\agreement\agreement.js
FN:19,(anonymous_0)
FN:39,(anonymous_1)
FN:46,(anonymous_2)
FN:62,(anonymous_3)
FN:76,(anonymous_4)
FN:87,(anonymous_5)
FN:90,(anonymous_6)
FN:97,(anonymous_7)
FNF:8
FNH:0
FNDA:0,(anonymous_0)
FNDA:0,(anonymous_1)
FNDA:0,(anonymous_2)
FNDA:0,(anonymous_3)
FNDA:0,(anonymous_4)
FNDA:0,(anonymous_5)
FNDA:0,(anonymous_6)
FNDA:0,(anonymous_7)
DA:4,0
DA:21,0
DA:22,0
DA:28,0
DA:33,0
DA:40,0
DA:41,0
DA:43,0
DA:47,0
DA:48,0
DA:54,0
DA:55,0
DA:63,0
DA:64,0
DA:77,0
DA:81,0
DA:88,0
DA:91,0
DA:98,0
LF:19
LH:0
BRDA:21,0,0,0
BRDA:21,0,1,0
BRDA:24,1,0,0
BRDA:24,1,1,0
BRDA:41,2,0,0
BRDA:41,2,1,0
BRDA:47,3,0,0
BRDA:47,3,1,0
BRDA:47,4,0,0
BRDA:47,4,1,0
BRDA:47,4,2,0
BRDA:58,5,0,0
BRDA:58,5,1,0
BRF:13
BRH:0
end_of_record
TN:
SF:SutWxApp\pages\user\login\login.js
FN:21,(anonymous_0)
FN:53,(anonymous_1)
FN:64,(anonymous_2)
FN:71,(anonymous_3)
FN:85,(anonymous_4)
FN:89,(anonymous_5)
FN:107,(anonymous_6)
FN:134,(anonymous_7)
FN:153,(anonymous_8)
FN:169,(anonymous_9)
FN:184,(anonymous_10)
FN:191,(anonymous_11)
FN:194,(anonymous_12)
FN:203,(anonymous_13)
FN:210,(anonymous_14)
FN:220,(anonymous_15)
FN:226,(anonymous_16)
FN:238,(anonymous_17)
FNF:18
FNH:0
FNDA:0,(anonymous_0)
FNDA:0,(anonymous_1)
FNDA:0,(anonymous_2)
FNDA:0,(anonymous_3)
FNDA:0,(anonymous_4)
FNDA:0,(anonymous_5)
FNDA:0,(anonymous_6)
FNDA:0,(anonymous_7)
FNDA:0,(anonymous_8)
FNDA:0,(anonymous_9)
FNDA:0,(anonymous_10)
FNDA:0,(anonymous_11)
FNDA:0,(anonymous_12)
FNDA:0,(anonymous_13)
FNDA:0,(anonymous_14)
FNDA:0,(anonymous_15)
FNDA:0,(anonymous_16)
FNDA:0,(anonymous_17)
DA:6,0
DA:23,0
DA:28,0
DA:29,0
DA:35,0
DA:36,0
DA:37,0
DA:40,0
DA:44,0
DA:45,0
DA:46,0
DA:50,0
DA:53,0
DA:54,0
DA:73,0
DA:74,0
DA:78,0
DA:81,0
DA:83,0
DA:87,0
DA:90,0
DA:91,0
DA:95,0
DA:109,0
DA:110,0
DA:114,0
DA:117,0
DA:119,0
DA:122,0
DA:135,0
DA:136,0
DA:139,0
DA:144,0
DA:146,0
DA:148,0
DA:150,0
DA:153,0
DA:154,0
DA:159,0
DA:162,0
DA:163,0
DA:164,0
DA:167,0
DA:169,0
DA:170,0
DA:175,0
DA:185,0
DA:192,0
DA:195,0
DA:204,0
DA:210,0
DA:211,0
DA:221,0
DA:224,0
DA:227,0
DA:239,0
LF:56
LH:0
BRDA:9,0,0,0
BRDA:9,0,1,0
BRDA:28,1,0,0
BRDA:28,1,1,0
BRDA:36,2,0,0
BRDA:36,2,1,0
BRDA:73,3,0,0
BRDA:73,3,1,0
BRDA:109,4,0,0
BRDA:109,4,1,0
BRDA:117,5,0,0
BRDA:117,5,1,0
BRDA:148,6,0,0
BRDA:148,6,1,0
BRDA:159,7,0,0
BRDA:159,7,1,0
BRDA:163,8,0,0
BRDA:163,8,1,0
BRF:18
BRH:0
end_of_record
TN:
SF:SutWxApp\pages\user\profile\profile.js
FN:21,(anonymous_0)
FN:33,(anonymous_1)
FN:41,(anonymous_2)
FN:53,(anonymous_3)
FN:77,(anonymous_4)
FN:83,(anonymous_5)
FN:108,(anonymous_6)
FN:121,(anonymous_7)
FN:133,(anonymous_8)
FN:136,(anonymous_9)
FN:143,(anonymous_10)
FN:151,(anonymous_11)
FN:154,(anonymous_12)
FN:162,(anonymous_13)
FN:170,(anonymous_14)
FN:173,(anonymous_15)
FN:185,(anonymous_16)
FN:201,(anonymous_17)
FN:225,(anonymous_18)
FN:239,(anonymous_19)
FN:250,(anonymous_20)
FN:261,(anonymous_21)
FN:270,(anonymous_22)
FN:281,(anonymous_23)
FN:285,(anonymous_24)
FN:291,(anonymous_25)
FN:299,(anonymous_26)
FN:316,(anonymous_27)
FN:327,(anonymous_28)
FN:340,(anonymous_29)
FN:352,(anonymous_30)
FNF:31
FNH:0
FNDA:0,(anonymous_0)
FNDA:0,(anonymous_1)
FNDA:0,(anonymous_2)
FNDA:0,(anonymous_3)
FNDA:0,(anonymous_4)
FNDA:0,(anonymous_5)
FNDA:0,(anonymous_6)
FNDA:0,(anonymous_7)
FNDA:0,(anonymous_8)
FNDA:0,(anonymous_9)
FNDA:0,(anonymous_10)
FNDA:0,(anonymous_11)
FNDA:0,(anonymous_12)
FNDA:0,(anonymous_13)
FNDA:0,(anonymous_14)
FNDA:0,(anonymous_15)
FNDA:0,(anonymous_16)
FNDA:0,(anonymous_17)
FNDA:0,(anonymous_18)
FNDA:0,(anonymous_19)
FNDA:0,(anonymous_20)
FNDA:0,(anonymous_21)
FNDA:0,(anonymous_22)
FNDA:0,(anonymous_23)
FNDA:0,(anonymous_24)
FNDA:0,(anonymous_25)
FNDA:0,(anonymous_26)
FNDA:0,(anonymous_27)
FNDA:0,(anonymous_28)
FNDA:0,(anonymous_29)
FNDA:0,(anonymous_30)
DA:4,0
DA:23,0
DA:27,0
DA:35,0
DA:43,0
DA:47,0
DA:54,0
DA:56,0
DA:60,0
DA:62,0
DA:63,0
DA:64,0
DA:67,0
DA:78,0
DA:79,0
DA:82,0
DA:84,0
DA:85,0
DA:87,0
DA:88,0
DA:94,0
DA:95,0
DA:97,0
DA:101,0
DA:109,0
DA:110,0
DA:111,0
DA:115,0
DA:122,0
DA:123,0
DA:134,0
DA:135,0
DA:137,0
DA:138,0
DA:144,0
DA:152,0
DA:153,0
DA:155,0
DA:156,0
DA:163,0
DA:171,0
DA:174,0
DA:186,0
DA:187,0
DA:192,0
DA:194,0
DA:196,0
DA:200,0
DA:202,0
DA:203,0
DA:205,0
DA:210,0
DA:216,0
DA:218,0
DA:226,0
DA:227,0
DA:228,0
DA:240,0
DA:251,0
DA:262,0
DA:271,0
DA:282,0
DA:286,0
DA:287,0
DA:288,0
DA:293,0
DA:295,0
DA:300,0
DA:302,0
DA:303,0
DA:317,0
DA:320,0
DA:324,0
DA:325,0
DA:326,0
DA:327,0
DA:328,0
DA:329,0
DA:341,0
DA:346,0
DA:353,0
LF:81
LH:0
BRDA:60,0,0,0
BRDA:60,0,1,0
BRDA:85,1,0,0
BRDA:85,1,1,0
BRDA:98,2,0,0
BRDA:98,2,1,0
BRDA:102,3,0,0
BRDA:102,3,1,0
BRDA:137,4,0,0
BRDA:137,4,1,0
BRDA:155,5,0,0
BRDA:155,5,1,0
BRDA:158,6,0,0
BRDA:158,6,1,0
BRDA:186,7,0,0
BRDA:186,7,1,0
BRDA:203,8,0,0
BRDA:203,8,1,0
BRDA:207,9,0,0
BRDA:207,9,1,0
BRDA:219,10,0,0
BRDA:219,10,1,0
BRDA:286,11,0,0
BRDA:286,11,1,0
BRF:24
BRH:0
end_of_record
TN:
SF:SutWxApp\services\app-initializer.js
FN:6,(anonymous_0)
FN:22,(anonymous_1)
FN:53,(anonymous_2)
FN:66,(anonymous_3)
FN:92,(anonymous_4)
FN:113,(anonymous_5)
FN:116,(anonymous_6)
FN:121,(anonymous_7)
FN:124,(anonymous_8)
FN:127,(anonymous_9)
FN:139,(anonymous_10)
FN:165,(anonymous_11)
FN:183,(anonymous_12)
FN:197,(anonymous_13)
FN:229,(anonymous_14)
FN:250,(anonymous_15)
FN:254,(anonymous_16)
FN:259,(anonymous_17)
FN:264,(anonymous_18)
FN:277,(anonymous_19)
FN:297,(anonymous_20)
FN:312,(anonymous_21)
FN:324,(anonymous_22)
FN:326,(anonymous_23)
FN:352,(anonymous_24)
FN:361,(anonymous_25)
FN:369,(anonymous_26)
FNF:27
FNH:21
FNDA:40,(anonymous_0)
FNDA:24,(anonymous_1)
FNDA:3,(anonymous_2)
FNDA:5,(anonymous_3)
FNDA:1,(anonymous_4)
FNDA:24,(anonymous_5)
FNDA:151,(anonymous_6)
FNDA:0,(anonymous_7)
FNDA:76,(anonymous_8)
FNDA:0,(anonymous_9)
FNDA:24,(anonymous_10)
FNDA:24,(anonymous_11)
FNDA:24,(anonymous_12)
FNDA:24,(anonymous_13)
FNDA:23,(anonymous_14)
FNDA:0,(anonymous_15)
FNDA:0,(anonymous_16)
FNDA:0,(anonymous_17)
FNDA:0,(anonymous_18)
FNDA:1,(anonymous_19)
FNDA:3,(anonymous_20)
FNDA:2,(anonymous_21)
FNDA:25,(anonymous_22)
FNDA:1,(anonymous_23)
FNDA:7,(anonymous_24)
FNDA:1,(anonymous_25)
FNDA:4,(anonymous_26)
DA:7,40
DA:8,1
DA:10,39
DA:11,39
DA:12,39
DA:13,39
DA:24,24
DA:26,24
DA:28,24
DA:31,24
DA:33,24
DA:35,24
DA:38,1
DA:40,1
DA:41,1
DA:43,23
DA:44,23
DA:45,23
DA:54,3
DA:55,3
DA:57,0
DA:58,0
DA:68,5
DA:69,0
DA:72,5
DA:74,5
DA:76,5
DA:77,5
DA:78,1
DA:79,1
DA:81,1
DA:83,4
DA:84,4
DA:93,1
DA:115,24
DA:117,151
DA:118,0
DA:122,0
DA:125,76
DA:128,0
DA:129,0
DA:141,24
DA:166,24
DA:167,73
DA:169,73
DA:170,73
DA:171,50
DA:173,23
DA:174,23
DA:185,24
DA:188,24
DA:189,0
DA:198,24
DA:200,24
DA:203,24
DA:208,17
DA:209,17
DA:211,17
DA:213,17
DA:215,17
DA:217,17
DA:220,7
DA:230,23
DA:232,23
DA:235,23
DA:240,23
DA:242,23
DA:252,0
DA:254,0
DA:255,0
DA:259,0
DA:260,0
DA:264,0
DA:265,0
DA:270,0
DA:279,1
DA:280,0
DA:281,0
DA:283,0
DA:289,1
DA:298,3
DA:299,3
DA:300,3
DA:302,0
DA:303,0
DA:313,2
DA:314,2
DA:316,2
DA:325,25
DA:326,1
DA:327,1
DA:328,1
DA:330,0
DA:338,5
DA:343,5
DA:353,7
DA:354,7
DA:362,1
DA:370,4
LF:99
LH:77
BRDA:6,0,0,38
BRDA:7,1,0,1
BRDA:7,1,1,39
BRDA:7,2,0,40
BRDA:7,2,1,39
BRDA:22,3,0,17
BRDA:68,4,0,0
BRDA:68,4,1,5
BRDA:68,5,0,5
BRDA:68,5,1,3
BRDA:78,6,0,1
BRDA:78,6,1,0
BRDA:117,7,0,0
BRDA:117,7,1,151
BRDA:128,8,0,0
BRDA:128,8,1,0
BRDA:188,9,0,0
BRDA:188,9,1,24
BRDA:211,10,0,17
BRDA:211,10,1,0
BRDA:252,11,0,0
BRDA:252,11,1,0
BRDA:279,12,0,0
BRDA:279,12,1,1
BRDA:279,13,0,1
BRDA:279,13,1,0
BRDA:313,14,0,2
BRDA:313,14,1,0
BRDA:325,15,0,1
BRDA:325,15,1,24
BRDA:352,16,0,7
BRF:31
BRH:19
end_of_record
TN:
SF:SutWxApp\services\index.js
FN:74,(anonymous_0)
FN:86,(anonymous_1)
FN:95,(anonymous_2)
FNF:3
FNH:0
FNDA:0,(anonymous_0)
FNDA:0,(anonymous_1)
FNDA:0,(anonymous_2)
DA:7,0
DA:8,0
DA:9,0
DA:10,0
DA:11,0
DA:12,0
DA:13,0
DA:14,0
DA:15,0
DA:16,0
DA:17,0
DA:18,0
DA:19,0
DA:20,0
DA:21,0
DA:22,0
DA:23,0
DA:24,0
DA:25,0
DA:26,0
DA:32,0
DA:75,0
DA:76,0
DA:78,0
DA:79,0
DA:87,0
DA:96,0
DA:101,0
LF:28
LH:0
BRDA:75,0,0,0
BRDA:75,0,1,0
BRF:2
BRH:0
end_of_record
TN:
SF:SutWxApp\services\service-adapter.js
FN:6,(anonymous_0)
FN:32,(anonymous_1)
FN:42,(anonymous_2)
FN:52,(anonymous_3)
FN:62,(anonymous_4)
FN:74,(anonymous_5)
FN:85,(anonymous_6)
FN:95,(anonymous_7)
FN:109,(anonymous_8)
FN:119,(anonymous_9)
FN:136,(anonymous_10)
FN:155,(anonymous_11)
FN:174,(anonymous_12)
FN:197,(anonymous_13)
FN:212,(anonymous_14)
FN:228,(anonymous_15)
FN:243,(anonymous_16)
FN:263,(anonymous_17)
FN:293,(anonymous_18)
FN:330,(anonymous_19)
FN:338,(anonymous_20)
FN:346,(anonymous_21)
FN:354,(anonymous_22)
FNF:23
FNH:0
FNDA:0,(anonymous_0)
FNDA:0,(anonymous_1)
FNDA:0,(anonymous_2)
FNDA:0,(anonymous_3)
FNDA:0,(anonymous_4)
FNDA:0,(anonymous_5)
FNDA:0,(anonymous_6)
FNDA:0,(anonymous_7)
FNDA:0,(anonymous_8)
FNDA:0,(anonymous_9)
FNDA:0,(anonymous_10)
FNDA:0,(anonymous_11)
FNDA:0,(anonymous_12)
FNDA:0,(anonymous_13)
FNDA:0,(anonymous_14)
FNDA:0,(anonymous_15)
FNDA:0,(anonymous_16)
FNDA:0,(anonymous_17)
FNDA:0,(anonymous_18)
FNDA:0,(anonymous_19)
FNDA:0,(anonymous_20)
FNDA:0,(anonymous_21)
FNDA:0,(anonymous_22)
DA:8,0
DA:10,0
DA:12,0
DA:14,0
DA:19,0
DA:24,0
DA:33,0
DA:34,0
DA:43,0
DA:44,0
DA:53,0
DA:54,0
DA:63,0
DA:64,0
DA:66,0
DA:75,0
DA:76,0
DA:78,0
DA:86,0
DA:87,0
DA:96,0
DA:97,0
DA:98,0
DA:99,0
DA:101,0
DA:110,0
DA:121,0
DA:122,0
DA:125,0
DA:126,0
DA:127,0
DA:137,0
DA:138,0
DA:139,0
DA:140,0
DA:142,0
DA:145,0
DA:156,0
DA:157,0
DA:158,0
DA:159,0
DA:161,0
DA:164,0
DA:176,0
DA:177,0
DA:180,0
DA:181,0
DA:182,0
DA:184,0
DA:185,0
DA:186,0
DA:188,0
DA:198,0
DA:213,0
DA:229,0
DA:244,0
DA:265,0
DA:266,0
DA:268,0
DA:277,0
DA:286,0
DA:288,0
DA:289,0
DA:291,0
DA:293,0
DA:295,0
DA:297,0
DA:307,0
DA:309,0
DA:311,0
DA:313,0
DA:314,0
DA:317,0
DA:319,0
DA:322,0
DA:331,0
DA:339,0
DA:347,0
DA:355,0
DA:360,2
LF:80
LH:1
BRDA:6,0,0,0
BRDA:8,1,0,0
BRDA:8,1,1,0
BRDA:8,1,2,0
BRDA:10,2,0,0
BRDA:10,2,1,0
BRDA:12,3,0,0
BRDA:12,3,1,0
BRDA:63,4,0,0
BRDA:63,4,1,0
BRDA:75,5,0,0
BRDA:75,5,1,0
BRDA:97,6,0,0
BRDA:97,6,1,0
BRDA:121,7,0,0
BRDA:121,7,1,0
BRDA:121,8,0,0
BRDA:121,8,1,0
BRDA:125,9,0,0
BRDA:125,9,1,0
BRDA:126,10,0,0
BRDA:126,10,1,0
BRDA:140,11,0,0
BRDA:140,11,1,0
BRDA:159,12,0,0
BRDA:159,12,1,0
BRDA:176,13,0,0
BRDA:176,13,1,0
BRDA:180,14,0,0
BRDA:180,14,1,0
BRDA:182,15,0,0
BRDA:182,15,1,0
BRDA:184,16,0,0
BRDA:184,16,1,0
BRDA:197,17,0,0
BRDA:212,18,0,0
BRDA:228,19,0,0
BRDA:243,20,0,0
BRDA:263,21,0,0
BRDA:265,22,0,0
BRDA:265,22,1,0
BRDA:273,23,0,0
BRDA:273,23,1,0
BRDA:295,24,0,0
BRDA:295,24,1,0
BRDA:302,25,0,0
BRDA:302,25,1,0
BRDA:302,26,0,0
BRDA:302,26,1,0
BRDA:313,27,0,0
BRDA:313,27,1,0
BRF:51
BRH:0
end_of_record
TN:
SF:SutWxApp\services\service-integration.js
FN:14,registerServiceAdapters
FN:25,(anonymous_1)
FN:38,(anonymous_2)
FN:76,(anonymous_3)
FN:101,(anonymous_4)
FN:125,(anonymous_5)
FN:136,(anonymous_6)
FN:151,(anonymous_7)
FN:163,(anonymous_8)
FN:175,(anonymous_9)
FN:210,(anonymous_10)
FN:222,(anonymous_11)
FN:226,(anonymous_12)
FN:243,(anonymous_13)
FN:277,(anonymous_14)
FN:291,(anonymous_15)
FN:305,(anonymous_16)
FN:321,(anonymous_17)
FNF:18
FNH:1
FNDA:0,registerServiceAdapters
FNDA:2,(anonymous_1)
FNDA:0,(anonymous_2)
FNDA:0,(anonymous_3)
FNDA:0,(anonymous_4)
FNDA:0,(anonymous_5)
FNDA:0,(anonymous_6)
FNDA:0,(anonymous_7)
FNDA:0,(anonymous_8)
FNDA:0,(anonymous_9)
FNDA:0,(anonymous_10)
FNDA:0,(anonymous_11)
FNDA:0,(anonymous_12)
FNDA:0,(anonymous_13)
FNDA:0,(anonymous_14)
FNDA:0,(anonymous_15)
FNDA:0,(anonymous_16)
FNDA:0,(anonymous_17)
DA:5,2
DA:6,2
DA:7,2
DA:17,0
DA:26,2
DA:27,2
DA:28,2
DA:29,2
DA:39,0
DA:40,0
DA:41,0
DA:44,0
DA:45,0
DA:47,0
DA:50,0
DA:51,0
DA:53,0
DA:57,0
DA:59,0
DA:60,0
DA:61,0
DA:62,0
DA:63,0
DA:65,0
DA:66,0
DA:67,0
DA:77,0
DA:78,0
DA:79,0
DA:82,0
DA:84,0
DA:85,0
DA:86,0
DA:90,0
DA:92,0
DA:93,0
DA:102,0
DA:103,0
DA:104,0
DA:107,0
DA:109,0
DA:111,0
DA:112,0
DA:114,0
DA:115,0
DA:127,0
DA:128,0
DA:130,0
DA:138,0
DA:140,0
DA:141,0
DA:142,0
DA:143,0
DA:144,0
DA:152,0
DA:164,0
DA:176,0
DA:178,0
DA:198,0
DA:200,0
DA:201,0
DA:212,0
DA:214,0
DA:224,0
DA:226,0
DA:227,0
DA:234,0
DA:236,0
DA:244,0
DA:246,0
DA:248,0
DA:249,0
DA:253,0
DA:255,0
DA:256,0
DA:259,0
DA:265,2
DA:268,2
DA:278,0
DA:279,0
DA:281,0
DA:282,0
DA:292,0
DA:293,0
DA:295,0
DA:296,0
DA:306,0
DA:307,0
DA:308,0
DA:310,0
DA:312,0
DA:313,0
DA:322,0
DA:323,0
DA:324,0
DA:326,0
DA:328,0
DA:329,0
LF:98
LH:9
BRDA:38,0,0,0
BRDA:38,1,0,0
BRDA:39,2,0,0
BRDA:39,2,1,0
BRDA:50,3,0,0
BRDA:50,3,1,0
BRDA:77,4,0,0
BRDA:77,4,1,0
BRDA:85,5,0,0
BRDA:85,5,1,0
BRDA:102,6,0,0
BRDA:102,6,1,0
BRDA:125,7,0,0
BRDA:125,8,0,0
BRDA:248,9,0,0
BRDA:248,9,1,0
BRDA:248,10,0,0
BRDA:248,10,1,0
BRDA:255,11,0,0
BRDA:255,11,1,0
BRDA:255,12,0,0
BRDA:255,12,1,0
BRDA:277,13,0,0
BRDA:291,14,0,0
BRDA:307,15,0,0
BRDA:307,15,1,0
BRDA:307,16,0,0
BRDA:307,16,1,0
BRDA:323,17,0,0
BRDA:323,17,1,0
BRDA:323,18,0,0
BRDA:323,18,1,0
BRF:32
BRH:0
end_of_record
TN:
SF:SutWxApp\services\service-manager.js
FN:6,(anonymous_0)
FN:23,(anonymous_1)
FN:35,(anonymous_2)
FN:39,(anonymous_3)
FN:49,(anonymous_4)
FN:73,(anonymous_5)
FN:78,(anonymous_6)
FN:99,(anonymous_7)
FN:112,(anonymous_8)
FN:164,(anonymous_9)
FN:178,(anonymous_10)
FN:187,(anonymous_11)
FN:195,(anonymous_12)
FNF:13
FNH:13
FNDA:16,(anonymous_0)
FNDA:17,(anonymous_1)
FNDA:1,(anonymous_2)
FNDA:2,(anonymous_3)
[...]
BRDA:683,41,1,0
BRDA:706,42,0,0
BRDA:706,42,1,0
BRDA:728,43,0,0
BRDA:728,43,1,0
BRDA:812,44,0,0
BRDA:812,44,1,0
BRF:84
BRH:0
end_of_record
TN:
SF:SutWxApp\utils\utils.js
FN:12,(anonymous_0)
FN:16,(anonymous_1)
FN:38,(anonymous_2)
FN:39,(anonymous_3)
FN:56,(anonymous_4)
FN:59,(anonymous_5)
FN:65,(anonymous_6)
FN:66,(anonymous_7)
FN:80,(anonymous_8)
FN:107,(anonymous_9)
FN:119,(anonymous_10)
FN:130,(anonymous_11)
FN:133,(anonymous_12)
FN:148,(anonymous_13)
FN:157,(anonymous_14)
FN:166,(anonymous_15)
FN:177,(anonymous_16)
FNF:17
FNH:17
FNDA:1,(anonymous_0)
FNDA:4,(anonymous_1)
FNDA:2,(anonymous_2)
FNDA:2,(anonymous_3)
FNDA:1,(anonymous_4)
FNDA:3,(anonymous_5)
FNDA:3,(anonymous_6)
FNDA:1,(anonymous_7)
FNDA:1,(anonymous_8)
FNDA:2,(anonymous_9)
FNDA:2,(anonymous_10)
FNDA:10,(anonymous_11)
FNDA:5,(anonymous_12)
FNDA:2,(anonymous_13)
FNDA:2,(anonymous_14)
FNDA:1,(anonymous_15)
FNDA:2,(anonymous_16)
DA:12,1
DA:13,1
DA:14,1
DA:16,1
DA:17,4
DA:18,4
DA:21,4
DA:23,1
DA:24,0
DA:25,0
DA:27,1
DA:28,1
DA:32,3
DA:33,1
DA:37,2
DA:38,2
DA:39,2
DA:40,2
DA:41,2
DA:42,2
DA:43,2
DA:56,1
DA:57,1
DA:59,1
DA:61,3
DA:62,2
DA:65,3
DA:66,3
DA:67,1
DA:68,1
DA:80,1
DA:81,1
DA:83,1
DA:84,1
DA:85,1
DA:86,1
DA:87,1
DA:88,1
DA:89,1
DA:91,1
DA:93,0
DA:95,0
DA:98,1
DA:107,1
DA:108,2
DA:109,2
DA:119,1
DA:120,2
DA:121,2
DA:122,1
DA:130,1
DA:131,10
DA:132,4
DA:133,5
DA:135,2
DA:136,2
DA:137,3
DA:138,3
DA:141,2
DA:148,1
DA:149,2
DA:157,1
DA:158,2
DA:166,1
DA:167,1
DA:168,1
DA:177,1
DA:178,2
DA:179,2
DA:182,2
DA:183,2
DA:185,2
DA:186,2
DA:188,2
DA:191,1
LF:75
LH:71
BRDA:21,0,0,1
BRDA:21,0,1,3
BRDA:23,1,0,0
BRDA:23,1,1,1
BRDA:32,2,0,1
BRDA:32,2,1,2
BRDA:61,3,0,2
BRDA:61,3,1,1
BRDA:80,4,0,0
BRDA:81,5,0,0
BRDA:81,5,1,1
BRDA:91,6,0,0
BRDA:91,6,1,0
BRDA:91,6,2,1
BRDA:91,6,3,1
BRDA:108,7,0,0
BRDA:108,7,1,2
BRDA:108,8,0,2
BRDA:108,8,1,2
BRDA:108,8,2,2
BRDA:119,9,0,2
BRDA:120,10,0,0
BRDA:120,10,1,2
BRDA:120,11,0,2
BRDA:120,11,1,2
BRDA:121,12,0,1
BRDA:121,12,1,1
BRDA:131,13,0,6
BRDA:131,13,1,4
BRDA:131,14,0,10
BRDA:131,14,1,10
BRDA:132,15,0,0
BRDA:132,15,1,4
BRDA:133,16,0,2
BRDA:133,16,1,2
BRDA:137,17,0,3
BRDA:137,17,1,0
BRDA:158,18,0,2
BRDA:158,18,1,2
BRDA:158,18,2,2
BRDA:167,19,0,0
BRDA:167,19,1,1
BRF:42
BRH:32
end_of_record
TN:
SF:SutWxApp\utils\validator.js
FN:15,(anonymous_0)
FN:24,(anonymous_1)
FN:33,(anonymous_2)
FN:42,(anonymous_3)
FN:51,(anonymous_4)
FN:60,(anonymous_5)
FN:69,(anonymous_6)
FN:81,(anonymous_7)
FN:95,(anonymous_8)
FN:106,(anonymous_9)
FN:118,(anonymous_10)
FN:130,(anonymous_11)
FN:139,(anonymous_12)
FN:148,(anonymous_13)
FN:157,(anonymous_14)
FN:171,(anonymous_15)
FN:175,(anonymous_16)
FN:183,(anonymous_17)
FN:193,(anonymous_18)
FN:203,(anonymous_19)
FN:212,(anonymous_20)
FN:225,(anonymous_21)
FN:234,(anonymous_22)
FN:243,(anonymous_23)
FN:254,(anonymous_24)
FN:267,(anonymous_25)
FNF:26
FNH:0
FNDA:0,(anonymous_0)
FNDA:0,(anonymous_1)
FNDA:0,(anonymous_2)
FNDA:0,(anonymous_3)
FNDA:0,(anonymous_4)
FNDA:0,(anonymous_5)
FNDA:0,(anonymous_6)
FNDA:0,(anonymous_7)
FNDA:0,(anonymous_8)
FNDA:0,(anonymous_9)
FNDA:0,(anonymous_10)
FNDA:0,(anonymous_11)
FNDA:0,(anonymous_12)
FNDA:0,(anonymous_13)
FNDA:0,(anonymous_14)
FNDA:0,(anonymous_15)
FNDA:0,(anonymous_16)
FNDA:0,(anonymous_17)
FNDA:0,(anonymous_18)
FNDA:0,(anonymous_19)
FNDA:0,(anonymous_20)
FNDA:0,(anonymous_21)
FNDA:0,(anonymous_22)
FNDA:0,(anonymous_23)
FNDA:0,(anonymous_24)
FNDA:0,(anonymous_25)
DA:9,0
DA:16,0
DA:25,0
DA:34,0
DA:43,0
DA:52,0
DA:61,0
DA:70,0
DA:82,0
DA:83,0
DA:84,0
DA:96,0
DA:97,0
DA:98,0
DA:107,0
DA:119,0
DA:120,0
DA:121,0
DA:122,0
DA:131,0
DA:140,0
DA:149,0
DA:158,0
DA:159,0
DA:160,0
DA:162,0
DA:172,0
DA:173,0
DA:174,0
DA:175,0
DA:184,0
DA:185,0
DA:194,0
DA:195,0
DA:204,0
DA:213,0
DA:214,0
DA:215,0
DA:216,0
DA:217,0
DA:226,0
DA:235,0
DA:244,0
DA:245,0
DA:255,0
DA:256,0
DA:257,0
DA:268,0
DA:269,0
DA:270,0
DA:271,0
DA:276,0
LF:52
LH:0
BRDA:16,0,0,0
BRDA:16,0,1,0
BRDA:16,0,2,0
BRDA:81,1,0,0
BRDA:83,2,0,0
BRDA:83,3,0,0
BRDA:84,4,0,0
BRDA:84,4,1,0
BRDA:84,4,2,0
BRDA:84,4,3,0
BRDA:95,5,0,0
BRDA:97,6,0,0
BRDA:97,7,0,0
BRDA:98,8,0,0
BRDA:98,8,1,0
BRDA:98,8,2,0
BRDA:107,9,0,0
BRDA:107,9,1,0
BRDA:107,9,2,0
BRDA:118,10,0,0
BRDA:119,11,0,0
BRDA:119,12,0,0
BRDA:120,13,0,0
BRDA:120,13,1,0
BRDA:122,14,0,0
BRDA:122,14,1,0
BRDA:172,15,0,0
BRDA:172,15,1,0
BRDA:204,16,0,0
BRDA:204,16,1,0
BRDA:213,17,0,0
BRDA:213,17,1,0
BRDA:215,18,0,0
BRDA:215,18,1,0
BRDA:226,19,0,0
BRDA:226,19,1,0
BRDA:226,19,2,0
BRDA:226,19,3,0
BRDA:235,20,0,0
BRDA:235,20,1,0
BRDA:235,20,2,0
BRDA:235,20,3,0
BRDA:245,21,0,0
BRDA:245,21,1,0
BRDA:245,21,2,0
BRDA:257,22,0,0
BRDA:257,22,1,0
BRDA:257,22,2,0
BRDA:257,22,3,0
BRDA:257,22,4,0
BRDA:257,22,5,0
BRDA:257,22,6,0
BRF:52
BRH:0
end_of_record
TN:
SF:coverage\lcov-report\block-navigation.js
FN:2,init
FN:24,toggleClass
FN:31,makeCurrent
FN:41,goToPrevious
FN:52,goToNext
FN:65,jump
FNF:6
FNH:0
FNDA:0,init
FNDA:0,toggleClass
FNDA:0,makeCurrent
FNDA:0,goToPrevious
FNDA:0,goToNext
FNDA:0,jump
DA:2,0
DA:4,0
DA:7,0
DA:10,0
DA:14,0
DA:20,0
DA:25,0
DA:28,0
DA:32,0
DA:33,0
DA:34,0
DA:42,0
DA:43,0
DA:44,0
DA:45,0
DA:46,0
DA:49,0
DA:53,0
DA:55,0
DA:59,0
DA:62,0
DA:65,0
DA:66,0
DA:71,0
DA:74,0
DA:77,0
DA:78,0
DA:82,0
DA:83,0
DA:87,0
LF:30
LH:0
BRDA:43,0,0,0
BRDA:43,0,1,0
BRDA:43,1,0,0
BRDA:43,1,1,0
BRDA:45,2,0,0
BRDA:45,2,1,0
BRDA:55,3,0,0
BRDA:55,3,1,0
BRDA:56,4,0,0
BRDA:56,4,1,0
BRDA:66,5,0,0
BRDA:66,5,1,0
BRDA:67,6,0,0
BRDA:67,6,1,0
BRDA:74,7,0,0
BRDA:74,7,1,0
BRDA:74,7,2,0
BRDA:74,7,3,0
BRDA:74,7,4,0
BRF:19
BRH:0
end_of_record
TN:
SF:coverage\lcov-report\prettify.js
FN:2,(anonymous_0)
FN:2,k
FN:2,ab
FN:2,T
FN:2,X
FN:2,(anonymous_5)
FN:2,W
FN:2,(anonymous_7)
FN:2,a
FN:2,aa
FN:2,B
FN:2,o
FN:2,g
FN:2,(anonymous_13)
FN:2,(anonymous_14)
FN:2,i
FN:2,Q
FN:2,ae
FN:2,ad
FN:2,ai
FN:2,D
FN:2,c
FN:2,q
FN:2,d
FN:2,y
FN:2,b
FN:2,Y
FN:2,(anonymous_27)
FN:2,U
FNF:29
FNH:0
FNDA:0,(anonymous_0)
FNDA:0,k
FNDA:0,ab
FNDA:0,T
FNDA:0,X
FNDA:0,(anonymous_5)
FNDA:0,W
FNDA:0,(anonymous_7)
FNDA:0,a
FNDA:0,aa
FNDA:0,B
FNDA:0,o
FNDA:0,g
FNDA:0,(anonymous_13)
FNDA:0,(anonymous_14)
FNDA:0,i
FNDA:0,Q
FNDA:0,ae
FNDA:0,ad
FNDA:0,ai
FNDA:0,D
FNDA:0,c
FNDA:0,q
FNDA:0,d
FNDA:0,y
FNDA:0,b
FNDA:0,Y
FNDA:0,(anonymous_27)
FNDA:0,U
DA:2,0
LF:1
LH:0
BRDA:2,0,0,0
BRDA:2,0,1,0
BRDA:2,1,0,0
BRDA:2,1,1,0
BRDA:2,2,0,0
BRDA:2,2,1,0
BRDA:2,3,0,0
BRDA:2,3,1,0
BRDA:2,4,0,0
BRDA:2,4,1,0
BRDA:2,5,0,0
BRDA:2,5,1,0
BRDA:2,6,0,0
BRDA:2,6,1,0
BRDA:2,7,0,0
BRDA:2,7,1,0
BRDA:2,8,0,0
BRDA:2,8,1,0
BRDA:2,9,0,0
BRDA:2,9,1,0
BRDA:2,10,0,0
BRDA:2,10,1,0
BRDA:2,11,0,0
BRDA:2,11,1,0
BRDA:2,11,2,0
BRDA:2,11,3,0
BRDA:2,12,0,0
BRDA:2,12,1,0
BRDA:2,13,0,0
BRDA:2,13,1,0
BRDA:2,14,0,0
BRDA:2,14,1,0
BRDA:2,15,0,0
BRDA:2,15,1,0
BRDA:2,16,0,0
BRDA:2,16,1,0
BRDA:2,17,0,0
BRDA:2,17,1,0
BRDA:2,18,0,0
BRDA:2,18,1,0
BRDA:2,19,0,0
BRDA:2,19,1,0
BRDA:2,20,0,0
BRDA:2,20,1,0
BRDA:2,21,0,0
BRDA:2,21,1,0
BRDA:2,22,0,0
BRDA:2,22,1,0
BRDA:2,23,0,0
BRDA:2,23,1,0
BRDA:2,24,0,0
BRDA:2,24,1,0
BRDA:2,25,0,0
BRDA:2,25,1,0
BRDA:2,26,0,0
BRDA:2,26,1,0
BRDA:2,27,0,0
BRDA:2,27,1,0
BRDA:2,28,0,0
BRDA:2,28,1,0
BRDA:2,29,0,0
BRDA:2,29,1,0
BRDA:2,30,0,0
BRDA:2,30,1,0
BRDA:2,31,0,0
BRDA:2,31,1,0
BRDA:2,32,0,0
BRDA:2,32,1,0
BRDA:2,33,0,0
BRDA:2,33,1,0
BRDA:2,34,0,0
BRDA:2,34,1,0
BRDA:2,35,0,0
BRDA:2,35,1,0
BRDA:2,36,0,0
BRDA:2,36,1,0
BRDA:2,37,0,0
BRDA:2,37,1,0
BRDA:2,38,0,0
BRDA:2,38,1,0
BRDA:2,39,0,0
BRDA:2,39,1,0
BRDA:2,40,0,0
BRDA:2,40,1,0
BRDA:2,41,0,0
BRDA:2,41,1,0
BRDA:2,42,0,0
BRDA:2,42,1,0
BRDA:2,43,0,0
BRDA:2,43,1,0
BRDA:2,44,0,0
BRDA:2,44,1,0
BRDA:2,45,0,0
BRDA:2,45,1,0
BRDA:2,46,0,0
BRDA:2,46,1,0
BRDA:2,47,0,0
BRDA:2,47,1,0
BRDA:2,48,0,0
BRDA:2,48,1,0
BRDA:2,49,0,0
BRDA:2,49,1,0
BRDA:2,50,0,0
BRDA:2,50,1,0
BRDA:2,50,2,0
BRDA:2,51,0,0
BRDA:2,51,1,0
BRDA:2,52,0,0
BRDA:2,52,1,0
BRDA:2,53,0,0
BRDA:2,53,1,0
BRDA:2,54,0,0
BRDA:2,54,1,0
BRDA:2,55,0,0
BRDA:2,55,1,0
BRDA:2,56,0,0
BRDA:2,56,1,0
BRDA:2,57,0,0
BRDA:2,57,1,0
BRDA:2,58,0,0
BRDA:2,58,1,0
BRDA:2,59,0,0
BRDA:2,59,1,0
BRDA:2,60,0,0
BRDA:2,60,1,0
BRDA:2,61,0,0
BRDA:2,61,1,0
BRDA:2,62,0,0
BRDA:2,62,1,0
BRDA:2,63,0,0
BRDA:2,63,1,0
BRDA:2,64,0,0
BRDA:2,64,1,0
BRDA:2,65,0,0
BRDA:2,65,1,0
BRDA:2,66,0,0
BRDA:2,66,1,0
BRDA:2,67,0,0
BRDA:2,67,1,0
BRDA:2,68,0,0
BRDA:2,68,1,0
BRDA:2,69,0,0
BRDA:2,69,1,0
BRDA:2,70,0,0
BRDA:2,70,1,0
BRDA:2,71,0,0
BRDA:2,71,1,0
BRDA:2,72,0,0
BRDA:2,72,1,0
BRDA:2,73,0,0
BRDA:2,73,1,0
BRDA:2,74,0,0
BRDA:2,74,1,0
BRDA:2,75,0,0
BRDA:2,75,1,0
BRDA:2,76,0,0
BRDA:2,76,1,0
BRDA:2,77,0,0
BRDA:2,77,1,0
BRDA:2,78,0,0
BRDA:2,78,1,0
BRDA:2,79,0,0
BRDA:2,79,1,0
BRDA:2,80,0,0
BRDA:2,80,1,0
BRDA:2,81,0,0
BRDA:2,81,1,0
BRDA:2,82,0,0
BRDA:2,82,1,0
BRDA:2,83,0,0
BRDA:2,83,1,0
BRDA:2,84,0,0
BRDA:2,84,1,0
BRDA:2,85,0,0
BRDA:2,85,1,0
BRDA:2,86,0,0
BRDA:2,86,1,0
BRDA:2,87,0,0
BRDA:2,87,1,0
BRDA:2,88,0,0
BRDA:2,88,1,0
BRDA:2,89,0,0
BRDA:2,89,1,0
BRDA:2,89,2,0
BRDA:2,90,0,0
BRDA:2,90,1,0
BRDA:2,91,0,0
BRDA:2,91,1,0
BRDA:2,92,0,0
BRDA:2,92,1,0
BRDA:2,93,0,0
BRDA:2,93,1,0
BRDA:2,94,0,0
BRDA:2,94,1,0
BRDA:2,95,0,0
BRDA:2,95,1,0
BRDA:2,96,0,0
BRDA:2,96,1,0
BRDA:2,97,0,0
BRDA:2,97,1,0
BRDA:2,98,0,0
BRDA:2,98,1,0
BRDA:2,99,0,0
BRDA:2,99,1,0
BRDA:2,100,0,0
BRDA:2,100,1,0
BRDA:2,101,0,0
BRDA:2,101,1,0
BRDA:2,102,0,0
BRDA:2,102,1,0
BRDA:2,103,0,0
BRDA:2,103,1,0
BRDA:2,104,0,0
BRDA:2,104,1,0
BRDA:2,105,0,0
BRDA:2,105,1,0
BRDA:2,106,0,0
BRDA:2,106,1,0
BRDA:2,107,0,0
BRDA:2,107,1,0
BRDA:2,108,0,0
BRDA:2,108,1,0
BRDA:2,109,0,0
BRDA:2,109,1,0
BRDA:2,110,0,0
BRDA:2,110,1,0
BRDA:2,111,0,0
BRDA:2,111,1,0
BRDA:2,112,0,0
BRDA:2,112,1,0
BRDA:2,113,0,0
BRDA:2,113,1,0
BRDA:2,114,0,0
BRDA:2,114,1,0
BRDA:2,115,0,0
BRDA:2,115,1,0
BRDA:2,116,0,0
BRDA:2,116,1,0
BRDA:2,117,0,0
BRDA:2,117,1,0
BRDA:2,118,0,0
BRDA:2,118,1,0
BRDA:2,119,0,0
BRDA:2,119,1,0
BRDA:2,120,0,0
BRDA:2,120,1,0
BRDA:2,121,0,0
BRDA:2,121,1,0
BRDA:2,122,0,0
BRDA:2,122,1,0
BRDA:2,123,0,0
BRDA:2,123,1,0
BRDA:2,124,0,0
BRDA:2,124,1,0
BRDA:2,125,0,0
BRDA:2,125,1,0
BRDA:2,126,0,0
BRDA:2,126,1,0
BRDA:2,127,0,0
BRDA:2,127,1,0
BRDA:2,128,0,0
BRDA:2,128,1,0
BRDA:2,128,2,0
BRDA:2,129,0,0
BRDA:2,129,1,0
BRDA:2,130,0,0
BRDA:2,130,1,0
BRDA:2,131,0,0
BRDA:2,131,1,0
BRDA:2,131,2,0
BRDA:2,131,3,0
BRDA:2,131,4,0
BRDA:2,132,0,0
BRDA:2,132,1,0
BRDA:2,133,0,0
BRDA:2,133,1,0
BRDA:2,134,0,0
BRDA:2,134,1,0
BRDA:2,135,0,0
BRDA:2,135,1,0
BRDA:2,136,0,0
BRDA:2,136,1,0
BRDA:2,137,0,0
BRDA:2,137,1,0
BRDA:2,138,0,0
BRDA:2,138,1,0
BRF:286
BRH:0
end_of_record
TN:
SF:coverage\lcov-report\sorter.js
FN:2,(anonymous_0)
FN:11,getTable
FN:15,getTableHeader
FN:19,getTableBody
FN:23,getNthColumn
FN:27,onFilterInput
FN:59,addSearchBox
FN:67,loadColumns
FN:92,loadRowData
FN:111,loadData
FN:120,sortByIndex
FN:122,(anonymous_11)
FN:134,(anonymous_12)
FN:151,removeSortIndicators
FN:159,addSortIndicators
FN:165,enableUI
FN:168,ithSorter
FN:171,(anonymous_17)
FN:198,(anonymous_18)
FNF:19
FNH:0
FNDA:0,(anonymous_0)
FNDA:0,getTable
FNDA:0,getTableHeader
FNDA:0,getTableBody
FNDA:0,getNthColumn
FNDA:0,onFilterInput
FNDA:0,addSearchBox
FNDA:0,loadColumns
FNDA:0,loadRowData
FNDA:0,loadData
FNDA:0,sortByIndex
FNDA:0,(anonymous_11)
FNDA:0,(anonymous_12)
FNDA:0,removeSortIndicators
FNDA:0,addSortIndicators
FNDA:0,enableUI
FNDA:0,ithSorter
FNDA:0,(anonymous_17)
FNDA:0,(anonymous_18)
DA:2,0
DA:5,0
DA:12,0
DA:16,0
DA:20,0
DA:24,0
DA:28,0
DA:29,0
DA:34,0
DA:35,0
DA:37,0
DA:40,0
DA:41,0
DA:42,0
DA:44,0
DA:46,0
DA:49,0
DA:54,0
DA:60,0
DA:61,0
DA:62,0
DA:63,0
DA:68,0
DA:70,0
DA:74,0
DA:75,0
DA:76,0
DA:81,0
DA:82,0
DA:83,0
DA:84,0
DA:88,0
DA:93,0
DA:96,0
DA:99,0
DA:100,0
DA:101,0
DA:102,0
DA:103,0
DA:104,0
DA:106,0
DA:108,0
DA:112,0
DA:115,0
DA:116,0
DA:121,0
DA:122,0
DA:123,0
DA:124,0
DA:125,0
DA:127,0
DA:128,0
DA:129,0
DA:130,0
DA:133,0
DA:134,0
DA:135,0
DA:139,0
DA:140,0
DA:141,0
DA:144,0
DA:146,0
DA:147,0
DA:152,0
DA:153,0
DA:155,0
DA:156,0
DA:160,0
DA:168,0
DA:169,0
DA:171,0
DA:172,0
DA:174,0
DA:175,0
DA:177,0
DA:178,0
DA:179,0
DA:180,0
DA:181,0
DA:184,0
DA:185,0
DA:188,0
DA:189,0
DA:190,0
DA:192,0
DA:198,0
DA:199,0
DA:200,0
DA:202,0
DA:203,0
DA:204,0
DA:205,0
DA:206,0
DA:210,0
LF:94
LH:0
BRDA:44,0,0,0
BRDA:44,0,1,0
BRDA:54,1,0,0
BRDA:54,1,1,0
BRDA:79,2,0,0
BRDA:79,2,1,0
BRDA:82,3,0,0
BRDA:82,3,1,0
BRDA:103,4,0,0
BRDA:103,4,1,0
BRDA:125,5,0,0
BRDA:125,5,1,0
BRDA:125,6,0,0
BRDA:125,6,1,0
BRDA:133,7,0,0
BRDA:133,7,1,0
BRDA:160,8,0,0
BRDA:160,8,1,0
BRDA:174,9,0,0
BRDA:174,9,1,0
BRDA:185,10,0,0
BRDA:185,10,1,0
BRDA:189,11,0,0
BRDA:189,11,1,0
BRDA:199,12,0,0
BRDA:199,12,1,0
BRF:26
BRH:0
end_of_record
TN:
SF:sut-wechat-mini\assets\js\admin.js
FN:6,(anonymous_0)
FN:11,initSettingsPage
FN:13,(anonymous_2)
FN:35,(anonymous_3)
FN:45,(anonymous_4)
FN:53,(anonymous_5)
FN:70,(anonymous_6)
FN:89,initImageUpload
FN:92,(anonymous_8)
FN:115,(anonymous_9)
FN:127,(anonymous_10)
FN:143,initUserManagement
FN:145,(anonymous_12)
FN:160,(anonymous_13)
FN:163,(anonymous_14)
FN:166,(anonymous_15)
FN:175,(anonymous_16)
FN:178,(anonymous_17)
FN:189,initAccordion
FN:190,(anonymous_19)
FN:205,initToggles
FN:206,(anonymous_21)
FN:220,initCharts
FN:325,(anonymous_23)
FN:338,(anonymous_24)
FN:358,initFormValidation
FN:360,(anonymous_26)
FN:365,(anonymous_27)
FN:380,(anonymous_28)
FN:393,(anonymous_29)
FN:412,(anonymous_30)
FN:454,scrollToFirstError
FN:466,initLoadMore
FN:467,(anonymous_33)
FN:489,(anonymous_34)
FN:506,(anonymous_35)
FN:510,(anonymous_36)
FN:522,initSearch
FN:524,(anonymous_38)
FN:532,(anonymous_39)
FN:553,(anonymous_40)
FN:560,(anonymous_41)
FN:563,(anonymous_42)
FN:574,initCopyToClipboard
FN:575,(anonymous_44)
FN:591,(anonymous_45)
FN:599,(anonymous_46)
FN:612,initResponsiveTables
FN:614,(anonymous_48)
FN:619,(anonymous_49)
FN:623,(anonymous_50)
FN:639,showNotice
FN:650,(anonymous_52)
FN:651,(anonymous_53)
FN:662,showLoadingOverlay
FN:674,hideLoadingOverlay
FN:675,(anonymous_56)
FN:683,animateScroll
FN:688,(anonymous_58)
FN:702,(anonymous_59)
FN:716,(anonymous_60)
FN:718,(anonymous_61)
FN:725,(anonymous_62)
FN:739,(anonymous_63)
FN:747,(anonymous_64)
FN:797,(anonymous_65)
FNF:66
FNH:0
FNDA:0,(anonymous_0)
FNDA:0,initSettingsPage
FNDA:0,(anonymous_2)
FNDA:0,(anonymous_3)
FNDA:0,(anonymous_4)
FNDA:0,(anonymous_5)
FNDA:0,(anonymous_6)
FNDA:0,initImageUpload
FNDA:0,(anonymous_8)
FNDA:0,(anonymous_9)
FNDA:0,(anonymous_10)
FNDA:0,initUserManagement
FNDA:0,(anonymous_12)
FNDA:0,(anonymous_13)
FNDA:0,(anonymous_14)
FNDA:0,(anonymous_15)
FNDA:0,(anonymous_16)
FNDA:0,(anonymous_17)
FNDA:0,initAccordion
FNDA:0,(anonymous_19)
FNDA:0,initToggles
FNDA:0,(anonymous_21)
FNDA:0,initCharts
FNDA:0,(anonymous_23)
FNDA:0,(anonymous_24)
FNDA:0,initFormValidation
FNDA:0,(anonymous_26)
FNDA:0,(anonymous_27)
FNDA:0,(anonymous_28)
FNDA:0,(anonymous_29)
FNDA:0,(anonymous_30)
FNDA:0,scrollToFirstError
FNDA:0,initLoadMore
FNDA:0,(anonymous_33)
FNDA:0,(anonymous_34)
FNDA:0,(anonymous_35)
FNDA:0,(anonymous_36)
FNDA:0,initSearch
FNDA:0,(anonymous_38)
FNDA:0,(anonymous_39)
FNDA:0,(anonymous_40)
FNDA:0,(anonymous_41)
FNDA:0,(anonymous_42)
FNDA:0,initCopyToClipboard
FNDA:0,(anonymous_44)
FNDA:0,(anonymous_45)
FNDA:0,(anonymous_46)
FNDA:0,initResponsiveTables
FNDA:0,(anonymous_48)
FNDA:0,(anonymous_49)
FNDA:0,(anonymous_50)
FNDA:0,showNotice
FNDA:0,(anonymous_52)
FNDA:0,(anonymous_53)
FNDA:0,showLoadingOverlay
FNDA:0,hideLoadingOverlay
FNDA:0,(anonymous_56)
FNDA:0,animateScroll
FNDA:0,(anonymous_58)
FNDA:0,(anonymous_59)
FNDA:0,(anonymous_60)
FNDA:0,(anonymous_61)
FNDA:0,(anonymous_62)
FNDA:0,(anonymous_63)
FNDA:0,(anonymous_64)
FNDA:0,(anonymous_65)
DA:6,0
DA:13,0
DA:14,0
DA:15,0
DA:16,0
DA:17,0
DA:20,0
DA:21,0
DA:24,0
DA:25,0
DA:28,0
DA:31,0
DA:35,0
DA:36,0
DA:37,0
DA:38,0
DA:41,0
DA:42,0
DA:45,0
DA:46,0
DA:47,0
DA:48,0
DA:53,0
DA:54,0
DA:55,0
DA:56,0
DA:58,0
DA:59,0
DA:64,0
DA:65,0
DA:66,0
DA:67,0
DA:70,0
DA:71,0
DA:77,0
DA:78,0
DA:79,0
DA:82,0
DA:92,0
DA:93,0
DA:95,0
DA:96,0
DA:97,0
DA:98,0
DA:101,0
DA:102,0
DA:106,0
DA:115,0
DA:116,0
DA:117,0
DA:118,0
DA:119,0
DA:123,0
DA:127,0
DA:128,0
DA:130,0
DA:131,0
DA:132,0
DA:134,0
DA:135,0
DA:136,0
DA:145,0
DA:146,0
DA:148,0
DA:149,0
DA:151,0
DA:152,0
DA:161,0
DA:164,0
DA:166,0
DA:167,0
DA:170,0
DA:172,0
DA:176,0
DA:179,0
DA:190,0
DA:191,0
DA:192,0
DA:193,0
DA:196,0
DA:198,0
DA:206,0
DA:207,0
DA:208,0
DA:209,0
DA:211,0
DA:212,0
DA:221,0
DA:223,0
DA:224,0
DA:225,0
DA:226,0
DA:227,0
DA:230,0
DA:231,0
DA:232,0
DA:233,0
DA:234,0
DA:237,0
DA:287,0
DA:288,0
DA:289,0
DA:290,0
DA:291,0
DA:294,0
DA:295,0
DA:296,0
DA:297,0
DA:298,0
DA:301,0
DA:326,0
DA:339,0
DA:360,0
DA:361,0
DA:362,0
DA:365,0
DA:366,0
DA:367,0
DA:369,0
DA:370,0
DA:371,0
DA:372,0
DA:374,0
DA:375,0
DA:380,0
DA:381,0
DA:382,0
DA:383,0
DA:385,0
DA:386,0
DA:387,0
DA:388,0
DA:393,0
DA:394,0
DA:395,0
DA:396,0
DA:398,0
DA:399,0
DA:400,0
DA:401,0
DA:405,0
DA:406,0
DA:407,0
DA:412,0
DA:413,0
DA:414,0
DA:417,0
DA:420,0
DA:421,0
DA:422,0
DA:423,0
DA:424,0
DA:428,0
DA:429,0
DA:430,0
DA:431,0
DA:432,0
DA:434,0
DA:439,0
DA:440,0
DA:441,0
DA:442,0
DA:443,0
DA:445,0
DA:455,0
DA:456,0
DA:457,0
DA:467,0
DA:468,0
DA:470,0
DA:471,0
DA:472,0
DA:473,0
DA:474,0
DA:475,0
DA:478,0
DA:481,0
DA:490,0
DA:492,0
DA:495,0
DA:498,0
DA:499,0
DA:503,0
DA:508,0
DA:512,0
DA:513,0
DA:524,0
DA:525,0
DA:526,0
DA:527,0
DA:532,0
DA:533,0
DA:534,0
DA:535,0
DA:536,0
DA:537,0
DA:538,0
DA:539,0
DA:542,0
DA:545,0
DA:554,0
DA:555,0
DA:557,0
DA:561,0
DA:564,0
DA:565,0
DA:575,0
DA:576,0
DA:577,0
DA:578,0
DA:581,0
DA:582,0
DA:583,0
DA:585,0
DA:587,0
DA:588,0
DA:591,0
DA:592,0
DA:595,0
DA:596,0
DA:599,0
DA:600,0
DA:604,0
DA:613,0
DA:614,0
DA:615,0
DA:616,0
DA:617,0
DA:619,0
DA:620,0
DA:621,0
DA:623,0
DA:624,0
DA:625,0
DA:626,0
DA:632,0
DA:640,0
DA:641,0
DA:644,0
DA:647,0
DA:650,0
DA:651,0
DA:652,0
DA:656,0
DA:663,0
DA:664,0
DA:665,0
DA:668,0
DA:675,0
DA:676,0
DA:684,0
DA:685,0
DA:686,0
DA:688,0
DA:689,0
DA:690,0
DA:691,0
DA:692,0
DA:695,0
DA:702,0
DA:703,0
DA:705,0
DA:706,0
DA:708,0
DA:716,0
DA:717,0
DA:719,0
DA:725,0
DA:726,0
DA:727,0
DA:730,0
DA:731,0
DA:735,0
DA:736,0
DA:739,0
DA:740,0
DA:741,0
DA:742,0
DA:747,0
DA:749,0
DA:750,0
DA:754,0
DA:755,0
DA:759,0
DA:760,0
DA:764,0
DA:765,0
DA:769,0
DA:770,0
DA:774,0
DA:775,0
DA:779,0
DA:780,0
DA:784,0
DA:785,0
DA:789,0
DA:790,0
DA:794,0
DA:797,0
DA:798,0
DA:802,0
DA:803,0
DA:804,0
DA:806,0
DA:807,0
DA:808,0
DA:809,0
LF:307
LH:0
BRDA:58,0,0,0
BRDA:58,0,1,0
BRDA:58,1,0,0
BRDA:58,1,1,0
BRDA:64,2,0,0
BRDA:64,2,1,0
BRDA:66,3,0,0
BRDA:66,3,1,0
BRDA:78,4,0,0
BRDA:78,4,1,0
BRDA:78,5,0,0
BRDA:78,5,1,0
BRDA:101,6,0,0
BRDA:101,6,1,0
BRDA:151,7,0,0
BRDA:151,7,1,0
BRDA:164,8,0,0
BRDA:164,8,1,0
BRDA:172,9,0,0
BRDA:172,9,1,0
BRDA:211,10,0,0
BRDA:211,10,1,0
BRDA:211,11,0,0
BRDA:211,11,1,0
BRDA:212,12,0,0
BRDA:212,12,1,0
BRDA:221,13,0,0
BRDA:221,13,1,0
BRDA:224,14,0,0
BRDA:224,14,1,0
BRDA:288,15,0,0
BRDA:288,15,1,0
BRDA:369,16,0,0
BRDA:369,16,1,0
BRDA:385,17,0,0
BRDA:385,17,1,0
BRDA:385,18,0,0
BRDA:385,18,1,0
BRDA:398,19,0,0
BRDA:398,19,1,0
BRDA:398,20,0,0
BRDA:398,20,1,0
BRDA:405,21,0,0
BRDA:405,21,1,0
BRDA:420,22,0,0
BRDA:420,22,1,0
BRDA:420,23,0,0
BRDA:420,23,1,0
BRDA:423,24,0,0
BRDA:423,24,1,0
BRDA:428,25,0,0
BRDA:428,25,1,0
BRDA:430,26,0,0
BRDA:430,26,1,0
BRDA:439,27,0,0
BRDA:439,27,1,0
BRDA:441,28,0,0
BRDA:441,28,1,0
BRDA:456,29,0,0
BRDA:456,29,1,0
BRDA:473,30,0,0
BRDA:473,30,1,0
BRDA:474,31,0,0
BRDA:474,31,1,0
BRDA:475,32,0,0
BRDA:475,32,1,0
BRDA:490,33,0,0
BRDA:490,33,1,0
BRDA:490,34,0,0
BRDA:490,34,1,0
BRDA:498,35,0,0
BRDA:498,35,1,0
BRDA:503,36,0,0
BRDA:503,36,1,0
BRDA:525,37,0,0
BRDA:525,37,1,0
BRDA:536,38,0,0
BRDA:536,38,1,0
BRDA:537,39,0,0
BRDA:537,39,1,0
BRDA:554,40,0,0
BRDA:554,40,1,0
BRDA:557,41,0,0
BRDA:557,41,1,0
BRDA:577,42,0,0
BRDA:577,42,1,0
BRDA:613,43,0,0
BRDA:613,43,1,0
BRDA:640,44,0,0
BRDA:640,44,1,0
BRDA:641,45,0,0
BRDA:641,45,1,0
BRDA:663,46,0,0
BRDA:663,46,1,0
BRDA:690,47,0,0
BRDA:690,47,1,0
BRDA:690,48,0,0
BRDA:690,48,1,0
BRDA:690,48,2,0
BRDA:690,48,3,0
BRDA:706,49,0,0
BRDA:706,49,1,0
BRDA:730,50,0,0
BRDA:730,50,1,0
BRDA:749,51,0,0
BRDA:749,51,1,0
BRDA:754,52,0,0
BRDA:754,52,1,0
BRDA:759,53,0,0
BRDA:759,53,1,0
BRDA:764,54,0,0
BRDA:764,54,1,0
BRDA:769,55,0,0
BRDA:769,55,1,0
BRDA:774,56,0,0
BRDA:774,56,1,0
BRDA:779,57,0,0
BRDA:779,57,1,0
BRDA:784,58,0,0
BRDA:784,58,1,0
BRDA:789,59,0,0
BRDA:789,59,1,0
BRDA:802,60,0,0
BRDA:802,60,1,0
BRDA:804,61,0,0
BRDA:804,61,1,0
BRF:126
BRH:0
end_of_record
