TN:
SF:SutWxApp\app.js
FN:13,(anonymous_0)
FN:34,(anonymous_1)
FN:43,(anonymous_2)
FNF:3
FNH:2
FNDA:3,(anonymous_0)
FNDA:0,(anonymous_1)
FNDA:2,(anonymous_2)
DA:1,1
DA:8,1
DA:14,3
DA:15,3
DA:16,2
DA:17,2
DA:18,1
DA:20,1
DA:25,3
DA:44,2
DA:46,2
LF:11
LH:11
BRDA:16,0,0,2
BRDA:16,0,1,0
BRDA:17,1,0,1
BRDA:17,1,1,1
BRF:4
BRH:3
end_of_record
TN:
SF:SutWxApp\components\emptyState\emptyState.js
FN:92,(anonymous_0)
FNF:1
FNH:0
FNDA:0,(anonymous_0)
DA:5,0
DA:93,0
LF:2
LH:0
BRF:0
BRH:0
end_of_record
TN:
SF:SutWxApp\components\lazyImage\lazyImage.js
FN:24,(anonymous_0)
FNF:1
FNH:1
FNDA:2,(anonymous_0)
DA:5,1
DA:25,2
LF:2
LH:2
BRF:0
BRH:0
end_of_record
TN:
SF:SutWxApp\components\loadMore\loadMore.js
FN:59,(anonymous_0)
FNF:1
FNH:0
FNDA:0,(anonymous_0)
DA:5,0
DA:60,0
DA:61,0
LF:3
LH:0
BRDA:60,0,0,0
BRDA:60,0,1,0
BRDA:60,1,0,0
BRDA:60,1,1,0
BRF:4
BRH:0
end_of_record
TN:
SF:SutWxApp\components\modal\modal.js
FN:86,(anonymous_0)
FN:93,(anonymous_1)
FN:102,(anonymous_2)
FN:120,(anonymous_3)
FN:131,(anonymous_4)
FN:140,(anonymous_5)
FNF:6
FNH:0
FNDA:0,(anonymous_0)
FNDA:0,(anonymous_1)
FNDA:0,(anonymous_2)
FNDA:0,(anonymous_3)
FNDA:0,(anonymous_4)
FNDA:0,(anonymous_5)
DA:5,0
DA:94,0
DA:95,0
DA:103,0
DA:109,0
DA:110,0
DA:113,0
DA:114,0
DA:121,0
DA:125,0
DA:132,0
DA:141,0
LF:12
LH:0
BRDA:94,0,0,0
BRDA:94,0,1,0
BRDA:109,1,0,0
BRDA:109,1,1,0
BRF:4
BRH:0
end_of_record
TN:
SF:SutWxApp\components\orderCard\orderCard.js
FN:54,(anonymous_0)
FN:63,(anonymous_1)
FN:73,(anonymous_2)
FN:83,(anonymous_3)
FN:93,(anonymous_4)
FN:103,(anonymous_5)
FN:113,(anonymous_6)
FNF:7
FNH:0
FNDA:0,(anonymous_0)
FNDA:0,(anonymous_1)
FNDA:0,(anonymous_2)
FNDA:0,(anonymous_3)
FNDA:0,(anonymous_4)
FNDA:0,(anonymous_5)
FNDA:0,(anonymous_6)
DA:5,0
DA:55,0
DA:64,0
DA:65,0
DA:74,0
DA:75,0
DA:84,0
DA:85,0
DA:94,0
DA:95,0
DA:104,0
DA:105,0
DA:114,0
LF:13
LH:0
BRDA:114,0,0,0
BRDA:114,0,1,0
BRF:2
BRH:0
end_of_record
TN:
SF:SutWxApp\components\productCard\productCard.js
FN:52,(anonymous_0)
FN:61,(anonymous_1)
FN:71,(anonymous_2)
FN:82,(anonymous_3)
FNF:4
FNH:0
FNDA:0,(anonymous_0)
FNDA:0,(anonymous_1)
FNDA:0,(anonymous_2)
FNDA:0,(anonymous_3)
DA:5,0
DA:53,0
DA:62,0
DA:63,0
DA:72,0
DA:73,0
DA:83,0
LF:7
LH:0
BRF:0
BRH:0
end_of_record
TN:
SF:SutWxApp\components\rating\rating.js
FN:76,(anonymous_0)
FN:85,(anonymous_1)
FN:97,(anonymous_2)
FN:126,(anonymous_3)
FN:137,(anonymous_4)
FNF:5
FNH:0
FNDA:0,(anonymous_0)
FNDA:0,(anonymous_1)
FNDA:0,(anonymous_2)
FNDA:0,(anonymous_3)
FNDA:0,(anonymous_4)
DA:5,0
DA:77,0
DA:86,0
DA:98,0
DA:99,0
DA:101,0
DA:102,0
DA:104,0
DA:105,0
DA:106,0
DA:107,0
DA:108,0
DA:111,0
DA:114,0
DA:120,0
DA:127,0
DA:129,0
DA:130,0
DA:131,0
DA:138,0
DA:140,0
DA:141,0
DA:142,0
DA:143,0
LF:24
LH:0
BRDA:104,0,0,0
BRDA:104,0,1,0
BRDA:105,1,0,0
BRDA:105,1,1,0
BRDA:107,2,0,0
BRDA:107,2,1,0
BRDA:111,3,0,0
BRDA:111,3,1,0
BRDA:127,4,0,0
BRDA:127,4,1,0
BRDA:138,5,0,0
BRDA:138,5,1,0
BRDA:138,6,0,0
BRDA:138,6,1,0
BRF:14
BRH:0
end_of_record
TN:
SF:SutWxApp\pages\article\detail\detail.js
FN:19,(anonymous_0)
FN:30,(anonymous_1)
FN:42,(anonymous_2)
FN:45,(anonymous_3)
FNF:4
FNH:0
FNDA:0,(anonymous_0)
FNDA:0,(anonymous_1)
FNDA:0,(anonymous_2)
FNDA:0,(anonymous_3)
DA:5,0
DA:20,0
DA:21,0
DA:22,0
DA:32,0
DA:33,0
DA:43,0
DA:45,0
DA:46,0
DA:53,0
DA:60,0
LF:11
LH:0
BRDA:20,0,0,0
BRDA:20,0,1,0
BRDA:32,1,0,0
BRDA:32,1,1,0
BRF:4
BRH:0
end_of_record
TN:
SF:SutWxApp\pages\cart\cart.js
FN:22,(anonymous_0)
FN:30,(anonymous_1)
FN:41,(anonymous_2)
FN:50,(anonymous_3)
FN:51,(anonymous_4)
FN:61,(anonymous_5)
FN:63,(anonymous_6)
FN:100,(anonymous_7)
FN:105,(anonymous_8)
FN:115,(anonymous_9)
FN:124,(anonymous_10)
FN:138,(anonymous_11)
FN:142,(anonymous_12)
FN:159,(anonymous_13)
FN:174,(anonymous_14)
FN:190,(anonymous_15)
FN:197,(anonymous_16)
FN:211,(anonymous_17)
FN:232,(anonymous_18)
FNF:19
FNH:0
FNDA:0,(anonymous_0)
FNDA:0,(anonymous_1)
FNDA:0,(anonymous_2)
FNDA:0,(anonymous_3)
FNDA:0,(anonymous_4)
FNDA:0,(anonymous_5)
FNDA:0,(anonymous_6)
FNDA:0,(anonymous_7)
FNDA:0,(anonymous_8)
FNDA:0,(anonymous_9)
FNDA:0,(anonymous_10)
FNDA:0,(anonymous_11)
FNDA:0,(anonymous_12)
FNDA:0,(anonymous_13)
FNDA:0,(anonymous_14)
FNDA:0,(anonymous_15)
FNDA:0,(anonymous_16)
FNDA:0,(anonymous_17)
FNDA:0,(anonymous_18)
DA:5,0
DA:7,0
DA:23,0
DA:32,0
DA:33,0
DA:43,0
DA:51,0
DA:52,0
DA:62,0
DA:63,0
DA:64,0
DA:83,0
DA:89,0
DA:90,0
DA:93,0
DA:101,0
DA:102,0
DA:103,0
DA:105,0
DA:106,0
DA:107,0
DA:108,0
DA:112,0
DA:115,0
DA:125,0
DA:126,0
DA:128,0
DA:130,0
DA:131,0
DA:139,0
DA:140,0
DA:142,0
DA:143,0
DA:146,0
DA:151,0
DA:160,0
DA:161,0
DA:163,0
DA:165,0
DA:166,0
DA:175,0
DA:176,0
DA:178,0
DA:179,0
DA:180,0
DA:181,0
DA:191,0
DA:192,0
DA:194,0
DA:198,0
DA:199,0
DA:200,0
DA:201,0
DA:212,0
DA:214,0
DA:215,0
DA:219,0
DA:222,0
DA:233,0
DA:234,0
LF:60
LH:0
BRDA:32,0,0,0
BRDA:32,0,1,0
BRDA:90,1,0,0
BRDA:90,1,1,0
BRDA:106,2,0,0
BRDA:106,2,1,0
BRDA:115,3,0,0
BRDA:115,3,1,0
BRDA:178,4,0,0
BRDA:178,4,1,0
BRDA:198,5,0,0
BRDA:198,5,1,0
BRDA:214,6,0,0
BRDA:214,6,1,0
BRF:14
BRH:0
end_of_record
TN:
SF:SutWxApp\pages\category\category.js
FN:23,(anonymous_0)
FN:34,(anonymous_1)
FN:48,(anonymous_2)
FN:56,(anonymous_3)
FN:57,(anonymous_4)
FN:66,(anonymous_5)
FN:75,(anonymous_6)
FN:77,(anonymous_7)
FN:109,(anonymous_8)
FN:121,(anonymous_9)
FN:124,(anonymous_10)
FN:146,(anonymous_11)
FNF:12
FNH:0
FNDA:0,(anonymous_0)
FNDA:0,(anonymous_1)
FNDA:0,(anonymous_2)
FNDA:0,(anonymous_3)
FNDA:0,(anonymous_4)
FNDA:0,(anonymous_5)
FNDA:0,(anonymous_6)
FNDA:0,(anonymous_7)
FNDA:0,(anonymous_8)
FNDA:0,(anonymous_9)
FNDA:0,(anonymous_10)
FNDA:0,(anonymous_11)
DA:5,0
DA:7,0
DA:24,0
DA:25,0
DA:27,0
DA:36,0
DA:37,0
DA:39,0
DA:40,0
DA:57,0
DA:58,0
DA:76,0
DA:77,0
DA:78,0
DA:85,0
DA:92,0
DA:98,0
DA:101,0
DA:110,0
DA:111,0
DA:113,0
DA:123,0
DA:124,0
DA:126,0
DA:131,0
DA:138,0
DA:147,0
DA:148,0
LF:28
LH:0
BRDA:24,0,0,0
BRDA:24,0,1,0
BRDA:36,1,0,0
BRDA:36,1,1,0
BRDA:39,2,0,0
BRDA:39,2,1,0
BRDA:98,3,0,0
BRDA:98,3,1,0
BRF:8
BRH:0
end_of_record
TN:
SF:SutWxApp\pages\index\index.js
FN:21,(anonymous_0)
FN:29,(anonymous_1)
FN:40,(anonymous_2)
FN:48,(anonymous_3)
FN:49,(anonymous_4)
FN:58,(anonymous_5)
FN:67,(anonymous_6)
FN:69,(anonymous_7)
FN:105,(anonymous_8)
FN:116,(anonymous_9)
FNF:10
FNH:0
FNDA:0,(anonymous_0)
FNDA:0,(anonymous_1)
FNDA:0,(anonymous_2)
FNDA:0,(anonymous_3)
FNDA:0,(anonymous_4)
FNDA:0,(anonymous_5)
FNDA:0,(anonymous_6)
FNDA:0,(anonymous_7)
FNDA:0,(anonymous_8)
FNDA:0,(anonymous_9)
DA:5,0
DA:7,0
DA:22,0
DA:31,0
DA:32,0
DA:49,0
DA:50,0
DA:68,0
DA:69,0
DA:70,0
DA:75,0
DA:81,0
DA:88,0
DA:95,0
DA:98,0
DA:106,0
DA:107,0
DA:117,0
DA:118,0
LF:19
LH:0
BRDA:31,0,0,0
BRDA:31,0,1,0
BRDA:95,1,0,0
BRDA:95,1,1,0
BRF:4
BRH:0
end_of_record
TN:
SF:SutWxApp\pages\notification\list.js
FN:23,(anonymous_0)
FN:30,(anonymous_1)
FN:37,(anonymous_2)
FN:50,(anonymous_3)
FN:57,(anonymous_4)
FN:64,(anonymous_5)
FN:76,(anonymous_6)
FN:85,(anonymous_7)
FN:96,(anonymous_8)
FN:107,(anonymous_9)
FN:126,(anonymous_10)
FN:147,(anonymous_11)
FN:152,(anonymous_12)
FN:154,(anonymous_13)
FN:165,(anonymous_14)
FN:193,(anonymous_15)
FN:195,(anonymous_16)
FN:197,(anonymous_17)
FN:210,(anonymous_18)
FNF:19
FNH:0
FNDA:0,(anonymous_0)
FNDA:0,(anonymous_1)
FNDA:0,(anonymous_2)
FNDA:0,(anonymous_3)
FNDA:0,(anonymous_4)
FNDA:0,(anonymous_5)
FNDA:0,(anonymous_6)
FNDA:0,(anonymous_7)
FNDA:0,(anonymous_8)
FNDA:0,(anonymous_9)
FNDA:0,(anonymous_10)
FNDA:0,(anonymous_11)
FNDA:0,(anonymous_12)
FNDA:0,(anonymous_13)
FNDA:0,(anonymous_14)
FNDA:0,(anonymous_15)
FNDA:0,(anonymous_16)
FNDA:0,(anonymous_17)
FNDA:0,(anonymous_18)
DA:2,0
DA:7,0
DA:24,0
DA:39,0
DA:44,0
DA:65,0
DA:70,0
DA:77,0
DA:78,0
DA:86,0
DA:97,0
DA:99,0
DA:103,0
DA:108,0
DA:109,0
DA:110,0
DA:111,0
DA:113,0
DA:122,0
DA:123,0
DA:127,0
DA:131,0
DA:137,0
DA:138,0
DA:148,0
DA:151,0
DA:154,0
DA:155,0
DA:156,0
DA:158,0
DA:161,0
DA:166,0
DA:170,0
DA:171,0
DA:174,0
DA:175,0
DA:178,0
DA:179,0
DA:182,0
DA:184,0
DA:194,0
DA:197,0
DA:198,0
DA:201,0
DA:205,0
DA:211,0
LF:46
LH:0
BRDA:77,0,0,0
BRDA:77,0,1,0
BRDA:77,1,0,0
BRDA:77,1,1,0
BRDA:96,2,0,0
BRDA:97,3,0,0
BRDA:97,3,1,0
BRDA:108,4,0,0
BRDA:108,4,1,0
BRDA:109,5,0,0
BRDA:109,5,1,0
BRDA:118,6,0,0
BRDA:118,6,1,0
BRDA:122,7,0,0
BRDA:122,7,1,0
BRDA:132,8,0,0
BRDA:132,8,1,0
BRDA:137,9,0,0
BRDA:137,9,1,0
BRDA:155,10,0,0
BRDA:155,10,1,0
BRDA:170,11,0,0
BRDA:170,11,1,0
BRDA:170,12,0,0
BRDA:170,12,1,0
BRDA:174,13,0,0
BRDA:174,13,1,0
BRDA:174,14,0,0
BRDA:174,14,1,0
BRDA:178,15,0,0
BRDA:178,15,1,0
BRDA:178,16,0,0
BRDA:178,16,1,0
BRDA:182,17,0,0
BRDA:182,17,1,0
BRDA:212,18,0,0
BRDA:212,18,1,0
BRF:37
BRH:0
end_of_record
TN:
SF:SutWxApp\pages\order\review.js
FN:26,(anonymous_0)
FN:58,(anonymous_1)
FN:70,(anonymous_2)
FN:80,(anonymous_3)
FN:90,(anonymous_4)
FN:99,(anonymous_5)
FNF:6
FNH:0
FNDA:0,(anonymous_0)
FNDA:0,(anonymous_1)
FNDA:0,(anonymous_2)
FNDA:0,(anonymous_3)
FNDA:0,(anonymous_4)
FNDA:0,(anonymous_5)
DA:6,0
DA:8,0
DA:27,0
DA:29,0
DA:34,0
DA:59,0
DA:60,0
DA:71,0
DA:81,0
DA:91,0
DA:100,0
DA:101,0
DA:102,0
DA:106,0
DA:109,0
LF:15
LH:0
BRDA:101,0,0,0
BRDA:101,0,1,0
BRF:2
BRH:0
end_of_record
TN:
SF:SutWxApp\pages\order\confirm\confirm.js
FN:31,(anonymous_0)
FN:47,(anonymous_1)
FN:64,(anonymous_2)
FN:74,(anonymous_3)
FN:76,(anonymous_4)
FN:109,(anonymous_5)
FN:110,(anonymous_6)
FN:135,(anonymous_7)
FN:146,(anonymous_8)
FN:156,(anonymous_9)
FN:164,(anonymous_10)
FN:207,(anonymous_11)
FN:217,(anonymous_12)
FN:219,(anonymous_13)
FNF:14
FNH:0
FNDA:0,(anonymous_0)
FNDA:0,(anonymous_1)
FNDA:0,(anonymous_2)
FNDA:0,(anonymous_3)
FNDA:0,(anonymous_4)
FNDA:0,(anonymous_5)
FNDA:0,(anonymous_6)
FNDA:0,(anonymous_7)
FNDA:0,(anonymous_8)
FNDA:0,(anonymous_9)
FNDA:0,(anonymous_10)
FNDA:0,(anonymous_11)
FNDA:0,(anonymous_12)
FNDA:0,(anonymous_13)
DA:5,0
DA:7,0
DA:32,0
DA:33,0
DA:37,0
DA:40,0
DA:49,0
DA:50,0
DA:52,0
DA:53,0
DA:55,0
DA:56,0
DA:66,0
DA:75,0
DA:76,0
DA:77,0
DA:88,0
DA:89,0
DA:90,0
DA:92,0
DA:102,0
DA:110,0
DA:111,0
DA:122,0
DA:128,0
DA:136,0
DA:147,0
DA:148,0
DA:157,0
DA:165,0
DA:168,0
DA:169,0
DA:173,0
DA:177,0
DA:178,0
DA:182,0
DA:186,0
DA:203,0
DA:204,0
DA:207,0
DA:208,0
DA:211,0
DA:213,0
DA:219,0
DA:220,0
DA:227,0
DA:230,0
LF:47
LH:0
BRDA:32,0,0,0
BRDA:32,0,1,0
BRDA:35,1,0,0
BRDA:35,1,1,0
BRDA:49,2,0,0
BRDA:49,2,1,0
BRDA:52,3,0,0
BRDA:52,3,1,0
BRDA:55,4,0,0
BRDA:55,4,1,0
BRDA:168,5,0,0
BRDA:168,5,1,0
BRDA:177,6,0,0
BRDA:177,6,1,0
BRF:14
BRH:0
end_of_record
TN:
SF:SutWxApp\pages\order\detail\detail.js
FN:25,(anonymous_0)
FN:36,(anonymous_1)
FN:50,(anonymous_2)
FN:58,(anonymous_3)
FN:59,(anonymous_4)
FN:70,(anonymous_5)
FN:73,(anonymous_6)
FN:136,(anonymous_7)
FN:138,(anonymous_8)
FN:172,(anonymous_9)
FN:180,(anonymous_10)
FN:183,(anonymous_11)
FN:196,(anonymous_12)
FN:200,(anonymous_13)
FN:213,(anonymous_14)
FN:224,(anonymous_15)
FN:228,(anonymous_16)
FN:245,(anonymous_17)
FN:257,(anonymous_18)
FN:261,(anonymous_19)
FN:278,(anonymous_20)
FN:290,(anonymous_21)
FN:301,(anonymous_22)
FNF:23
FNH:0
FNDA:0,(anonymous_0)
FNDA:0,(anonymous_1)
FNDA:0,(anonymous_2)
FNDA:0,(anonymous_3)
FNDA:0,(anonymous_4)
FNDA:0,(anonymous_5)
FNDA:0,(anonymous_6)
FNDA:0,(anonymous_7)
FNDA:0,(anonymous_8)
FNDA:0,(anonymous_9)
FNDA:0,(anonymous_10)
FNDA:0,(anonymous_11)
FNDA:0,(anonymous_12)
FNDA:0,(anonymous_13)
FNDA:0,(anonymous_14)
FNDA:0,(anonymous_15)
FNDA:0,(anonymous_16)
FNDA:0,(anonymous_17)
FNDA:0,(anonymous_18)
FNDA:0,(anonymous_19)
FNDA:0,(anonymous_20)
FNDA:0,(anonymous_21)
FNDA:0,(anonymous_22)
DA:5,0
DA:7,0
DA:26,0
DA:27,0
DA:28,0
DA:38,0
DA:39,0
DA:41,0
DA:42,0
DA:59,0
DA:60,0
DA:71,0
DA:72,0
DA:73,0
DA:74,0
DA:119,0
DA:125,0
DA:128,0
DA:137,0
DA:138,0
DA:139,0
DA:157,0
DA:165,0
DA:173,0
DA:181,0
DA:184,0
DA:197,0
DA:198,0
DA:201,0
DA:214,0
DA:225,0
DA:229,0
DA:231,0
DA:235,0
DA:247,0
DA:258,0
DA:262,0
DA:264,0
DA:268,0
DA:280,0
DA:292,0
DA:302,0
DA:303,0
DA:305,0
LF:44
LH:0
BRDA:26,0,0,0
BRDA:26,0,1,0
BRDA:38,1,0,0
BRDA:38,1,1,0
BRDA:41,2,0,0
BRDA:41,2,1,0
BRDA:125,3,0,0
BRDA:125,3,1,0
BRDA:229,4,0,0
BRDA:229,4,1,0
BRDA:262,5,0,0
BRDA:262,5,1,0
BRF:12
BRH:0
end_of_record
TN:
SF:SutWxApp\pages\order\list\list.js
FN:29,(anonymous_0)
FN:41,(anonymous_1)
FN:55,(anonymous_2)
FN:64,(anonymous_3)
FN:69,(anonymous_4)
FN:78,(anonymous_5)
FN:89,(anonymous_6)
FN:91,(anonymous_7)
FN:153,(anonymous_8)
FN:172,(anonymous_9)
FN:176,(anonymous_10)
FN:217,(anonymous_11)
FN:232,(anonymous_12)
FN:244,(anonymous_13)
FN:250,(anonymous_14)
FN:268,(anonymous_15)
FN:274,(anonymous_16)
FN:292,(anonymous_17)
FN:307,(anonymous_18)
FNF:19
FNH:0
FNDA:0,(anonymous_0)
FNDA:0,(anonymous_1)
FNDA:0,(anonymous_2)
FNDA:0,(anonymous_3)
FNDA:0,(anonymous_4)
FNDA:0,(anonymous_5)
FNDA:0,(anonymous_6)
FNDA:0,(anonymous_7)
FNDA:0,(anonymous_8)
FNDA:0,(anonymous_9)
FNDA:0,(anonymous_10)
FNDA:0,(anonymous_11)
FNDA:0,(anonymous_12)
FNDA:0,(anonymous_13)
FNDA:0,(anonymous_14)
FNDA:0,(anonymous_15)
FNDA:0,(anonymous_16)
FNDA:0,(anonymous_17)
FNDA:0,(anonymous_18)
DA:5,0
DA:7,0
DA:30,0
DA:31,0
DA:34,0
DA:43,0
DA:44,0
DA:46,0
DA:47,0
DA:57,0
DA:65,0
DA:69,0
DA:70,0
DA:79,0
DA:80,0
DA:90,0
DA:91,0
DA:92,0
DA:151,0
DA:153,0
DA:155,0
DA:162,0
DA:165,0
DA:173,0
DA:175,0
DA:176,0
DA:177,0
DA:178,0
DA:197,0
DA:198,0
DA:200,0
DA:209,0
DA:218,0
DA:219,0
DA:224,0
DA:233,0
DA:234,0
DA:245,0
DA:246,0
DA:247,0
DA:251,0
DA:253,0
DA:257,0
DA:269,0
DA:270,0
DA:271,0
DA:275,0
DA:277,0
DA:281,0
DA:293,0
DA:294,0
DA:296,0
DA:308,0
DA:309,0
DA:311,0
LF:55
LH:0
BRDA:30,0,0,0
BRDA:30,0,1,0
BRDA:43,1,0,0
BRDA:43,1,1,0
BRDA:46,2,0,0
BRDA:46,2,1,0
BRDA:79,3,0,0
BRDA:79,3,1,0
BRDA:151,4,0,0
BRDA:151,4,1,0
BRDA:162,5,0,0
BRDA:162,5,1,0
BRDA:173,6,0,0
BRDA:173,6,1,0
BRDA:251,7,0,0
BRDA:251,7,1,0
BRDA:275,8,0,0
BRDA:275,8,1,0
BRF:18
BRH:0
end_of_record
TN:
SF:SutWxApp\pages\payment\pay.js
FN:27,(anonymous_0)
FN:39,(anonymous_1)
FN:48,(anonymous_2)
FN:57,(anonymous_3)
FN:65,(anonymous_4)
FN:111,(anonymous_5)
FN:117,(anonymous_6)
FN:144,(anonymous_7)
FN:164,(anonymous_8)
FN:170,(anonymous_9)
FN:184,(anonymous_10)
FN:202,(anonymous_11)
FN:211,(anonymous_12)
FN:221,(anonymous_13)
FN:250,(anonymous_14)
FN:276,(anonymous_15)
FN:280,(anonymous_16)
FN:291,(anonymous_17)
FN:295,(anonymous_18)
FN:306,(anonymous_19)
FN:316,(anonymous_20)
FN:336,(anonymous_21)
FN:342,(anonymous_22)
FN:352,(anonymous_23)
FN:356,(anonymous_24)
FN:367,(anonymous_25)
FN:376,(anonymous_26)
FNF:27
FNH:0
FNDA:0,(anonymous_0)
FNDA:0,(anonymous_1)
FNDA:0,(anonymous_2)
FNDA:0,(anonymous_3)
FNDA:0,(anonymous_4)
FNDA:0,(anonymous_5)
FNDA:0,(anonymous_6)
FNDA:0,(anonymous_7)
FNDA:0,(anonymous_8)
FNDA:0,(anonymous_9)
FNDA:0,(anonymous_10)
FNDA:0,(anonymous_11)
FNDA:0,(anonymous_12)
FNDA:0,(anonymous_13)
FNDA:0,(anonymous_14)
FNDA:0,(anonymous_15)
FNDA:0,(anonymous_16)
FNDA:0,(anonymous_17)
FNDA:0,(anonymous_18)
FNDA:0,(anonymous_19)
FNDA:0,(anonymous_20)
FNDA:0,(anonymous_21)
FNDA:0,(anonymous_22)
FNDA:0,(anonymous_23)
FNDA:0,(anonymous_24)
FNDA:0,(anonymous_25)
FNDA:0,(anonymous_26)
DA:6,0
DA:7,0
DA:9,0
DA:28,0
DA:29,0
DA:30,0
DA:31,0
DA:32,0
DA:33,0
DA:35,0
DA:39,0
DA:40,0
DA:49,0
DA:50,0
DA:58,0
DA:59,0
DA:65,0
DA:66,0
DA:92,0
DA:99,0
DA:100,0
DA:101,0
DA:112,0
DA:117,0
DA:118,0
DA:144,0
DA:146,0
DA:153,0
DA:154,0
DA:166,0
DA:168,0
DA:170,0
DA:171,0
DA:173,0
DA:174,0
DA:175,0
DA:180,0
DA:185,0
DA:190,0
DA:193,0
DA:196,0
DA:203,0
DA:204,0
DA:205,0
DA:212,0
DA:213,0
DA:222,0
DA:223,0
DA:227,0
DA:231,0
DA:233,0
DA:237,0
DA:240,0
DA:241,0
DA:250,0
DA:251,0
DA:254,0
DA:255,0
DA:256,0
DA:257,0
DA:258,0
DA:259,0
DA:264,0
DA:265,0
DA:266,0
DA:278,0
DA:280,0
DA:281,0
DA:284,0
DA:293,0
DA:295,0
DA:296,0
DA:299,0
DA:307,0
DA:308,0
DA:316,0
DA:317,0
DA:320,0
DA:324,0
DA:325,0
DA:326,0
DA:337,0
DA:342,0
DA:343,0
DA:353,0
DA:357,0
DA:358,0
DA:368,0
DA:377,0
LF:89
LH:0
BRDA:29,0,0,0
BRDA:29,0,1,0
BRDA:49,1,0,0
BRDA:49,1,1,0
BRDA:173,2,0,0
BRDA:173,2,1,0
BRDA:222,3,0,0
BRDA:222,3,1,0
BRDA:231,4,0,0
BRDA:231,4,1,0
BRDA:231,5,0,0
BRDA:231,5,1,0
BRDA:254,6,0,0
BRDA:254,6,1,0
BRDA:256,7,0,0
BRDA:256,7,1,0
BRDA:258,8,0,0
BRDA:258,8,1,0
BRDA:357,9,0,0
BRDA:357,9,1,0
BRF:20
BRH:0
end_of_record
TN:
SF:SutWxApp\pages\payment\methods\methods.js
FN:24,(anonymous_0)
FN:39,(anonymous_1)
FN:48,(anonymous_2)
FN:55,(anonymous_3)
FN:63,(anonymous_4)
FN:100,(anonymous_5)
FN:122,(anonymous_6)
FN:133,(anonymous_7)
FN:161,(anonymous_8)
FN:191,(anonymous_9)
FN:199,(anonymous_10)
FN:205,(anonymous_11)
FN:215,(anonymous_12)
FN:233,(anonymous_13)
FN:235,(anonymous_14)
FN:247,(anonymous_15)
FN:249,(anonymous_16)
FN:261,(anonymous_17)
FN:263,(anonymous_18)
FN:275,(anonymous_19)
FNF:20
FNH:0
FNDA:0,(anonymous_0)
FNDA:0,(anonymous_1)
FNDA:0,(anonymous_2)
FNDA:0,(anonymous_3)
FNDA:0,(anonymous_4)
FNDA:0,(anonymous_5)
FNDA:0,(anonymous_6)
FNDA:0,(anonymous_7)
FNDA:0,(anonymous_8)
FNDA:0,(anonymous_9)
FNDA:0,(anonymous_10)
FNDA:0,(anonymous_11)
FNDA:0,(anonymous_12)
FNDA:0,(anonymous_13)
FNDA:0,(anonymous_14)
FNDA:0,(anonymous_15)
FNDA:0,(anonymous_16)
FNDA:0,(anonymous_17)
FNDA:0,(anonymous_18)
FNDA:0,(anonymous_19)
DA:6,0
DA:8,0
DA:25,0
DA:27,0
DA:28,0
DA:33,0
DA:35,0
DA:39,0
DA:40,0
DA:56,0
DA:57,0
DA:63,0
DA:64,0
DA:100,0
DA:102,0
DA:110,0
DA:111,0
DA:112,0
DA:123,0
DA:125,0
DA:126,0
DA:134,0
DA:135,0
DA:139,0
DA:142,0
DA:143,0
DA:146,0
DA:147,0
DA:150,0
DA:161,0
DA:163,0
DA:165,0
DA:166,0
DA:168,0
DA:169,0
DA:171,0
DA:172,0
DA:174,0
DA:179,0
DA:180,0
DA:181,0
DA:193,0
DA:201,0
DA:206,0
DA:207,0
DA:210,0
DA:211,0
DA:215,0
DA:216,0
DA:221,0
DA:235,0
DA:237,0
DA:238,0
DA:249,0
DA:251,0
DA:252,0
DA:263,0
DA:265,0
DA:266,0
DA:276,0
LF:60
LH:0
BRDA:27,0,0,0
BRDA:27,0,1,0
BRDA:27,1,0,0
BRDA:27,1,1,0
BRDA:100,2,0,0
BRDA:100,2,1,0
BRDA:125,3,0,0
BRDA:125,3,1,0
BRDA:134,4,0,0
BRDA:134,4,1,0
BRDA:142,5,0,0
BRDA:142,5,1,0
BRDA:163,6,0,0
BRDA:163,6,1,0
BRDA:166,7,0,0
BRDA:166,7,1,0
BRDA:169,8,0,0
BRDA:169,8,1,0
BRDA:172,9,0,0
BRDA:172,9,1,0
BRDA:210,10,0,0
BRDA:210,10,1,0
BRF:22
BRH:0
end_of_record
TN:
SF:SutWxApp\pages\payment\result\result.js
FN:25,(anonymous_0)
FN:41,(anonymous_1)
FN:52,(anonymous_2)
FN:61,(anonymous_3)
FN:69,(anonymous_4)
FN:122,(anonymous_5)
FN:127,(anonymous_6)
FN:155,(anonymous_7)
FN:169,(anonymous_8)
FN:183,(anonymous_9)
FN:197,(anonymous_10)
FN:211,(anonymous_11)
FN:225,(anonymous_12)
FN:239,(anonymous_13)
FN:252,(anonymous_14)
FNF:15
FNH:0
FNDA:0,(anonymous_0)
FNDA:0,(anonymous_1)
FNDA:0,(anonymous_2)
FNDA:0,(anonymous_3)
FNDA:0,(anonymous_4)
FNDA:0,(anonymous_5)
FNDA:0,(anonymous_6)
FNDA:0,(anonymous_7)
FNDA:0,(anonymous_8)
FNDA:0,(anonymous_9)
FNDA:0,(anonymous_10)
FNDA:0,(anonymous_11)
FNDA:0,(anonymous_12)
FNDA:0,(anonymous_13)
FNDA:0,(anonymous_14)
DA:6,0
DA:8,0
DA:26,0
DA:28,0
DA:29,0
DA:34,0
DA:35,0
DA:37,0
DA:41,0
DA:42,0
DA:53,0
DA:54,0
DA:62,0
DA:63,0
DA:69,0
DA:70,0
DA:96,0
DA:102,0
DA:110,0
DA:111,0
DA:112,0
DA:123,0
DA:125,0
DA:127,0
DA:128,0
DA:130,0
DA:131,0
DA:132,0
DA:138,0
DA:139,0
DA:141,0
DA:143,0
DA:146,0
DA:149,0
DA:156,0
DA:157,0
DA:158,0
DA:161,0
DA:170,0
DA:171,0
DA:172,0
DA:175,0
DA:184,0
DA:185,0
DA:186,0
DA:189,0
DA:198,0
DA:199,0
DA:200,0
DA:203,0
DA:212,0
DA:213,0
DA:214,0
DA:217,0
DA:226,0
DA:227,0
DA:228,0
DA:231,0
DA:240,0
DA:253,0
LF:60
LH:0
BRDA:28,0,0,0
BRDA:28,0,1,0
BRDA:28,1,0,0
BRDA:28,1,1,0
BRDA:53,2,0,0
BRDA:53,2,1,0
BRDA:73,3,0,0
BRDA:73,3,1,0
BRDA:130,4,0,0
BRDA:130,4,1,0
BRDA:138,5,0,0
BRDA:138,5,1,0
BRDA:156,6,0,0
BRDA:156,6,1,0
BRDA:170,7,0,0
BRDA:170,7,1,0
BRDA:184,8,0,0
BRDA:184,8,1,0
BRDA:198,9,0,0
BRDA:198,9,1,0
BRDA:212,10,0,0
BRDA:212,10,1,0
BRDA:226,11,0,0
BRDA:226,11,1,0
BRDA:241,12,0,0
BRDA:241,12,1,0
BRDA:254,13,0,0
BRDA:254,13,1,0
BRF:28
BRH:0
end_of_record
TN:
SF:SutWxApp\pages\product\detail\detail.js
FN:29,(anonymous_0)
FN:42,(anonymous_1)
FN:59,(anonymous_2)
FN:67,(anonymous_3)
FN:68,(anonymous_4)
FN:77,(anonymous_5)
FN:90,(anonymous_6)
FN:92,(anonymous_7)
FN:129,(anonymous_8)
FN:151,(anonymous_9)
FN:153,(anonymous_10)
FN:193,(anonymous_11)
FN:195,(anonymous_12)
FN:216,(anonymous_13)
FN:228,(anonymous_14)
FN:236,(anonymous_15)
FN:245,(anonymous_16)
FN:256,(anonymous_17)
FN:267,(anonymous_18)
FN:278,(anonymous_19)
FN:291,(anonymous_20)
FN:303,(anonymous_21)
FN:323,(anonymous_22)
FNF:23
FNH:0
FNDA:0,(anonymous_0)
FNDA:0,(anonymous_1)
FNDA:0,(anonymous_2)
FNDA:0,(anonymous_3)
FNDA:0,(anonymous_4)
FNDA:0,(anonymous_5)
FNDA:0,(anonymous_6)
FNDA:0,(anonymous_7)
FNDA:0,(anonymous_8)
FNDA:0,(anonymous_9)
FNDA:0,(anonymous_10)
FNDA:0,(anonymous_11)
FNDA:0,(anonymous_12)
FNDA:0,(anonymous_13)
FNDA:0,(anonymous_14)
FNDA:0,(anonymous_15)
FNDA:0,(anonymous_16)
FNDA:0,(anonymous_17)
FNDA:0,(anonymous_18)
FNDA:0,(anonymous_19)
FNDA:0,(anonymous_20)
FNDA:0,(anonymous_21)
FNDA:0,(anonymous_22)
DA:5,0
DA:7,0
DA:30,0
DA:31,0
DA:32,0
DA:33,0
DA:34,0
DA:44,0
DA:45,0
DA:47,0
DA:48,0
DA:50,0
DA:51,0
DA:68,0
DA:69,0
DA:78,0
DA:91,0
DA:92,0
DA:93,0
DA:128,0
DA:129,0
DA:130,0
DA:133,0
DA:140,0
DA:143,0
DA:152,0
DA:153,0
DA:154,0
DA:179,0
DA:185,0
DA:194,0
DA:195,0
DA:196,0
DA:202,0
DA:208,0
DA:217,0
DA:218,0
DA:229,0
DA:237,0
DA:246,0
DA:247,0
DA:257,0
DA:258,0
DA:259,0
DA:268,0
DA:269,0
DA:270,0
DA:280,0
DA:284,0
DA:293,0
DA:294,0
DA:305,0
DA:306,0
DA:308,0
DA:313,0
DA:324,0
DA:325,0
LF:57
LH:0
BRDA:30,0,0,0
BRDA:30,0,1,0
BRDA:44,1,0,0
BRDA:44,1,1,0
BRDA:47,2,0,0
BRDA:47,2,1,0
BRDA:50,3,0,0
BRDA:50,3,1,0
BRDA:79,4,0,0
BRDA:79,4,1,0
BRDA:140,5,0,0
BRDA:140,5,1,0
BRDA:258,6,0,0
BRDA:258,6,1,0
BRDA:269,7,0,0
BRDA:269,7,1,0
BRDA:309,8,0,0
BRDA:309,8,1,0
BRF:18
BRH:0
end_of_record
TN:
SF:SutWxApp\pages\product\list\list.js
FN:37,(anonymous_0)
FN:52,(anonymous_1)
FN:66,(anonymous_2)
FN:74,(anonymous_3)
FN:79,(anonymous_4)
FN:88,(anonymous_5)
FN:99,(anonymous_6)
FN:101,(anonymous_7)
FN:126,(anonymous_8)
FN:130,(anonymous_9)
FN:157,(anonymous_10)
FN:172,(anonymous_11)
FN:186,(anonymous_12)
FN:198,(anonymous_13)
FNF:14
FNH:0
FNDA:0,(anonymous_0)
FNDA:0,(anonymous_1)
FNDA:0,(anonymous_2)
FNDA:0,(anonymous_3)
FNDA:0,(anonymous_4)
FNDA:0,(anonymous_5)
FNDA:0,(anonymous_6)
FNDA:0,(anonymous_7)
FNDA:0,(anonymous_8)
FNDA:0,(anonymous_9)
FNDA:0,(anonymous_10)
FNDA:0,(anonymous_11)
FNDA:0,(anonymous_12)
FNDA:0,(anonymous_13)
DA:5,0
DA:7,0
DA:38,0
DA:39,0
DA:41,0
DA:42,0
DA:45,0
DA:54,0
DA:55,0
DA:57,0
DA:58,0
DA:75,0
DA:79,0
DA:80,0
DA:89,0
DA:90,0
DA:100,0
DA:101,0
DA:102,0
DA:109,0
DA:116,0
DA:119,0
DA:127,0
DA:129,0
DA:130,0
DA:131,0
DA:132,0
DA:137,0
DA:138,0
DA:140,0
DA:149,0
DA:158,0
DA:159,0
DA:160,0
DA:164,0
DA:174,0
DA:178,0
DA:187,0
DA:188,0
DA:199,0
DA:200,0
DA:202,0
LF:42
LH:0
BRDA:38,0,0,0
BRDA:38,0,1,0
BRDA:41,1,0,0
BRDA:41,1,1,0
BRDA:54,2,0,0
BRDA:54,2,1,0
BRDA:57,3,0,0
BRDA:57,3,1,0
BRDA:89,4,0,0
BRDA:89,4,1,0
BRDA:116,5,0,0
BRDA:116,5,1,0
BRDA:127,6,0,0
BRDA:127,6,1,0
BRF:14
BRH:0
end_of_record
TN:
SF:SutWxApp\pages\search\result.js
FN:31,(anonymous_0)
FN:37,(anonymous_1)
FN:50,(anonymous_2)
FN:57,(anonymous_3)
FN:64,(anonymous_4)
FN:71,(anonymous_5)
FN:78,(anonymous_6)
FN:84,(anonymous_7)
FN:96,(anonymous_8)
FN:105,(anonymous_9)
FN:115,(anonymous_10)
FN:124,(anonymous_11)
FN:135,(anonymous_12)
FN:155,(anonymous_13)
FN:163,(anonymous_14)
FN:172,(anonymous_15)
FN:180,(anonymous_16)
FN:189,(anonymous_17)
FN:197,(anonymous_18)
FN:206,(anonymous_19)
FN:214,(anonymous_20)
FN:218,(anonymous_21)
FN:232,(anonymous_22)
FN:257,(anonymous_23)
FN:264,(anonymous_24)
FN:284,(anonymous_25)
FN:316,(anonymous_26)
FN:329,(anonymous_27)
FN:343,(anonymous_28)
FN:348,(anonymous_29)
FN:368,(anonymous_30)
FN:371,(anonymous_31)
FNF:32
FNH:0
FNDA:0,(anonymous_0)
FNDA:0,(anonymous_1)
FNDA:0,(anonymous_2)
FNDA:0,(anonymous_3)
FNDA:0,(anonymous_4)
FNDA:0,(anonymous_5)
FNDA:0,(anonymous_6)
FNDA:0,(anonymous_7)
FNDA:0,(anonymous_8)
FNDA:0,(anonymous_9)
FNDA:0,(anonymous_10)
FNDA:0,(anonymous_11)
FNDA:0,(anonymous_12)
FNDA:0,(anonymous_13)
FNDA:0,(anonymous_14)
FNDA:0,(anonymous_15)
FNDA:0,(anonymous_16)
FNDA:0,(anonymous_17)
FNDA:0,(anonymous_18)
FNDA:0,(anonymous_19)
FNDA:0,(anonymous_20)
FNDA:0,(anonymous_21)
FNDA:0,(anonymous_22)
FNDA:0,(anonymous_23)
FNDA:0,(anonymous_24)
FNDA:0,(anonymous_25)
FNDA:0,(anonymous_26)
FNDA:0,(anonymous_27)
FNDA:0,(anonymous_28)
FNDA:0,(anonymous_29)
FNDA:0,(anonymous_30)
FNDA:0,(anonymous_31)
DA:5,0
DA:33,0
DA:34,0
DA:38,0
DA:43,0
DA:44,0
DA:79,0
DA:80,0
DA:85,0
DA:86,0
DA:89,0
DA:97,0
DA:98,0
DA:106,0
DA:116,0
DA:125,0
DA:136,0
DA:137,0
DA:138,0
DA:142,0
DA:146,0
DA:149,0
DA:156,0
DA:164,0
DA:165,0
DA:167,0
DA:173,0
DA:181,0
DA:182,0
DA:190,0
DA:198,0
DA:199,0
DA:207,0
DA:215,0
DA:219,0
DA:220,0
DA:221,0
DA:233,0
DA:235,0
DA:237,0
DA:240,0
DA:242,0
DA:245,0
DA:247,0
DA:250,0
DA:258,0
DA:260,0
DA:264,0
DA:265,0
DA:272,0
DA:285,0
DA:291,0
DA:297,0
DA:304,0
DA:305,0
DA:306,0
DA:307,0
DA:308,0
DA:309,0
DA:310,0
DA:311,0
DA:312,0
DA:316,0
DA:317,0
DA:321,0
DA:322,0
DA:323,0
DA:330,0
DA:331,0
DA:332,0
DA:336,0
DA:344,0
DA:345,0
DA:348,0
DA:351,0
DA:354,0
DA:356,0
DA:357,0
DA:361,0
DA:371,0
DA:372,0
LF:81
LH:0
BRDA:33,0,0,0
BRDA:33,0,1,0
BRDA:79,1,0,0
BRDA:79,1,1,0
BRDA:97,2,0,0
BRDA:97,2,1,0
BRDA:97,3,0,0
BRDA:97,3,1,0
BRDA:97,3,2,0
BRDA:137,4,0,0
BRDA:137,4,1,0
BRDA:165,5,0,0
BRDA:165,5,1,0
BRDA:219,6,0,0
BRDA:219,6,1,0
BRDA:235,7,0,0
BRDA:235,7,1,0
BRDA:235,7,2,0
BRDA:258,8,0,0
BRDA:258,8,1,0
BRDA:258,9,0,0
BRDA:258,9,1,0
BRDA:305,10,0,0
BRDA:305,10,1,0
BRDA:307,11,0,0
BRDA:307,11,1,0
BRDA:309,12,0,0
BRDA:309,12,1,0
BRDA:311,13,0,0
BRDA:311,13,1,0
BRDA:317,14,0,0
BRDA:317,14,1,0
BRDA:331,15,0,0
BRDA:331,15,1,0
BRDA:345,16,0,0
BRDA:345,16,1,0
BRF:36
BRH:0
end_of_record
TN:
SF:SutWxApp\pages\user\comments.js
FN:21,(anonymous_0)
FN:28,(anonymous_1)
FN:38,(anonymous_2)
FN:48,(anonymous_3)
FN:76,(anonymous_4)
FNF:5
FNH:0
FNDA:0,(anonymous_0)
FNDA:0,(anonymous_1)
FNDA:0,(anonymous_2)
FNDA:0,(anonymous_3)
FNDA:0,(anonymous_4)
DA:5,0
DA:22,0
DA:30,0
DA:31,0
DA:39,0
DA:40,0
DA:43,0
DA:45,0
DA:48,0
DA:49,0
DA:50,0
DA:51,0
DA:61,0
DA:70,0
DA:77,0
LF:15
LH:0
BRDA:30,0,0,0
BRDA:30,0,1,0
BRDA:39,1,0,0
BRDA:39,1,1,0
BRDA:39,2,0,0
BRDA:39,2,1,0
BRF:6
BRH:0
end_of_record
TN:
SF:SutWxApp\pages\user\favorite.js
FN:21,(anonymous_0)
FN:28,(anonymous_1)
FN:38,(anonymous_2)
FN:48,(anonymous_3)
FN:74,(anonymous_4)
FN:82,(anonymous_5)
FN:93,(anonymous_6)
FN:98,(anonymous_7)
FN:100,(anonymous_8)
FNF:9
FNH:0
FNDA:0,(anonymous_0)
FNDA:0,(anonymous_1)
FNDA:0,(anonymous_2)
FNDA:0,(anonymous_3)
FNDA:0,(anonymous_4)
FNDA:0,(anonymous_5)
FNDA:0,(anonymous_6)
FNDA:0,(anonymous_7)
FNDA:0,(anonymous_8)
DA:5,0
DA:22,0
DA:30,0
DA:31,0
DA:39,0
DA:40,0
DA:43,0
DA:45,0
DA:48,0
DA:49,0
DA:50,0
DA:51,0
DA:59,0
DA:68,0
DA:75,0
DA:83,0
DA:84,0
DA:94,0
DA:95,0
DA:99,0
DA:100,0
DA:101,0
DA:104,0
LF:23
LH:0
BRDA:30,0,0,0
BRDA:30,0,1,0
BRDA:39,1,0,0
BRDA:39,1,1,0
BRDA:39,2,0,0
BRDA:39,2,1,0
BRDA:99,3,0,0
BRDA:99,3,1,0
BRF:8
BRH:0
end_of_record
TN:
SF:SutWxApp\pages\user\favorites.js
FN:41,(anonymous_0)
FN:49,(anonymous_1)
FN:56,(anonymous_2)
FN:64,(anonymous_3)
FN:71,(anonymous_4)
FN:78,(anonymous_5)
FN:85,(anonymous_6)
FN:95,(anonymous_7)
FN:102,(anonymous_8)
FN:119,(anonymous_9)
FN:139,(anonymous_10)
FN:147,(anonymous_11)
FN:167,(anonymous_12)
FN:178,(anonymous_13)
FN:206,(anonymous_14)
FN:235,(anonymous_15)
FN:246,(anonymous_16)
FN:255,(anonymous_17)
FN:267,(anonymous_18)
FN:290,(anonymous_19)
FN:296,(anonymous_20)
FN:303,(anonymous_21)
FN:318,(anonymous_22)
FN:321,(anonymous_23)
FN:342,(anonymous_24)
FN:354,(anonymous_25)
FNF:26
FNH:0
FNDA:0,(anonymous_0)
FNDA:0,(anonymous_1)
FNDA:0,(anonymous_2)
FNDA:0,(anonymous_3)
FNDA:0,(anonymous_4)
FNDA:0,(anonymous_5)
FNDA:0,(anonymous_6)
FNDA:0,(anonymous_7)
FNDA:0,(anonymous_8)
FNDA:0,(anonymous_9)
FNDA:0,(anonymous_10)
FNDA:0,(anonymous_11)
FNDA:0,(anonymous_12)
FNDA:0,(anonymous_13)
FNDA:0,(anonymous_14)
FNDA:0,(anonymous_15)
FNDA:0,(anonymous_16)
FNDA:0,(anonymous_17)
FNDA:0,(anonymous_18)
FNDA:0,(anonymous_19)
FNDA:0,(anonymous_20)
FNDA:0,(anonymous_21)
FNDA:0,(anonymous_22)
FNDA:0,(anonymous_23)
FNDA:0,(anonymous_24)
FNDA:0,(anonymous_25)
DA:4,0
DA:43,0
DA:58,0
DA:79,0
DA:87,0
DA:88,0
DA:103,0
DA:104,0
DA:110,0
DA:111,0
DA:112,0
DA:121,0
DA:122,0
DA:133,0
DA:140,0
DA:141,0
DA:142,0
DA:144,0
DA:147,0
DA:149,0
DA:152,0
DA:160,0
DA:168,0
DA:169,0
DA:172,0
DA:179,0
DA:180,0
DA:182,0
DA:183,0
DA:185,0
DA:186,0
DA:197,0
DA:207,0
DA:208,0
DA:210,0
DA:211,0
DA:213,0
DA:214,0
DA:226,0
DA:236,0
DA:237,0
DA:238,0
DA:240,0
DA:247,0
DA:256,0
DA:257,0
DA:268,0
DA:269,0
DA:270,0
DA:271,0
DA:273,0
DA:275,0
DA:278,0
DA:281,0
DA:291,0
DA:292,0
DA:294,0
DA:296,0
DA:304,0
DA:305,0
DA:307,0
DA:308,0
DA:312,0
DA:315,0
DA:319,0
DA:321,0
DA:323,0
DA:330,0
DA:343,0
DA:345,0
DA:346,0
DA:355,0
DA:357,0
DA:358,0
LF:74
LH:0
BRDA:87,0,0,0
BRDA:87,0,1,0
BRDA:87,1,0,0
BRDA:87,1,1,0
BRDA:87,2,0,0
BRDA:87,2,1,0
BRDA:110,3,0,0
BRDA:110,3,1,0
BRDA:111,4,0,0
BRDA:111,4,1,0
BRDA:111,5,0,0
BRDA:111,5,1,0
BRDA:121,6,0,0
BRDA:121,6,1,0
BRDA:140,7,0,0
BRDA:140,7,1,0
BRDA:149,8,0,0
BRDA:149,8,1,0
BRDA:155,9,0,0
BRDA:155,9,1,0
BRDA:168,10,0,0
BRDA:168,10,1,0
BRDA:240,11,0,0
BRDA:240,11,1,0
BRDA:240,12,0,0
BRDA:240,12,1,0
BRDA:256,13,0,0
BRDA:256,13,1,0
BRDA:269,14,0,0
BRDA:269,14,1,0
BRDA:273,15,0,0
BRDA:273,15,1,0
BRDA:291,16,0,0
BRDA:291,16,1,0
BRDA:296,17,0,0
BRDA:296,17,1,0
BRDA:304,18,0,0
BRDA:304,18,1,0
BRDA:307,19,0,0
BRDA:307,19,1,0
BRDA:319,20,0,0
BRDA:319,20,1,0
BRDA:343,21,0,0
BRDA:343,21,1,0
BRDA:355,22,0,0
BRDA:355,22,1,0
BRF:46
BRH:0
end_of_record
TN:
SF:SutWxApp\pages\user\following.js
FN:30,(anonymous_0)
FN:37,(anonymous_1)
FN:44,(anonymous_2)
FN:52,(anonymous_3)
FN:59,(anonymous_4)
FN:66,(anonymous_5)
FN:73,(anonymous_6)
FN:82,(anonymous_7)
FN:92,(anonymous_8)
FN:110,(anonymous_9)
FN:121,(anonymous_10)
FN:132,(anonymous_11)
FN:143,(anonymous_12)
FN:158,(anonymous_13)
FN:173,(anonymous_14)
FN:184,(anonymous_15)
FN:199,(anonymous_16)
FN:214,(anonymous_17)
FN:224,(anonymous_18)
FN:243,(anonymous_19)
FN:248,(anonymous_20)
FN:262,(anonymous_21)
FN:275,(anonymous_22)
FN:280,(anonymous_23)
FN:281,(anonymous_24)
FN:291,(anonymous_25)
FN:309,(anonymous_26)
FN:324,(anonymous_27)
FN:331,(anonymous_28)
FN:343,(anonymous_29)
FN:356,(anonymous_30)
FN:372,(anonymous_31)
FN:380,(anonymous_32)
FN:387,(anonymous_33)
FN:400,(anonymous_34)
FN:411,(anonymous_35)
FNF:36
FNH:0
FNDA:0,(anonymous_0)
FNDA:0,(anonymous_1)
FNDA:0,(anonymous_2)
FNDA:0,(anonymous_3)
FNDA:0,(anonymous_4)
FNDA:0,(anonymous_5)
FNDA:0,(anonymous_6)
FNDA:0,(anonymous_7)
FNDA:0,(anonymous_8)
FNDA:0,(anonymous_9)
FNDA:0,(anonymous_10)
FNDA:0,(anonymous_11)
FNDA:0,(anonymous_12)
FNDA:0,(anonymous_13)
FNDA:0,(anonymous_14)
FNDA:0,(anonymous_15)
FNDA:0,(anonymous_16)
FNDA:0,(anonymous_17)
FNDA:0,(anonymous_18)
FNDA:0,(anonymous_19)
FNDA:0,(anonymous_20)
FNDA:0,(anonymous_21)
FNDA:0,(anonymous_22)
FNDA:0,(anonymous_23)
FNDA:0,(anonymous_24)
FNDA:0,(anonymous_25)
FNDA:0,(anonymous_26)
FNDA:0,(anonymous_27)
FNDA:0,(anonymous_28)
FNDA:0,(anonymous_29)
FNDA:0,(anonymous_30)
FNDA:0,(anonymous_31)
FNDA:0,(anonymous_32)
FNDA:0,(anonymous_33)
FNDA:0,(anonymous_34)
FNDA:0,(anonymous_35)
DA:4,0
DA:6,0
DA:31,0
DA:46,0
DA:67,0
DA:74,0
DA:75,0
DA:83,0
DA:93,0
DA:94,0
DA:96,0
DA:104,0
DA:111,0
DA:112,0
DA:114,0
DA:122,0
DA:123,0
DA:125,0
DA:133,0
DA:135,0
DA:137,0
DA:138,0
DA:140,0
DA:144,0
DA:146,0
DA:147,0
DA:148,0
DA:150,0
DA:159,0
DA:160,0
DA:162,0
DA:174,0
DA:176,0
DA:178,0
DA:179,0
DA:181,0
DA:185,0
DA:187,0
DA:188,0
DA:189,0
DA:191,0
DA:200,0
DA:201,0
DA:203,0
DA:215,0
DA:225,0
DA:226,0
DA:227,0
DA:229,0
DA:231,0
DA:234,0
DA:237,0
DA:244,0
DA:245,0
DA:247,0
DA:248,0
DA:250,0
DA:252,0
DA:255,0
DA:263,0
DA:264,0
DA:265,0
DA:269,0
DA:272,0
DA:276,0
DA:277,0
DA:280,0
DA:281,0
DA:282,0
DA:290,0
DA:292,0
DA:298,0
DA:303,0
DA:304,0
DA:306,0
DA:310,0
DA:311,0
DA:325,0
DA:327,0
DA:329,0
DA:332,0
DA:333,0
DA:339,0
DA:340,0
DA:344,0
DA:345,0
DA:357,0
DA:358,0
DA:361,0
DA:362,0
DA:373,0
DA:374,0
DA:376,0
DA:378,0
DA:381,0
DA:388,0
DA:389,0
DA:401,0
DA:412,0
DA:413,0
LF:100
LH:0
BRDA:74,0,0,0
BRDA:74,0,1,0
BRDA:74,1,0,0
BRDA:74,1,1,0
BRDA:74,1,2,0
BRDA:94,2,0,0
BRDA:94,2,1,0
BRDA:111,3,0,0
BRDA:111,3,1,0
BRDA:122,4,0,0
BRDA:122,4,1,0
BRDA:132,5,0,0
BRDA:133,6,0,0
BRDA:133,6,1,0
BRDA:137,7,0,0
BRDA:137,7,1,0
BRDA:146,8,0,0
BRDA:146,8,1,0
BRDA:147,9,0,0
BRDA:147,9,1,0
BRDA:152,10,0,0
BRDA:152,10,1,0
BRDA:155,11,0,0
BRDA:155,11,1,0
BRDA:163,12,0,0
BRDA:163,12,1,0
BRDA:173,13,0,0
BRDA:174,14,0,0
BRDA:174,14,1,0
BRDA:178,15,0,0
BRDA:178,15,1,0
BRDA:187,16,0,0
BRDA:187,16,1,0
BRDA:188,17,0,0
BRDA:188,17,1,0
BRDA:193,18,0,0
BRDA:193,18,1,0
BRDA:196,19,0,0
BRDA:196,19,1,0
BRDA:204,20,0,0
BRDA:204,20,1,0
BRDA:229,21,0,0
BRDA:229,21,1,0
BRDA:245,22,0,0
BRDA:245,22,1,0
BRDA:247,23,0,0
BRDA:247,23,1,0
BRDA:250,24,0,0
BRDA:250,24,1,0
BRDA:264,25,0,0
BRDA:264,25,1,0
BRDA:276,26,0,0
BRDA:276,26,1,0
BRDA:303,27,0,0
BRDA:303,27,1,0
BRDA:312,28,0,0
BRDA:312,28,1,0
BRDA:339,29,0,0
BRDA:339,29,1,0
BRDA:346,30,0,0
BRDA:346,30,1,0
BRDA:361,31,0,0
BRDA:361,31,1,0
BRDA:374,32,0,0
BRDA:374,32,1,0
BRDA:382,33,0,0
BRDA:382,33,1,0
BRDA:390,34,0,0
BRDA:390,34,1,0
BRF:69
BRH:0
end_of_record
TN:
SF:SutWxApp\pages\user\points.js
FN:22,(anonymous_0)
FN:29,(anonymous_1)
FN:39,(anonymous_2)
FN:49,(anonymous_3)
FN:78,(anonymous_4)
FNF:5
FNH:0
FNDA:0,(anonymous_0)
FNDA:0,(anonymous_1)
FNDA:0,(anonymous_2)
FNDA:0,(anonymous_3)
FNDA:0,(anonymous_4)
DA:5,0
DA:23,0
DA:31,0
DA:32,0
DA:40,0
DA:41,0
DA:44,0
DA:46,0
DA:49,0
DA:50,0
DA:51,0
DA:52,0
DA:53,0
DA:54,0
DA:63,0
DA:72,0
DA:79,0
LF:17
LH:0
BRDA:31,0,0,0
BRDA:31,0,1,0
BRDA:40,1,0,0
BRDA:40,1,1,0
BRDA:40,2,0,0
BRDA:40,2,1,0
BRDA:52,3,0,0
BRDA:52,3,1,0
BRDA:56,4,0,0
BRDA:56,4,1,0
BRF:10
BRH:0
end_of_record
TN:
SF:SutWxApp\pages\user\pointsDetail.js
FN:40,(anonymous_0)
FN:48,(anonymous_1)
FN:56,(anonymous_2)
FN:63,(anonymous_3)
FN:72,(anonymous_4)
FN:74,(anonymous_5)
FN:79,(anonymous_6)
FN:87,(anonymous_7)
FN:102,(anonymous_8)
FN:116,(anonymous_9)
FN:133,(anonymous_10)
FN:136,(anonymous_11)
FN:144,(anonymous_12)
FN:148,(anonymous_13)
FN:157,(anonymous_14)
FN:165,(anonymous_15)
FN:173,(anonymous_16)
FN:181,(anonymous_17)
FN:189,(anonymous_18)
FN:199,(anonymous_19)
FN:208,(anonymous_20)
FNF:21
FNH:0
FNDA:0,(anonymous_0)
FNDA:0,(anonymous_1)
FNDA:0,(anonymous_2)
FNDA:0,(anonymous_3)
FNDA:0,(anonymous_4)
FNDA:0,(anonymous_5)
FNDA:0,(anonymous_6)
FNDA:0,(anonymous_7)
FNDA:0,(anonymous_8)
FNDA:0,(anonymous_9)
FNDA:0,(anonymous_10)
FNDA:0,(anonymous_11)
FNDA:0,(anonymous_12)
FNDA:0,(anonymous_13)
FNDA:0,(anonymous_14)
FNDA:0,(anonymous_15)
FNDA:0,(anonymous_16)
FNDA:0,(anonymous_17)
FNDA:0,(anonymous_18)
FNDA:0,(anonymous_19)
FNDA:0,(anonymous_20)
DA:4,0
DA:6,0
DA:41,0
DA:42,0
DA:50,0
DA:57,0
DA:64,0
DA:65,0
DA:73,0
DA:75,0
DA:80,0
DA:88,0
DA:90,0
DA:94,0
DA:101,0
DA:103,0
DA:104,0
DA:105,0
DA:107,0
DA:114,0
DA:117,0
DA:118,0
DA:121,0
DA:123,0
DA:134,0
DA:137,0
DA:145,0
DA:149,0
DA:150,0
DA:158,0
DA:159,0
DA:161,0
DA:166,0
DA:174,0
DA:175,0
DA:177,0
DA:182,0
DA:190,0
DA:191,0
DA:200,0
DA:209,0
LF:41
LH:0
BRDA:64,0,0,0
BRDA:64,0,1,0
BRDA:64,1,0,0
BRDA:64,1,1,0
BRDA:76,2,0,0
BRDA:76,2,1,0
BRDA:88,3,0,0
BRDA:88,3,1,0
BRDA:95,4,0,0
BRDA:95,4,1,0
BRDA:96,5,0,0
BRDA:96,5,1,0
BRDA:103,6,0,0
BRDA:103,6,1,0
BRDA:104,7,0,0
BRDA:104,7,1,0
BRDA:108,8,0,0
BRDA:108,8,1,0
BRDA:159,9,0,0
BRDA:159,9,1,0
BRDA:175,10,0,0
BRDA:175,10,1,0
BRF:22
BRH:0
end_of_record
TN:
SF:SutWxApp\pages\user\pointsExchange.js
FN:44,(anonymous_0)
FN:52,(anonymous_1)
FN:60,(anonymous_2)
FN:67,(anonymous_3)
FN:76,(anonymous_4)
FN:78,(anonymous_5)
FN:83,(anonymous_6)
FN:91,(anonymous_7)
FN:106,(anonymous_8)
FN:120,(anonymous_9)
FN:137,(anonymous_10)
FN:140,(anonymous_11)
FN:148,(anonymous_12)
FN:152,(anonymous_13)
FN:161,(anonymous_14)
FN:169,(anonymous_15)
FN:177,(anonymous_16)
FN:186,(anonymous_17)
FN:195,(anonymous_18)
FN:204,(anonymous_19)
FN:212,(anonymous_20)
FN:222,(anonymous_21)
FN:224,(anonymous_22)
FN:249,(anonymous_23)
FN:260,(anonymous_24)
FN:266,(anonymous_25)
FN:280,(anonymous_26)
FN:282,(anonymous_27)
FN:295,(anonymous_28)
FN:308,(anonymous_29)
FN:317,(anonymous_30)
FNF:31
FNH:0
FNDA:0,(anonymous_0)
FNDA:0,(anonymous_1)
FNDA:0,(anonymous_2)
FNDA:0,(anonymous_3)
FNDA:0,(anonymous_4)
FNDA:0,(anonymous_5)
FNDA:0,(anonymous_6)
FNDA:0,(anonymous_7)
FNDA:0,(anonymous_8)
FNDA:0,(anonymous_9)
FNDA:0,(anonymous_10)
FNDA:0,(anonymous_11)
FNDA:0,(anonymous_12)
FNDA:0,(anonymous_13)
FNDA:0,(anonymous_14)
FNDA:0,(anonymous_15)
FNDA:0,(anonymous_16)
FNDA:0,(anonymous_17)
FNDA:0,(anonymous_18)
FNDA:0,(anonymous_19)
FNDA:0,(anonymous_20)
FNDA:0,(anonymous_21)
FNDA:0,(anonymous_22)
FNDA:0,(anonymous_23)
FNDA:0,(anonymous_24)
FNDA:0,(anonymous_25)
FNDA:0,(anonymous_26)
FNDA:0,(anonymous_27)
FNDA:0,(anonymous_28)
FNDA:0,(anonymous_29)
FNDA:0,(anonymous_30)
DA:4,0
DA:6,0
DA:45,0
DA:46,0
DA:54,0
DA:61,0
DA:68,0
DA:69,0
DA:77,0
DA:79,0
DA:84,0
DA:92,0
DA:94,0
DA:98,0
DA:105,0
DA:107,0
DA:108,0
DA:109,0
DA:111,0
DA:118,0
DA:121,0
DA:122,0
DA:125,0
DA:127,0
DA:138,0
DA:141,0
DA:149,0
DA:153,0
DA:154,0
DA:162,0
DA:163,0
DA:165,0
DA:170,0
DA:178,0
DA:187,0
DA:196,0
DA:197,0
DA:199,0
DA:205,0
DA:213,0
DA:214,0
DA:223,0
DA:224,0
DA:226,0
DA:229,0
DA:230,0
DA:234,0
DA:238,0
DA:239,0
DA:243,0
DA:246,0
DA:250,0
DA:251,0
DA:261,0
DA:265,0
DA:267,0
DA:269,0
DA:270,0
DA:276,0
DA:277,0
DA:280,0
DA:281,0
DA:282,0
DA:283,0
DA:289,0
DA:296,0
DA:297,0
DA:298,0
DA:309,0
DA:318,0
LF:70
LH:0
BRDA:68,0,0,0
BRDA:68,0,1,0
BRDA:68,1,0,0
BRDA:68,1,1,0
BRDA:80,2,0,0
BRDA:80,2,1,0
BRDA:92,3,0,0
BRDA:92,3,1,0
BRDA:99,4,0,0
BRDA:99,4,1,0
BRDA:100,5,0,0
BRDA:100,5,1,0
BRDA:107,6,0,0
BRDA:107,6,1,0
BRDA:108,7,0,0
BRDA:108,7,1,0
BRDA:112,8,0,0
BRDA:112,8,1,0
BRDA:163,9,0,0
BRDA:163,9,1,0
BRDA:197,10,0,0
BRDA:197,10,1,0
BRDA:226,11,0,0
BRDA:226,11,1,0
BRDA:229,12,0,0
BRDA:229,12,1,0
BRDA:238,13,0,0
BRDA:238,13,1,0
BRDA:250,14,0,0
BRDA:250,14,1,0
BRDA:269,15,0,0
BRDA:269,15,1,0
BRDA:281,16,0,0
BRDA:281,16,1,0
BRDA:281,17,0,0
BRDA:281,17,1,0
BRDA:290,18,0,0
BRDA:290,18,1,0
BRF:38
BRH:0
end_of_record
TN:
SF:SutWxApp\pages\user\pointsRanking.js
FN:45,(anonymous_0)
FN:53,(anonymous_1)
FN:60,(anonymous_2)
FN:67,(anonymous_3)
FN:74,(anonymous_4)
FN:81,(anonymous_5)
FN:92,(anonymous_6)
FN:103,(anonymous_7)
FN:112,(anonymous_8)
FN:122,(anonymous_9)
FN:124,(anonymous_10)
FN:134,(anonymous_11)
FN:142,(anonymous_12)
FN:156,(anonymous_13)
FN:174,(anonymous_14)
FN:181,(anonymous_15)
FN:191,(anonymous_16)
FN:209,(anonymous_17)
FN:219,(anonymous_18)
FN:228,(anonymous_19)
FNF:20
FNH:0
FNDA:0,(anonymous_0)
FNDA:0,(anonymous_1)
FNDA:0,(anonymous_2)
FNDA:0,(anonymous_3)
FNDA:0,(anonymous_4)
FNDA:0,(anonymous_5)
FNDA:0,(anonymous_6)
FNDA:0,(anonymous_7)
FNDA:0,(anonymous_8)
FNDA:0,(anonymous_9)
FNDA:0,(anonymous_10)
FNDA:0,(anonymous_11)
FNDA:0,(anonymous_12)
FNDA:0,(anonymous_13)
FNDA:0,(anonymous_14)
FNDA:0,(anonymous_15)
FNDA:0,(anonymous_16)
FNDA:0,(anonymous_17)
FNDA:0,(anonymous_18)
FNDA:0,(anonymous_19)
DA:5,0
DA:7,0
DA:46,0
DA:47,0
DA:82,0
DA:89,0
DA:93,0
DA:96,0
DA:104,0
DA:105,0
DA:113,0
DA:123,0
DA:125,0
DA:126,0
DA:135,0
DA:143,0
DA:145,0
DA:149,0
DA:151,0
DA:157,0
DA:158,0
DA:159,0
DA:161,0
DA:168,0
DA:175,0
DA:176,0
DA:182,0
DA:192,0
DA:193,0
DA:195,0
DA:203,0
DA:210,0
DA:211,0
DA:220,0
DA:229,0
LF:35
LH:0
BRDA:104,0,0,0
BRDA:104,0,1,0
BRDA:104,1,0,0
BRDA:104,1,1,0
BRDA:125,2,0,0
BRDA:125,2,1,0
BRDA:129,3,0,0
BRDA:129,3,1,0
BRDA:130,4,0,0
BRDA:130,4,1,0
BRDA:143,5,0,0
BRDA:143,5,1,0
BRDA:143,6,0,0
BRDA:143,6,1,0
BRDA:157,7,0,0
BRDA:157,7,1,0
BRDA:158,8,0,0
BRDA:158,8,1,0
BRDA:162,9,0,0
BRDA:162,9,1,0
BRDA:165,10,0,0
BRDA:165,10,1,0
BRDA:169,11,0,0
BRDA:169,11,1,0
BRDA:193,12,0,0
BRDA:193,12,1,0
BRF:26
BRH:0
end_of_record
TN:
SF:SutWxApp\pages\user\pointsTasks.js
FN:44,(anonymous_0)
FN:59,(anonymous_1)
FN:67,(anonymous_2)
FN:74,(anonymous_3)
FN:81,(anonymous_4)
FN:88,(anonymous_5)
FN:97,(anonymous_6)
FN:111,(anonymous_7)
FN:115,(anonymous_8)
FN:122,(anonymous_9)
FN:131,(anonymous_10)
FN:156,(anonymous_11)
FN:162,(anonymous_12)
FN:201,(anonymous_13)
FN:221,(anonymous_14)
FN:235,(anonymous_15)
FN:244,(anonymous_16)
FN:256,(anonymous_17)
FN:278,(anonymous_18)
FN:280,(anonymous_19)
FN:309,(anonymous_20)
FN:320,(anonymous_21)
FN:333,(anonymous_22)
FN:339,(anonymous_23)
FN:350,(anonymous_24)
FN:354,(anonymous_25)
FN:365,(anonymous_26)
FN:367,(anonymous_27)
FN:381,(anonymous_28)
FN:386,(anonymous_29)
FN:413,(anonymous_30)
FN:427,(anonymous_31)
FN:433,(anonymous_32)
FN:443,(anonymous_33)
FN:445,(anonymous_34)
FN:448,(anonymous_35)
FN:463,(anonymous_36)
FN:472,(anonymous_37)
FN:474,(anonymous_38)
FN:477,(anonymous_39)
FN:496,(anonymous_40)
FN:505,(anonymous_41)
FN:507,(anonymous_42)
FN:524,(anonymous_43)
FNF:44
FNH:0
FNDA:0,(anonymous_0)
FNDA:0,(anonymous_1)
FNDA:0,(anonymous_2)
FNDA:0,(anonymous_3)
FNDA:0,(anonymous_4)
FNDA:0,(anonymous_5)
FNDA:0,(anonymous_6)
FNDA:0,(anonymous_7)
FNDA:0,(anonymous_8)
FNDA:0,(anonymous_9)
FNDA:0,(anonymous_10)
FNDA:0,(anonymous_11)
FNDA:0,(anonymous_12)
FNDA:0,(anonymous_13)
FNDA:0,(anonymous_14)
FNDA:0,(anonymous_15)
FNDA:0,(anonymous_16)
FNDA:0,(anonymous_17)
FNDA:0,(anonymous_18)
FNDA:0,(anonymous_19)
FNDA:0,(anonymous_20)
FNDA:0,(anonymous_21)
FNDA:0,(anonymous_22)
FNDA:0,(anonymous_23)
FNDA:0,(anonymous_24)
FNDA:0,(anonymous_25)
FNDA:0,(anonymous_26)
FNDA:0,(anonymous_27)
FNDA:0,(anonymous_28)
FNDA:0,(anonymous_29)
FNDA:0,(anonymous_30)
FNDA:0,(anonymous_31)
FNDA:0,(anonymous_32)
FNDA:0,(anonymous_33)
FNDA:0,(anonymous_34)
FNDA:0,(anonymous_35)
FNDA:0,(anonymous_36)
FNDA:0,(anonymous_37)
FNDA:0,(anonymous_38)
FNDA:0,(anonymous_39)
FNDA:0,(anonymous_40)
FNDA:0,(anonymous_41)
FNDA:0,(anonymous_42)
FNDA:0,(anonymous_43)
DA:4,0
DA:5,0
DA:7,0
DA:46,0
DA:47,0
DA:52,0
DA:53,0
DA:61,0
DA:82,0
DA:89,0
DA:90,0
DA:98,0
DA:104,0
DA:105,0
DA:112,0
DA:114,0
DA:116,0
DA:117,0
DA:123,0
DA:132,0
DA:135,0
DA:136,0
DA:142,0
DA:148,0
DA:155,0
DA:157,0
DA:158,0
DA:159,0
DA:162,0
DA:163,0
DA:172,0
DA:173,0
DA:181,0
DA:189,0
DA:194,0
DA:202,0
DA:203,0
DA:208,0
DA:222,0
DA:223,0
DA:226,0
DA:227,0
DA:236,0
DA:245,0
DA:246,0
DA:249,0
DA:257,0
DA:259,0
DA:260,0
DA:263,0
DA:271,0
DA:279,0
DA:280,0
DA:282,0
DA:283,0
DA:287,0
DA:289,0
DA:290,0
DA:292,0
DA:293,0
DA:295,0
DA:296,0
DA:298,0
DA:310,0
DA:311,0
DA:315,0
DA:318,0
DA:321,0
DA:334,0
DA:341,0
DA:352,0
DA:356,0
DA:366,0
DA:367,0
DA:369,0
DA:370,0
DA:373,0
DA:375,0
DA:380,0
DA:382,0
DA:384,0
DA:386,0
DA:387,0
DA:388,0
DA:394,0
DA:397,0
DA:402,0
DA:405,0
DA:407,0
DA:414,0
DA:415,0
DA:416,0
DA:428,0
DA:444,0
DA:446,0
DA:448,0
DA:449,0
DA:450,0
DA:455,0
DA:458,0
DA:464,0
DA:473,0
DA:475,0
DA:477,0
DA:478,0
DA:479,0
DA:485,0
DA:488,0
DA:493,0
DA:497,0
DA:506,0
DA:507,0
DA:509,0
DA:510,0
DA:513,0
DA:525,0
LF:116
LH:0
BRDA:46,0,0,0
BRDA:46,0,1,0
BRDA:46,1,0,0
BRDA:46,1,1,0
BRDA:89,2,0,0
BRDA:89,2,1,0
BRDA:89,3,0,0
BRDA:89,3,1,0
BRDA:116,4,0,0
BRDA:116,4,1,0
BRDA:131,5,0,0
BRDA:135,6,0,0
BRDA:135,6,1,0
BRDA:149,7,0,0
BRDA:149,7,1,0
BRDA:157,8,0,0
BRDA:157,8,1,0
BRDA:158,9,0,0
BRDA:158,9,1,0
BRDA:172,10,0,0
BRDA:172,10,1,0
BRDA:176,11,0,0
BRDA:176,11,1,0
BRDA:184,12,0,0
BRDA:184,12,1,0
BRDA:190,13,0,0
BRDA:190,13,1,0
BRDA:222,14,0,0
BRDA:222,14,1,0
BRDA:222,15,0,0
BRDA:222,15,1,0
BRDA:236,16,0,0
BRDA:236,16,1,0
BRDA:245,17,0,0
BRDA:245,17,1,0
BRDA:259,18,0,0
BRDA:259,18,1,0
BRDA:282,19,0,0
BRDA:282,19,1,0
BRDA:287,20,0,0
BRDA:287,20,1,0
BRDA:287,20,2,0
BRDA:287,20,3,0
BRDA:310,21,0,0
BRDA:310,21,1,0
BRDA:335,22,0,0
BRDA:335,22,1,0
BRDA:336,23,0,0
BRDA:336,23,1,0
BRDA:369,24,0,0
BRDA:369,24,1,0
BRDA:369,25,0,0
BRDA:369,25,1,0
BRDA:384,26,0,0
BRDA:384,26,1,0
BRDA:387,27,0,0
BRDA:387,27,1,0
BRDA:408,28,0,0
BRDA:408,28,1,0
BRDA:446,29,0,0
BRDA:446,29,1,0
BRDA:449,30,0,0
BRDA:449,30,1,0
BRDA:475,31,0,0
BRDA:475,31,1,0
BRDA:478,32,0,0
BRDA:478,32,1,0
BRDA:482,33,0,0
BRDA:482,33,1,0
BRDA:509,34,0,0
BRDA:509,34,1,0
BRDA:514,35,0,0
BRDA:514,35,1,0
BRDA:515,36,0,0
BRDA:515,36,1,0
BRF:75
BRH:0
end_of_record
TN:
SF:SutWxApp\pages\user\privacySettings.js
FNF:0
FNH:0
LF:0
LH:0
BRF:0
BRH:0
end_of_record
TN:
SF:SutWxApp\pages\user\user.js
FN:27,(anonymous_0)
FN:35,(anonymous_1)
FN:44,(anonymous_2)
FN:45,(anonymous_3)
FN:55,(anonymous_4)
FN:83,(anonymous_5)
FN:93,(anonymous_6)
FN:97,(anonymous_7)
FN:122,(anonymous_8)
FN:172,(anonymous_9)
FNF:10
FNH:0
FNDA:0,(anonymous_0)
FNDA:0,(anonymous_1)
FNDA:0,(anonymous_2)
FNDA:0,(anonymous_3)
FNDA:0,(anonymous_4)
FNDA:0,(anonymous_5)
FNDA:0,(anonymous_6)
FNDA:0,(anonymous_7)
FNDA:0,(anonymous_8)
FNDA:0,(anonymous_9)
DA:5,0
DA:7,0
DA:28,0
DA:37,0
DA:45,0
DA:46,0
DA:56,0
DA:59,0
DA:60,0
DA:62,0
DA:63,0
DA:69,0
DA:76,0
DA:84,0
DA:94,0
DA:98,0
DA:100,0
DA:101,0
DA:103,0
DA:108,0
DA:123,0
DA:126,0
DA:127,0
DA:128,0
DA:132,0
DA:134,0
DA:137,0
DA:139,0
DA:142,0
DA:144,0
DA:147,0
DA:149,0
DA:152,0
DA:154,0
DA:157,0
DA:159,0
DA:162,0
DA:164,0
DA:173,0
DA:174,0
DA:175,0
DA:178,0
LF:42
LH:0
BRDA:62,0,0,0
BRDA:62,0,1,0
BRDA:62,1,0,0
BRDA:62,1,1,0
BRDA:76,2,0,0
BRDA:76,2,1,0
BRDA:98,3,0,0
BRDA:98,3,1,0
BRDA:126,4,0,0
BRDA:126,4,1,0
BRDA:126,5,0,0
BRDA:126,5,1,0
BRDA:132,6,0,0
BRDA:132,6,1,0
BRDA:132,6,2,0
BRDA:132,6,3,0
BRDA:132,6,4,0
BRDA:132,6,5,0
BRDA:132,6,6,0
BRDA:173,7,0,0
BRDA:173,7,1,0
BRF:21
BRH:0
end_of_record
TN:
SF:SutWxApp\pages\user\about\about.js
FN:16,(anonymous_0)
FNF:1
FNH:0
FNDA:0,(anonymous_0)
DA:5,0
LF:1
LH:0
BRF:0
BRH:0
end_of_record
TN:
SF:SutWxApp\pages\user\address\edit.js
FN:33,(anonymous_0)
FN:44,(anonymous_1)
FN:56,(anonymous_2)
FN:58,(anonymous_3)
FN:83,(anonymous_4)
FN:94,(anonymous_5)
FN:95,(anonymous_6)
FNF:7
FNH:0
FNDA:0,(anonymous_0)
FNDA:0,(anonymous_1)
FNDA:0,(anonymous_2)
FNDA:0,(anonymous_3)
FNDA:0,(anonymous_4)
FNDA:0,(anonymous_5)
FNDA:0,(anonymous_6)
DA:5,0
DA:34,0
DA:35,0
DA:36,0
DA:46,0
DA:47,0
DA:58,0
DA:59,0
DA:69,0
DA:75,0
DA:84,0
DA:85,0
DA:95,0
DA:96,0
DA:97,0
DA:103,0
DA:104,0
LF:17
LH:0
BRDA:34,0,0,0
BRDA:34,0,1,0
BRDA:46,1,0,0
BRDA:46,1,1,0
BRDA:96,2,0,0
BRDA:96,2,1,0
BRF:6
BRH:0
end_of_record
TN:
SF:SutWxApp\pages\user\address\list.js
FN:16,(anonymous_0)
FN:24,(anonymous_1)
FN:35,(anonymous_2)
FN:44,(anonymous_3)
FN:47,(anonymous_4)
FN:85,(anonymous_5)
FN:96,(anonymous_6)
FNF:7
FNH:0
FNDA:0,(anonymous_0)
FNDA:0,(anonymous_1)
FNDA:0,(anonymous_2)
FNDA:0,(anonymous_3)
FNDA:0,(anonymous_4)
FNDA:0,(anonymous_5)
FNDA:0,(anonymous_6)
DA:5,0
DA:17,0
DA:26,0
DA:27,0
DA:37,0
DA:45,0
DA:47,0
DA:48,0
DA:70,0
DA:77,0
DA:86,0
DA:87,0
DA:97,0
LF:13
LH:0
BRDA:26,0,0,0
BRDA:26,0,1,0
BRF:2
BRH:0
end_of_record
TN:
SF:SutWxApp\pages\user\agreement\agreement.js
FN:15,(anonymous_0)
FNF:1
FNH:0
FNDA:0,(anonymous_0)
DA:5,0
LF:1
LH:0
BRF:0
BRH:0
end_of_record
TN:
SF:SutWxApp\pages\user\coupon\list.js
FN:18,(anonymous_0)
FN:26,(anonymous_1)
FN:38,(anonymous_2)
FN:49,(anonymous_3)
FN:52,(anonymous_4)
FNF:5
FNH:0
FNDA:0,(anonymous_0)
FNDA:0,(anonymous_1)
FNDA:0,(anonymous_2)
FNDA:0,(anonymous_3)
FNDA:0,(anonymous_4)
DA:5,0
DA:19,0
DA:28,0
DA:29,0
DA:39,0
DA:40,0
DA:41,0
DA:50,0
DA:52,0
DA:53,0
DA:54,0
DA:55,0
DA:59,0
DA:60,0
DA:63,0
DA:64,0
DA:68,0
DA:75,0
LF:18
LH:0
BRDA:28,0,0,0
BRDA:28,0,1,0
BRDA:54,1,0,0
BRDA:54,1,1,0
BRDA:59,2,0,0
BRDA:59,2,1,0
BRDA:63,3,0,0
BRDA:63,3,1,0
BRF:8
BRH:0
end_of_record
TN:
SF:SutWxApp\pages\user\coupon\select.js
FN:21,(anonymous_0)
FN:32,(anonymous_1)
FN:43,(anonymous_2)
FN:46,(anonymous_3)
FN:54,(anonymous_4)
FN:55,(anonymous_5)
FN:74,(anonymous_6)
FN:76,(anonymous_7)
FN:94,(anonymous_8)
FNF:9
FNH:0
FNDA:0,(anonymous_0)
FNDA:0,(anonymous_1)
FNDA:0,(anonymous_2)
FNDA:0,(anonymous_3)
FNDA:0,(anonymous_4)
FNDA:0,(anonymous_5)
FNDA:0,(anonymous_6)
FNDA:0,(anonymous_7)
FNDA:0,(anonymous_8)
DA:5,0
DA:22,0
DA:23,0
DA:25,0
DA:34,0
DA:35,0
DA:44,0
DA:46,0
DA:47,0
DA:54,0
DA:55,0
DA:57,0
DA:66,0
DA:75,0
DA:76,0
DA:77,0
DA:79,0
DA:80,0
DA:81,0
DA:82,0
DA:86,0
DA:95,0
DA:96,0
DA:97,0
DA:98,0
DA:102,0
LF:26
LH:0
BRDA:22,0,0,0
BRDA:22,0,1,0
BRDA:34,1,0,0
BRDA:34,1,1,0
BRDA:77,2,0,0
BRDA:77,2,1,0
BRDA:81,3,0,0
BRDA:81,3,1,0
BRDA:97,4,0,0
BRDA:97,4,1,0
BRF:10
BRH:0
end_of_record
TN:
SF:SutWxApp\pages\user\login\login.js
FN:21,(anonymous_0)
FN:31,(anonymous_1)
FN:40,(anonymous_2)
FNF:3
FNH:3
FNDA:1,(anonymous_0)
FNDA:1,(anonymous_1)
FNDA:3,(anonymous_2)
DA:1,5
DA:7,5
DA:22,1
DA:32,1
DA:41,3
DA:43,3
DA:44,1
DA:48,1
DA:51,2
DA:53,2
DA:54,2
DA:55,1
DA:60,1
DA:62,1
DA:67,2
LF:15
LH:15
BRDA:43,0,0,1
BRDA:43,0,1,2
BRDA:43,1,0,3
BRDA:43,1,1,2
BRDA:63,2,0,1
BRDA:63,2,1,0
BRF:6
BRH:5
end_of_record
TN:
SF:SutWxApp\pages\user\order\list.js
FN:30,(anonymous_0)
FN:37,(anonymous_1)
FN:48,(anonymous_2)
FN:62,(anonymous_3)
FN:73,(anonymous_4)
FN:108,(anonymous_5)
FN:116,(anonymous_6)
FNF:7
FNH:0
FNDA:0,(anonymous_0)
FNDA:0,(anonymous_1)
FNDA:0,(anonymous_2)
FNDA:0,(anonymous_3)
FNDA:0,(anonymous_4)
FNDA:0,(anonymous_5)
FNDA:0,(anonymous_6)
DA:5,0
DA:31,0
DA:39,0
DA:40,0
DA:49,0
DA:50,0
DA:56,0
DA:63,0
DA:64,0
DA:67,0
DA:69,0
DA:70,0
DA:73,0
DA:74,0
DA:75,0
DA:76,0
DA:93,0
DA:102,0
DA:109,0
DA:117,0
DA:118,0
LF:21
LH:0
BRDA:39,0,0,0
BRDA:39,0,1,0
BRDA:63,1,0,0
BRDA:63,1,1,0
BRDA:63,2,0,0
BRDA:63,2,1,0
BRF:6
BRH:0
end_of_record
TN:
SF:SutWxApp\pages\user\order\detail\detail.js
FN:18,(anonymous_0)
FN:28,(anonymous_1)
FN:32,(anonymous_2)
FN:75,(anonymous_3)
FN:86,(anonymous_4)
FN:90,(anonymous_5)
FN:105,(anonymous_6)
FN:109,(anonymous_7)
FNF:8
FNH:0
FNDA:0,(anonymous_0)
FNDA:0,(anonymous_1)
FNDA:0,(anonymous_2)
FNDA:0,(anonymous_3)
FNDA:0,(anonymous_4)
FNDA:0,(anonymous_5)
FNDA:0,(anonymous_6)
FNDA:0,(anonymous_7)
DA:5,0
DA:19,0
DA:20,0
DA:21,0
DA:29,0
DA:32,0
DA:33,0
DA:65,0
DA:76,0
DA:87,0
DA:91,0
DA:92,0
DA:106,0
DA:110,0
DA:111,0
LF:15
LH:0
BRDA:91,0,0,0
BRDA:91,0,1,0
BRDA:110,1,0,0
BRDA:110,1,1,0
BRF:4
BRH:0
end_of_record
TN:
SF:SutWxApp\pages\user\points\points.js
FN:35,(anonymous_0)
FN:44,(anonymous_1)
FN:52,(anonymous_2)
FN:55,(anonymous_3)
FN:64,(anonymous_4)
FN:73,(anonymous_5)
FN:93,(anonymous_6)
FN:99,(anonymous_7)
FN:122,(anonymous_8)
FN:134,(anonymous_9)
FN:248,(anonymous_10)
FN:257,(anonymous_11)
FN:266,(anonymous_12)
FN:275,(anonymous_13)
FN:284,(anonymous_14)
FN:293,(anonymous_15)
FN:300,(anonymous_16)
FNF:17
FNH:0
FNDA:0,(anonymous_0)
FNDA:0,(anonymous_1)
FNDA:0,(anonymous_2)
FNDA:0,(anonymous_3)
FNDA:0,(anonymous_4)
FNDA:0,(anonymous_5)
FNDA:0,(anonymous_6)
FNDA:0,(anonymous_7)
FNDA:0,(anonymous_8)
FNDA:0,(anonymous_9)
FNDA:0,(anonymous_10)
FNDA:0,(anonymous_11)
FNDA:0,(anonymous_12)
FNDA:0,(anonymous_13)
FNDA:0,(anonymous_14)
FNDA:0,(anonymous_15)
FNDA:0,(anonymous_16)
DA:6,0
DA:8,0
DA:36,0
DA:37,0
DA:38,0
DA:46,0
DA:53,0
DA:54,0
DA:55,0
DA:56,0
DA:57,0
DA:65,0
DA:66,0
DA:74,0
DA:79,0
DA:86,0
DA:94,0
DA:99,0
DA:100,0
DA:111,0
DA:112,0
DA:123,0
DA:125,0
DA:126,0
DA:128,0
DA:134,0
DA:135,0
DA:219,0
DA:220,0
DA:221,0
DA:223,0
DA:227,0
DA:236,0
DA:237,0
DA:238,0
DA:249,0
DA:258,0
DA:267,0
DA:276,0
DA:285,0
DA:294,0
DA:301,0
DA:302,0
DA:303,0
DA:306,0
DA:307,0
DA:308,0
DA:312,0
DA:313,0
DA:314,0
DA:318,0
DA:319,0
DA:320,0
DA:324,0
LF:54
LH:0
BRDA:65,0,0,0
BRDA:65,0,1,0
BRDA:65,1,0,0
BRDA:65,1,1,0
BRDA:122,2,0,0
BRDA:123,3,0,0
BRDA:123,3,1,0
BRDA:128,4,0,0
BRDA:128,4,1,0
BRDA:223,5,0,0
BRDA:223,5,1,0
BRDA:294,6,0,0
BRDA:294,6,1,0
BRDA:306,7,0,0
BRDA:306,7,1,0
BRDA:308,8,0,0
BRDA:308,8,1,0
BRDA:312,9,0,0
BRDA:312,9,1,0
BRDA:318,10,0,0
BRDA:318,10,1,0
BRF:21
BRH:0
end_of_record
TN:
SF:SutWxApp\pages\user\points\records.js
FN:27,(anonymous_0)
FN:35,(anonymous_1)
FN:42,(anonymous_2)
FN:49,(anonymous_3)
FN:56,(anonymous_4)
FN:63,(anonymous_5)
FN:68,(anonymous_6)
FN:77,(anonymous_7)
FN:86,(anonymous_8)
FN:96,(anonymous_9)
FN:105,(anonymous_10)
FN:113,(anonymous_11)
FN:116,(anonymous_12)
FN:126,(anonymous_13)
FN:133,(anonymous_14)
FN:148,(anonymous_15)
FN:163,(anonymous_16)
FN:165,(anonymous_17)
FNF:18
FNH:0
FNDA:0,(anonymous_0)
FNDA:0,(anonymous_1)
FNDA:0,(anonymous_2)
FNDA:0,(anonymous_3)
FNDA:0,(anonymous_4)
FNDA:0,(anonymous_5)
FNDA:0,(anonymous_6)
FNDA:0,(anonymous_7)
FNDA:0,(anonymous_8)
FNDA:0,(anonymous_9)
FNDA:0,(anonymous_10)
FNDA:0,(anonymous_11)
FNDA:0,(anonymous_12)
FNDA:0,(anonymous_13)
FNDA:0,(anonymous_14)
FNDA:0,(anonymous_15)
FNDA:0,(anonymous_16)
FNDA:0,(anonymous_17)
DA:5,0
DA:28,0
DA:29,0
DA:64,0
DA:69,0
DA:70,0
DA:78,0
DA:79,0
DA:87,0
DA:97,0
DA:98,0
DA:100,0
DA:106,0
DA:116,0
DA:117,0
DA:127,0
DA:129,0
DA:133,0
DA:134,0
DA:136,0
DA:149,0
DA:161,0
DA:162,0
DA:163,0
DA:164,0
DA:165,0
DA:169,0
DA:170,0
DA:171,0
LF:29
LH:0
BRDA:78,0,0,0
BRDA:78,0,1,0
BRDA:78,1,0,0
BRDA:78,1,1,0
BRDA:98,2,0,0
BRDA:98,2,1,0
BRDA:127,3,0,0
BRDA:127,3,1,0
BRDA:127,4,0,0
BRDA:127,4,1,0
BRDA:162,5,0,0
BRDA:162,5,1,0
BRDA:164,6,0,0
BRDA:164,6,1,0
BRF:14
BRH:0
end_of_record
TN:
SF:SutWxApp\pages\user\points\mall\mall.js
FN:49,(anonymous_0)
FN:63,(anonymous_1)
FN:73,(anonymous_2)
FN:81,(anonymous_3)
FN:88,(anonymous_4)
FN:95,(anonymous_5)
FN:96,(anonymous_6)
FN:97,(anonymous_7)
FN:106,(anonymous_8)
FN:115,(anonymous_9)
FN:125,(anonymous_10)
FN:142,(anonymous_11)
FN:167,(anonymous_12)
FN:204,(anonymous_13)
FN:220,(anonymous_14)
FN:237,(anonymous_15)
FN:246,(anonymous_16)
FN:255,(anonymous_17)
FN:276,(anonymous_18)
FN:285,(anonymous_19)
FN:298,(anonymous_20)
FN:312,(anonymous_21)
FN:322,(anonymous_22)
FN:324,(anonymous_23)
FN:379,(anonymous_24)
FN:388,(anonymous_25)
FNF:26
FNH:0
FNDA:0,(anonymous_0)
FNDA:0,(anonymous_1)
FNDA:0,(anonymous_2)
FNDA:0,(anonymous_3)
FNDA:0,(anonymous_4)
FNDA:0,(anonymous_5)
FNDA:0,(anonymous_6)
FNDA:0,(anonymous_7)
FNDA:0,(anonymous_8)
FNDA:0,(anonymous_9)
FNDA:0,(anonymous_10)
FNDA:0,(anonymous_11)
FNDA:0,(anonymous_12)
FNDA:0,(anonymous_13)
FNDA:0,(anonymous_14)
FNDA:0,(anonymous_15)
FNDA:0,(anonymous_16)
FNDA:0,(anonymous_17)
FNDA:0,(anonymous_18)
FNDA:0,(anonymous_19)
FNDA:0,(anonymous_20)
FNDA:0,(anonymous_21)
FNDA:0,(anonymous_22)
FNDA:0,(anonymous_23)
FNDA:0,(anonymous_24)
FNDA:0,(anonymous_25)
DA:2,0
DA:4,0
DA:51,0
DA:54,0
DA:57,0
DA:65,0
DA:75,0
DA:96,0
DA:97,0
DA:98,0
DA:107,0
DA:108,0
DA:116,0
DA:126,0
DA:127,0
DA:128,0
DA:129,0
DA:132,0
DA:135,0
DA:143,0
DA:145,0
DA:149,0
DA:150,0
DA:151,0
DA:159,0
DA:161,0
DA:162,0
DA:163,0
DA:166,0
DA:167,0
DA:168,0
DA:169,0
DA:171,0
DA:174,0
DA:181,0
DA:184,0
DA:190,0
DA:191,0
DA:194,0
DA:205,0
DA:206,0
DA:207,0
DA:208,0
DA:213,0
DA:221,0
DA:222,0
DA:224,0
DA:231,0
DA:238,0
DA:247,0
DA:256,0
DA:257,0
DA:258,0
DA:259,0
DA:262,0
DA:270,0
DA:277,0
DA:286,0
DA:292,0
DA:299,0
DA:306,0
DA:313,0
DA:314,0
DA:323,0
DA:324,0
DA:326,0
DA:329,0
DA:330,0
DA:334,0
DA:337,0
DA:338,0
DA:342,0
DA:344,0
DA:346,0
DA:347,0
DA:353,0
DA:356,0
DA:359,0
DA:361,0
DA:367,0
DA:368,0
DA:369,0
DA:380,0
DA:389,0
LF:84
LH:0
BRDA:107,0,0,0
BRDA:107,0,1,0
BRDA:107,1,0,0
BRDA:107,1,1,0
BRDA:128,2,0,0
BRDA:128,2,1,0
BRDA:142,3,0,0
BRDA:143,4,0,0
BRDA:143,4,1,0
BRDA:150,5,0,0
BRDA:150,5,1,0
BRDA:161,6,0,0
BRDA:161,6,1,0
BRDA:162,7,0,0
BRDA:162,7,1,0
BRDA:166,8,0,0
BRDA:166,8,1,0
BRDA:166,9,0,0
BRDA:166,9,1,0
BRDA:168,10,0,0
BRDA:168,10,1,0
BRDA:168,11,0,0
BRDA:168,11,1,0
BRDA:175,12,0,0
BRDA:175,12,1,0
BRDA:176,13,0,0
BRDA:176,13,1,0
BRDA:185,14,0,0
BRDA:185,14,1,0
BRDA:207,15,0,0
BRDA:207,15,1,0
BRDA:209,16,0,0
BRDA:209,16,1,0
BRDA:222,17,0,0
BRDA:222,17,1,0
BRDA:257,18,0,0
BRDA:257,18,1,0
BRDA:326,19,0,0
BRDA:326,19,1,0
BRDA:329,20,0,0
BRDA:329,20,1,0
BRDA:346,21,0,0
BRDA:346,21,1,0
BRDA:362,22,0,0
BRDA:362,22,1,0
BRF:45
BRH:0
end_of_record
TN:
SF:SutWxApp\pages\user\points\tasks\tasks.js
FN:45,(anonymous_0)
FN:56,(anonymous_1)
FN:66,(anonymous_2)
FN:75,(anonymous_3)
FN:82,(anonymous_4)
FN:89,(anonymous_5)
FN:90,(anonymous_6)
FN:98,(anonymous_7)
FN:107,(anonymous_8)
FN:117,(anonymous_9)
FN:133,(anonymous_10)
FN:157,(anonymous_11)
FN:194,(anonymous_12)
FN:211,(anonymous_13)
FN:228,(anonymous_14)
FN:270,(anonymous_15)
FN:312,(anonymous_16)
FN:322,(anonymous_17)
FN:331,(anonymous_18)
FN:338,(anonymous_19)
FNF:20
FNH:0
FNDA:0,(anonymous_0)
FNDA:0,(anonymous_1)
FNDA:0,(anonymous_2)
FNDA:0,(anonymous_3)
FNDA:0,(anonymous_4)
FNDA:0,(anonymous_5)
FNDA:0,(anonymous_6)
FNDA:0,(anonymous_7)
FNDA:0,(anonymous_8)
FNDA:0,(anonymous_9)
FNDA:0,(anonymous_10)
FNDA:0,(anonymous_11)
FNDA:0,(anonymous_12)
FNDA:0,(anonymous_13)
FNDA:0,(anonymous_14)
FNDA:0,(anonymous_15)
FNDA:0,(anonymous_16)
FNDA:0,(anonymous_17)
FNDA:0,(anonymous_18)
FNDA:0,(anonymous_19)
DA:2,0
DA:4,0
DA:47,0
DA:50,0
DA:58,0
DA:68,0
DA:69,0
DA:90,0
DA:91,0
DA:99,0
DA:100,0
DA:108,0
DA:118,0
DA:119,0
DA:120,0
DA:121,0
DA:126,0
DA:134,0
DA:136,0
DA:140,0
DA:141,0
DA:142,0
DA:149,0
DA:151,0
DA:152,0
DA:153,0
DA:156,0
DA:157,0
DA:158,0
DA:159,0
DA:161,0
DA:164,0
DA:171,0
DA:174,0
DA:180,0
DA:181,0
DA:184,0
DA:195,0
DA:196,0
DA:198,0
DA:205,0
DA:212,0
DA:213,0
DA:215,0
DA:222,0
DA:229,0
DA:231,0
DA:232,0
DA:236,0
DA:238,0
DA:240,0
DA:241,0
DA:247,0
DA:250,0
DA:252,0
DA:258,0
DA:259,0
DA:260,0
DA:271,0
DA:273,0
DA:274,0
DA:278,0
DA:280,0
DA:282,0
DA:283,0
DA:289,0
DA:292,0
DA:294,0
DA:300,0
DA:301,0
DA:302,0
DA:313,0
DA:314,0
DA:323,0
DA:332,0
DA:339,0
DA:340,0
DA:341,0
LF:78
LH:0
BRDA:99,0,0,0
BRDA:99,0,1,0
BRDA:99,1,0,0
BRDA:99,1,1,0
BRDA:120,2,0,0
BRDA:120,2,1,0
BRDA:133,3,0,0
BRDA:134,4,0,0
BRDA:134,4,1,0
BRDA:141,5,0,0
BRDA:141,5,1,0
BRDA:151,6,0,0
BRDA:151,6,1,0
BRDA:152,7,0,0
BRDA:152,7,1,0
BRDA:156,8,0,0
BRDA:156,8,1,0
BRDA:156,9,0,0
BRDA:156,9,1,0
BRDA:158,10,0,0
BRDA:158,10,1,0
BRDA:165,11,0,0
BRDA:165,11,1,0
BRDA:166,12,0,0
BRDA:166,12,1,0
BRDA:175,13,0,0
BRDA:175,13,1,0
BRDA:196,14,0,0
BRDA:196,14,1,0
BRDA:213,15,0,0
BRDA:213,15,1,0
BRDA:240,16,0,0
BRDA:240,16,1,0
BRDA:253,17,0,0
BRDA:253,17,1,0
BRDA:282,18,0,0
BRDA:282,18,1,0
BRDA:295,19,0,0
BRDA:295,19,1,0
BRDA:339,20,0,0
BRDA:339,20,1,0
BRDA:339,21,0,0
BRDA:339,21,1,0
BRF:43
BRH:0
end_of_record
TN:
SF:SutWxApp\pages\user\profile\profile.js
FN:21,(anonymous_0)
FN:28,(anonymous_1)
FN:42,(anonymous_2)
FN:47,(anonymous_3)
FN:67,(anonymous_4)
FN:73,(anonymous_5)
FN:91,(anonymous_6)
FN:94,(anonymous_7)
FN:111,(anonymous_8)
FN:114,(anonymous_9)
FN:130,(anonymous_10)
FN:134,(anonymous_11)
FNF:12
FNH:0
FNDA:0,(anonymous_0)
FNDA:0,(anonymous_1)
FNDA:0,(anonymous_2)
FNDA:0,(anonymous_3)
FNDA:0,(anonymous_4)
FNDA:0,(anonymous_5)
FNDA:0,(anonymous_6)
FNDA:0,(anonymous_7)
FNDA:0,(anonymous_8)
FNDA:0,(anonymous_9)
FNDA:0,(anonymous_10)
FNDA:0,(anonymous_11)
DA:5,0
DA:22,0
DA:30,0
DA:36,0
DA:43,0
DA:48,0
DA:49,0
DA:50,0
DA:51,0
DA:54,0
DA:55,0
DA:68,0
DA:74,0
DA:75,0
DA:78,0
DA:79,0
DA:92,0
DA:95,0
DA:96,0
DA:99,0
DA:100,0
DA:112,0
DA:115,0
DA:118,0
DA:119,0
DA:131,0
DA:135,0
DA:136,0
DA:137,0
DA:142,0
LF:30
LH:0
BRDA:30,0,0,0
BRDA:30,0,1,0
BRDA:49,1,0,0
BRDA:49,1,1,0
BRDA:49,2,0,0
BRDA:49,2,1,0
BRDA:74,3,0,0
BRDA:74,3,1,0
BRDA:74,4,0,0
BRDA:74,4,1,0
BRDA:95,5,0,0
BRDA:95,5,1,0
BRDA:113,6,0,0
BRDA:113,6,1,0
BRDA:135,7,0,0
BRDA:135,7,1,0
BRF:16
BRH:0
end_of_record
TN:
SF:SutWxApp\pages\user\settings\settings.js
FN:16,(anonymous_0)
FN:23,(anonymous_1)
FN:30,(anonymous_2)
FN:37,(anonymous_3)
FN:44,(anonymous_4)
FN:51,(anonymous_5)
FN:58,(anonymous_6)
FN:65,(anonymous_7)
FNF:8
FNH:0
FNDA:0,(anonymous_0)
FNDA:0,(anonymous_1)
FNDA:0,(anonymous_2)
FNDA:0,(anonymous_3)
FNDA:0,(anonymous_4)
FNDA:0,(anonymous_5)
FNDA:0,(anonymous_6)
FNDA:0,(anonymous_7)
DA:5,0
LF:1
LH:0
BRF:0
BRH:0
end_of_record
TN:
SF:SutWxApp\services\authService.js
FN:16,(anonymous_0)
FN:17,(anonymous_1)
FN:18,(anonymous_2)
FN:38,(anonymous_3)
FN:39,(anonymous_4)
FN:40,(anonymous_5)
FN:54,(anonymous_6)
FN:62,(anonymous_7)
FNF:8
FNH:8
FNDA:6,(anonymous_0)
FNDA:6,(anonymous_1)
FNDA:6,(anonymous_2)
FNDA:2,(anonymous_3)
FNDA:2,(anonymous_4)
FNDA:2,(anonymous_5)
FNDA:8,(anonymous_6)
FNDA:4,(anonymous_7)
DA:7,7
DA:9,7
DA:17,6
DA:18,6
DA:19,6
DA:20,3
DA:21,3
DA:22,3
DA:24,3
DA:29,6
DA:30,6
DA:39,2
DA:40,2
DA:41,2
DA:42,2
DA:46,2
DA:55,8
DA:63,4
DA:67,7
LF:19
LH:19
BRDA:19,0,0,3
BRDA:19,0,1,3
BRDA:19,1,0,6
BRDA:19,1,1,4
BRDA:55,2,0,8
BRDA:55,2,1,4
BRF:6
BRH:6
end_of_record
TN:
SF:SutWxApp\services\cartService.js
FN:14,(anonymous_0)
FN:27,(anonymous_1)
FN:37,(anonymous_2)
FN:47,(anonymous_3)
FN:56,(anonymous_4)
FN:65,(anonymous_5)
FN:75,(anonymous_6)
FN:88,(anonymous_7)
FN:96,(anonymous_8)
FN:104,(anonymous_9)
FN:117,(anonymous_10)
FN:126,(anonymous_11)
FN:136,(anonymous_12)
FN:145,(anonymous_13)
FN:153,(anonymous_14)
FN:162,(anonymous_15)
FN:170,(anonymous_16)
FN:180,(anonymous_17)
FNF:18
FNH:0
FNDA:0,(anonymous_0)
FNDA:0,(anonymous_1)
FNDA:0,(anonymous_2)
FNDA:0,(anonymous_3)
FNDA:0,(anonymous_4)
FNDA:0,(anonymous_5)
FNDA:0,(anonymous_6)
FNDA:0,(anonymous_7)
FNDA:0,(anonymous_8)
FNDA:0,(anonymous_9)
FNDA:0,(anonymous_10)
FNDA:0,(anonymous_11)
FNDA:0,(anonymous_12)
FNDA:0,(anonymous_13)
FNDA:0,(anonymous_14)
FNDA:0,(anonymous_15)
FNDA:0,(anonymous_16)
FNDA:0,(anonymous_17)
DA:6,0
DA:15,0
DA:28,0
DA:38,0
DA:48,0
DA:57,0
DA:58,0
DA:66,0
DA:76,0
DA:77,0
DA:89,0
DA:97,0
DA:105,0
DA:118,0
DA:127,0
DA:128,0
DA:137,0
DA:138,0
DA:146,0
DA:154,0
DA:163,0
DA:171,0
DA:181,0
DA:185,0
LF:24
LH:0
BRDA:14,0,0,0
BRDA:57,1,0,0
BRDA:57,1,1,0
BRDA:76,2,0,0
BRDA:76,2,1,0
BRDA:127,3,0,0
BRDA:127,3,1,0
BRDA:137,4,0,0
BRDA:137,4,1,0
BRDA:180,5,0,0
BRF:10
BRH:0
end_of_record
TN:
SF:SutWxApp\services\categoryService.js
FN:20,(anonymous_0)
FN:39,(anonymous_1)
FN:61,(anonymous_2)
FN:76,(anonymous_3)
FN:92,(anonymous_4)
FN:113,(anonymous_5)
FN:132,(anonymous_6)
FN:147,(anonymous_7)
FNF:8
FNH:0
FNDA:0,(anonymous_0)
FNDA:0,(anonymous_1)
FNDA:0,(anonymous_2)
FNDA:0,(anonymous_3)
FNDA:0,(anonymous_4)
FNDA:0,(anonymous_5)
FNDA:0,(anonymous_6)
FNDA:0,(anonymous_7)
DA:6,0
DA:21,0
DA:27,0
DA:40,0
DA:41,0
DA:44,0
DA:50,0
DA:62,0
DA:68,0
DA:77,0
DA:81,0
DA:93,0
DA:94,0
DA:97,0
DA:102,0
DA:114,0
DA:115,0
DA:118,0
DA:124,0
DA:133,0
DA:134,0
DA:137,0
DA:148,0
DA:149,0
DA:152,0
DA:156,0
DA:161,0
DA:163,0
LF:28
LH:0
BRDA:20,0,0,0
BRDA:22,1,0,0
BRDA:22,1,1,0
BRDA:23,2,0,0
BRDA:23,2,1,0
BRDA:24,3,0,0
BRDA:24,3,1,0
BRDA:39,4,0,0
BRDA:40,5,0,0
BRDA:40,5,1,0
BRDA:45,6,0,0
BRDA:45,6,1,0
BRDA:46,7,0,0
BRDA:46,7,1,0
BRDA:47,8,0,0
BRDA:47,8,1,0
BRDA:61,9,0,0
BRDA:63,10,0,0
BRDA:63,10,1,0
BRDA:64,11,0,0
BRDA:64,11,1,0
BRDA:65,12,0,0
BRDA:65,12,1,0
BRDA:76,13,0,0
BRDA:92,14,0,0
BRDA:93,15,0,0
BRDA:93,15,1,0
BRDA:98,16,0,0
BRDA:98,16,1,0
BRDA:99,17,0,0
BRDA:99,17,1,0
BRDA:113,18,0,0
BRDA:114,19,0,0
BRDA:114,19,1,0
BRDA:120,20,0,0
BRDA:120,20,1,0
BRDA:121,21,0,0
BRDA:121,21,1,0
BRDA:133,22,0,0
BRDA:133,22,1,0
BRDA:147,23,0,0
BRDA:148,24,0,0
BRDA:148,24,1,0
BRDA:153,25,0,0
BRDA:153,25,1,0
BRF:45
BRH:0
end_of_record
TN:
SF:SutWxApp\services\favoriteService.js
FN:18,getUserFavorites
FN:44,addProductFavorite
FN:57,removeProductFavorite
FN:70,checkProductFavorite
FN:83,addArticleFavorite
FN:96,removeArticleFavorite
FN:109,checkArticleFavorite
FN:122,batchRemoveFavorites
FN:139,getUserFollowing
FN:167,getUserFollowers
FN:191,followUser
FN:204,unfollowUser
FN:217,checkUserFollowing
FN:230,removeFollower
FN:243,getRecommendedUsers
FN:254,getUserFollowStats
FN:265,getFavoriteFolders
FN:279,createFavoriteFolder
FN:310,updateFavoriteFolder
FN:345,deleteFavoriteFolder
FN:360,getFavoriteFolderContent
FN:376,addToFavoriteFolder
FN:394,removeFromFavoriteFolder
FNF:23
FNH:0
FNDA:0,getUserFavorites
FNDA:0,addProductFavorite
FNDA:0,removeProductFavorite
FNDA:0,checkProductFavorite
FNDA:0,addArticleFavorite
FNDA:0,removeArticleFavorite
FNDA:0,checkArticleFavorite
FNDA:0,batchRemoveFavorites
FNDA:0,getUserFollowing
FNDA:0,getUserFollowers
FNDA:0,followUser
FNDA:0,unfollowUser
FNDA:0,checkUserFollowing
FNDA:0,removeFollower
FNDA:0,getRecommendedUsers
FNDA:0,getUserFollowStats
FNDA:0,getFavoriteFolders
FNDA:0,createFavoriteFolder
FNDA:0,updateFavoriteFolder
FNDA:0,deleteFavoriteFolder
FNDA:0,getFavoriteFolderContent
FNDA:0,addToFavoriteFolder
FNDA:0,removeFromFavoriteFolder
DA:6,0
DA:25,0
DA:27,0
DA:34,0
DA:36,0
DA:45,0
DA:46,0
DA:49,0
DA:58,0
DA:59,0
DA:62,0
DA:71,0
DA:72,0
DA:75,0
DA:84,0
DA:85,0
DA:88,0
DA:97,0
DA:98,0
DA:101,0
DA:110,0
DA:111,0
DA:114,0
DA:123,0
DA:124,0
DA:127,0
DA:145,0
DA:147,0
DA:153,0
DA:155,0
DA:173,0
DA:175,0
DA:181,0
DA:183,0
DA:192,0
DA:193,0
DA:196,0
DA:205,0
DA:206,0
DA:209,0
DA:218,0
DA:219,0
DA:222,0
DA:231,0
DA:232,0
DA:235,0
DA:244,0
DA:255,0
DA:256,0
DA:266,0
DA:280,0
DA:282,0
DA:283,0
DA:286,0
DA:287,0
DA:290,0
DA:291,0
DA:294,0
DA:311,0
DA:313,0
DA:314,0
DA:317,0
DA:318,0
DA:319,0
DA:322,0
DA:323,0
DA:327,0
DA:328,0
DA:331,0
DA:333,0
DA:334,0
DA:335,0
DA:337,0
DA:346,0
DA:347,0
DA:350,0
DA:361,0
DA:362,0
DA:365,0
DA:377,0
DA:378,0
DA:381,0
DA:382,0
DA:385,0
DA:395,0
DA:396,0
DA:399,0
DA:400,0
DA:403,0
DA:406,0
LF:90
LH:0
BRDA:18,0,0,0
BRDA:21,1,0,0
BRDA:22,2,0,0
BRDA:23,3,0,0
BRDA:24,4,0,0
BRDA:34,5,0,0
BRDA:34,5,1,0
BRDA:45,6,0,0
BRDA:45,6,1,0
BRDA:58,7,0,0
BRDA:58,7,1,0
BRDA:71,8,0,0
BRDA:71,8,1,0
BRDA:84,9,0,0
BRDA:84,9,1,0
BRDA:97,10,0,0
BRDA:97,10,1,0
BRDA:110,11,0,0
BRDA:110,11,1,0
BRDA:123,12,0,0
BRDA:123,12,1,0
BRDA:123,13,0,0
BRDA:123,13,1,0
BRDA:139,14,0,0
BRDA:142,15,0,0
BRDA:143,16,0,0
BRDA:144,17,0,0
BRDA:153,18,0,0
BRDA:153,18,1,0
BRDA:167,19,0,0
BRDA:170,20,0,0
BRDA:171,21,0,0
BRDA:172,22,0,0
BRDA:181,23,0,0
BRDA:181,23,1,0
BRDA:192,24,0,0
BRDA:192,24,1,0
BRDA:205,25,0,0
BRDA:205,25,1,0
BRDA:218,26,0,0
BRDA:218,26,1,0
BRDA:231,27,0,0
BRDA:231,27,1,0
BRDA:243,28,0,0
BRDA:255,29,0,0
BRDA:255,29,1,0
BRDA:265,30,0,0
BRDA:265,31,0,0
BRDA:280,32,0,0
BRDA:282,33,0,0
BRDA:282,33,1,0
BRDA:282,34,0,0
BRDA:282,34,1,0
BRDA:286,35,0,0
BRDA:286,35,1,0
BRDA:290,36,0,0
BRDA:290,36,1,0
BRDA:290,37,0,0
BRDA:290,37,1,0
BRDA:296,38,0,0
BRDA:296,38,1,0
BRDA:313,39,0,0
BRDA:313,39,1,0
BRDA:317,40,0,0
BRDA:317,40,1,0
BRDA:318,41,0,0
BRDA:318,41,1,0
BRDA:318,42,0,0
BRDA:318,42,1,0
BRDA:322,43,0,0
BRDA:322,43,1,0
BRDA:327,44,0,0
BRDA:327,44,1,0
BRDA:327,45,0,0
BRDA:327,45,1,0
BRDA:327,45,2,0
BRDA:333,46,0,0
BRDA:333,46,1,0
BRDA:334,47,0,0
BRDA:334,47,1,0
BRDA:334,48,0,0
BRDA:334,48,1,0
BRDA:335,49,0,0
BRDA:335,49,1,0
BRDA:346,50,0,0
BRDA:346,50,1,0
BRDA:360,51,0,0
BRDA:360,52,0,0
BRDA:361,53,0,0
BRDA:361,53,1,0
BRDA:377,54,0,0
BRDA:377,54,1,0
BRDA:381,55,0,0
BRDA:381,55,1,0
BRDA:395,56,0,0
BRDA:395,56,1,0
BRDA:399,57,0,0
BRDA:399,57,1,0
BRF:98
BRH:0
end_of_record
TN:
SF:SutWxApp\services\notificationService.js
FN:18,(anonymous_0)
FN:34,(anonymous_1)
FN:47,(anonymous_2)
FN:60,(anonymous_3)
FN:72,(anonymous_4)
FN:80,(anonymous_5)
FN:93,(anonymous_6)
FN:105,(anonymous_7)
FN:118,(anonymous_8)
FN:135,(anonymous_9)
FNF:10
FNH:0
FNDA:0,(anonymous_0)
FNDA:0,(anonymous_1)
FNDA:0,(anonymous_2)
FNDA:0,(anonymous_3)
FNDA:0,(anonymous_4)
FNDA:0,(anonymous_5)
FNDA:0,(anonymous_6)
FNDA:0,(anonymous_7)
FNDA:0,(anonymous_8)
FNDA:0,(anonymous_9)
DA:6,0
DA:8,0
DA:19,0
DA:26,0
DA:35,0
DA:36,0
DA:39,0
DA:48,0
DA:49,0
DA:51,0
DA:61,0
DA:62,0
DA:64,0
DA:73,0
DA:81,0
DA:94,0
DA:106,0
DA:107,0
DA:110,0
DA:119,0
DA:120,0
DA:123,0
DA:136,0
DA:137,0
DA:140,0
DA:144,0
LF:26
LH:0
BRDA:18,0,0,0
BRDA:20,1,0,0
BRDA:20,1,1,0
BRDA:21,2,0,0
BRDA:21,2,1,0
BRDA:22,3,0,0
BRDA:22,3,1,0
BRDA:23,4,0,0
BRDA:23,4,1,0
BRDA:35,5,0,0
BRDA:35,5,1,0
BRDA:48,6,0,0
BRDA:48,6,1,0
BRDA:61,7,0,0
BRDA:61,7,1,0
BRDA:106,8,0,0
BRDA:106,8,1,0
BRDA:106,9,0,0
BRDA:106,9,1,0
BRDA:119,10,0,0
BRDA:119,10,1,0
BRDA:136,11,0,0
BRDA:136,11,1,0
BRDA:136,12,0,0
BRDA:136,12,1,0
BRDA:136,12,2,0
BRF:26
BRH:0
end_of_record
TN:
SF:SutWxApp\services\paymentService.js
FN:19,(anonymous_0)
FN:28,(anonymous_1)
FN:41,(anonymous_2)
FN:50,(anonymous_3)
FN:59,(anonymous_4)
FN:71,(anonymous_5)
FN:80,(anonymous_6)
FN:94,(anonymous_7)
FN:108,(anonymous_8)
FN:117,(anonymous_9)
FN:126,(anonymous_10)
FN:137,(anonymous_11)
FN:149,(anonymous_12)
FN:158,(anonymous_13)
FN:166,(anonymous_14)
FN:177,(anonymous_15)
FN:186,(anonymous_16)
FN:194,(anonymous_17)
FN:205,(anonymous_18)
FN:214,(anonymous_19)
FNF:20
FNH:0
FNDA:0,(anonymous_0)
FNDA:0,(anonymous_1)
FNDA:0,(anonymous_2)
FNDA:0,(anonymous_3)
FNDA:0,(anonymous_4)
FNDA:0,(anonymous_5)
FNDA:0,(anonymous_6)
FNDA:0,(anonymous_7)
FNDA:0,(anonymous_8)
FNDA:0,(anonymous_9)
FNDA:0,(anonymous_10)
FNDA:0,(anonymous_11)
FNDA:0,(anonymous_12)
FNDA:0,(anonymous_13)
FNDA:0,(anonymous_14)
FNDA:0,(anonymous_15)
FNDA:0,(anonymous_16)
FNDA:0,(anonymous_17)
FNDA:0,(anonymous_18)
FNDA:0,(anonymous_19)
DA:6,0
DA:20,0
DA:29,0
DA:42,0
DA:51,0
DA:60,0
DA:72,0
DA:81,0
DA:95,0
DA:109,0
DA:118,0
DA:127,0
DA:138,0
DA:150,0
DA:159,0
DA:167,0
DA:178,0
DA:187,0
DA:195,0
DA:206,0
DA:215,0
DA:219,0
LF:22
LH:0
BRDA:28,0,0,0
BRDA:94,1,0,0
BRDA:108,2,0,0
BRDA:149,3,0,0
BRF:4
BRH:0
end_of_record
TN:
SF:SutWxApp\services\pointsService.js
FN:13,(anonymous_0)
FN:26,(anonymous_1)
FN:35,(anonymous_2)
FN:44,(anonymous_3)
FN:59,(anonymous_4)
FN:68,(anonymous_5)
FN:76,(anonymous_6)
FN:84,(anonymous_7)
FN:97,(anonymous_8)
FN:106,(anonymous_9)
FN:119,(anonymous_10)
FN:131,(anonymous_11)
FN:140,(anonymous_12)
FN:150,(anonymous_13)
FN:159,(anonymous_14)
FN:167,(anonymous_15)
FN:175,(anonymous_16)
FN:187,(anonymous_17)
FN:195,(anonymous_18)
FN:207,(anonymous_19)
FN:219,(anonymous_20)
FNF:21
FNH:0
FNDA:0,(anonymous_0)
FNDA:0,(anonymous_1)
FNDA:0,(anonymous_2)
FNDA:0,(anonymous_3)
FNDA:0,(anonymous_4)
FNDA:0,(anonymous_5)
FNDA:0,(anonymous_6)
FNDA:0,(anonymous_7)
FNDA:0,(anonymous_8)
FNDA:0,(anonymous_9)
FNDA:0,(anonymous_10)
FNDA:0,(anonymous_11)
FNDA:0,(anonymous_12)
FNDA:0,(anonymous_13)
FNDA:0,(anonymous_14)
FNDA:0,(anonymous_15)
FNDA:0,(anonymous_16)
FNDA:0,(anonymous_17)
FNDA:0,(anonymous_18)
FNDA:0,(anonymous_19)
FNDA:0,(anonymous_20)
DA:6,0
DA:14,0
DA:27,0
DA:36,0
DA:45,0
DA:60,0
DA:69,0
DA:77,0
DA:85,0
DA:98,0
DA:107,0
DA:120,0
DA:132,0
DA:141,0
DA:151,0
DA:160,0
DA:168,0
DA:176,0
DA:188,0
DA:196,0
DA:208,0
DA:220,0
DA:224,0
LF:23
LH:0
BRDA:26,0,0,0
BRDA:59,1,0,0
BRDA:97,2,0,0
BRDA:131,3,0,0
BRDA:187,4,0,0
BRDA:219,5,0,0
BRF:6
BRH:0
end_of_record
TN:
SF:SutWxApp\services\productService.js
FN:24,(anonymous_0)
FN:43,(anonymous_1)
FN:61,(anonymous_2)
FN:82,(anonymous_3)
FN:95,(anonymous_4)
FN:108,(anonymous_5)
FN:120,(anonymous_6)
FN:128,(anonymous_7)
FN:137,(anonymous_8)
FN:150,(anonymous_9)
FN:163,(anonymous_10)
FN:176,(anonymous_11)
FN:191,(anonymous_12)
FN:208,(anonymous_13)
FNF:14
FNH:0
FNDA:0,(anonymous_0)
FNDA:0,(anonymous_1)
FNDA:0,(anonymous_2)
FNDA:0,(anonymous_3)
FNDA:0,(anonymous_4)
FNDA:0,(anonymous_5)
FNDA:0,(anonymous_6)
FNDA:0,(anonymous_7)
FNDA:0,(anonymous_8)
FNDA:0,(anonymous_9)
FNDA:0,(anonymous_10)
FNDA:0,(anonymous_11)
FNDA:0,(anonymous_12)
FNDA:0,(anonymous_13)
DA:6,0
DA:25,0
DA:35,0
DA:44,0
DA:45,0
DA:48,0
DA:62,0
DA:63,0
DA:66,0
DA:73,0
DA:83,0
DA:87,0
DA:96,0
DA:100,0
DA:109,0
DA:113,0
DA:121,0
DA:129,0
DA:138,0
DA:139,0
DA:142,0
DA:151,0
DA:152,0
DA:155,0
DA:164,0
DA:165,0
DA:168,0
DA:177,0
DA:178,0
DA:181,0
DA:192,0
DA:193,0
DA:196,0
DA:200,0
DA:209,0
DA:210,0
DA:213,0
DA:218,0
DA:220,0
LF:39
LH:0
BRDA:24,0,0,0
BRDA:26,1,0,0
BRDA:26,1,1,0
BRDA:27,2,0,0
BRDA:27,2,1,0
BRDA:28,3,0,0
BRDA:28,3,1,0
BRDA:29,4,0,0
BRDA:29,4,1,0
BRDA:30,5,0,0
BRDA:30,5,1,0
BRDA:31,6,0,0
BRDA:31,6,1,0
BRDA:32,7,0,0
BRDA:32,7,1,0
BRDA:44,8,0,0
BRDA:44,8,1,0
BRDA:61,9,0,0
BRDA:62,10,0,0
BRDA:62,10,1,0
BRDA:67,11,0,0
BRDA:67,11,1,0
BRDA:68,12,0,0
BRDA:68,12,1,0
BRDA:69,13,0,0
BRDA:69,13,1,0
BRDA:70,14,0,0
BRDA:70,14,1,0
BRDA:82,15,0,0
BRDA:95,16,0,0
BRDA:108,17,0,0
BRDA:138,18,0,0
BRDA:138,18,1,0
BRDA:151,19,0,0
BRDA:151,19,1,0
BRDA:164,20,0,0
BRDA:164,20,1,0
BRDA:177,21,0,0
BRDA:177,21,1,0
BRDA:191,22,0,0
BRDA:192,23,0,0
BRDA:192,23,1,0
BRDA:197,24,0,0
BRDA:197,24,1,0
BRDA:209,25,0,0
BRDA:209,25,1,0
BRF:46
BRH:0
end_of_record
TN:
SF:SutWxApp\services\ratingService.js
FN:19,getProductRatings
FN:55,getProductRatingStats
FN:68,getRatingDetail
FN:88,submitProductRating
FN:135,uploadRatingImage
FN:140,(anonymous_5)
FN:148,(anonymous_6)
FN:160,(anonymous_7)
FN:172,likeRating
FN:185,unlikeRating
FN:200,reportRating
FN:221,replyRating
FN:246,getRatingReplies
FN:265,getUserRatings
FN:290,getPendingRatings
FN:301,deleteRating
FN:320,updateRating
FN:366,getRatingTags
FNF:18
FNH:0
FNDA:0,getProductRatings
FNDA:0,getProductRatingStats
FNDA:0,getRatingDetail
FNDA:0,submitProductRating
FNDA:0,uploadRatingImage
FNDA:0,(anonymous_5)
FNDA:0,(anonymous_6)
FNDA:0,(anonymous_7)
FNDA:0,likeRating
FNDA:0,unlikeRating
FNDA:0,reportRating
FNDA:0,replyRating
FNDA:0,getRatingReplies
FNDA:0,getUserRatings
FNDA:0,getPendingRatings
FNDA:0,deleteRating
FNDA:0,updateRating
FNDA:0,getRatingTags
DA:6,0
DA:27,0
DA:29,0
DA:30,0
DA:33,0
DA:39,0
DA:40,0
DA:43,0
DA:44,0
DA:47,0
DA:56,0
DA:57,0
DA:60,0
DA:69,0
DA:70,0
DA:73,0
DA:97,0
DA:99,0
DA:100,0
DA:103,0
DA:104,0
DA:107,0
DA:108,0
DA:111,0
DA:112,0
DA:115,0
DA:116,0
DA:119,0
DA:136,0
DA:137,0
DA:140,0
DA:141,0
DA:149,0
DA:150,0
DA:151,0
DA:152,0
DA:154,0
DA:157,0
DA:161,0
DA:173,0
DA:174,0
DA:177,0
DA:186,0
DA:187,0
DA:190,0
DA:201,0
DA:202,0
DA:205,0
DA:206,0
DA:209,0
DA:222,0
DA:223,0
DA:226,0
DA:227,0
DA:230,0
DA:231,0
DA:234,0
DA:247,0
DA:248,0
DA:251,0
DA:271,0
DA:273,0
DA:279,0
DA:281,0
DA:291,0
DA:302,0
DA:303,0
DA:306,0
DA:327,0
DA:329,0
DA:330,0
DA:333,0
DA:334,0
DA:337,0
DA:338,0
DA:339,0
DA:342,0
DA:343,0
DA:347,0
DA:348,0
DA:351,0
DA:353,0
DA:354,0
DA:355,0
DA:356,0
DA:357,0
DA:359,0
DA:367,0
DA:370,0
LF:89
LH:0
BRDA:19,0,0,0
BRDA:22,1,0,0
BRDA:23,2,0,0
BRDA:24,3,0,0
BRDA:29,4,0,0
BRDA:29,4,1,0
BRDA:39,5,0,0
BRDA:39,5,1,0
BRDA:43,6,0,0
BRDA:43,6,1,0
BRDA:56,7,0,0
BRDA:56,7,1,0
BRDA:69,8,0,0
BRDA:69,8,1,0
BRDA:94,9,0,0
BRDA:95,10,0,0
BRDA:96,11,0,0
BRDA:99,12,0,0
BRDA:99,12,1,0
BRDA:99,13,0,0
BRDA:99,13,1,0
BRDA:103,14,0,0
BRDA:103,14,1,0
BRDA:103,15,0,0
BRDA:103,15,1,0
BRDA:103,15,2,0
BRDA:107,16,0,0
BRDA:107,16,1,0
BRDA:107,17,0,0
BRDA:107,17,1,0
BRDA:111,18,0,0
BRDA:111,18,1,0
BRDA:115,19,0,0
BRDA:115,19,1,0
BRDA:136,20,0,0
BRDA:136,20,1,0
BRDA:151,21,0,0
BRDA:151,21,1,0
BRDA:154,22,0,0
BRDA:154,22,1,0
BRDA:161,23,0,0
BRDA:161,23,1,0
BRDA:173,24,0,0
BRDA:173,24,1,0
BRDA:186,25,0,0
BRDA:186,25,1,0
BRDA:200,26,0,0
BRDA:201,27,0,0
BRDA:201,27,1,0
BRDA:205,28,0,0
BRDA:205,28,1,0
BRDA:222,29,0,0
BRDA:222,29,1,0
BRDA:226,30,0,0
BRDA:226,30,1,0
BRDA:226,31,0,0
BRDA:226,31,1,0
BRDA:230,32,0,0
BRDA:230,32,1,0
BRDA:246,33,0,0
BRDA:246,34,0,0
BRDA:247,35,0,0
BRDA:247,35,1,0
BRDA:265,36,0,0
BRDA:268,37,0,0
BRDA:269,38,0,0
BRDA:270,39,0,0
BRDA:279,40,0,0
BRDA:279,40,1,0
BRDA:290,41,0,0
BRDA:290,42,0,0
BRDA:302,43,0,0
BRDA:302,43,1,0
BRDA:324,44,0,0
BRDA:325,45,0,0
BRDA:326,46,0,0
BRDA:329,47,0,0
BRDA:329,47,1,0
BRDA:333,48,0,0
BRDA:333,48,1,0
BRDA:333,49,0,0
BRDA:333,49,1,0
BRDA:333,49,2,0
BRDA:337,50,0,0
BRDA:337,50,1,0
BRDA:338,51,0,0
BRDA:338,51,1,0
BRDA:338,52,0,0
BRDA:338,52,1,0
BRDA:342,53,0,0
BRDA:342,53,1,0
BRDA:347,54,0,0
BRDA:347,54,1,0
BRDA:353,55,0,0
BRDA:353,55,1,0
BRDA:354,56,0,0
BRDA:354,56,1,0
BRDA:355,57,0,0
BRDA:355,57,1,0
BRDA:356,58,0,0
BRDA:356,58,1,0
BRDA:357,59,0,0
BRDA:357,59,1,0
BRF:103
BRH:0
end_of_record
TN:
SF:SutWxApp\services\searchService.js
FN:23,(anonymous_0)
FN:56,(anonymous_1)
FN:91,(anonymous_2)
FN:120,(anonymous_3)
FN:148,(anonymous_4)
FN:177,(anonymous_5)
FN:193,(anonymous_6)
FN:209,(anonymous_7)
FN:224,(anonymous_8)
FN:237,(anonymous_9)
FN:254,(anonymous_10)
FN:274,(anonymous_11)
FN:289,(anonymous_12)
FN:304,(anonymous_13)
FNF:14
FNH:0
FNDA:0,(anonymous_0)
FNDA:0,(anonymous_1)
FNDA:0,(anonymous_2)
FNDA:0,(anonymous_3)
FNDA:0,(anonymous_4)
FNDA:0,(anonymous_5)
FNDA:0,(anonymous_6)
FNDA:0,(anonymous_7)
FNDA:0,(anonymous_8)
FNDA:0,(anonymous_9)
FNDA:0,(anonymous_10)
FNDA:0,(anonymous_11)
FNDA:0,(anonymous_12)
FNDA:0,(anonymous_13)
DA:6,0
DA:11,0
DA:31,0
DA:33,0
DA:66,0
DA:68,0
DA:99,0
DA:101,0
DA:126,0
DA:128,0
DA:157,0
DA:159,0
DA:178,0
DA:180,0
DA:194,0
DA:196,0
DA:210,0
DA:212,0
DA:225,0
DA:227,0
DA:238,0
DA:240,0
DA:259,0
DA:261,0
DA:275,0
DA:277,0
DA:290,0
DA:292,0
DA:305,0
DA:307,0
DA:313,0
LF:31
LH:0
BRDA:23,0,0,0
BRDA:25,1,0,0
BRDA:26,2,0,0
BRDA:27,3,0,0
BRDA:28,4,0,0
BRDA:29,5,0,0
BRDA:30,6,0,0
BRDA:56,7,0,0
BRDA:58,8,0,0
BRDA:59,9,0,0
BRDA:60,10,0,0
BRDA:61,11,0,0
BRDA:62,12,0,0
BRDA:63,13,0,0
BRDA:64,14,0,0
BRDA:65,15,0,0
BRDA:91,16,0,0
BRDA:93,17,0,0
BRDA:94,18,0,0
BRDA:95,19,0,0
BRDA:96,20,0,0
BRDA:97,21,0,0
BRDA:98,22,0,0
BRDA:120,23,0,0
BRDA:122,24,0,0
BRDA:123,25,0,0
BRDA:124,26,0,0
BRDA:125,27,0,0
BRDA:148,28,0,0
BRDA:150,29,0,0
BRDA:151,30,0,0
BRDA:152,31,0,0
BRDA:153,32,0,0
BRDA:154,33,0,0
BRDA:155,34,0,0
BRDA:156,35,0,0
BRDA:177,36,0,0
BRDA:178,37,0,0
BRDA:178,38,0,0
BRDA:193,39,0,0
BRDA:194,40,0,0
BRDA:209,41,0,0
BRDA:210,42,0,0
BRDA:224,43,0,0
BRDA:227,44,0,0
BRDA:227,44,1,0
BRDA:237,45,0,0
BRDA:238,46,0,0
BRDA:238,47,0,0
BRDA:254,48,0,0
BRDA:256,49,0,0
BRDA:257,50,0,0
BRDA:258,51,0,0
BRDA:274,52,0,0
BRDA:275,53,0,0
BRDA:289,54,0,0
BRDA:290,55,0,0
BRDA:290,56,0,0
BRDA:304,57,0,0
BRDA:305,58,0,0
BRF:60
BRH:0
end_of_record
TN:
SF:SutWxApp\services\settingsService.js
FN:18,(anonymous_0)
FN:33,(anonymous_1)
FN:46,(anonymous_2)
FN:60,(anonymous_3)
FN:82,(anonymous_4)
FN:96,(anonymous_5)
FN:118,(anonymous_6)
FN:133,(anonymous_7)
FN:157,(anonymous_8)
FN:172,(anonymous_9)
FN:196,(anonymous_10)
FN:209,(anonymous_11)
FN:229,(anonymous_12)
FN:239,(anonymous_13)
FN:255,(anonymous_14)
FN:278,(anonymous_15)
FN:304,(anonymous_16)
FN:327,(anonymous_17)
FN:335,(anonymous_18)
FN:345,(anonymous_19)
FN:359,(anonymous_20)
FN:374,(anonymous_21)
FN:393,(anonymous_22)
FNF:23
FNH:0
FNDA:0,(anonymous_0)
FNDA:0,(anonymous_1)
FNDA:0,(anonymous_2)
FNDA:0,(anonymous_3)
FNDA:0,(anonymous_4)
FNDA:0,(anonymous_5)
FNDA:0,(anonymous_6)
FNDA:0,(anonymous_7)
FNDA:0,(anonymous_8)
FNDA:0,(anonymous_9)
FNDA:0,(anonymous_10)
FNDA:0,(anonymous_11)
FNDA:0,(anonymous_12)
FNDA:0,(anonymous_13)
FNDA:0,(anonymous_14)
FNDA:0,(anonymous_15)
FNDA:0,(anonymous_16)
FNDA:0,(anonymous_17)
FNDA:0,(anonymous_18)
FNDA:0,(anonymous_19)
FNDA:0,(anonymous_20)
FNDA:0,(anonymous_21)
FNDA:0,(anonymous_22)
DA:6,0
DA:11,0
DA:19,0
DA:21,0
DA:34,0
DA:36,0
DA:47,0
DA:67,0
DA:69,0
DA:83,0
DA:103,0
DA:105,0
DA:119,0
DA:141,0
DA:143,0
DA:158,0
DA:180,0
DA:182,0
DA:197,0
DA:215,0
DA:217,0
DA:230,0
DA:240,0
DA:242,0
DA:260,0
DA:262,0
DA:284,0
DA:286,0
DA:311,0
DA:313,0
DA:328,0
DA:336,0
DA:346,0
DA:348,0
DA:360,0
DA:362,0
DA:378,0
DA:380,0
DA:397,0
DA:399,0
DA:406,0
LF:41
LH:0
BRDA:18,0,0,0
BRDA:19,1,0,0
BRDA:33,2,0,0
BRDA:34,3,0,0
BRDA:34,4,0,0
BRDA:60,5,0,0
BRDA:62,6,0,0
BRDA:63,7,0,0
BRDA:64,8,0,0
BRDA:96,9,0,0
BRDA:98,10,0,0
BRDA:99,11,0,0
BRDA:100,12,0,0
BRDA:101,13,0,0
BRDA:102,14,0,0
BRDA:133,15,0,0
BRDA:140,16,0,0
BRDA:172,17,0,0
BRDA:209,18,0,0
BRDA:239,19,0,0
BRDA:240,20,0,0
BRDA:255,21,0,0
BRDA:257,22,0,0
BRDA:258,23,0,0
BRDA:259,24,0,0
BRDA:278,25,0,0
BRDA:280,26,0,0
BRDA:281,27,0,0
BRDA:282,28,0,0
BRDA:283,29,0,0
BRDA:304,30,0,0
BRDA:306,31,0,0
BRDA:307,32,0,0
BRDA:308,33,0,0
BRDA:309,34,0,0
BRDA:310,35,0,0
BRDA:345,36,0,0
BRDA:346,37,0,0
BRDA:359,38,0,0
BRDA:360,39,0,0
BRDA:374,40,0,0
BRDA:376,41,0,0
BRDA:377,42,0,0
BRDA:393,43,0,0
BRDA:395,44,0,0
BRDA:396,45,0,0
BRF:46
BRH:0
end_of_record
TN:
SF:SutWxApp\utils\i18n.js
FN:10,(anonymous_0)
FN:19,(anonymous_1)
FN:27,(anonymous_2)
FN:40,(anonymous_3)
FNF:4
FNH:0
FNDA:0,(anonymous_0)
FNDA:0,(anonymous_1)
FNDA:0,(anonymous_2)
FNDA:0,(anonymous_3)
DA:11,0
DA:12,0
DA:20,0
DA:28,0
DA:29,0
DA:41,0
DA:42,0
DA:44,0
DA:45,0
DA:46,0
DA:48,0
DA:52,0
DA:55,0
DA:61,0
LF:14
LH:0
BRDA:28,0,0,0
BRDA:28,0,1,0
BRDA:40,1,0,0
BRDA:41,2,0,0
BRDA:41,2,1,0
BRDA:44,3,0,0
BRDA:44,3,1,0
BRF:7
BRH:0
end_of_record
